[1.621s] Invoking command in '/home/neu/Desktop/micro-ROS/microros_767/firmware/mcu_ws/build/libyaml_vendor': CMAKE_PREFIX_PATH=${CMAKE_PREFIX_PATH}:/home/neu/Desktop/micro-ROS/microros_767/firmware/dev_ws/install/ament_uncrustify:/home/neu/Desktop/micro-ROS/microros_767/firmware/dev_ws/install/domain_coordinator:/home/neu/Desktop/micro-ROS/microros_767/firmware/dev_ws/install/ament_xmllint:/home/neu/Desktop/micro-ROS/microros_767/firmware/dev_ws/install/ament_pyflakes:/home/neu/Desktop/micro-ROS/microros_767/firmware/dev_ws/install/ament_pycodestyle:/home/neu/Desktop/micro-ROS/microros_767/firmware/dev_ws/install/ament_pep257:/home/neu/Desktop/micro-ROS/microros_767/firmware/dev_ws/install/ament_pclint:/home/neu/Desktop/micro-ROS/microros_767/firmware/dev_ws/install/ament_package:/home/neu/Desktop/micro-ROS/microros_767/firmware/dev_ws/install/ament_mypy:/home/neu/Desktop/micro-ROS/microros_767/firmware/dev_ws/install/ament_lint_cmake:/home/neu/Desktop/micro-ROS/microros_767/firmware/dev_ws/install/ament_flake8:/home/neu/Desktop/micro-ROS/microros_767/firmware/dev_ws/install/ament_copyright:/home/neu/Desktop/micro-ROS/microros_767/firmware/dev_ws/install/ament_lint:/home/neu/Desktop/micro-ROS/microros_767/firmware/dev_ws/install/ament_index_python:/home/neu/Desktop/micro-ROS/microros_767/firmware/dev_ws/install/ament_cpplint:/home/neu/Desktop/micro-ROS/microros_767/firmware/dev_ws/install/ament_cppcheck:/home/neu/Desktop/micro-ROS/microros_767/firmware/dev_ws/install/ament_clang_tidy:/home/neu/Desktop/micro-ROS/microros_767/firmware/dev_ws/install/ament_clang_format /usr/bin/cmake /home/neu/Desktop/micro-ROS/microros_767/firmware/mcu_ws/ros2/libyaml_vendor --no-warn-unused-cli -DCMAKE_POSITION_INDEPENDENT_CODE=OFF -DTHIRDPARTY=ON -DBUILD_SHARED_LIBS=OFF -DBUILD_TESTING=OFF -DCMAKE_BUILD_TYPE= -DCMAKE_TOOLCHAIN_FILE=/home/neu/Desktop/micro-ROS/microros_767/firmware/freertos_apps/microros_nucleo_f767zi_extensions/arm_toolchain.cmake -DCMAKE_VERBOSE_MAKEFILE=ON -DCMAKE_INSTALL_PREFIX=/home/neu/Desktop/micro-ROS/microros_767/firmware/mcu_ws/install/libyaml_vendor
[1.625s] Not searching for unused variables given on the command line.
[1.669s] -- The C compiler identification is GNU 8.3.1
[1.746s] -- The CXX compiler identification is GNU 8.3.1
[1.755s] -- Check for working C compiler: /home/neu/Desktop/micro-ROS/microros_767/firmware/freertos_apps/microros_nucleo_f767zi_extensions/../../toolchain/bin/arm-none-eabi-gcc
[1.832s] -- Check for working C compiler: /home/neu/Desktop/micro-ROS/microros_767/firmware/freertos_apps/microros_nucleo_f767zi_extensions/../../toolchain/bin/arm-none-eabi-gcc -- works
[1.832s] -- Detecting C compiler ABI info
[1.948s] -- Detecting C compiler ABI info - done
[1.959s] -- Detecting C compile features
[1.959s] -- Detecting C compile features - done
[1.962s] -- Check for working CXX compiler: /home/neu/Desktop/micro-ROS/microros_767/firmware/freertos_apps/microros_nucleo_f767zi_extensions/../../toolchain/bin/arm-none-eabi-g++
[2.105s] -- Check for working CXX compiler: /home/neu/Desktop/micro-ROS/microros_767/firmware/freertos_apps/microros_nucleo_f767zi_extensions/../../toolchain/bin/arm-none-eabi-g++ -- works
[2.107s] -- Detecting CXX compiler ABI info
[2.238s] -- Detecting CXX compiler ABI info - done
[2.254s] -- Detecting CXX compile features
[2.255s] -- Detecting CXX compile features - done
[2.257s] -- Found ament_cmake: 1.3.6 (/home/neu/Desktop/micro-ROS/microros_767/firmware/dev_ws/install/ament_cmake/share/ament_cmake/cmake)
[2.470s] -- Found Python3: /usr/bin/python3.8 (found version "3.8.10") found components: Interpreter 
[2.676s] -- Configuring done
[2.677s] -- Generating done
[2.678s] -- Build files have been written to: /home/neu/Desktop/micro-ROS/microros_767/firmware/mcu_ws/build/libyaml_vendor
[3.372s] Invoked command in '/home/neu/Desktop/micro-ROS/microros_767/firmware/mcu_ws/build/libyaml_vendor' returned '0': CMAKE_PREFIX_PATH=${CMAKE_PREFIX_PATH}:/home/neu/Desktop/micro-ROS/microros_767/firmware/dev_ws/install/ament_uncrustify:/home/neu/Desktop/micro-ROS/microros_767/firmware/dev_ws/install/domain_coordinator:/home/neu/Desktop/micro-ROS/microros_767/firmware/dev_ws/install/ament_xmllint:/home/neu/Desktop/micro-ROS/microros_767/firmware/dev_ws/install/ament_pyflakes:/home/neu/Desktop/micro-ROS/microros_767/firmware/dev_ws/install/ament_pycodestyle:/home/neu/Desktop/micro-ROS/microros_767/firmware/dev_ws/install/ament_pep257:/home/neu/Desktop/micro-ROS/microros_767/firmware/dev_ws/install/ament_pclint:/home/neu/Desktop/micro-ROS/microros_767/firmware/dev_ws/install/ament_package:/home/neu/Desktop/micro-ROS/microros_767/firmware/dev_ws/install/ament_mypy:/home/neu/Desktop/micro-ROS/microros_767/firmware/dev_ws/install/ament_lint_cmake:/home/neu/Desktop/micro-ROS/microros_767/firmware/dev_ws/install/ament_flake8:/home/neu/Desktop/micro-ROS/microros_767/firmware/dev_ws/install/ament_copyright:/home/neu/Desktop/micro-ROS/microros_767/firmware/dev_ws/install/ament_lint:/home/neu/Desktop/micro-ROS/microros_767/firmware/dev_ws/install/ament_index_python:/home/neu/Desktop/micro-ROS/microros_767/firmware/dev_ws/install/ament_cpplint:/home/neu/Desktop/micro-ROS/microros_767/firmware/dev_ws/install/ament_cppcheck:/home/neu/Desktop/micro-ROS/microros_767/firmware/dev_ws/install/ament_clang_tidy:/home/neu/Desktop/micro-ROS/microros_767/firmware/dev_ws/install/ament_clang_format /usr/bin/cmake /home/neu/Desktop/micro-ROS/microros_767/firmware/mcu_ws/ros2/libyaml_vendor --no-warn-unused-cli -DCMAKE_POSITION_INDEPENDENT_CODE=OFF -DTHIRDPARTY=ON -DBUILD_SHARED_LIBS=OFF -DBUILD_TESTING=OFF -DCMAKE_BUILD_TYPE= -DCMAKE_TOOLCHAIN_FILE=/home/neu/Desktop/micro-ROS/microros_767/firmware/freertos_apps/microros_nucleo_f767zi_extensions/arm_toolchain.cmake -DCMAKE_VERBOSE_MAKEFILE=ON -DCMAKE_INSTALL_PREFIX=/home/neu/Desktop/micro-ROS/microros_767/firmware/mcu_ws/install/libyaml_vendor
[3.374s] Invoking command in '/home/neu/Desktop/micro-ROS/microros_767/firmware/mcu_ws/build/libyaml_vendor': CMAKE_PREFIX_PATH=${CMAKE_PREFIX_PATH}:/home/neu/Desktop/micro-ROS/microros_767/firmware/dev_ws/install/ament_uncrustify:/home/neu/Desktop/micro-ROS/microros_767/firmware/dev_ws/install/domain_coordinator:/home/neu/Desktop/micro-ROS/microros_767/firmware/dev_ws/install/ament_xmllint:/home/neu/Desktop/micro-ROS/microros_767/firmware/dev_ws/install/ament_pyflakes:/home/neu/Desktop/micro-ROS/microros_767/firmware/dev_ws/install/ament_pycodestyle:/home/neu/Desktop/micro-ROS/microros_767/firmware/dev_ws/install/ament_pep257:/home/neu/Desktop/micro-ROS/microros_767/firmware/dev_ws/install/ament_pclint:/home/neu/Desktop/micro-ROS/microros_767/firmware/dev_ws/install/ament_package:/home/neu/Desktop/micro-ROS/microros_767/firmware/dev_ws/install/ament_mypy:/home/neu/Desktop/micro-ROS/microros_767/firmware/dev_ws/install/ament_lint_cmake:/home/neu/Desktop/micro-ROS/microros_767/firmware/dev_ws/install/ament_flake8:/home/neu/Desktop/micro-ROS/microros_767/firmware/dev_ws/install/ament_copyright:/home/neu/Desktop/micro-ROS/microros_767/firmware/dev_ws/install/ament_lint:/home/neu/Desktop/micro-ROS/microros_767/firmware/dev_ws/install/ament_index_python:/home/neu/Desktop/micro-ROS/microros_767/firmware/dev_ws/install/ament_cpplint:/home/neu/Desktop/micro-ROS/microros_767/firmware/dev_ws/install/ament_cppcheck:/home/neu/Desktop/micro-ROS/microros_767/firmware/dev_ws/install/ament_clang_tidy:/home/neu/Desktop/micro-ROS/microros_767/firmware/dev_ws/install/ament_clang_format /usr/bin/cmake --build /home/neu/Desktop/micro-ROS/microros_767/firmware/mcu_ws/build/libyaml_vendor -- -j20 -l20
[3.400s] make[1]: Entering directory '/home/neu/Desktop/micro-ROS/microros_767/firmware/mcu_ws/build/libyaml_vendor'
[3.401s] /usr/bin/cmake -S/home/neu/Desktop/micro-ROS/microros_767/firmware/mcu_ws/ros2/libyaml_vendor -B/home/neu/Desktop/micro-ROS/microros_767/firmware/mcu_ws/build/libyaml_vendor --check-build-system CMakeFiles/Makefile.cmake 0
[3.417s] /usr/bin/cmake -E cmake_progress_start /home/neu/Desktop/micro-ROS/microros_767/firmware/mcu_ws/build/libyaml_vendor/CMakeFiles /home/neu/Desktop/micro-ROS/microros_767/firmware/mcu_ws/build/libyaml_vendor/CMakeFiles/progress.marks
[3.424s] /usr/bin/make -f CMakeFiles/Makefile2 all
[3.426s] make[2]: Entering directory '/home/neu/Desktop/micro-ROS/microros_767/firmware/mcu_ws/build/libyaml_vendor'
[3.426s] /usr/bin/make -f CMakeFiles/libyaml-0.2.5.dir/build.make CMakeFiles/libyaml-0.2.5.dir/depend
[3.427s] make[3]: Entering directory '/home/neu/Desktop/micro-ROS/microros_767/firmware/mcu_ws/build/libyaml_vendor'
[3.427s] cd /home/neu/Desktop/micro-ROS/microros_767/firmware/mcu_ws/build/libyaml_vendor && /usr/bin/cmake -E cmake_depends "Unix Makefiles" /home/neu/Desktop/micro-ROS/microros_767/firmware/mcu_ws/ros2/libyaml_vendor /home/neu/Desktop/micro-ROS/microros_767/firmware/mcu_ws/ros2/libyaml_vendor /home/neu/Desktop/micro-ROS/microros_767/firmware/mcu_ws/build/libyaml_vendor /home/neu/Desktop/micro-ROS/microros_767/firmware/mcu_ws/build/libyaml_vendor /home/neu/Desktop/micro-ROS/microros_767/firmware/mcu_ws/build/libyaml_vendor/CMakeFiles/libyaml-0.2.5.dir/DependInfo.cmake --color=
[3.437s] Dependee "/home/neu/Desktop/micro-ROS/microros_767/firmware/mcu_ws/build/libyaml_vendor/CMakeFiles/libyaml-0.2.5.dir/DependInfo.cmake" is newer than depender "/home/neu/Desktop/micro-ROS/microros_767/firmware/mcu_ws/build/libyaml_vendor/CMakeFiles/libyaml-0.2.5.dir/depend.internal".
[3.438s] Dependee "/home/neu/Desktop/micro-ROS/microros_767/firmware/mcu_ws/build/libyaml_vendor/CMakeFiles/CMakeDirectoryInformation.cmake" is newer than depender "/home/neu/Desktop/micro-ROS/microros_767/firmware/mcu_ws/build/libyaml_vendor/CMakeFiles/libyaml-0.2.5.dir/depend.internal".
[3.438s] [35m[1mScanning dependencies of target libyaml-0.2.5[0m
[3.440s] make[3]: Leaving directory '/home/neu/Desktop/micro-ROS/microros_767/firmware/mcu_ws/build/libyaml_vendor'
[3.441s] /usr/bin/make -f CMakeFiles/libyaml-0.2.5.dir/build.make CMakeFiles/libyaml-0.2.5.dir/build
[3.442s] make[3]: Entering directory '/home/neu/Desktop/micro-ROS/microros_767/firmware/mcu_ws/build/libyaml_vendor'
[3.453s] [ 12%] [34m[1mCreating directories for 'libyaml-0.2.5'[0m
[3.454s] /usr/bin/cmake -E make_directory /home/neu/Desktop/micro-ROS/microros_767/firmware/mcu_ws/build/libyaml_vendor/libyaml-0.2.5-prefix/src/libyaml-0.2.5
[3.465s] /usr/bin/cmake -E make_directory /home/neu/Desktop/micro-ROS/microros_767/firmware/mcu_ws/build/libyaml_vendor/libyaml-0.2.5-prefix/src/libyaml-0.2.5-build
[3.479s] /usr/bin/cmake -E make_directory /home/neu/Desktop/micro-ROS/microros_767/firmware/mcu_ws/build/libyaml_vendor/libyaml-0.2.5-prefix
[3.484s] /usr/bin/cmake -E make_directory /home/neu/Desktop/micro-ROS/microros_767/firmware/mcu_ws/build/libyaml_vendor/libyaml-0.2.5-prefix/tmp
[3.488s] /usr/bin/cmake -E make_directory /home/neu/Desktop/micro-ROS/microros_767/firmware/mcu_ws/build/libyaml_vendor/libyaml-0.2.5-prefix/src/libyaml-0.2.5-stamp
[3.492s] /usr/bin/cmake -E make_directory /home/neu/Desktop/micro-ROS/microros_767/firmware/mcu_ws/build/libyaml_vendor/libyaml-0.2.5-prefix/src
[3.496s] /usr/bin/cmake -E make_directory /home/neu/Desktop/micro-ROS/microros_767/firmware/mcu_ws/build/libyaml_vendor/libyaml-0.2.5-prefix/src/libyaml-0.2.5-stamp
[3.500s] /usr/bin/cmake -E touch /home/neu/Desktop/micro-ROS/microros_767/firmware/mcu_ws/build/libyaml_vendor/libyaml-0.2.5-prefix/src/libyaml-0.2.5-stamp/libyaml-0.2.5-mkdir
[3.516s] [ 25%] [34m[1mPerforming download step (git clone) for 'libyaml-0.2.5'[0m
[3.517s] cd /home/neu/Desktop/micro-ROS/microros_767/firmware/mcu_ws/build/libyaml_vendor/libyaml-0.2.5-prefix/src && /usr/bin/cmake -P /home/neu/Desktop/micro-ROS/microros_767/firmware/mcu_ws/build/libyaml_vendor/libyaml-0.2.5-prefix/tmp/libyaml-0.2.5-gitclone.cmake
[3.546s] Cloning into 'libyaml-0.2.5'...
[7.189s] HEAD is now at 2c891fc Changes for v0.2.5 release
[7.240s] cd /home/neu/Desktop/micro-ROS/microros_767/firmware/mcu_ws/build/libyaml_vendor/libyaml-0.2.5-prefix/src && /usr/bin/cmake -E touch /home/neu/Desktop/micro-ROS/microros_767/firmware/mcu_ws/build/libyaml_vendor/libyaml-0.2.5-prefix/src/libyaml-0.2.5-stamp/libyaml-0.2.5-download
[7.281s] [ 37%] [34m[1mNo update step for 'libyaml-0.2.5'[0m
[7.282s] cd /home/neu/Desktop/micro-ROS/microros_767/firmware/mcu_ws/build/libyaml_vendor/libyaml-0.2.5-prefix/src/libyaml-0.2.5 && /usr/bin/cmake -E echo_append
[7.286s] cd /home/neu/Desktop/micro-ROS/microros_767/firmware/mcu_ws/build/libyaml_vendor/libyaml-0.2.5-prefix/src/libyaml-0.2.5 && /usr/bin/cmake -E touch /home/neu/Desktop/micro-ROS/microros_767/firmware/mcu_ws/build/libyaml_vendor/libyaml-0.2.5-prefix/src/libyaml-0.2.5-stamp/libyaml-0.2.5-update
[7.287s] [ 50%] [34m[1mPerforming patch step for 'libyaml-0.2.5'[0m
[7.287s] cd /home/neu/Desktop/micro-ROS/microros_767/firmware/mcu_ws/build/libyaml_vendor/libyaml-0.2.5-prefix/src/libyaml-0.2.5 && /usr/bin/cmake -E chdir /home/neu/Desktop/micro-ROS/microros_767/firmware/mcu_ws/build/libyaml_vendor/libyaml-0.2.5-prefix/src/libyaml-0.2.5 git apply -p1 --ignore-space-change --whitespace=nowarn /home/neu/Desktop/micro-ROS/microros_767/firmware/mcu_ws/ros2/libyaml_vendor/0001-Install-yaml.h-to-INSTALL_INCLUDE_DIR.patch
[7.288s] cd /home/neu/Desktop/micro-ROS/microros_767/firmware/mcu_ws/build/libyaml_vendor/libyaml-0.2.5-prefix/src/libyaml-0.2.5 && /usr/bin/cmake -E touch /home/neu/Desktop/micro-ROS/microros_767/firmware/mcu_ws/build/libyaml_vendor/libyaml-0.2.5-prefix/src/libyaml-0.2.5-stamp/libyaml-0.2.5-patch
[7.295s] [ 62%] [34m[1mPerforming configure step for 'libyaml-0.2.5'[0m
[7.296s] cd /home/neu/Desktop/micro-ROS/microros_767/firmware/mcu_ws/build/libyaml_vendor/libyaml-0.2.5-prefix/src/libyaml-0.2.5-build && /usr/bin/cmake -DCMAKE_INSTALL_PREFIX=/home/neu/Desktop/micro-ROS/microros_767/firmware/mcu_ws/build/libyaml_vendor/libyaml_install -DINSTALL_INCLUDE_DIR:STRING=include/libyaml_vendor -DCMAKE_BUILD_TYPE= -DBUILD_SHARED_LIBS=ON -DBUILD_TESTING=OFF "-DCMAKE_C_FLAGS=-std=c11 -mcpu=cortex-m7 -mthumb -mfpu=fpv5-sp-d16 -mfloat-abi=hard -DUSE_HAL_DRIVER -DSTM32F767xx -Og -Wall -fdata-sections -ffunction-sections  -DCLOCK_MONOTONIC=0" -DCMAKE_TOOLCHAIN_FILE=/home/neu/Desktop/micro-ROS/microros_767/firmware/freertos_apps/microros_nucleo_f767zi_extensions/arm_toolchain.cmake "-GUnix Makefiles" /home/neu/Desktop/micro-ROS/microros_767/firmware/mcu_ws/build/libyaml_vendor/libyaml-0.2.5-prefix/src/libyaml-0.2.5
[7.302s] Re-run cmake no build system arguments
[7.406s] -- The C compiler identification is GNU 8.3.1
[7.421s] -- Check for working C compiler: /home/neu/Desktop/micro-ROS/microros_767/firmware/freertos_apps/microros_nucleo_f767zi_extensions/../../toolchain/bin/arm-none-eabi-gcc
[7.484s] -- Check for working C compiler: /home/neu/Desktop/micro-ROS/microros_767/firmware/freertos_apps/microros_nucleo_f767zi_extensions/../../toolchain/bin/arm-none-eabi-gcc -- works
[7.485s] -- Detecting C compiler ABI info
[7.554s] -- Detecting C compiler ABI info - done
[7.565s] -- Detecting C compile features
[7.565s] -- Detecting C compile features - done
[7.566s] CMake Warning (dev) at CMakeLists.txt:56 (add_library):
[7.566s]   ADD_LIBRARY called with SHARED option but the target platform does not
[7.566s]   support dynamic linking.  Building a STATIC library instead.  This may lead
[7.566s]   to problems.
[7.566s] This warning is for project developers.  Use -Wno-dev to suppress it.
[7.566s] 
[7.569s] -- Configuring done
[7.573s] -- Generating done
[7.573s] -- Build files have been written to: /home/neu/Desktop/micro-ROS/microros_767/firmware/mcu_ws/build/libyaml_vendor/libyaml-0.2.5-prefix/src/libyaml-0.2.5-build
[7.577s] cd /home/neu/Desktop/micro-ROS/microros_767/firmware/mcu_ws/build/libyaml_vendor/libyaml-0.2.5-prefix/src/libyaml-0.2.5-build && /usr/bin/cmake -E touch /home/neu/Desktop/micro-ROS/microros_767/firmware/mcu_ws/build/libyaml_vendor/libyaml-0.2.5-prefix/src/libyaml-0.2.5-stamp/libyaml-0.2.5-configure
[7.594s] [ 75%] [34m[1mPerforming build step for 'libyaml-0.2.5'[0m
[7.594s] cd /home/neu/Desktop/micro-ROS/microros_767/firmware/mcu_ws/build/libyaml_vendor/libyaml-0.2.5-prefix/src/libyaml-0.2.5-build && /usr/bin/make
[7.596s] make[4]: Entering directory '/home/neu/Desktop/micro-ROS/microros_767/firmware/mcu_ws/build/libyaml_vendor/libyaml-0.2.5-prefix/src/libyaml-0.2.5-build'
[7.596s] /usr/bin/cmake -S/home/neu/Desktop/micro-ROS/microros_767/firmware/mcu_ws/build/libyaml_vendor/libyaml-0.2.5-prefix/src/libyaml-0.2.5 -B/home/neu/Desktop/micro-ROS/microros_767/firmware/mcu_ws/build/libyaml_vendor/libyaml-0.2.5-prefix/src/libyaml-0.2.5-build --check-build-system CMakeFiles/Makefile.cmake 0
[7.603s] /usr/bin/cmake -E cmake_progress_start /home/neu/Desktop/micro-ROS/microros_767/firmware/mcu_ws/build/libyaml_vendor/libyaml-0.2.5-prefix/src/libyaml-0.2.5-build/CMakeFiles /home/neu/Desktop/micro-ROS/microros_767/firmware/mcu_ws/build/libyaml_vendor/libyaml-0.2.5-prefix/src/libyaml-0.2.5-build/CMakeFiles/progress.marks
[7.608s] /usr/bin/make -f CMakeFiles/Makefile2 all
[7.608s] make[5]: Entering directory '/home/neu/Desktop/micro-ROS/microros_767/firmware/mcu_ws/build/libyaml_vendor/libyaml-0.2.5-prefix/src/libyaml-0.2.5-build'
[7.609s] /usr/bin/make -f CMakeFiles/yaml.dir/build.make CMakeFiles/yaml.dir/depend
[7.609s] make[6]: Entering directory '/home/neu/Desktop/micro-ROS/microros_767/firmware/mcu_ws/build/libyaml_vendor/libyaml-0.2.5-prefix/src/libyaml-0.2.5-build'
[7.609s] cd /home/neu/Desktop/micro-ROS/microros_767/firmware/mcu_ws/build/libyaml_vendor/libyaml-0.2.5-prefix/src/libyaml-0.2.5-build && /usr/bin/cmake -E cmake_depends "Unix Makefiles" /home/neu/Desktop/micro-ROS/microros_767/firmware/mcu_ws/build/libyaml_vendor/libyaml-0.2.5-prefix/src/libyaml-0.2.5 /home/neu/Desktop/micro-ROS/microros_767/firmware/mcu_ws/build/libyaml_vendor/libyaml-0.2.5-prefix/src/libyaml-0.2.5 /home/neu/Desktop/micro-ROS/microros_767/firmware/mcu_ws/build/libyaml_vendor/libyaml-0.2.5-prefix/src/libyaml-0.2.5-build /home/neu/Desktop/micro-ROS/microros_767/firmware/mcu_ws/build/libyaml_vendor/libyaml-0.2.5-prefix/src/libyaml-0.2.5-build /home/neu/Desktop/micro-ROS/microros_767/firmware/mcu_ws/build/libyaml_vendor/libyaml-0.2.5-prefix/src/libyaml-0.2.5-build/CMakeFiles/yaml.dir/DependInfo.cmake --color=
[7.617s] Dependee "/home/neu/Desktop/micro-ROS/microros_767/firmware/mcu_ws/build/libyaml_vendor/libyaml-0.2.5-prefix/src/libyaml-0.2.5-build/CMakeFiles/yaml.dir/DependInfo.cmake" is newer than depender "/home/neu/Desktop/micro-ROS/microros_767/firmware/mcu_ws/build/libyaml_vendor/libyaml-0.2.5-prefix/src/libyaml-0.2.5-build/CMakeFiles/yaml.dir/depend.internal".
[7.618s] Dependee "/home/neu/Desktop/micro-ROS/microros_767/firmware/mcu_ws/build/libyaml_vendor/libyaml-0.2.5-prefix/src/libyaml-0.2.5-build/CMakeFiles/CMakeDirectoryInformation.cmake" is newer than depender "/home/neu/Desktop/micro-ROS/microros_767/firmware/mcu_ws/build/libyaml_vendor/libyaml-0.2.5-prefix/src/libyaml-0.2.5-build/CMakeFiles/yaml.dir/depend.internal".
[7.618s] [35m[1mScanning dependencies of target yaml[0m
[7.619s] make[6]: Leaving directory '/home/neu/Desktop/micro-ROS/microros_767/firmware/mcu_ws/build/libyaml_vendor/libyaml-0.2.5-prefix/src/libyaml-0.2.5-build'
[7.619s] /usr/bin/make -f CMakeFiles/yaml.dir/build.make CMakeFiles/yaml.dir/build
[7.620s] make[6]: Entering directory '/home/neu/Desktop/micro-ROS/microros_767/firmware/mcu_ws/build/libyaml_vendor/libyaml-0.2.5-prefix/src/libyaml-0.2.5-build'
[7.626s] [ 11%] [32mBuilding C object CMakeFiles/yaml.dir/src/api.c.obj[0m
[7.626s] /home/neu/Desktop/micro-ROS/microros_767/firmware/freertos_apps/microros_nucleo_f767zi_extensions/../../toolchain/bin/arm-none-eabi-gcc -DHAVE_CONFIG_H -I/home/neu/Desktop/micro-ROS/microros_767/firmware/mcu_ws/build/libyaml_vendor/libyaml-0.2.5-prefix/src/libyaml-0.2.5/include -I/home/neu/Desktop/micro-ROS/microros_767/firmware/mcu_ws/build/libyaml_vendor/libyaml-0.2.5-prefix/src/libyaml-0.2.5-build/include  -std=c11 -mcpu=cortex-m7 -mthumb -mfpu=fpv5-sp-d16 -mfloat-abi=hard -DUSE_HAL_DRIVER -DSTM32F767xx -Og -Wall -fdata-sections -ffunction-sections  -DCLOCK_MONOTONIC=0   -o CMakeFiles/yaml.dir/src/api.c.obj   -c /home/neu/Desktop/micro-ROS/microros_767/firmware/mcu_ws/build/libyaml_vendor/libyaml-0.2.5-prefix/src/libyaml-0.2.5/src/api.c
[7.627s] [ 22%] [32mBuilding C object CMakeFiles/yaml.dir/src/dumper.c.obj[0m
[7.628s] /home/neu/Desktop/micro-ROS/microros_767/firmware/freertos_apps/microros_nucleo_f767zi_extensions/../../toolchain/bin/arm-none-eabi-gcc -DHAVE_CONFIG_H -I/home/neu/Desktop/micro-ROS/microros_767/firmware/mcu_ws/build/libyaml_vendor/libyaml-0.2.5-prefix/src/libyaml-0.2.5/include -I/home/neu/Desktop/micro-ROS/microros_767/firmware/mcu_ws/build/libyaml_vendor/libyaml-0.2.5-prefix/src/libyaml-0.2.5-build/include  -std=c11 -mcpu=cortex-m7 -mthumb -mfpu=fpv5-sp-d16 -mfloat-abi=hard -DUSE_HAL_DRIVER -DSTM32F767xx -Og -Wall -fdata-sections -ffunction-sections  -DCLOCK_MONOTONIC=0   -o CMakeFiles/yaml.dir/src/dumper.c.obj   -c /home/neu/Desktop/micro-ROS/microros_767/firmware/mcu_ws/build/libyaml_vendor/libyaml-0.2.5-prefix/src/libyaml-0.2.5/src/dumper.c
[7.628s] [ 33%] [32mBuilding C object CMakeFiles/yaml.dir/src/scanner.c.obj[0m
[7.629s] /home/neu/Desktop/micro-ROS/microros_767/firmware/freertos_apps/microros_nucleo_f767zi_extensions/../../toolchain/bin/arm-none-eabi-gcc -DHAVE_CONFIG_H -I/home/neu/Desktop/micro-ROS/microros_767/firmware/mcu_ws/build/libyaml_vendor/libyaml-0.2.5-prefix/src/libyaml-0.2.5/include -I/home/neu/Desktop/micro-ROS/microros_767/firmware/mcu_ws/build/libyaml_vendor/libyaml-0.2.5-prefix/src/libyaml-0.2.5-build/include  -std=c11 -mcpu=cortex-m7 -mthumb -mfpu=fpv5-sp-d16 -mfloat-abi=hard -DUSE_HAL_DRIVER -DSTM32F767xx -Og -Wall -fdata-sections -ffunction-sections  -DCLOCK_MONOTONIC=0   -o CMakeFiles/yaml.dir/src/scanner.c.obj   -c /home/neu/Desktop/micro-ROS/microros_767/firmware/mcu_ws/build/libyaml_vendor/libyaml-0.2.5-prefix/src/libyaml-0.2.5/src/scanner.c
[7.629s] [ 55%] [32mBuilding C object CMakeFiles/yaml.dir/src/parser.c.obj[0m
[7.629s] [ 55%] [32mBuilding C object CMakeFiles/yaml.dir/src/reader.c.obj[0m
[7.629s] /home/neu/Desktop/micro-ROS/microros_767/firmware/freertos_apps/microros_nucleo_f767zi_extensions/../../toolchain/bin/arm-none-eabi-gcc -DHAVE_CONFIG_H -I/home/neu/Desktop/micro-ROS/microros_767/firmware/mcu_ws/build/libyaml_vendor/libyaml-0.2.5-prefix/src/libyaml-0.2.5/include -I/home/neu/Desktop/micro-ROS/microros_767/firmware/mcu_ws/build/libyaml_vendor/libyaml-0.2.5-prefix/src/libyaml-0.2.5-build/include  -std=c11 -mcpu=cortex-m7 -mthumb -mfpu=fpv5-sp-d16 -mfloat-abi=hard -DUSE_HAL_DRIVER -DSTM32F767xx -Og -Wall -fdata-sections -ffunction-sections  -DCLOCK_MONOTONIC=0   -o CMakeFiles/yaml.dir/src/reader.c.obj   -c /home/neu/Desktop/micro-ROS/microros_767/firmware/mcu_ws/build/libyaml_vendor/libyaml-0.2.5-prefix/src/libyaml-0.2.5/src/reader.c
[7.630s] /home/neu/Desktop/micro-ROS/microros_767/firmware/freertos_apps/microros_nucleo_f767zi_extensions/../../toolchain/bin/arm-none-eabi-gcc -DHAVE_CONFIG_H -I/home/neu/Desktop/micro-ROS/microros_767/firmware/mcu_ws/build/libyaml_vendor/libyaml-0.2.5-prefix/src/libyaml-0.2.5/include -I/home/neu/Desktop/micro-ROS/microros_767/firmware/mcu_ws/build/libyaml_vendor/libyaml-0.2.5-prefix/src/libyaml-0.2.5-build/include  -std=c11 -mcpu=cortex-m7 -mthumb -mfpu=fpv5-sp-d16 -mfloat-abi=hard -DUSE_HAL_DRIVER -DSTM32F767xx -Og -Wall -fdata-sections -ffunction-sections  -DCLOCK_MONOTONIC=0   -o CMakeFiles/yaml.dir/src/parser.c.obj   -c /home/neu/Desktop/micro-ROS/microros_767/firmware/mcu_ws/build/libyaml_vendor/libyaml-0.2.5-prefix/src/libyaml-0.2.5/src/parser.c
[7.636s] [ 77%] [32mBuilding C object CMakeFiles/yaml.dir/src/emitter.c.obj[0m
[7.637s] [ 77%] [32mBuilding C object CMakeFiles/yaml.dir/src/loader.c.obj[0m
[7.637s] [ 88%] [32mBuilding C object CMakeFiles/yaml.dir/src/writer.c.obj[0m
[7.637s] /home/neu/Desktop/micro-ROS/microros_767/firmware/freertos_apps/microros_nucleo_f767zi_extensions/../../toolchain/bin/arm-none-eabi-gcc -DHAVE_CONFIG_H -I/home/neu/Desktop/micro-ROS/microros_767/firmware/mcu_ws/build/libyaml_vendor/libyaml-0.2.5-prefix/src/libyaml-0.2.5/include -I/home/neu/Desktop/micro-ROS/microros_767/firmware/mcu_ws/build/libyaml_vendor/libyaml-0.2.5-prefix/src/libyaml-0.2.5-build/include  -std=c11 -mcpu=cortex-m7 -mthumb -mfpu=fpv5-sp-d16 -mfloat-abi=hard -DUSE_HAL_DRIVER -DSTM32F767xx -Og -Wall -fdata-sections -ffunction-sections  -DCLOCK_MONOTONIC=0   -o CMakeFiles/yaml.dir/src/loader.c.obj   -c /home/neu/Desktop/micro-ROS/microros_767/firmware/mcu_ws/build/libyaml_vendor/libyaml-0.2.5-prefix/src/libyaml-0.2.5/src/loader.c
[7.637s] /home/neu/Desktop/micro-ROS/microros_767/firmware/freertos_apps/microros_nucleo_f767zi_extensions/../../toolchain/bin/arm-none-eabi-gcc -DHAVE_CONFIG_H -I/home/neu/Desktop/micro-ROS/microros_767/firmware/mcu_ws/build/libyaml_vendor/libyaml-0.2.5-prefix/src/libyaml-0.2.5/include -I/home/neu/Desktop/micro-ROS/microros_767/firmware/mcu_ws/build/libyaml_vendor/libyaml-0.2.5-prefix/src/libyaml-0.2.5-build/include  -std=c11 -mcpu=cortex-m7 -mthumb -mfpu=fpv5-sp-d16 -mfloat-abi=hard -DUSE_HAL_DRIVER -DSTM32F767xx -Og -Wall -fdata-sections -ffunction-sections  -DCLOCK_MONOTONIC=0   -o CMakeFiles/yaml.dir/src/emitter.c.obj   -c /home/neu/Desktop/micro-ROS/microros_767/firmware/mcu_ws/build/libyaml_vendor/libyaml-0.2.5-prefix/src/libyaml-0.2.5/src/emitter.c
[7.637s] /home/neu/Desktop/micro-ROS/microros_767/firmware/freertos_apps/microros_nucleo_f767zi_extensions/../../toolchain/bin/arm-none-eabi-gcc -DHAVE_CONFIG_H -I/home/neu/Desktop/micro-ROS/microros_767/firmware/mcu_ws/build/libyaml_vendor/libyaml-0.2.5-prefix/src/libyaml-0.2.5/include -I/home/neu/Desktop/micro-ROS/microros_767/firmware/mcu_ws/build/libyaml_vendor/libyaml-0.2.5-prefix/src/libyaml-0.2.5-build/include  -std=c11 -mcpu=cortex-m7 -mthumb -mfpu=fpv5-sp-d16 -mfloat-abi=hard -DUSE_HAL_DRIVER -DSTM32F767xx -Og -Wall -fdata-sections -ffunction-sections  -DCLOCK_MONOTONIC=0   -o CMakeFiles/yaml.dir/src/writer.c.obj   -c /home/neu/Desktop/micro-ROS/microros_767/firmware/mcu_ws/build/libyaml_vendor/libyaml-0.2.5-prefix/src/libyaml-0.2.5/src/writer.c
[7.666s] [01m[K/home/neu/Desktop/micro-ROS/microros_767/firmware/mcu_ws/build/libyaml_vendor/libyaml-0.2.5-prefix/src/libyaml-0.2.5/src/api.c:[m[K In function '[01m[Kyaml_strdup[m[K':
[7.666s] [01m[K/home/neu/Desktop/micro-ROS/microros_767/firmware/mcu_ws/build/libyaml_vendor/libyaml-0.2.5-prefix/src/libyaml-0.2.5/src/api.c:66:27:[m[K [01;35m[Kwarning: [m[Kimplicit declaration of function '[01m[Kstrdup[m[K'; did you mean '[01m[Kstrcmp[m[K'? [[01;35m[K-Wimplicit-function-declaration[m[K]
[7.666s]      return (yaml_char_t *)[01;35m[Kstrdup[m[K((char *)str);
[7.666s]                            [01;35m[K^~~~~~[m[K
[7.666s]                            [32m[Kstrcmp[m[K
[7.707s] [01m[K/home/neu/Desktop/micro-ROS/microros_767/firmware/mcu_ws/build/libyaml_vendor/libyaml-0.2.5-prefix/src/libyaml-0.2.5/src/emitter.c:[m[K In function '[01m[Kyaml_emitter_write_plain_scalar[m[K':
[7.708s] [01m[K/home/neu/Desktop/micro-ROS/microros_767/firmware/mcu_ws/build/libyaml_vendor/libyaml-0.2.5-prefix/src/libyaml-0.2.5/src/emitter.c:28:6:[m[K [01;35m[Kwarning: [m[Kvalue computed is not used [[01;35m[K-Wunused-value[m[K]
[7.708s]       [01;35m[K&&[m[K ((emitter->line_break == YAML_CR_BREAK ?                                \
[7.708s]       [01;35m[K^~[m[K
[7.708s] [01m[K/home/neu/Desktop/micro-ROS/microros_767/firmware/mcu_ws/build/libyaml_vendor/libyaml-0.2.5-prefix/src/libyaml-0.2.5/src/emitter.c:56:11:[m[K [01;36m[Knote: [m[Kin expansion of macro '[01m[KPUT_BREAK[m[K'
[7.708s]           ([01;36m[KPUT_BREAK[m[K(emitter),                                                   \
[7.708s]            [01;36m[K^~~~~~~~~[m[K
[7.708s] [01m[K/home/neu/Desktop/micro-ROS/microros_767/firmware/mcu_ws/build/libyaml_vendor/libyaml-0.2.5-prefix/src/libyaml-0.2.5/src/emitter.c:1962:18:[m[K [01;36m[Knote: [m[Kin expansion of macro '[01m[KWRITE_BREAK[m[K'
[7.708s]              if (![01;36m[KWRITE_BREAK[m[K(emitter, string)) return 0;
[7.708s]                   [01;36m[K^~~~~~~~~~~[m[K
[7.709s] [01m[K/home/neu/Desktop/micro-ROS/microros_767/firmware/mcu_ws/build/libyaml_vendor/libyaml-0.2.5-prefix/src/libyaml-0.2.5/src/emitter.c:[m[K In function '[01m[Kyaml_emitter_write_single_quoted_scalar[m[K':
[7.710s] [01m[K/home/neu/Desktop/micro-ROS/microros_767/firmware/mcu_ws/build/libyaml_vendor/libyaml-0.2.5-prefix/src/libyaml-0.2.5/src/emitter.c:28:6:[m[K [01;35m[Kwarning: [m[Kvalue computed is not used [[01;35m[K-Wunused-value[m[K]
[7.710s]       [01;35m[K&&[m[K ((emitter->line_break == YAML_CR_BREAK ?                                \
[7.710s]       [01;35m[K^~[m[K
[7.710s] [01m[K/home/neu/Desktop/micro-ROS/microros_767/firmware/mcu_ws/build/libyaml_vendor/libyaml-0.2.5-prefix/src/libyaml-0.2.5/src/emitter.c:56:11:[m[K [01;36m[Knote: [m[Kin expansion of macro '[01m[KPUT_BREAK[m[K'
[7.710s]           ([01;36m[KPUT_BREAK[m[K(emitter),                                                   \
[7.711s]            [01;36m[K^~~~~~~~~[m[K
[7.711s] [01m[K/home/neu/Desktop/micro-ROS/microros_767/firmware/mcu_ws/build/libyaml_vendor/libyaml-0.2.5-prefix/src/libyaml-0.2.5/src/emitter.c:2019:18:[m[K [01;36m[Knote: [m[Kin expansion of macro '[01m[KWRITE_BREAK[m[K'
[7.711s]              if (![01;36m[KWRITE_BREAK[m[K(emitter, string)) return 0;
[7.711s]                   [01;36m[K^~~~~~~~~~~[m[K
[7.724s] [01m[K/home/neu/Desktop/micro-ROS/microros_767/firmware/mcu_ws/build/libyaml_vendor/libyaml-0.2.5-prefix/src/libyaml-0.2.5/src/emitter.c:[m[K In function '[01m[Kyaml_emitter_write_literal_scalar[m[K':
[7.724s] [01m[K/home/neu/Desktop/micro-ROS/microros_767/firmware/mcu_ws/build/libyaml_vendor/libyaml-0.2.5-prefix/src/libyaml-0.2.5/src/emitter.c:28:6:[m[K [01;35m[Kwarning: [m[Kvalue computed is not used [[01;35m[K-Wunused-value[m[K]
[7.724s]       [01;35m[K&&[m[K ((emitter->line_break == YAML_CR_BREAK ?                                \
[7.724s]       [01;35m[K^~[m[K
[7.724s] [01m[K/home/neu/Desktop/micro-ROS/microros_767/firmware/mcu_ws/build/libyaml_vendor/libyaml-0.2.5-prefix/src/libyaml-0.2.5/src/emitter.c:56:11:[m[K [01;36m[Knote: [m[Kin expansion of macro '[01m[KPUT_BREAK[m[K'
[7.724s]           ([01;36m[KPUT_BREAK[m[K(emitter),                                                   \
[7.724s]            [01;36m[K^~~~~~~~~[m[K
[7.724s] [01m[K/home/neu/Desktop/micro-ROS/microros_767/firmware/mcu_ws/build/libyaml_vendor/libyaml-0.2.5-prefix/src/libyaml-0.2.5/src/emitter.c:2285:18:[m[K [01;36m[Knote: [m[Kin expansion of macro '[01m[KWRITE_BREAK[m[K'
[7.725s]              if (![01;36m[KWRITE_BREAK[m[K(emitter, string)) return 0;
[7.725s]                   [01;36m[K^~~~~~~~~~~[m[K
[7.727s] [01m[K/home/neu/Desktop/micro-ROS/microros_767/firmware/mcu_ws/build/libyaml_vendor/libyaml-0.2.5-prefix/src/libyaml-0.2.5/src/emitter.c:[m[K In function '[01m[Kyaml_emitter_write_folded_scalar[m[K':
[7.727s] [01m[K/home/neu/Desktop/micro-ROS/microros_767/firmware/mcu_ws/build/libyaml_vendor/libyaml-0.2.5-prefix/src/libyaml-0.2.5/src/emitter.c:28:6:[m[K [01;35m[Kwarning: [m[Kvalue computed is not used [[01;35m[K-Wunused-value[m[K]
[7.728s]       [01;35m[K&&[m[K ((emitter->line_break == YAML_CR_BREAK ?                                \
[7.728s]       [01;35m[K^~[m[K
[7.728s] [01m[K/home/neu/Desktop/micro-ROS/microros_767/firmware/mcu_ws/build/libyaml_vendor/libyaml-0.2.5-prefix/src/libyaml-0.2.5/src/emitter.c:56:11:[m[K [01;36m[Knote: [m[Kin expansion of macro '[01m[KPUT_BREAK[m[K'
[7.728s]           ([01;36m[KPUT_BREAK[m[K(emitter),                                                   \
[7.728s]            [01;36m[K^~~~~~~~~[m[K
[7.728s] [01m[K/home/neu/Desktop/micro-ROS/microros_767/firmware/mcu_ws/build/libyaml_vendor/libyaml-0.2.5-prefix/src/libyaml-0.2.5/src/emitter.c:2334:18:[m[K [01;36m[Knote: [m[Kin expansion of macro '[01m[KWRITE_BREAK[m[K'
[7.728s]              if (![01;36m[KWRITE_BREAK[m[K(emitter, string)) return 0;
[7.728s]                   [01;36m[K^~~~~~~~~~~[m[K
[8.998s] [100%] [32m[1mLinking C static library libyaml.a[0m
[8.999s] /usr/bin/cmake -P CMakeFiles/yaml.dir/cmake_clean_target.cmake
[9.004s] /usr/bin/cmake -E cmake_link_script CMakeFiles/yaml.dir/link.txt --verbose=1
[9.016s] /home/neu/Desktop/micro-ROS/microros_767/firmware/toolchain/bin/arm-none-eabi-ar qc libyaml.a  CMakeFiles/yaml.dir/src/api.c.obj CMakeFiles/yaml.dir/src/dumper.c.obj CMakeFiles/yaml.dir/src/emitter.c.obj CMakeFiles/yaml.dir/src/loader.c.obj CMakeFiles/yaml.dir/src/parser.c.obj CMakeFiles/yaml.dir/src/reader.c.obj CMakeFiles/yaml.dir/src/scanner.c.obj CMakeFiles/yaml.dir/src/writer.c.obj
[9.019s] /home/neu/Desktop/micro-ROS/microros_767/firmware/toolchain/bin/arm-none-eabi-ranlib libyaml.a
[9.024s] make[6]: Leaving directory '/home/neu/Desktop/micro-ROS/microros_767/firmware/mcu_ws/build/libyaml_vendor/libyaml-0.2.5-prefix/src/libyaml-0.2.5-build'
[9.036s] [100%] Built target yaml
[9.039s] make[5]: Leaving directory '/home/neu/Desktop/micro-ROS/microros_767/firmware/mcu_ws/build/libyaml_vendor/libyaml-0.2.5-prefix/src/libyaml-0.2.5-build'
[9.039s] /usr/bin/cmake -E cmake_progress_start /home/neu/Desktop/micro-ROS/microros_767/firmware/mcu_ws/build/libyaml_vendor/libyaml-0.2.5-prefix/src/libyaml-0.2.5-build/CMakeFiles 0
[9.047s] make[4]: Leaving directory '/home/neu/Desktop/micro-ROS/microros_767/firmware/mcu_ws/build/libyaml_vendor/libyaml-0.2.5-prefix/src/libyaml-0.2.5-build'
[9.047s] cd /home/neu/Desktop/micro-ROS/microros_767/firmware/mcu_ws/build/libyaml_vendor/libyaml-0.2.5-prefix/src/libyaml-0.2.5-build && /usr/bin/cmake -E touch /home/neu/Desktop/micro-ROS/microros_767/firmware/mcu_ws/build/libyaml_vendor/libyaml-0.2.5-prefix/src/libyaml-0.2.5-stamp/libyaml-0.2.5-build
[9.074s] [ 87%] [34m[1mPerforming install step for 'libyaml-0.2.5'[0m
[9.074s] cd /home/neu/Desktop/micro-ROS/microros_767/firmware/mcu_ws/build/libyaml_vendor/libyaml-0.2.5-prefix/src/libyaml-0.2.5-build && /usr/bin/make install
[9.076s] make[4]: Entering directory '/home/neu/Desktop/micro-ROS/microros_767/firmware/mcu_ws/build/libyaml_vendor/libyaml-0.2.5-prefix/src/libyaml-0.2.5-build'
[9.076s] /usr/bin/cmake -S/home/neu/Desktop/micro-ROS/microros_767/firmware/mcu_ws/build/libyaml_vendor/libyaml-0.2.5-prefix/src/libyaml-0.2.5 -B/home/neu/Desktop/micro-ROS/microros_767/firmware/mcu_ws/build/libyaml_vendor/libyaml-0.2.5-prefix/src/libyaml-0.2.5-build --check-build-system CMakeFiles/Makefile.cmake 0
[9.081s] /usr/bin/cmake -E cmake_progress_start /home/neu/Desktop/micro-ROS/microros_767/firmware/mcu_ws/build/libyaml_vendor/libyaml-0.2.5-prefix/src/libyaml-0.2.5-build/CMakeFiles /home/neu/Desktop/micro-ROS/microros_767/firmware/mcu_ws/build/libyaml_vendor/libyaml-0.2.5-prefix/src/libyaml-0.2.5-build/CMakeFiles/progress.marks
[9.086s] /usr/bin/make -f CMakeFiles/Makefile2 all
[9.086s] make[5]: Entering directory '/home/neu/Desktop/micro-ROS/microros_767/firmware/mcu_ws/build/libyaml_vendor/libyaml-0.2.5-prefix/src/libyaml-0.2.5-build'
[9.086s] /usr/bin/make -f CMakeFiles/yaml.dir/build.make CMakeFiles/yaml.dir/depend
[9.087s] make[6]: Entering directory '/home/neu/Desktop/micro-ROS/microros_767/firmware/mcu_ws/build/libyaml_vendor/libyaml-0.2.5-prefix/src/libyaml-0.2.5-build'
[9.088s] cd /home/neu/Desktop/micro-ROS/microros_767/firmware/mcu_ws/build/libyaml_vendor/libyaml-0.2.5-prefix/src/libyaml-0.2.5-build && /usr/bin/cmake -E cmake_depends "Unix Makefiles" /home/neu/Desktop/micro-ROS/microros_767/firmware/mcu_ws/build/libyaml_vendor/libyaml-0.2.5-prefix/src/libyaml-0.2.5 /home/neu/Desktop/micro-ROS/microros_767/firmware/mcu_ws/build/libyaml_vendor/libyaml-0.2.5-prefix/src/libyaml-0.2.5 /home/neu/Desktop/micro-ROS/microros_767/firmware/mcu_ws/build/libyaml_vendor/libyaml-0.2.5-prefix/src/libyaml-0.2.5-build /home/neu/Desktop/micro-ROS/microros_767/firmware/mcu_ws/build/libyaml_vendor/libyaml-0.2.5-prefix/src/libyaml-0.2.5-build /home/neu/Desktop/micro-ROS/microros_767/firmware/mcu_ws/build/libyaml_vendor/libyaml-0.2.5-prefix/src/libyaml-0.2.5-build/CMakeFiles/yaml.dir/DependInfo.cmake --color=
[9.095s] make[6]: Leaving directory '/home/neu/Desktop/micro-ROS/microros_767/firmware/mcu_ws/build/libyaml_vendor/libyaml-0.2.5-prefix/src/libyaml-0.2.5-build'
[9.095s] /usr/bin/make -f CMakeFiles/yaml.dir/build.make CMakeFiles/yaml.dir/build
[9.097s] make[6]: Entering directory '/home/neu/Desktop/micro-ROS/microros_767/firmware/mcu_ws/build/libyaml_vendor/libyaml-0.2.5-prefix/src/libyaml-0.2.5-build'
[9.097s] make[6]: Nothing to be done for 'CMakeFiles/yaml.dir/build'.
[9.097s] make[6]: Leaving directory '/home/neu/Desktop/micro-ROS/microros_767/firmware/mcu_ws/build/libyaml_vendor/libyaml-0.2.5-prefix/src/libyaml-0.2.5-build'
[9.113s] [100%] Built target yaml
[9.113s] make[5]: Leaving directory '/home/neu/Desktop/micro-ROS/microros_767/firmware/mcu_ws/build/libyaml_vendor/libyaml-0.2.5-prefix/src/libyaml-0.2.5-build'
[9.113s] /usr/bin/cmake -E cmake_progress_start /home/neu/Desktop/micro-ROS/microros_767/firmware/mcu_ws/build/libyaml_vendor/libyaml-0.2.5-prefix/src/libyaml-0.2.5-build/CMakeFiles 0
[9.125s] /usr/bin/make -f CMakeFiles/Makefile2 preinstall
[9.129s] make[5]: Entering directory '/home/neu/Desktop/micro-ROS/microros_767/firmware/mcu_ws/build/libyaml_vendor/libyaml-0.2.5-prefix/src/libyaml-0.2.5-build'
[9.130s] make[5]: Nothing to be done for 'preinstall'.
[9.130s] make[5]: Leaving directory '/home/neu/Desktop/micro-ROS/microros_767/firmware/mcu_ws/build/libyaml_vendor/libyaml-0.2.5-prefix/src/libyaml-0.2.5-build'
[9.140s] [36mInstall the project...[0m
[9.145s] /usr/bin/cmake -P cmake_install.cmake
[9.153s] -- Install configuration: ""
[9.153s] -- Installing: /home/neu/Desktop/micro-ROS/microros_767/firmware/mcu_ws/build/libyaml_vendor/libyaml_install/include/libyaml_vendor/yaml.h
[9.153s] -- Installing: /home/neu/Desktop/micro-ROS/microros_767/firmware/mcu_ws/build/libyaml_vendor/libyaml_install/lib/libyaml.a
[9.153s] -- Installing: /home/neu/Desktop/micro-ROS/microros_767/firmware/mcu_ws/build/libyaml_vendor/libyaml_install/cmake/yamlConfig.cmake
[9.154s] -- Installing: /home/neu/Desktop/micro-ROS/microros_767/firmware/mcu_ws/build/libyaml_vendor/libyaml_install/cmake/yamlTargets.cmake
[9.154s] -- Installing: /home/neu/Desktop/micro-ROS/microros_767/firmware/mcu_ws/build/libyaml_vendor/libyaml_install/cmake/yamlTargets-noconfig.cmake
[9.154s] -- Installing: /home/neu/Desktop/micro-ROS/microros_767/firmware/mcu_ws/build/libyaml_vendor/libyaml_install/cmake/yamlConfigVersion.cmake
[9.154s] make[4]: Leaving directory '/home/neu/Desktop/micro-ROS/microros_767/firmware/mcu_ws/build/libyaml_vendor/libyaml-0.2.5-prefix/src/libyaml-0.2.5-build'
[9.154s] cd /home/neu/Desktop/micro-ROS/microros_767/firmware/mcu_ws/build/libyaml_vendor/libyaml-0.2.5-prefix/src/libyaml-0.2.5-build && /usr/bin/cmake -E touch /home/neu/Desktop/micro-ROS/microros_767/firmware/mcu_ws/build/libyaml_vendor/libyaml-0.2.5-prefix/src/libyaml-0.2.5-stamp/libyaml-0.2.5-install
[9.168s] [100%] [34m[1mCompleted 'libyaml-0.2.5'[0m
[9.169s] /usr/bin/cmake -E make_directory /home/neu/Desktop/micro-ROS/microros_767/firmware/mcu_ws/build/libyaml_vendor/CMakeFiles
[9.177s] /usr/bin/cmake -E touch /home/neu/Desktop/micro-ROS/microros_767/firmware/mcu_ws/build/libyaml_vendor/CMakeFiles/libyaml-0.2.5-complete
[9.183s] /usr/bin/cmake -E touch /home/neu/Desktop/micro-ROS/microros_767/firmware/mcu_ws/build/libyaml_vendor/libyaml-0.2.5-prefix/src/libyaml-0.2.5-stamp/libyaml-0.2.5-done
[9.187s] make[3]: Leaving directory '/home/neu/Desktop/micro-ROS/microros_767/firmware/mcu_ws/build/libyaml_vendor'
[9.202s] [100%] Built target libyaml-0.2.5
[9.203s] make[2]: Leaving directory '/home/neu/Desktop/micro-ROS/microros_767/firmware/mcu_ws/build/libyaml_vendor'
[9.203s] /usr/bin/cmake -E cmake_progress_start /home/neu/Desktop/micro-ROS/microros_767/firmware/mcu_ws/build/libyaml_vendor/CMakeFiles 0
[9.216s] make[1]: Leaving directory '/home/neu/Desktop/micro-ROS/microros_767/firmware/mcu_ws/build/libyaml_vendor'
[9.530s] Invoked command in '/home/neu/Desktop/micro-ROS/microros_767/firmware/mcu_ws/build/libyaml_vendor' returned '0': CMAKE_PREFIX_PATH=${CMAKE_PREFIX_PATH}:/home/neu/Desktop/micro-ROS/microros_767/firmware/dev_ws/install/ament_uncrustify:/home/neu/Desktop/micro-ROS/microros_767/firmware/dev_ws/install/domain_coordinator:/home/neu/Desktop/micro-ROS/microros_767/firmware/dev_ws/install/ament_xmllint:/home/neu/Desktop/micro-ROS/microros_767/firmware/dev_ws/install/ament_pyflakes:/home/neu/Desktop/micro-ROS/microros_767/firmware/dev_ws/install/ament_pycodestyle:/home/neu/Desktop/micro-ROS/microros_767/firmware/dev_ws/install/ament_pep257:/home/neu/Desktop/micro-ROS/microros_767/firmware/dev_ws/install/ament_pclint:/home/neu/Desktop/micro-ROS/microros_767/firmware/dev_ws/install/ament_package:/home/neu/Desktop/micro-ROS/microros_767/firmware/dev_ws/install/ament_mypy:/home/neu/Desktop/micro-ROS/microros_767/firmware/dev_ws/install/ament_lint_cmake:/home/neu/Desktop/micro-ROS/microros_767/firmware/dev_ws/install/ament_flake8:/home/neu/Desktop/micro-ROS/microros_767/firmware/dev_ws/install/ament_copyright:/home/neu/Desktop/micro-ROS/microros_767/firmware/dev_ws/install/ament_lint:/home/neu/Desktop/micro-ROS/microros_767/firmware/dev_ws/install/ament_index_python:/home/neu/Desktop/micro-ROS/microros_767/firmware/dev_ws/install/ament_cpplint:/home/neu/Desktop/micro-ROS/microros_767/firmware/dev_ws/install/ament_cppcheck:/home/neu/Desktop/micro-ROS/microros_767/firmware/dev_ws/install/ament_clang_tidy:/home/neu/Desktop/micro-ROS/microros_767/firmware/dev_ws/install/ament_clang_format /usr/bin/cmake --build /home/neu/Desktop/micro-ROS/microros_767/firmware/mcu_ws/build/libyaml_vendor -- -j20 -l20
[9.558s] Invoking command in '/home/neu/Desktop/micro-ROS/microros_767/firmware/mcu_ws/build/libyaml_vendor': CMAKE_PREFIX_PATH=${CMAKE_PREFIX_PATH}:/home/neu/Desktop/micro-ROS/microros_767/firmware/dev_ws/install/ament_uncrustify:/home/neu/Desktop/micro-ROS/microros_767/firmware/dev_ws/install/domain_coordinator:/home/neu/Desktop/micro-ROS/microros_767/firmware/dev_ws/install/ament_xmllint:/home/neu/Desktop/micro-ROS/microros_767/firmware/dev_ws/install/ament_pyflakes:/home/neu/Desktop/micro-ROS/microros_767/firmware/dev_ws/install/ament_pycodestyle:/home/neu/Desktop/micro-ROS/microros_767/firmware/dev_ws/install/ament_pep257:/home/neu/Desktop/micro-ROS/microros_767/firmware/dev_ws/install/ament_pclint:/home/neu/Desktop/micro-ROS/microros_767/firmware/dev_ws/install/ament_package:/home/neu/Desktop/micro-ROS/microros_767/firmware/dev_ws/install/ament_mypy:/home/neu/Desktop/micro-ROS/microros_767/firmware/dev_ws/install/ament_lint_cmake:/home/neu/Desktop/micro-ROS/microros_767/firmware/dev_ws/install/ament_flake8:/home/neu/Desktop/micro-ROS/microros_767/firmware/dev_ws/install/ament_copyright:/home/neu/Desktop/micro-ROS/microros_767/firmware/dev_ws/install/ament_lint:/home/neu/Desktop/micro-ROS/microros_767/firmware/dev_ws/install/ament_index_python:/home/neu/Desktop/micro-ROS/microros_767/firmware/dev_ws/install/ament_cpplint:/home/neu/Desktop/micro-ROS/microros_767/firmware/dev_ws/install/ament_cppcheck:/home/neu/Desktop/micro-ROS/microros_767/firmware/dev_ws/install/ament_clang_tidy:/home/neu/Desktop/micro-ROS/microros_767/firmware/dev_ws/install/ament_clang_format /usr/bin/cmake --install /home/neu/Desktop/micro-ROS/microros_767/firmware/mcu_ws/build/libyaml_vendor
[9.568s] -- Install configuration: ""
[9.570s] -- Installing: /home/neu/Desktop/micro-ROS/microros_767/firmware/mcu_ws/install/libyaml_vendor
[9.570s] -- Installing: /home/neu/Desktop/micro-ROS/microros_767/firmware/mcu_ws/install/libyaml_vendor/include
[9.570s] -- Installing: /home/neu/Desktop/micro-ROS/microros_767/firmware/mcu_ws/install/libyaml_vendor/include/libyaml_vendor
[9.570s] -- Installing: /home/neu/Desktop/micro-ROS/microros_767/firmware/mcu_ws/install/libyaml_vendor/include/libyaml_vendor/yaml.h
[9.570s] -- Installing: /home/neu/Desktop/micro-ROS/microros_767/firmware/mcu_ws/install/libyaml_vendor/lib
[9.571s] -- Installing: /home/neu/Desktop/micro-ROS/microros_767/firmware/mcu_ws/install/libyaml_vendor/lib/libyaml.a
[9.571s] -- Installing: /home/neu/Desktop/micro-ROS/microros_767/firmware/mcu_ws/install/libyaml_vendor/cmake
[9.571s] -- Installing: /home/neu/Desktop/micro-ROS/microros_767/firmware/mcu_ws/install/libyaml_vendor/cmake/yamlTargets.cmake
[9.571s] -- Installing: /home/neu/Desktop/micro-ROS/microros_767/firmware/mcu_ws/install/libyaml_vendor/cmake/yamlTargets-noconfig.cmake
[9.571s] -- Installing: /home/neu/Desktop/micro-ROS/microros_767/firmware/mcu_ws/install/libyaml_vendor/cmake/yamlConfig.cmake
[9.572s] -- Installing: /home/neu/Desktop/micro-ROS/microros_767/firmware/mcu_ws/install/libyaml_vendor/cmake/yamlConfigVersion.cmake
[9.572s] -- Installing: /home/neu/Desktop/micro-ROS/microros_767/firmware/mcu_ws/install/libyaml_vendor/share/libyaml_vendor/environment/library_path.sh
[9.572s] -- Installing: /home/neu/Desktop/micro-ROS/microros_767/firmware/mcu_ws/install/libyaml_vendor/share/libyaml_vendor/environment/library_path.dsv
[9.572s] -- Installing: /home/neu/Desktop/micro-ROS/microros_767/firmware/mcu_ws/install/libyaml_vendor/share/ament_index/resource_index/package_run_dependencies/libyaml_vendor
[9.572s] -- Installing: /home/neu/Desktop/micro-ROS/microros_767/firmware/mcu_ws/install/libyaml_vendor/share/ament_index/resource_index/parent_prefix_path/libyaml_vendor
[9.572s] -- Installing: /home/neu/Desktop/micro-ROS/microros_767/firmware/mcu_ws/install/libyaml_vendor/share/libyaml_vendor/environment/ament_prefix_path.sh
[9.573s] -- Installing: /home/neu/Desktop/micro-ROS/microros_767/firmware/mcu_ws/install/libyaml_vendor/share/libyaml_vendor/environment/ament_prefix_path.dsv
[9.573s] -- Installing: /home/neu/Desktop/micro-ROS/microros_767/firmware/mcu_ws/install/libyaml_vendor/share/libyaml_vendor/environment/path.sh
[9.573s] -- Installing: /home/neu/Desktop/micro-ROS/microros_767/firmware/mcu_ws/install/libyaml_vendor/share/libyaml_vendor/environment/path.dsv
[9.573s] -- Installing: /home/neu/Desktop/micro-ROS/microros_767/firmware/mcu_ws/install/libyaml_vendor/share/libyaml_vendor/local_setup.bash
[9.573s] -- Installing: /home/neu/Desktop/micro-ROS/microros_767/firmware/mcu_ws/install/libyaml_vendor/share/libyaml_vendor/local_setup.sh
[9.574s] -- Installing: /home/neu/Desktop/micro-ROS/microros_767/firmware/mcu_ws/install/libyaml_vendor/share/libyaml_vendor/local_setup.zsh
[9.574s] -- Installing: /home/neu/Desktop/micro-ROS/microros_767/firmware/mcu_ws/install/libyaml_vendor/share/libyaml_vendor/local_setup.dsv
[9.574s] -- Installing: /home/neu/Desktop/micro-ROS/microros_767/firmware/mcu_ws/install/libyaml_vendor/share/libyaml_vendor/package.dsv
[9.574s] -- Installing: /home/neu/Desktop/micro-ROS/microros_767/firmware/mcu_ws/install/libyaml_vendor/share/ament_index/resource_index/packages/libyaml_vendor
[9.576s] -- Installing: /home/neu/Desktop/micro-ROS/microros_767/firmware/mcu_ws/install/libyaml_vendor/share/libyaml_vendor/cmake/libyaml_vendor-extras.cmake
[9.576s] -- Installing: /home/neu/Desktop/micro-ROS/microros_767/firmware/mcu_ws/install/libyaml_vendor/share/libyaml_vendor/cmake/ament_cmake_export_libraries-extras.cmake
[9.577s] -- Installing: /home/neu/Desktop/micro-ROS/microros_767/firmware/mcu_ws/install/libyaml_vendor/share/libyaml_vendor/cmake/ament_cmake_export_dependencies-extras.cmake
[9.577s] -- Installing: /home/neu/Desktop/micro-ROS/microros_767/firmware/mcu_ws/install/libyaml_vendor/share/libyaml_vendor/cmake/libyaml_vendorConfig.cmake
[9.578s] -- Installing: /home/neu/Desktop/micro-ROS/microros_767/firmware/mcu_ws/install/libyaml_vendor/share/libyaml_vendor/cmake/libyaml_vendorConfig-version.cmake
[9.579s] -- Installing: /home/neu/Desktop/micro-ROS/microros_767/firmware/mcu_ws/install/libyaml_vendor/share/libyaml_vendor/package.xml
[9.581s] Invoked command in '/home/neu/Desktop/micro-ROS/microros_767/firmware/mcu_ws/build/libyaml_vendor' returned '0': CMAKE_PREFIX_PATH=${CMAKE_PREFIX_PATH}:/home/neu/Desktop/micro-ROS/microros_767/firmware/dev_ws/install/ament_uncrustify:/home/neu/Desktop/micro-ROS/microros_767/firmware/dev_ws/install/domain_coordinator:/home/neu/Desktop/micro-ROS/microros_767/firmware/dev_ws/install/ament_xmllint:/home/neu/Desktop/micro-ROS/microros_767/firmware/dev_ws/install/ament_pyflakes:/home/neu/Desktop/micro-ROS/microros_767/firmware/dev_ws/install/ament_pycodestyle:/home/neu/Desktop/micro-ROS/microros_767/firmware/dev_ws/install/ament_pep257:/home/neu/Desktop/micro-ROS/microros_767/firmware/dev_ws/install/ament_pclint:/home/neu/Desktop/micro-ROS/microros_767/firmware/dev_ws/install/ament_package:/home/neu/Desktop/micro-ROS/microros_767/firmware/dev_ws/install/ament_mypy:/home/neu/Desktop/micro-ROS/microros_767/firmware/dev_ws/install/ament_lint_cmake:/home/neu/Desktop/micro-ROS/microros_767/firmware/dev_ws/install/ament_flake8:/home/neu/Desktop/micro-ROS/microros_767/firmware/dev_ws/install/ament_copyright:/home/neu/Desktop/micro-ROS/microros_767/firmware/dev_ws/install/ament_lint:/home/neu/Desktop/micro-ROS/microros_767/firmware/dev_ws/install/ament_index_python:/home/neu/Desktop/micro-ROS/microros_767/firmware/dev_ws/install/ament_cpplint:/home/neu/Desktop/micro-ROS/microros_767/firmware/dev_ws/install/ament_cppcheck:/home/neu/Desktop/micro-ROS/microros_767/firmware/dev_ws/install/ament_clang_tidy:/home/neu/Desktop/micro-ROS/microros_767/firmware/dev_ws/install/ament_clang_format /usr/bin/cmake --install /home/neu/Desktop/micro-ROS/microros_767/firmware/mcu_ws/build/libyaml_vendor
