==========|1111| 0 : 3743
==========|1111| 1 : 3657
==========|1111| 2 : 3658
==========|1111| 3 : 3670
==========|1111| 4 : 3678
==========|1111| 5 : 3657
==========|1111| 6 : 3743
==========|1111| 7 : 3680
==========|1111| 8 : 3651
==========|1111| 9 : 3645
==========|1111| 10 : 3610
==========|1111| 11 : 3651
==========|1111| 12 : 3681
==========|1111| 13 : 3670
==========|1111| 14 : 3667
==========|1111| 15 : 3661
==========|1111| 16 : 3670
==========|1111| 17 : 3670
==========|1111| 18 : 3661
==========|1111| 19 : 3680
==========|1111| 20 : 3651
==========|1111| 21 : 3660
==========|1111| 22 : 3673
==========|1111| 23 : 3669
==========|1111| 24 : 3630
==========|1111| 25 : 3692
==========|1111| 26 : 3651
==========|1111| 27 : 3647
==========|1111| 28 : 3643
==========|1111| 29 : 3648
==========|1111| 30 : 3719
==========|1111| 31 : 3689
==========|1111| 32 : 3702
==========|1111| 33 : 3657
==========|1111| 34 : 3719
==========|1111| 35 : 3617
==========|1111| 36 : 3672
==========|1111| 37 : 3678
==========|1111| 38 : 3744
==========|1111| 39 : 3762
==========|1111| 40 : 3755
==========|1111| 41 : 3661
==========|1111| 42 : 3656
==========|1111| 43 : 3647
==========|1111| 44 : 3672
==========|1111| 45 : 3672
==========|1111| 46 : 3647
==========|1111| 47 : 3650
==========|1111| 48 : 3632
==========|1111| 49 : 3665
==========|1111| 50 : 3661
==========|1111| 51 : 3689
==========|1111| 52 : 3667
==========|1111| 53 : 3669
==========|1111| 54 : 3660
==========|1111| 55 : 3661
==========|1111| 56 : 3647
==========|1111| 57 : 3648
==========|1111| 58 : 3627
==========|1111| 59 : 3670
==========|1111| 60 : 3660
==========|1111| 61 : 3697
==========|1111| 62 : 3672
==========|1111| 63 : 3671
==========|1111| 64 : 3711
==========|1111| 65 : 3648
==========|1111| 66 : 3651
==========|1111| 67 : 3659
==========|1111| 68 : 3606
==========|1111| 69 : 3668
==========|1111| 70 : 3650
==========|1111| 71 : 3661
==========|1111| 72 : 3667
==========|1111| 73 : 3640
==========|1111| 74 : 3636
==========|1111| 75 : 3627
==========|1111| 76 : 3673
==========|1111| 77 : 3711
==========|1111| 78 : 3657
==========|1111| 79 : 3671
==========|1111| 80 : 3703
==========|1111| 81 : 3728
==========|1111| 82 : 3648
==========|1111| 83 : 3719
==========|1111| 84 : 3629
==========|1111| 85 : 3609
==========|1111| 86 : 3610
==========|1111| 87 : 3630
==========|1111| 88 : 3598
==========|1111| 89 : 3601
==========|1111| 90 : 3608
==========|1111| 91 : 3623
==========|1111| 92 : 3629
==========|1111| 93 : 3588
==========|1111| 94 : 3605
==========|1111| 95 : 3637
==========|1111| 96 : 3670
==========|1111| 97 : 3749
==========|1111| 98 : 3607
==========|1111| 99 : 3589
==========|1111| 100 : 3617
==========|1111| 101 : 3615
==========|1111| 102 : 3617
==========|1111| 103 : 3596
==========|1111| 104 : 3599
==========|1111| 105 : 3646
==========|1111| 106 : 3623
==========|1111| 107 : 3666
==========|1111| 108 : 3767
==========|1111| 109 : 3693
==========|1111| 110 : 3629
==========|1111| 111 : 3617
==========|1111| 112 : 3606
==========|1111| 113 : 3586
==========|1111| 114 : 3618
==========|1111| 115 : 3615
==========|1111| 116 : 3618
==========|1111| 117 : 3618
==========|1111| 118 : 3691
==========|1111| 119 : 3629
==========|1111| 120 : 3599
==========|1111| 121 : 3598
==========|1111| 122 : 3732
==========|1111| 123 : 3681
==========|1111| 124 : 3700
==========|1111| 125 : 3719
==========|1111| 126 : 3730
==========|1111| 127 : 3709
==========|1111| 128 : 3690
==========|1111| 129 : 3718
==========|1111| 130 : 3618
==========|1111| 131 : 3627
==========|1111| 132 : 3739
==========|1111| 133 : 3700
==========|1111| 134 : 3729
==========|1111| 135 : 3713
==========|1111| 136 : 3731
==========|1111| 137 : 3711
==========|1111| 138 : 3743
==========|1111| 139 : 3805
==========|1111| 140 : 3732
==========|1111| 141 : 3721
==========|1111| 142 : 3701
==========|1111| 143 : 3708
==========|1111| 144 : 3760
==========|1111| 145 : 3710
==========|1111| 146 : 3711
==========|1111| 147 : 3738
==========|1111| 148 : 3714
==========|1111| 149 : 3711
==========|1111| 150 : 3704
==========|1111| 151 : 3707
==========|1111| 152 : 3710
==========|1111| 153 : 3690
==========|1111| 154 : 3771
==========|1111| 155 : 3711
==========|1111| 156 : 3710
==========|1111| 157 : 3701
==========|1111| 158 : 3703
==========|1111| 159 : 3694
==========|1111| 160 : 3786
==========|1111| 161 : 3784
==========|1111| 162 : 3800
==========|1111| 163 : 3794
==========|1111| 164 : 3780
==========|1111| 165 : 3747
==========|1111| 166 : 3711
==========|1111| 167 : 3728
==========|1111| 168 : 3679
==========|1111| 169 : 3710
==========|1111| 170 : 3701
==========|1111| 171 : 3709
==========|1111| 172 : 3728
==========|1111| 173 : 3651
==========|1111| 174 : 3691
==========|1111| 175 : 3709
==========|1111| 176 : 3699
==========|1111| 177 : 3707
==========|1111| 178 : 3668
==========|1111| 179 : 3709
==========|1111| 180 : 3683
==========|1111| 181 : 3700
==========|1111| 182 : 3729
==========|1111| 183 : 3700
==========|1111| 184 : 3742
==========|1111| 185 : 3710
==========|1111| 186 : 3795
==========|1111| 187 : 3733
==========|1111| 188 : 3665
==========|1111| 189 : 3793
==========|1111| 190 : 3703
==========|1111| 191 : 3711
==========|1111| 192 : 3732
==========|1111| 193 : 3710
==========|1111| 194 : 3761
==========|1111| 195 : 3760
==========|1111| 196 : 3712
==========|1111| 197 : 3687
==========|1111| 198 : 3690
==========|1111| 199 : 3693
==========|1111| 200 : 3682
==========|1111| 201 : 3690
==========|1111| 202 : 3690
==========|1111| 203 : 3660
==========|1111| 204 : 3743
==========|1111| 205 : 3733
==========|1111| 206 : 3672
==========|1111| 207 : 3688
==========|1111| 208 : 3669
==========|1111| 209 : 3690
==========|1111| 210 : 3661
==========|1111| 211 : 3681
==========|1111| 212 : 3683
==========|1111| 213 : 3679
==========|1111| 214 : 3681
==========|1111| 215 : 3682
==========|1111| 216 : 3720
==========|1111| 217 : 3700
==========|1111| 218 : 3721
==========|1111| 219 : 3722
==========|1111| 220 : 3679
==========|1111| 221 : 3671
==========|1111| 222 : 3650
==========|1111| 223 : 3691
==========|1111| 224 : 3670
==========|1111| 225 : 3660
==========|1111| 226 : 3650
==========|1111| 227 : 3650
==========|1111| 228 : 3650
==========|1111| 229 : 3667
==========|1111| 230 : 3650
==========|1111| 231 : 3657
==========|1111| 232 : 3690
==========|1111| 233 : 3679
==========|1111| 234 : 3678
==========|1111| 235 : 3671
==========|1111| 236 : 3660
==========|1111| 237 : 3672
==========|1111| 238 : 3651
==========|1111| 239 : 3659
==========|1111| 240 : 3650
==========|1111| 241 : 3680
==========|1111| 242 : 3649
==========|1111| 243 : 3646
==========|1111| 244 : 3651
==========|1111| 245 : 3649
==========|1111| 246 : 3669
==========|1111| 247 : 3670
==========|1111| 248 : 3658
==========|1111| 249 : 3691
==========|1111| 250 : 3668
==========|1111| 251 : 3651
==========|1111| 252 : 3650
==========|1111| 253 : 3639
==========|1111| 254 : 3649
==========|1111| 255 : 3647
==========|1111| 256 : 3638
==========|1111| 257 : 3645
==========|1111| 258 : 3668
==========|1111| 259 : 3650
==========|1111| 260 : 3672
==========|1111| 261 : 3650
==========|1111| 262 : 3670
==========|1111| 263 : 3661
==========|1111| 264 : 3678
==========|1111| 265 : 3671
==========|1111| 266 : 3657
==========|1111| 267 : 3646
==========|1111| 268 : 3639
==========|1111| 269 : 3658
==========|1111| 270 : 3666
==========|1111| 271 : 3667
==========|1111| 272 : 3652
==========|1111| 273 : 3666
==========|1111| 274 : 3671
==========|1111| 275 : 3657
==========|1111| 276 : 3669
==========|1111| 277 : 3668
==========|1111| 278 : 3646
==========|1111| 279 : 3804
==========|1111| 280 : 3689
==========|1111| 281 : 3663
==========|1111| 282 : 3660
==========|1111| 283 : 3648
==========|1111| 284 : 3671
==========|1111| 285 : 3667
==========|1111| 286 : 3659
==========|1111| 287 : 3634
==========|1111| 288 : 3616
==========|1111| 289 : 3660
==========|1111| 290 : 3648
==========|1111| 291 : 3637
==========|1111| 292 : 3646
==========|1111| 293 : 3608
==========|1111| 294 : 3658
==========|1111| 295 : 3669
==========|1111| 296 : 3668
==========|1111| 297 : 3667
==========|1111| 298 : 3608
==========|1111| 299 : 3638
==========|1111| 300 : 3620
==========|1111| 301 : 3628
==========|1111| 302 : 3627
==========|1111| 303 : 3626
==========|1111| 304 : 3626
==========|1111| 305 : 3618
==========|1111| 306 : 3640
==========|1111| 307 : 3616
==========|1111| 308 : 3615
==========|1111| 309 : 3619
==========|1111| 310 : 3617
==========|1111| 311 : 3635
==========|1111| 312 : 3627
==========|1111| 313 : 3627
==========|1111| 314 : 3647
==========|1111| 315 : 3637
==========|1111| 316 : 3637
==========|1111| 317 : 3661
==========|1111| 318 : 3648
==========|1111| 319 : 3651
==========|1111| 320 : 3649
==========|1111| 321 : 3640
==========|1111| 322 : 3598
==========|1111| 323 : 3598
==========|1111| 324 : 3619
==========|1111| 325 : 3626
==========|1111| 326 : 3637
==========|1111| 327 : 3657
==========|1111| 328 : 3629
==========|1111| 329 : 3607
==========|1111| 330 : 3606
==========|1111| 331 : 3608
==========|1111| 332 : 3639
==========|1111| 333 : 3598
==========|1111| 334 : 3617
==========|1111| 335 : 3619
==========|1111| 336 : 3626
==========|1111| 337 : 3615
==========|1111| 338 : 3595
==========|1111| 339 : 3629
==========|1111| 340 : 3630
==========|1111| 341 : 3627
==========|1111| 342 : 3630
==========|1111| 343 : 3608
==========|1111| 344 : 3605
==========|1111| 345 : 3609
==========|1111| 346 : 3597
==========|1111| 347 : 3608
==========|1111| 348 : 3617
==========|1111| 349 : 3628
==========|1111| 350 : 3615
==========|1111| 351 : 3617
==========|1111| 352 : 3608
==========|1111| 353 : 3610
==========|1111| 354 : 3629
==========|1111| 355 : 3713
==========|1111| 356 : 3642
==========|1111| 357 : 3617
==========|1111| 358 : 3597
==========|1111| 359 : 3641
==========|1111| 360 : 3635
==========|1111| 361 : 3618
==========|1111| 362 : 3721
==========|1111| 363 : 3689
==========|1111| 364 : 3729
==========|1111| 365 : 3646
==========|1111| 366 : 3617
==========|1111| 367 : 3619
==========|1111| 368 : 3714
==========|1111| 369 : 3712
==========|1111| 370 : 3702
==========|1111| 371 : 3713
==========|1111| 372 : 3639
==========|1111| 373 : 3702
==========|1111| 374 : 3706
==========|1111| 375 : 3710
==========|1111| 376 : 3700
==========|1111| 377 : 3731
==========|1111| 378 : 3682
==========|1111| 379 : 3743
==========|1111| 380 : 3732
==========|1111| 381 : 3752
==========|1111| 382 : 3738
==========|1111| 383 : 3693
==========|1111| 384 : 3720
==========|1111| 385 : 3721
==========|1111| 386 : 3692
==========|1111| 387 : 3709
==========|1111| 388 : 3699
==========|1111| 389 : 3718
==========|1111| 390 : 3708
==========|1111| 391 : 3720
==========|1111| 392 : 3721
==========|1111| 393 : 3709
==========|1111| 394 : 3721
==========|1111| 395 : 3703
==========|1111| 396 : 3722
==========|1111| 397 : 3699
==========|1111| 398 : 3681
==========|1111| 399 : 3691
==========|1111| 400 : 3699
==========|1111| 401 : 3700
==========|1111| 402 : 3709
==========|1111| 403 : 3679
==========|1111| 404 : 3740
==========|1111| 405 : 3721
==========|1111| 406 : 3722
==========|1111| 407 : 3724
==========|1111| 408 : 3670
==========|1111| 409 : 3700
==========|1111| 410 : 3688
==========|1111| 411 : 3712
==========|1111| 412 : 3719
==========|1111| 413 : 3670
==========|1111| 414 : 3709
==========|1111| 415 : 3709
==========|1111| 416 : 3708
==========|1111| 417 : 3681
==========|1111| 418 : 3679
==========|1111| 419 : 3691
==========|1111| 420 : 3703
==========|1111| 421 : 3721
==========|1111| 422 : 3711
==========|1111| 423 : 3668
==========|1111| 424 : 3697
==========|1111| 425 : 3693
==========|1111| 426 : 3699
==========|1111| 427 : 3691
==========|1111| 428 : 3658
==========|1111| 429 : 3668
==========|1111| 430 : 3691
==========|1111| 431 : 3691
==========|1111| 432 : 3679
==========|1111| 433 : 3647
==========|1111| 434 : 3698
==========|1111| 435 : 3682
==========|1111| 436 : 3680
==========|1111| 437 : 3669
==========|1111| 438 : 3677
==========|1111| 439 : 3680
==========|1111| 440 : 3670
==========|1111| 441 : 3658
==========|1111| 442 : 3658
==========|1111| 443 : 3648
==========|1111| 444 : 3649
==========|1111| 445 : 3638
==========|1111| 446 : 3660
==========|1111| 447 : 3668
==========|1111| 448 : 3648
==========|1111| 449 : 3714
==========|1111| 450 : 3659
==========|1111| 451 : 3676
==========|1111| 452 : 3679
==========|1111| 453 : 3691
==========|1111| 454 : 3681
==========|1111| 455 : 3668
==========|1111| 456 : 3656
==========|1111| 457 : 3661
==========|1111| 458 : 3671
==========|1111| 459 : 3669
==========|1111| 460 : 3661
==========|1111| 461 : 3781
==========|1111| 462 : 3677
==========|1111| 463 : 3660
==========|1111| 464 : 3672
==========|1111| 465 : 3690
==========|1111| 466 : 3646
==========|1111| 467 : 3673
==========|1111| 468 : 3668
==========|1111| 469 : 3693
==========|1111| 470 : 3651
==========|1111| 471 : 3651
==========|1111| 472 : 3669
==========|1111| 473 : 3647
==========|1111| 474 : 3656
==========|1111| 475 : 3661
==========|1111| 476 : 3677
==========|1111| 477 : 3684
==========|1111| 478 : 3640
==========|1111| 479 : 3647
==========|1111| 480 : 3649
==========|1111| 481 : 3670
==========|1111| 482 : 3679
==========|1111| 483 : 3672
==========|1111| 484 : 3672
==========|1111| 485 : 3671
==========|1111| 486 : 3679
==========|1111| 487 : 3681
==========|1111| 488 : 3639
==========|1111| 489 : 3690
==========|1111| 490 : 3671
==========|1111| 491 : 3662
==========|1111| 492 : 3688
==========|1111| 493 : 3671
==========|1111| 494 : 3683
==========|1111| 495 : 3636
==========|1111| 496 : 3630
==========|1111| 497 : 3637
==========|1111| 498 : 3637
==========|1111| 499 : 3650
==========|1111| 500 : 3635
==========|1111| 501 : 3637
==========|1111| 502 : 3620
==========|1111| 503 : 3627
==========|1111| 504 : 3661
==========|1111| 505 : 3647
==========|1111| 506 : 3641
==========|1111| 507 : 3662
==========|1111| 508 : 3639
==========|1111| 509 : 3691
==========|1111| 510 : 3661
==========|1111| 511 : 3719
==========|1111| 512 : 3661
==========|1111| 513 : 3641
==========|1111| 514 : 3641
==========|1111| 515 : 3646
==========|1111| 516 : 3640
==========|1111| 517 : 3649
==========|1111| 518 : 3638
==========|1111| 519 : 3660
==========|1111| 520 : 3637
==========|1111| 521 : 3669
==========|1111| 522 : 3641
==========|1111| 523 : 3610
==========|1111| 524 : 3652
==========|1111| 525 : 3647
==========|1111| 526 : 3639
==========|1111| 527 : 3650
==========|1111| 528 : 3633
==========|1111| 529 : 3681
==========|1111| 530 : 3649
==========|1111| 531 : 3647
==========|1111| 532 : 3641
==========|1111| 533 : 3647
==========|1111| 534 : 3629
==========|1111| 535 : 3639
==========|1111| 536 : 3640
==========|1111| 537 : 3638
==========|1111| 538 : 3626
==========|1111| 539 : 3647
==========|1111| 540 : 3647
==========|1111| 541 : 3661
==========|1111| 542 : 3648
==========|1111| 543 : 3611
==========|1111| 544 : 3668
==========|1111| 545 : 3659
==========|1111| 546 : 3640
==========|1111| 547 : 3662
==========|1111| 548 : 3638
==========|1111| 549 : 3639
==========|1111| 550 : 3648
==========|1111| 551 : 3643
==========|1111| 552 : 3730
==========|1111| 553 : 3598
==========|1111| 554 : 3641
==========|1111| 555 : 3620
==========|1111| 556 : 3617
==========|1111| 557 : 3616
==========|1111| 558 : 3585
==========|1111| 559 : 3641
==========|1111| 560 : 3645
==========|1111| 561 : 3650
==========|1111| 562 : 3647
==========|1111| 563 : 3607
==========|1111| 564 : 3671
==========|1111| 565 : 3638
==========|1111| 566 : 3616
==========|1111| 567 : 3621
==========|1111| 568 : 3619
==========|1111| 569 : 3617
==========|1111| 570 : 3608
==========|1111| 571 : 3619
==========|1111| 572 : 3617
==========|1111| 573 : 3598
==========|1111| 574 : 3629
==========|1111| 575 : 3618
==========|1111| 576 : 3630
==========|1111| 577 : 3628
==========|1111| 578 : 3618
==========|1111| 579 : 3638
==========|1111| 580 : 3629
==========|1111| 581 : 3627
==========|1111| 582 : 3639
==========|1111| 583 : 3608
==========|1111| 584 : 3637
==========|1111| 585 : 3634
==========|1111| 586 : 3639
==========|1111| 587 : 3625
==========|1111| 588 : 3620
==========|1111| 589 : 3628
==========|1111| 590 : 3738
==========|1111| 591 : 3628
==========|1111| 592 : 3628
==========|1111| 593 : 3598
==========|1111| 594 : 3629
==========|1111| 595 : 3638
==========|1111| 596 : 3650
==========|1111| 597 : 3627
==========|1111| 598 : 3615
==========|1111| 599 : 3649
==========|1111| 600 : 3617
==========|1111| 601 : 3620
==========|1111| 602 : 3729
==========|1111| 603 : 3629
==========|1111| 604 : 3751
==========|1111| 605 : 3645
==========|1111| 606 : 3638
==========|1111| 607 : 3730
==========|1111| 608 : 3595
==========|1111| 609 : 3702
==========|1111| 610 : 3712
==========|1111| 611 : 3703
==========|1111| 612 : 3711
==========|1111| 613 : 3681
