==========|1111| 0 : 5418
==========|1111| 1 : 5419
==========|1111| 2 : 5418
==========|1111| 3 : 5418
==========|1111| 4 : 5418
==========|1111| 5 : 5418
==========|1111| 6 : 4246
==========|1111| 7 : 5418
==========|1111| 8 : 5418
==========|1111| 9 : 5418
==========|1111| 10 : 5419
==========|1111| 11 : 5418
==========|1111| 12 : 4246
==========|1111| 13 : 5417
==========|1111| 14 : 5419
==========|1111| 15 : 5419
==========|1111| 16 : 5418
==========|1111| 17 : 5420
==========|1111| 18 : 5419
==========|1111| 19 : 5418
==========|1111| 20 : 5418
==========|1111| 21 : 5419
==========|1111| 22 : 5420
==========|1111| 23 : 5419
==========|1111| 24 : 5419
==========|1111| 25 : 5420
==========|1111| 26 : 5419
==========|1111| 27 : 5419
==========|1111| 28 : 5418
==========|1111| 29 : 5419
==========|1111| 30 : 5418
==========|1111| 31 : 4247
==========|1111| 32 : 5418
==========|1111| 33 : 5418
==========|1111| 34 : 5418
==========|1111| 35 : 5417
==========|1111| 36 : 5417
==========|1111| 37 : 5417
==========|1111| 38 : 5419
==========|1111| 39 : 5418
==========|1111| 40 : 5419
==========|1111| 41 : 5418
==========|1111| 42 : 5417
==========|1111| 43 : 5417
==========|1111| 44 : 5418
==========|1111| 45 : 4245
==========|1111| 46 : 5419
==========|1111| 47 : 5418
==========|1111| 48 : 5417
==========|1111| 49 : 5417
==========|1111| 50 : 5435
==========|1111| 51 : 5419
==========|1111| 52 : 5425
==========|1111| 53 : 5418
==========|1111| 54 : 5418
==========|1111| 55 : 5419
==========|1111| 56 : 5419
==========|1111| 57 : 5418
==========|1111| 58 : 5417
==========|1111| 59 : 5419
==========|1111| 60 : 5418
==========|1111| 61 : 5419
==========|1111| 62 : 5427
==========|1111| 63 : 5427
==========|1111| 64 : 5426
==========|1111| 65 : 5418
==========|1111| 66 : 5419
==========|1111| 67 : 5419
==========|1111| 68 : 5419
==========|1111| 69 : 5418
==========|1111| 70 : 5418
==========|1111| 71 : 5418
==========|1111| 72 : 5417
==========|1111| 73 : 5418
==========|1111| 74 : 5419
==========|1111| 75 : 5417
==========|1111| 76 : 5418
==========|1111| 77 : 5417
==========|1111| 78 : 5418
==========|1111| 79 : 5417
==========|1111| 80 : 5418
==========|1111| 81 : 5417
==========|1111| 82 : 5419
==========|1111| 83 : 5417
==========|1111| 84 : 5418
==========|1111| 85 : 5419
==========|1111| 86 : 5420
==========|1111| 87 : 5419
==========|1111| 88 : 5418
==========|1111| 89 : 5419
==========|1111| 90 : 4247
==========|1111| 91 : 4246
==========|1111| 92 : 5419
==========|1111| 93 : 5419
==========|1111| 94 : 5418
==========|1111| 95 : 5418
==========|1111| 96 : 5417
==========|1111| 97 : 5418
==========|1111| 98 : 5419
==========|1111| 99 : 5417
==========|1111| 100 : 5417
==========|1111| 101 : 4247
==========|1111| 102 : 5417
==========|1111| 103 : 5417
==========|1111| 104 : 4246
==========|1111| 105 : 5419
==========|1111| 106 : 5418
==========|1111| 107 : 5417
==========|1111| 108 : 5417
==========|1111| 109 : 5417
==========|1111| 110 : 4246
==========|1111| 111 : 5419
==========|1111| 112 : 5418
==========|1111| 113 : 5417
==========|1111| 114 : 4245
==========|1111| 115 : 5418
==========|1111| 116 : 5428
==========|1111| 117 : 5418
==========|1111| 118 : 5420
==========|1111| 119 : 5419
==========|1111| 120 : 5419
==========|1111| 121 : 5418
==========|1111| 122 : 5428
==========|1111| 123 : 5418
==========|1111| 124 : 5418
==========|1111| 125 : 5417
==========|1111| 126 : 5419
==========|1111| 127 : 5418
==========|1111| 128 : 4247
==========|1111| 129 : 5418
==========|1111| 130 : 5418
==========|1111| 131 : 5417
==========|1111| 132 : 5419
==========|1111| 133 : 5418
==========|1111| 134 : 4245
==========|1111| 135 : 5418
==========|1111| 136 : 5418
==========|1111| 137 : 5417
==========|1111| 138 : 5419
==========|1111| 139 : 5418
==========|1111| 140 : 5419
==========|1111| 141 : 5419
==========|1111| 142 : 5418
==========|1111| 143 : 5419
==========|1111| 144 : 5418
==========|1111| 145 : 5419
==========|1111| 146 : 5418
==========|1111| 147 : 5418
==========|1111| 148 : 5419
==========|1111| 149 : 5418
==========|1111| 150 : 5419
==========|1111| 151 : 5418
==========|1111| 152 : 5419
==========|1111| 153 : 5418
==========|1111| 154 : 5419
==========|1111| 155 : 5418
==========|1111| 156 : 5419
==========|1111| 157 : 5427
==========|1111| 158 : 5419
==========|1111| 159 : 5419
==========|1111| 160 : 5418
==========|1111| 161 : 5420
==========|1111| 162 : 5418
==========|1111| 163 : 5419
==========|1111| 164 : 5420
==========|1111| 165 : 5418
==========|1111| 166 : 5418
==========|1111| 167 : 5419
==========|1111| 168 : 5419
==========|1111| 169 : 5418
==========|1111| 170 : 5418
==========|1111| 171 : 5418
==========|1111| 172 : 5418
==========|1111| 173 : 5419
==========|1111| 174 : 5425
==========|1111| 175 : 5418
==========|1111| 176 : 5418
==========|1111| 177 : 5420
==========|1111| 178 : 5437
==========|1111| 179 : 5420
==========|1111| 180 : 5418
==========|1111| 181 : 5419
==========|1111| 182 : 5418
==========|1111| 183 : 5419
==========|1111| 184 : 5418
==========|1111| 185 : 5419
==========|1111| 186 : 5419
==========|1111| 187 : 5418
==========|1111| 188 : 5419
==========|1111| 189 : 5417
==========|1111| 190 : 5427
==========|1111| 191 : 5428
==========|1111| 192 : 5418
==========|1111| 193 : 5421
==========|1111| 194 : 5418
==========|1111| 195 : 5419
==========|1111| 196 : 5417
==========|1111| 197 : 5418
==========|1111| 198 : 5420
==========|1111| 199 : 5417
==========|1111| 200 : 5417
==========|1111| 201 : 5418
==========|1111| 202 : 5417
==========|1111| 203 : 5417
==========|1111| 204 : 5418
==========|1111| 205 : 5417
==========|1111| 206 : 5419
==========|1111| 207 : 5418
==========|1111| 208 : 5420
==========|1111| 209 : 5418
==========|1111| 210 : 5418
==========|1111| 211 : 5419
==========|1111| 212 : 5418
==========|1111| 213 : 5419
==========|1111| 214 : 5418
==========|1111| 215 : 5419
==========|1111| 216 : 5417
==========|1111| 217 : 5419
==========|1111| 218 : 5420
==========|1111| 219 : 5419
==========|1111| 220 : 5418
==========|1111| 221 : 5418
==========|1111| 222 : 5417
==========|1111| 223 : 5417
==========|1111| 224 : 5417
==========|1111| 225 : 5419
==========|1111| 226 : 5418
==========|1111| 227 : 5419
==========|1111| 228 : 5418
==========|1111| 229 : 5419
==========|1111| 230 : 5418
==========|1111| 231 : 5419
==========|1111| 232 : 5428
==========|1111| 233 : 5417
==========|1111| 234 : 5427
==========|1111| 235 : 5418
==========|1111| 236 : 5419
==========|1111| 237 : 5419
==========|1111| 238 : 5418
==========|1111| 239 : 5417
==========|1111| 240 : 5418
==========|1111| 241 : 5419
==========|1111| 242 : 5419
==========|1111| 243 : 5418
==========|1111| 244 : 5419
==========|1111| 245 : 5418
==========|1111| 246 : 5420
==========|1111| 247 : 5418
==========|1111| 248 : 5419
==========|1111| 249 : 5418
==========|1111| 250 : 5418
==========|1111| 251 : 5418
==========|1111| 252 : 5419
==========|1111| 253 : 5418
==========|1111| 254 : 5418
==========|1111| 255 : 5417
==========|1111| 256 : 5417
==========|1111| 257 : 5418
==========|1111| 258 : 5427
==========|1111| 259 : 5419
==========|1111| 260 : 5419
==========|1111| 261 : 5419
==========|1111| 262 : 5419
==========|1111| 263 : 5419
==========|1111| 264 : 5419
==========|1111| 265 : 5417
==========|1111| 266 : 5418
==========|1111| 267 : 5417
==========|1111| 268 : 5427
==========|1111| 269 : 5419
==========|1111| 270 : 5417
==========|1111| 271 : 5418
==========|1111| 272 : 5418
==========|1111| 273 : 5418
==========|1111| 274 : 5418
==========|1111| 275 : 5418
==========|1111| 276 : 5418
==========|1111| 277 : 5419
==========|1111| 278 : 5419
==========|1111| 279 : 5419
==========|1111| 280 : 5418
==========|1111| 281 : 5418
==========|1111| 282 : 5419
==========|1111| 283 : 5418
==========|1111| 284 : 4247
==========|1111| 285 : 5428
==========|1111| 286 : 5418
==========|1111| 287 : 5418
==========|1111| 288 : 5418
==========|1111| 289 : 5419
==========|1111| 290 : 5419
==========|1111| 291 : 5419
==========|1111| 292 : 5418
==========|1111| 293 : 5420
==========|1111| 294 : 5419
==========|1111| 295 : 5418
==========|1111| 296 : 5420
==========|1111| 297 : 5418
==========|1111| 298 : 5418
==========|1111| 299 : 5418
==========|1111| 300 : 5418
==========|1111| 301 : 4247
==========|1111| 302 : 5419
==========|1111| 303 : 5418
==========|1111| 304 : 5417
==========|1111| 305 : 5418
==========|1111| 306 : 5434
==========|1111| 307 : 5419
==========|1111| 308 : 5419
==========|1111| 309 : 5418
==========|1111| 310 : 5427
==========|1111| 311 : 5418
==========|1111| 312 : 5418
==========|1111| 313 : 5426
==========|1111| 314 : 5419
==========|1111| 315 : 5418
==========|1111| 316 : 5420
==========|1111| 317 : 5418
==========|1111| 318 : 5428
==========|1111| 319 : 5428
==========|1111| 320 : 5418
==========|1111| 321 : 5419
==========|1111| 322 : 5418
==========|1111| 323 : 5418
==========|1111| 324 : 5418
==========|1111| 325 : 5419
==========|1111| 326 : 5418
==========|1111| 327 : 5418
==========|1111| 328 : 5418
==========|1111| 329 : 5418
==========|1111| 330 : 5418
==========|1111| 331 : 5420
==========|1111| 332 : 5419
==========|1111| 333 : 5418
==========|1111| 334 : 5419
==========|1111| 335 : 5417
==========|1111| 336 : 5419
==========|1111| 337 : 5420
==========|1111| 338 : 5418
==========|1111| 339 : 5418
==========|1111| 340 : 5419
==========|1111| 341 : 5419
==========|1111| 342 : 5418
==========|1111| 343 : 5419
==========|1111| 344 : 5418
==========|1111| 345 : 5419
==========|1111| 346 : 5419
==========|1111| 347 : 5418
==========|1111| 348 : 5419
==========|1111| 349 : 5419
==========|1111| 350 : 5419
==========|1111| 351 : 5418
==========|1111| 352 : 5419
==========|1111| 353 : 5419
==========|1111| 354 : 5418
==========|1111| 355 : 5419
==========|1111| 356 : 5418
==========|1111| 357 : 5418
==========|1111| 358 : 5425
==========|1111| 359 : 5418
==========|1111| 360 : 5418
==========|1111| 361 : 5419
==========|1111| 362 : 5417
==========|1111| 363 : 5417
==========|1111| 364 : 5418
==========|1111| 365 : 5417
==========|1111| 366 : 5418
==========|1111| 367 : 5419
==========|1111| 368 : 5417
==========|1111| 369 : 5436
==========|1111| 370 : 5419
==========|1111| 371 : 5417
==========|1111| 372 : 5418
==========|1111| 373 : 5419
==========|1111| 374 : 5417
==========|1111| 375 : 5417
==========|1111| 376 : 5417
==========|1111| 377 : 5419
==========|1111| 378 : 5418
==========|1111| 379 : 5419
==========|1111| 380 : 5419
==========|1111| 381 : 5419
==========|1111| 382 : 5418
==========|1111| 383 : 5419
==========|1111| 384 : 5418
==========|1111| 385 : 5419
==========|1111| 386 : 5418
==========|1111| 387 : 5419
==========|1111| 388 : 5418
==========|1111| 389 : 5417
==========|1111| 390 : 5419
==========|1111| 391 : 5418
==========|1111| 392 : 5419
==========|1111| 393 : 5418
==========|1111| 394 : 5419
==========|1111| 395 : 5418
==========|1111| 396 : 5417
==========|1111| 397 : 5419
==========|1111| 398 : 5417
==========|1111| 399 : 5417
==========|1111| 400 : 5418
==========|1111| 401 : 5418
==========|1111| 402 : 5418
==========|1111| 403 : 5420
==========|1111| 404 : 5418
==========|1111| 405 : 5419
==========|1111| 406 : 5418
==========|1111| 407 : 5419
==========|1111| 408 : 5419
==========|1111| 409 : 5419
==========|1111| 410 : 5417
==========|1111| 411 : 5417
==========|1111| 412 : 5418
==========|1111| 413 : 5417
==========|1111| 414 : 5417
==========|1111| 415 : 5418
==========|1111| 416 : 5418
==========|1111| 417 : 5417
==========|1111| 418 : 5418
==========|1111| 419 : 5419
==========|1111| 420 : 5418
==========|1111| 421 : 5419
==========|1111| 422 : 5417
==========|1111| 423 : 5417
==========|1111| 424 : 5418
==========|1111| 425 : 5417
==========|1111| 426 : 5419
==========|1111| 427 : 5418
==========|1111| 428 : 5418
==========|1111| 429 : 5417
==========|1111| 430 : 5420
==========|1111| 431 : 5418
==========|1111| 432 : 5418
==========|1111| 433 : 5427
==========|1111| 434 : 5433
==========|1111| 435 : 5418
==========|1111| 436 : 5419
==========|1111| 437 : 5418
==========|1111| 438 : 5418
==========|1111| 439 : 5418
==========|1111| 440 : 5418
==========|1111| 441 : 5416
==========|1111| 442 : 5418
==========|1111| 443 : 5418
==========|1111| 444 : 5418
==========|1111| 445 : 5419
==========|1111| 446 : 5426
==========|1111| 447 : 5429
==========|1111| 448 : 5419
==========|1111| 449 : 5418
==========|1111| 450 : 5418
==========|1111| 451 : 5418
==========|1111| 452 : 5419
==========|1111| 453 : 5419
==========|1111| 454 : 5418
==========|1111| 455 : 5419
==========|1111| 456 : 5426
==========|1111| 457 : 5418
==========|1111| 458 : 5418
==========|1111| 459 : 5417
==========|1111| 460 : 5419
==========|1111| 461 : 5418
==========|1111| 462 : 5418
==========|1111| 463 : 5419
==========|1111| 464 : 5417
==========|1111| 465 : 5418
==========|1111| 466 : 5419
==========|1111| 467 : 5417
==========|1111| 468 : 5418
==========|1111| 469 : 5419
==========|1111| 470 : 5418
==========|1111| 471 : 4246
==========|1111| 472 : 5419
==========|1111| 473 : 5418
==========|1111| 474 : 5419
==========|1111| 475 : 5418
==========|1111| 476 : 5418
==========|1111| 477 : 5419
==========|1111| 478 : 5417
==========|1111| 479 : 4246
==========|1111| 480 : 5417
==========|1111| 481 : 5427
==========|1111| 482 : 5418
==========|1111| 483 : 4246
==========|1111| 484 : 5417
==========|1111| 485 : 5419
==========|1111| 486 : 5418
==========|1111| 487 : 5420
==========|1111| 488 : 5418
==========|1111| 489 : 5418
==========|1111| 490 : 4247
==========|1111| 491 : 5426
==========|1111| 492 : 5417
==========|1111| 493 : 4246
==========|1111| 494 : 5417
==========|1111| 495 : 5418
==========|1111| 496 : 5419
==========|1111| 497 : 5418
==========|1111| 498 : 5417
==========|1111| 499 : 5418
==========|1111| 500 : 4246
==========|1111| 501 : 5417
==========|1111| 502 : 5419
==========|1111| 503 : 5417
==========|1111| 504 : 5418
==========|1111| 505 : 4246
==========|1111| 506 : 5419
==========|1111| 507 : 5419
==========|1111| 508 : 5418
==========|1111| 509 : 5419
==========|1111| 510 : 5419
==========|1111| 511 : 5418
==========|1111| 512 : 5419
==========|1111| 513 : 5417
==========|1111| 514 : 4246
==========|1111| 515 : 5417
==========|1111| 516 : 5427
==========|1111| 517 : 5417
==========|1111| 518 : 5417
==========|1111| 519 : 5418
==========|1111| 520 : 5427
==========|1111| 521 : 4246
==========|1111| 522 : 5418
==========|1111| 523 : 5418
==========|1111| 524 : 5420
==========|1111| 525 : 5417
==========|1111| 526 : 5418
==========|1111| 527 : 4257
==========|1111| 528 : 5420
==========|1111| 529 : 5417
==========|1111| 530 : 5418
==========|1111| 531 : 5420
==========|1111| 532 : 5417
==========|1111| 533 : 4246
==========|1111| 534 : 5419
==========|1111| 535 : 5418
==========|1111| 536 : 5419
==========|1111| 537 : 5417
==========|1111| 538 : 5417
==========|1111| 539 : 5417
==========|1111| 540 : 5417
==========|1111| 541 : 5418
==========|1111| 542 : 5418
==========|1111| 543 : 5420
==========|1111| 544 : 5417
==========|1111| 545 : 4246
==========|1111| 546 : 5417
==========|1111| 547 : 5417
==========|1111| 548 : 4248
==========|1111| 549 : 4246
==========|1111| 550 : 5418
==========|1111| 551 : 5418
==========|1111| 552 : 5419
==========|1111| 553 : 5417
==========|1111| 554 : 4246
==========|1111| 555 : 5419
==========|1111| 556 : 5418
==========|1111| 557 : 5419
==========|1111| 558 : 5419
==========|1111| 559 : 5417
==========|1111| 560 : 5419
==========|1111| 561 : 5417
==========|1111| 562 : 4257
==========|1111| 563 : 5417
==========|1111| 564 : 4246
==========|1111| 565 : 5417
==========|1111| 566 : 5417
==========|1111| 567 : 5418
==========|1111| 568 : 5419
==========|1111| 569 : 5418
==========|1111| 570 : 5418
==========|1111| 571 : 4246
==========|1111| 572 : 5417
==========|1111| 573 : 5418
==========|1111| 574 : 5427
==========|1111| 575 : 4250
==========|1111| 576 : 5417
==========|1111| 577 : 5417
==========|1111| 578 : 5418
==========|1111| 579 : 5417
==========|1111| 580 : 5417
==========|1111| 581 : 4246
==========|1111| 582 : 5419
==========|1111| 583 : 5417
==========|1111| 584 : 5418
==========|1111| 585 : 5419
==========|1111| 586 : 5418
==========|1111| 587 : 5418
==========|1111| 588 : 4248
==========|1111| 589 : 5419
==========|1111| 590 : 5418
==========|1111| 591 : 5417
==========|1111| 592 : 5418
==========|1111| 593 : 5418
==========|1111| 594 : 4246
==========|1111| 595 : 5417
==========|1111| 596 : 5418
==========|1111| 597 : 5417
==========|1111| 598 : 5417
==========|1111| 599 : 5418
==========|1111| 600 : 4246
==========|1111| 601 : 5417
==========|1111| 602 : 5418
==========|1111| 603 : 5419
==========|1111| 604 : 5417
==========|1111| 605 : 4245
==========|1111| 606 : 5419
==========|1111| 607 : 5417
==========|1111| 608 : 5418
==========|1111| 609 : 5417
==========|1111| 610 : 5417
==========|1111| 611 : 4246
==========|1111| 612 : 5419
==========|1111| 613 : 5417
==========|1111| 614 : 5418
==========|1111| 615 : 5419
==========|1111| 616 : 5419
==========|1111| 617 : 5418
==========|1111| 618 : 4246
==========|1111| 619 : 5418
==========|1111| 620 : 5419
==========|1111| 621 : 5417
==========|1111| 622 : 5417
==========|1111| 623 : 4246
==========|1111| 624 : 5418
==========|1111| 625 : 5418
==========|1111| 626 : 5417
==========|1111| 627 : 4246
==========|1111| 628 : 5418
==========|1111| 629 : 5418
==========|1111| 630 : 5417
==========|1111| 631 : 5417
==========|1111| 632 : 5417
==========|1111| 633 : 5417
==========|1111| 634 : 5418
==========|1111| 635 : 5418
==========|1111| 636 : 5418
==========|1111| 637 : 4246
==========|1111| 638 : 5417
==========|1111| 639 : 5417
==========|1111| 640 : 5418
==========|1111| 641 : 5419
==========|1111| 642 : 5417
==========|1111| 643 : 4246
==========|1111| 644 : 5418
==========|1111| 645 : 5427
==========|1111| 646 : 5418
==========|1111| 647 : 4246
==========|1111| 648 : 5417
==========|1111| 649 : 5418
==========|1111| 650 : 5427
==========|1111| 651 : 4246
==========|1111| 652 : 5417
==========|1111| 653 : 5417
==========|1111| 654 : 5419
==========|1111| 655 : 5417
==========|1111| 656 : 5418
==========|1111| 657 : 5427
==========|1111| 658 : 5417
==========|1111| 659 : 5418
==========|1111| 660 : 5418
==========|1111| 661 : 4246
==========|1111| 662 : 5418
==========|1111| 663 : 5418
==========|1111| 664 : 5419
==========|1111| 665 : 5427
==========|1111| 666 : 5418
==========|1111| 667 : 5419
==========|1111| 668 : 5417
==========|1111| 669 : 5427
==========|1111| 670 : 5417
==========|1111| 671 : 5417
==========|1111| 672 : 5419
==========|1111| 673 : 5417
==========|1111| 674 : 5417
==========|1111| 675 : 4246
==========|1111| 676 : 5419
==========|1111| 677 : 5418
==========|1111| 678 : 5418
==========|1111| 679 : 5418
==========|1111| 680 : 5418
==========|1111| 681 : 5418
==========|1111| 682 : 5417
==========|1111| 683 : 5417
