==========|1111| 0 : 10819
==========|1111| 1 : 10818
==========|1111| 2 : 10819
==========|1111| 3 : 10820
==========|1111| 4 : 10816
==========|1111| 5 : 10821
==========|1111| 6 : 11854
==========|1111| 7 : 10819
==========|1111| 8 : 10822
==========|1111| 9 : 10826
==========|1111| 10 : 10820
==========|1111| 11 : 11852
==========|1111| 41 : 10827
==========|1111| 42 : 10818
==========|1111| 43 : 11860
==========|1111| 44 : 10820
==========|1111| 45 : 10821
==========|1111| 46 : 10821
==========|1111| 47 : 10818
==========|1111| 48 : 10821
==========|1111| 49 : 10820
==========|1111| 50 : 10818
==========|1111| 51 : 11853
==========|1111| 81 : 10849
==========|1111| 82 : 10823
==========|1111| 83 : 11851
==========|1111| 84 : 10830
==========|1111| 85 : 10827
==========|1111| 86 : 10821
==========|1111| 87 : 10819
==========|1111| 88 : 11851
==========|1111| 89 : 10822
==========|1111| 90 : 10821
==========|1111| 91 : 10819
==========|1111| 122 : 11851
==========|1111| 123 : 10817
==========|1111| 124 : 10818
==========|1111| 125 : 11853
==========|1111| 126 : 10820
==========|1111| 127 : 10821
==========|1111| 128 : 10818
==========|1111| 129 : 10820
==========|1111| 130 : 11852
==========|1111| 131 : 10822
==========|1111| 132 : 10827
==========|1111| 162 : 10822
==========|1111| 163 : 10818
==========|1111| 164 : 10819
==========|1111| 165 : 11850
==========|1111| 166 : 10818
==========|1111| 167 : 10821
==========|1111| 168 : 10818
==========|1111| 169 : 10820
==========|1111| 170 : 11850
==========|1111| 171 : 10821
==========|1111| 172 : 10818
==========|1111| 202 : 10849
==========|1111| 203 : 10818
==========|1111| 204 : 10821
==========|1111| 205 : 11851
==========|1111| 206 : 10820
==========|1111| 207 : 10818
==========|1111| 208 : 10831
==========|1111| 209 : 10821
==========|1111| 210 : 10821
==========|1111| 211 : 10818
==========|1111| 212 : 10821
==========|1111| 213 : 11850
==========|1111| 243 : 10827
==========|1111| 244 : 10819
==========|1111| 245 : 11849
==========|1111| 246 : 10819
==========|1111| 247 : 10828
==========|1111| 248 : 10817
==========|1111| 249 : 10818
==========|1111| 250 : 10822
==========|1111| 251 : 10817
==========|1111| 252 : 10822
==========|1111| 253 : 11850
==========|1111| 283 : 10845
==========|1111| 284 : 10828
==========|1111| 285 : 11849
==========|1111| 286 : 10820
==========|1111| 287 : 10821
==========|1111| 288 : 10820
==========|1111| 289 : 10822
==========|1111| 290 : 10819
==========|1111| 291 : 10821
==========|1111| 292 : 10820
==========|1111| 293 : 11850
==========|1111| 324 : 10822
==========|1111| 325 : 10819
==========|1111| 326 : 10822
==========|1111| 327 : 11851
==========|1111| 328 : 10820
==========|1111| 329 : 10828
==========|1111| 330 : 10829
==========|1111| 331 : 10828
==========|1111| 332 : 10821
==========|1111| 333 : 10818
==========|1111| 334 : 10829
==========|1111| 364 : 10819
==========|1111| 365 : 10817
==========|1111| 366 : 10836
==========|1111| 367 : 11849
==========|1111| 368 : 10823
==========|1111| 369 : 10819
==========|1111| 370 : 10822
==========|1111| 371 : 10818
==========|1111| 372 : 10820
==========|1111| 373 : 10820
==========|1111| 374 : 10819
==========|1111| 404 : 10848
==========|1111| 405 : 10822
==========|1111| 406 : 10820
==========|1111| 407 : 10828
==========|1111| 408 : 10821
==========|1111| 409 : 10821
==========|1111| 410 : 11852
==========|1111| 411 : 10820
==========|1111| 412 : 10820
==========|1111| 413 : 10828
==========|1111| 414 : 10820
==========|1111| 415 : 11848
==========|1111| 445 : 10821
==========|1111| 446 : 10821
==========|1111| 447 : 10830
==========|1111| 448 : 10820
==========|1111| 449 : 10821
==========|1111| 450 : 11852
==========|1111| 451 : 10821
==========|1111| 452 : 10819
==========|1111| 453 : 10823
==========|1111| 454 : 10827
==========|1111| 455 : 10829
==========|1111| 485 : 10847
==========|1111| 486 : 10821
==========|1111| 487 : 10818
==========|1111| 488 : 10821
==========|1111| 489 : 10819
==========|1111| 490 : 11850
==========|1111| 491 : 10821
==========|1111| 492 : 10819
==========|1111| 493 : 10820
==========|1111| 494 : 10822
==========|1111| 495 : 10822
==========|1111| 525 : 10820
==========|1111| 526 : 10822
==========|1111| 527 : 10820
==========|1111| 528 : 10823
==========|1111| 529 : 10820
==========|1111| 530 : 10830
==========|1111| 531 : 10817
==========|1111| 532 : 11860
==========|1111| 533 : 10819
==========|1111| 534 : 10821
==========|1111| 535 : 10821
==========|1111| 564 : 10868
==========|1111| 565 : 10820
==========|1111| 566 : 11849
==========|1111| 567 : 10818
==========|1111| 568 : 10819
