==========|1111| 0 : 9819
==========|1111| 1 : 9818
==========|1111| 2 : 9827
==========|1111| 3 : 9817
==========|1111| 4 : 9829
==========|1111| 5 : 9820
==========|1111| 6 : 9819
==========|1111| 7 : 9820
==========|1111| 8 : 8654
==========|1111| 9 : 9821
==========|1111| 10 : 9818
==========|1111| 11 : 9819
==========|1111| 12 : 9819
==========|1111| 13 : 9820
==========|1111| 14 : 6296
==========|1111| 15 : 9821
==========|1111| 16 : 9819
==========|1111| 17 : 9820
==========|1111| 18 : 9820
==========|1111| 19 : 6298
==========|1111| 20 : 9828
==========|1111| 21 : 9835
==========|1111| 22 : 9818
==========|1111| 23 : 9821
==========|1111| 24 : 9819
==========|1111| 25 : 9821
==========|1111| 26 : 9818
==========|1111| 27 : 9818
==========|1111| 28 : 9820
==========|1111| 29 : 9816
==========|1111| 30 : 9819
==========|1111| 31 : 9837
==========|1111| 32 : 9819
==========|1111| 33 : 9819
==========|1111| 34 : 9819
==========|1111| 35 : 9819
==========|1111| 36 : 9827
==========|1111| 37 : 9819
==========|1111| 38 : 9828
==========|1111| 39 : 9820
==========|1111| 40 : 9818
==========|1111| 41 : 9818
==========|1111| 42 : 9818
==========|1111| 43 : 9821
==========|1111| 44 : 9828
==========|1111| 45 : 9817
==========|1111| 46 : 9818
==========|1111| 47 : 9821
==========|1111| 48 : 9819
==========|1111| 49 : 9819
==========|1111| 50 : 9819
==========|1111| 51 : 9820
==========|1111| 52 : 9817
==========|1111| 53 : 9818
==========|1111| 54 : 9819
==========|1111| 55 : 9821
==========|1111| 56 : 9819
==========|1111| 57 : 9817
==========|1111| 58 : 7464
==========|1111| 59 : 9821
==========|1111| 60 : 9819
==========|1111| 61 : 9820
==========|1111| 62 : 9819
==========|1111| 63 : 9819
==========|1111| 64 : 9821
==========|1111| 65 : 9819
==========|1111| 66 : 8654
==========|1111| 67 : 9822
==========|1111| 68 : 9820
==========|1111| 69 : 9820
==========|1111| 70 : 9819
==========|1111| 71 : 9819
==========|1111| 72 : 9818
==========|1111| 73 : 6305
==========|1111| 74 : 9819
==========|1111| 75 : 7463
==========|1111| 76 : 8654
==========|1111| 77 : 9818
==========|1111| 78 : 9828
==========|1111| 79 : 9822
==========|1111| 80 : 9821
==========|1111| 81 : 9819
==========|1111| 82 : 9820
==========|1111| 83 : 9818
==========|1111| 84 : 6298
==========|1111| 85 : 9838
==========|1111| 86 : 9817
==========|1111| 87 : 9819
==========|1111| 88 : 9818
==========|1111| 89 : 8653
==========|1111| 90 : 9817
==========|1111| 91 : 9820
==========|1111| 92 : 9818
==========|1111| 93 : 7463
==========|1111| 94 : 8652
==========|1111| 95 : 9838
==========|1111| 96 : 9817
==========|1111| 97 : 9820
==========|1111| 98 : 9820
==========|1111| 99 : 7463
==========|1111| 100 : 8654
==========|1111| 101 : 9818
==========|1111| 102 : 9819
==========|1111| 103 : 9819
==========|1111| 104 : 8652
==========|1111| 105 : 9819
==========|1111| 106 : 9819
==========|1111| 107 : 9819
==========|1111| 108 : 8655
==========|1111| 109 : 9817
==========|1111| 110 : 9817
==========|1111| 111 : 9820
==========|1111| 112 : 9828
==========|1111| 113 : 9819
==========|1111| 114 : 9819
==========|1111| 115 : 9817
==========|1111| 116 : 8652
==========|1111| 117 : 9820
==========|1111| 118 : 9817
==========|1111| 119 : 9819
==========|1111| 120 : 9817
==========|1111| 121 : 9817
==========|1111| 122 : 9819
==========|1111| 123 : 9818
==========|1111| 124 : 9816
==========|1111| 125 : 9819
==========|1111| 126 : 9816
==========|1111| 127 : 9821
==========|1111| 128 : 6296
==========|1111| 129 : 9819
==========|1111| 130 : 9817
==========|1111| 131 : 9819
==========|1111| 132 : 9819
==========|1111| 133 : 9818
==========|1111| 134 : 9816
==========|1111| 135 : 9820
==========|1111| 136 : 7462
==========|1111| 137 : 6297
==========|1111| 138 : 9818
==========|1111| 139 : 9817
==========|1111| 140 : 9821
==========|1111| 141 : 9817
==========|1111| 142 : 9818
==========|1111| 143 : 9819
==========|1111| 144 : 9818
==========|1111| 145 : 6297
==========|1111| 146 : 9820
==========|1111| 147 : 9819
==========|1111| 148 : 9817
==========|1111| 149 : 9838
==========|1111| 150 : 9819
==========|1111| 151 : 9818
==========|1111| 152 : 6299
==========|1111| 153 : 9822
==========|1111| 154 : 9817
==========|1111| 155 : 6297
==========|1111| 156 : 9819
==========|1111| 157 : 7462
==========|1111| 158 : 9817
==========|1111| 159 : 9836
==========|1111| 160 : 9817
==========|1111| 161 : 9819
==========|1111| 162 : 9819
==========|1111| 163 : 7461
==========|1111| 164 : 9820
==========|1111| 165 : 9820
==========|1111| 166 : 9816
==========|1111| 167 : 9817
==========|1111| 168 : 8654
==========|1111| 169 : 9820
==========|1111| 170 : 7460
==========|1111| 171 : 9820
==========|1111| 172 : 9819
==========|1111| 173 : 9818
==========|1111| 174 : 9821
==========|1111| 175 : 9817
==========|1111| 176 : 9820
==========|1111| 177 : 9819
==========|1111| 178 : 8655
==========|1111| 179 : 9817
==========|1111| 180 : 9827
==========|1111| 181 : 9817
==========|1111| 182 : 9818
==========|1111| 183 : 9817
==========|1111| 184 : 9816
==========|1111| 185 : 9820
==========|1111| 186 : 9817
==========|1111| 187 : 9819
==========|1111| 188 : 9819
==========|1111| 189 : 9818
==========|1111| 190 : 9818
==========|1111| 191 : 9821
==========|1111| 192 : 9818
==========|1111| 193 : 8654
==========|1111| 194 : 9817
==========|1111| 195 : 9819
==========|1111| 196 : 9818
==========|1111| 197 : 9818
==========|1111| 198 : 9819
==========|1111| 199 : 7462
==========|1111| 200 : 9819
==========|1111| 201 : 9819
==========|1111| 202 : 9820
==========|1111| 203 : 9818
==========|1111| 204 : 8653
==========|1111| 205 : 9819
==========|1111| 206 : 9818
==========|1111| 207 : 9817
==========|1111| 208 : 9819
==========|1111| 209 : 9817
==========|1111| 210 : 9817
==========|1111| 211 : 9819
==========|1111| 212 : 9820
==========|1111| 213 : 9835
==========|1111| 214 : 9818
==========|1111| 215 : 9819
==========|1111| 216 : 6297
==========|1111| 217 : 9817
==========|1111| 218 : 9818
==========|1111| 219 : 8657
==========|1111| 220 : 9820
==========|1111| 221 : 9820
==========|1111| 222 : 9819
==========|1111| 223 : 8674
==========|1111| 224 : 9819
==========|1111| 225 : 9819
==========|1111| 226 : 6297
==========|1111| 227 : 9819
==========|1111| 228 : 9819
==========|1111| 229 : 7461
==========|1111| 230 : 9835
==========|1111| 231 : 9818
==========|1111| 232 : 9820
==========|1111| 233 : 9821
==========|1111| 234 : 9819
==========|1111| 235 : 9817
==========|1111| 236 : 9819
==========|1111| 237 : 9820
==========|1111| 238 : 6298
==========|1111| 239 : 9819
==========|1111| 240 : 9818
==========|1111| 241 : 9819
==========|1111| 242 : 9819
==========|1111| 243 : 9820
==========|1111| 244 : 9816
==========|1111| 245 : 9818
==========|1111| 246 : 9817
==========|1111| 247 : 7461
==========|1111| 248 : 9820
==========|1111| 249 : 9819
==========|1111| 250 : 9818
==========|1111| 251 : 9817
==========|1111| 252 : 9818
==========|1111| 253 : 7462
==========|1111| 254 : 9819
==========|1111| 255 : 7460
==========|1111| 256 : 9820
==========|1111| 257 : 9821
==========|1111| 258 : 9819
==========|1111| 259 : 9818
==========|1111| 260 : 9819
==========|1111| 261 : 9819
==========|1111| 262 : 9820
==========|1111| 263 : 6296
==========|1111| 264 : 9819
==========|1111| 265 : 9818
==========|1111| 266 : 9816
==========|1111| 267 : 9818
==========|1111| 268 : 9818
==========|1111| 269 : 8657
==========|1111| 270 : 8654
==========|1111| 271 : 9820
==========|1111| 272 : 9818
==========|1111| 273 : 6299
==========|1111| 274 : 9819
==========|1111| 275 : 9817
==========|1111| 276 : 9818
==========|1111| 277 : 6305
==========|1111| 278 : 9819
==========|1111| 279 : 9821
==========|1111| 280 : 9819
==========|1111| 281 : 9828
==========|1111| 282 : 6297
==========|1111| 283 : 9819
==========|1111| 284 : 9818
==========|1111| 285 : 9815
==========|1111| 286 : 9820
==========|1111| 287 : 9838
==========|1111| 288 : 9819
==========|1111| 289 : 9825
==========|1111| 290 : 8656
==========|1111| 291 : 9820
==========|1111| 292 : 9819
==========|1111| 293 : 9819
==========|1111| 294 : 6297
==========|1111| 295 : 9822
==========|1111| 296 : 9828
==========|1111| 297 : 9816
==========|1111| 298 : 9819
==========|1111| 299 : 9822
==========|1111| 300 : 9819
==========|1111| 301 : 9819
==========|1111| 302 : 8656
==========|1111| 303 : 9819
==========|1111| 304 : 9817
==========|1111| 305 : 9817
==========|1111| 306 : 9819
==========|1111| 307 : 9820
==========|1111| 308 : 9818
==========|1111| 309 : 9818
==========|1111| 310 : 9819
==========|1111| 311 : 9819
==========|1111| 312 : 9827
==========|1111| 313 : 9819
==========|1111| 314 : 9819
==========|1111| 315 : 9817
==========|1111| 316 : 9819
==========|1111| 317 : 9820
==========|1111| 318 : 9821
==========|1111| 319 : 9818
==========|1111| 320 : 9818
==========|1111| 321 : 9820
==========|1111| 322 : 9819
==========|1111| 323 : 9818
==========|1111| 324 : 9819
==========|1111| 325 : 9820
==========|1111| 326 : 9818
==========|1111| 327 : 8653
==========|1111| 328 : 9818
==========|1111| 329 : 9819
==========|1111| 330 : 9818
==========|1111| 331 : 9820
==========|1111| 332 : 9819
==========|1111| 333 : 8663
==========|1111| 334 : 6298
==========|1111| 335 : 9820
==========|1111| 336 : 9818
==========|1111| 337 : 9817
==========|1111| 338 : 9819
==========|1111| 339 : 8653
==========|1111| 340 : 9827
==========|1111| 341 : 9836
==========|1111| 342 : 9817
==========|1111| 343 : 9822
==========|1111| 344 : 9818
==========|1111| 345 : 9817
==========|1111| 346 : 9817
==========|1111| 347 : 9818
==========|1111| 348 : 9820
==========|1111| 349 : 9818
==========|1111| 350 : 9817
==========|1111| 351 : 9837
==========|1111| 352 : 9819
==========|1111| 353 : 9818
==========|1111| 354 : 9818
==========|1111| 355 : 9819
==========|1111| 356 : 6296
==========|1111| 357 : 9818
==========|1111| 358 : 9820
==========|1111| 359 : 9820
==========|1111| 360 : 9819
==========|1111| 361 : 9817
==========|1111| 362 : 9818
==========|1111| 363 : 9820
==========|1111| 364 : 9820
==========|1111| 365 : 9821
==========|1111| 366 : 9828
==========|1111| 367 : 9819
==========|1111| 368 : 9818
==========|1111| 369 : 9820
==========|1111| 370 : 9818
==========|1111| 371 : 9817
==========|1111| 372 : 9819
==========|1111| 373 : 8654
==========|1111| 374 : 9820
==========|1111| 375 : 9821
==========|1111| 376 : 9819
==========|1111| 377 : 9817
==========|1111| 378 : 9818
==========|1111| 379 : 6297
==========|1111| 380 : 9818
==========|1111| 381 : 9816
==========|1111| 382 : 9827
==========|1111| 383 : 9820
==========|1111| 384 : 9819
==========|1111| 385 : 9828
==========|1111| 386 : 9819
==========|1111| 387 : 9818
==========|1111| 388 : 6298
==========|1111| 389 : 9817
==========|1111| 390 : 9819
==========|1111| 391 : 7464
==========|1111| 392 : 9820
==========|1111| 393 : 9818
==========|1111| 394 : 9820
==========|1111| 395 : 9818
==========|1111| 396 : 9819
==========|1111| 397 : 7462
==========|1111| 398 : 9817
==========|1111| 399 : 9826
==========|1111| 400 : 9819
==========|1111| 401 : 9818
==========|1111| 402 : 6296
==========|1111| 403 : 9816
==========|1111| 404 : 9820
==========|1111| 405 : 9837
==========|1111| 406 : 9819
==========|1111| 407 : 9829
==========|1111| 408 : 9820
==========|1111| 409 : 8654
==========|1111| 410 : 9818
==========|1111| 411 : 8653
==========|1111| 412 : 9820
==========|1111| 413 : 9819
==========|1111| 414 : 9820
==========|1111| 415 : 6301
==========|1111| 416 : 6296
==========|1111| 417 : 9818
==========|1111| 418 : 9820
==========|1111| 419 : 9818
==========|1111| 420 : 7460
==========|1111| 421 : 9817
==========|1111| 422 : 9817
==========|1111| 423 : 9818
==========|1111| 424 : 9819
==========|1111| 425 : 9821
==========|1111| 426 : 9821
==========|1111| 427 : 9818
==========|1111| 428 : 6298
==========|1111| 429 : 9818
==========|1111| 430 : 9820
==========|1111| 431 : 9818
==========|1111| 432 : 9818
==========|1111| 433 : 9830
==========|1111| 434 : 9819
==========|1111| 435 : 8653
==========|1111| 436 : 9820
==========|1111| 437 : 9817
==========|1111| 438 : 9827
==========|1111| 439 : 9819
==========|1111| 440 : 9819
==========|1111| 441 : 9819
==========|1111| 442 : 9819
==========|1111| 443 : 9819
==========|1111| 444 : 9818
==========|1111| 445 : 9819
==========|1111| 446 : 9818
==========|1111| 447 : 9818
==========|1111| 448 : 9818
==========|1111| 449 : 8654
==========|1111| 450 : 9820
==========|1111| 451 : 9818
==========|1111| 452 : 7462
==========|1111| 453 : 9820
==========|1111| 454 : 9821
==========|1111| 455 : 9818
==========|1111| 456 : 9819
==========|1111| 457 : 9820
==========|1111| 458 : 7463
==========|1111| 459 : 9817
==========|1111| 460 : 6299
==========|1111| 461 : 9818
==========|1111| 462 : 9819
==========|1111| 463 : 9820
==========|1111| 464 : 9819
==========|1111| 465 : 9818
==========|1111| 466 : 6298
==========|1111| 467 : 9820
==========|1111| 468 : 9821
==========|1111| 469 : 9837
==========|1111| 470 : 9816
==========|1111| 471 : 8656
==========|1111| 472 : 9820
==========|1111| 473 : 9820
==========|1111| 474 : 9820
==========|1111| 475 : 9831
==========|1111| 476 : 9818
==========|1111| 477 : 9829
==========|1111| 478 : 9818
==========|1111| 479 : 7474
==========|1111| 480 : 9818
==========|1111| 481 : 9819
==========|1111| 482 : 9819
==========|1111| 483 : 9819
==========|1111| 484 : 9819
==========|1111| 485 : 9818
==========|1111| 486 : 9821
==========|1111| 487 : 9829
==========|1111| 488 : 9819
==========|1111| 489 : 9818
==========|1111| 490 : 9818
==========|1111| 491 : 6298
==========|1111| 492 : 6297
==========|1111| 493 : 9819
==========|1111| 494 : 9818
==========|1111| 495 : 9820
==========|1111| 496 : 9820
==========|1111| 497 : 9818
==========|1111| 498 : 9818
==========|1111| 499 : 6297
==========|1111| 500 : 9819
==========|1111| 501 : 9820
==========|1111| 502 : 9819
==========|1111| 503 : 9816
==========|1111| 504 : 9828
==========|1111| 505 : 9819
==========|1111| 506 : 9818
==========|1111| 507 : 9820
==========|1111| 508 : 9818
==========|1111| 509 : 9821
==========|1111| 510 : 9818
==========|1111| 511 : 9815
==========|1111| 512 : 9819
==========|1111| 513 : 9817
==========|1111| 514 : 7461
==========|1111| 515 : 9817
==========|1111| 516 : 9819
==========|1111| 517 : 9818
==========|1111| 518 : 9818
==========|1111| 519 : 9817
==========|1111| 520 : 9824
==========|1111| 521 : 9818
==========|1111| 522 : 9820
==========|1111| 523 : 9817
==========|1111| 524 : 9817
==========|1111| 525 : 9819
==========|1111| 526 : 8656
==========|1111| 527 : 9818
==========|1111| 528 : 9819
==========|1111| 529 : 9819
==========|1111| 530 : 9826
==========|1111| 531 : 9816
==========|1111| 532 : 9819
==========|1111| 533 : 9836
==========|1111| 534 : 9819
==========|1111| 535 : 9818
==========|1111| 536 : 9820
==========|1111| 537 : 9818
==========|1111| 538 : 9818
==========|1111| 539 : 8656
==========|1111| 540 : 9819
==========|1111| 541 : 9818
==========|1111| 542 : 9821
==========|1111| 543 : 9836
==========|1111| 544 : 9816
==========|1111| 545 : 9815
==========|1111| 546 : 9817
==========|1111| 547 : 9818
==========|1111| 548 : 9816
==========|1111| 549 : 9827
==========|1111| 550 : 8654
==========|1111| 551 : 8656
==========|1111| 552 : 9818
==========|1111| 553 : 9825
==========|1111| 554 : 9819
==========|1111| 555 : 9818
==========|1111| 556 : 9818
==========|1111| 557 : 9820
==========|1111| 558 : 9827
==========|1111| 559 : 9819
==========|1111| 560 : 9817
==========|1111| 561 : 9818
==========|1111| 562 : 9817
==========|1111| 563 : 9818
==========|1111| 564 : 9827
==========|1111| 565 : 9817
==========|1111| 566 : 9818
==========|1111| 567 : 9817
==========|1111| 568 : 9818
==========|1111| 569 : 7462
==========|1111| 570 : 9818
==========|1111| 571 : 8654
==========|1111| 572 : 9819
==========|1111| 573 : 6299
==========|1111| 574 : 9818
==========|1111| 575 : 9819
==========|1111| 576 : 9821
==========|1111| 577 : 8656
==========|1111| 578 : 9826
==========|1111| 579 : 9816
==========|1111| 580 : 9820
==========|1111| 581 : 9819
==========|1111| 582 : 9817
==========|1111| 583 : 9819
==========|1111| 584 : 9818
==========|1111| 585 : 9819
==========|1111| 586 : 9818
==========|1111| 587 : 9825
==========|1111| 588 : 9816
==========|1111| 589 : 9818
==========|1111| 590 : 7461
==========|1111| 591 : 6298
==========|1111| 592 : 9818
==========|1111| 593 : 7461
==========|1111| 594 : 7462
==========|1111| 595 : 9819
==========|1111| 596 : 9819
==========|1111| 597 : 9836
==========|1111| 598 : 9820
==========|1111| 599 : 9818
==========|1111| 600 : 9816
==========|1111| 601 : 7461
==========|1111| 602 : 9818
==========|1111| 603 : 9818
==========|1111| 604 : 9827
==========|1111| 605 : 9820
==========|1111| 606 : 7461
==========|1111| 607 : 9837
==========|1111| 608 : 8655
==========|1111| 609 : 9819
==========|1111| 610 : 9818
==========|1111| 611 : 6298
==========|1111| 612 : 6297
==========|1111| 613 : 9817
==========|1111| 614 : 9827
==========|1111| 615 : 9819
==========|1111| 616 : 9817
==========|1111| 617 : 9817
==========|1111| 618 : 7462
==========|1111| 619 : 7462
==========|1111| 620 : 9817
==========|1111| 621 : 9825
==========|1111| 622 : 8655
==========|1111| 623 : 8664
==========|1111| 624 : 9817
==========|1111| 625 : 8656
==========|1111| 626 : 9817
==========|1111| 627 : 9820
==========|1111| 628 : 9826
==========|1111| 629 : 9817
==========|1111| 630 : 9821
==========|1111| 631 : 7463
==========|1111| 632 : 9817
==========|1111| 633 : 9819
==========|1111| 634 : 7462
==========|1111| 635 : 9820
==========|1111| 636 : 9818
==========|1111| 637 : 9817
==========|1111| 638 : 7471
==========|1111| 639 : 6297
==========|1111| 640 : 8654
==========|1111| 641 : 6297
==========|1111| 642 : 9816
==========|1111| 643 : 9818
==========|1111| 644 : 9820
==========|1111| 645 : 9818
==========|1111| 646 : 9819
==========|1111| 647 : 9818
==========|1111| 648 : 9818
==========|1111| 649 : 9818
==========|1111| 650 : 9819
==========|1111| 651 : 9819
==========|1111| 652 : 9820
==========|1111| 653 : 9819
==========|1111| 654 : 9817
==========|1111| 655 : 9818
==========|1111| 656 : 9816
==========|1111| 657 : 9820
==========|1111| 658 : 7463
==========|1111| 659 : 9816
==========|1111| 660 : 9818
==========|1111| 661 : 9835
==========|1111| 662 : 7463
==========|1111| 663 : 9817
==========|1111| 664 : 7462
==========|1111| 665 : 9820
==========|1111| 666 : 9816
