==========|1111| 0 : 12030
==========|1111| 1 : 12029
==========|1111| 2 : 9833
==========|1111| 3 : 12027
==========|1111| 4 : 9841
==========|1111| 21 : 9849
==========|1111| 22 : 12032
==========|1111| 23 : 9833
==========|1111| 40 : 12031
==========|1111| 56 : 9832
==========|1111| 57 : 12030
==========|1111| 74 : 9833
==========|1111| 75 : 12030
==========|1111| 76 : 12028
==========|1111| 93 : 12031
==========|1111| 94 : 9833
==========|1111| 111 : 12028
==========|1111| 112 : 12027
==========|1111| 113 : 9832
==========|1111| 130 : 9832
==========|1111| 131 : 12029
==========|1111| 132 : 12030
==========|1111| 180 : 12031
==========|1111| 181 : 9830
==========|1111| 182 : 12028
==========|1111| 199 : 12028
==========|1111| 200 : 12031
==========|1111| 217 : 9832
==========|1111| 218 : 9835
==========|1111| 219 : 12030
==========|1111| 267 : 12031
==========|1111| 268 : 9834
==========|1111| 269 : 12028
==========|1111| 286 : 12028
==========|1111| 287 : 12027
==========|1111| 304 : 9833
==========|1111| 305 : 9833
==========|1111| 306 : 12030
==========|1111| 354 : 12031
==========|1111| 355 : 9833
==========|1111| 356 : 12029
==========|1111| 373 : 12029
==========|1111| 389 : 12027
==========|1111| 390 : 12028
==========|1111| 391 : 12031
==========|1111| 408 : 12029
==========|1111| 424 : 9831
==========|1111| 425 : 12030
==========|1111| 442 : 9831
==========|1111| 443 : 12028
==========|1111| 444 : 9835
==========|1111| 461 : 12029
==========|1111| 477 : 12030
==========|1111| 478 : 9835
==========|1111| 479 : 12027
==========|1111| 496 : 12028
==========|1111| 512 : 12028
==========|1111| 513 : 12030
==========|1111| 514 : 12029
==========|1111| 531 : 12029
==========|1111| 532 : 9835
==========|1111| 533 : 12028
==========|1111| 550 : 12029
==========|1111| 566 : 12044
==========|1111| 567 : 9833
==========|1111| 568 : 12033
==========|1111| 585 : 12031
==========|1111| 601 : 12028
==========|1111| 602 : 9831
==========|1111| 603 : 12040
==========|1111| 620 : 9841
==========|1111| 621 : 12027
==========|1111| 622 : 9835
==========|1111| 639 : 12029
==========|1111| 640 : 12030
==========|1111| 641 : 9832
==========|1111| 658 : 12028
==========|1111| 674 : 12028
==========|1111| 675 : 12037
==========|1111| 676 : 9835
==========|1111| 738 : 11029
==========|1111| 739 : 12029
==========|1111| 740 : 12029
==========|1111| 757 : 12028
==========|1111| 758 : 9833
==========|1111| 759 : 12031
==========|1111| 776 : 12031
==========|1111| 792 : 12033
==========|1111| 793 : 9833
==========|1111| 794 : 12029
==========|1111| 811 : 9834
==========|1111| 812 : 12029
==========|1111| 813 : 9832
