==========|1111| 87 : 3681
==========|1111| 88 : 3657
==========|1111| 89 : 3658
==========|1111| 90 : 3655
==========|1111| 91 : 3680
==========|1111| 92 : 3667
==========|1111| 93 : 3722
==========|1111| 94 : 3676
==========|1111| 95 : 3694
==========|1111| 96 : 3660
==========|1111| 97 : 3655
==========|1111| 98 : 3660
==========|1111| 99 : 3655
==========|1111| 100 : 3716
==========|1111| 101 : 3653
==========|1111| 102 : 3648
==========|1111| 103 : 3653
==========|1111| 104 : 3648
==========|1111| 105 : 3661
==========|1111| 106 : 3654
==========|1111| 107 : 3646
==========|1111| 108 : 3663
==========|1111| 109 : 3638
==========|1111| 110 : 3655
==========|1111| 111 : 3623
==========|1111| 112 : 3636
==========|1111| 113 : 3631
==========|1111| 114 : 3643
==========|1111| 115 : 3648
==========|1111| 116 : 3629
==========|1111| 117 : 3669
==========|1111| 118 : 3638
==========|1111| 119 : 3619
==========|1111| 120 : 3664
==========|1111| 121 : 3667
==========|1111| 122 : 3653
==========|1111| 123 : 3627
==========|1111| 124 : 3626
==========|1111| 125 : 3630
==========|1111| 126 : 3621
==========|1111| 127 : 3628
==========|1111| 128 : 3628
==========|1111| 129 : 3655
==========|1111| 130 : 3653
==========|1111| 131 : 3656
==========|1111| 132 : 3642
==========|1111| 133 : 3636
==========|1111| 134 : 3623
==========|1111| 135 : 3614
==========|1111| 136 : 3611
==========|1111| 137 : 3633
==========|1111| 138 : 3670
==========|1111| 139 : 3665
==========|1111| 140 : 3727
==========|1111| 141 : 3635
==========|1111| 142 : 3607
==========|1111| 143 : 3597
==========|1111| 144 : 3624
==========|1111| 145 : 3641
==========|1111| 146 : 3731
==========|1111| 147 : 3632
==========|1111| 148 : 3736
==========|1111| 149 : 3734
==========|1111| 150 : 3704
==========|1111| 151 : 3716
==========|1111| 152 : 3714
==========|1111| 153 : 3726
==========|1111| 154 : 3704
==========|1111| 155 : 3724
==========|1111| 156 : 3723
==========|1111| 157 : 3709
==========|1111| 158 : 3722
==========|1111| 159 : 3714
==========|1111| 160 : 3708
==========|1111| 161 : 3735
==========|1111| 162 : 3735
==========|1111| 163 : 3703
==========|1111| 164 : 3691
==========|1111| 165 : 3694
==========|1111| 166 : 3711
==========|1111| 167 : 3693
==========|1111| 168 : 3716
==========|1111| 169 : 3701
==========|1111| 170 : 3675
==========|1111| 171 : 3706
==========|1111| 172 : 3696
==========|1111| 173 : 3708
==========|1111| 174 : 3689
==========|1111| 175 : 3711
==========|1111| 176 : 3697
==========|1111| 177 : 3702
==========|1111| 178 : 3693
==========|1111| 179 : 3697
==========|1111| 180 : 3706
==========|1111| 181 : 3702
==========|1111| 182 : 3687
==========|1111| 183 : 3681
==========|1111| 184 : 3699
==========|1111| 185 : 3672
==========|1111| 186 : 3692
==========|1111| 187 : 3682
==========|1111| 188 : 3667
==========|1111| 189 : 3669
==========|1111| 190 : 3673
==========|1111| 191 : 3688
==========|1111| 192 : 3659
==========|1111| 193 : 3657
==========|1111| 194 : 3672
==========|1111| 195 : 3692
==========|1111| 196 : 3661
==========|1111| 197 : 3682
==========|1111| 198 : 3672
==========|1111| 199 : 3669
==========|1111| 200 : 3681
==========|1111| 201 : 3671
==========|1111| 202 : 3671
==========|1111| 203 : 3655
==========|1111| 204 : 3653
==========|1111| 205 : 3667
==========|1111| 206 : 3664
==========|1111| 207 : 3670
==========|1111| 208 : 3657
==========|1111| 209 : 3673
==========|1111| 210 : 3686
==========|1111| 211 : 3678
==========|1111| 212 : 3670
==========|1111| 213 : 3655
==========|1111| 214 : 3656
==========|1111| 215 : 3654
==========|1111| 216 : 3678
==========|1111| 217 : 3655
==========|1111| 218 : 3657
==========|1111| 219 : 3652
==========|1111| 220 : 3676
==========|1111| 221 : 3675
==========|1111| 222 : 3659
==========|1111| 223 : 3647
==========|1111| 224 : 3645
==========|1111| 225 : 3645
==========|1111| 226 : 3661
==========|1111| 227 : 3670
==========|1111| 228 : 3654
==========|1111| 229 : 3651
==========|1111| 230 : 3642
==========|1111| 231 : 3654
==========|1111| 232 : 3642
==========|1111| 233 : 3649
==========|1111| 234 : 3643
==========|1111| 235 : 3642
==========|1111| 236 : 3647
==========|1111| 237 : 3652
==========|1111| 238 : 3647
==========|1111| 239 : 3644
==========|1111| 240 : 3642
==========|1111| 241 : 3655
==========|1111| 242 : 3644
==========|1111| 243 : 3629
==========|1111| 244 : 3754
==========|1111| 245 : 3642
==========|1111| 246 : 3629
==========|1111| 247 : 3606
==========|1111| 248 : 3625
==========|1111| 249 : 3636
==========|1111| 250 : 3645
==========|1111| 251 : 3650
==========|1111| 252 : 3615
==========|1111| 253 : 3719
==========|1111| 254 : 3644
==========|1111| 255 : 3766
==========|1111| 256 : 3706
==========|1111| 257 : 3756
==========|1111| 258 : 3694
==========|1111| 259 : 3725
==========|1111| 260 : 3765
==========|1111| 261 : 3741
==========|1111| 262 : 3777
==========|1111| 263 : 3773
==========|1111| 264 : 3743
==========|1111| 265 : 3735
==========|1111| 266 : 3736
==========|1111| 267 : 3725
==========|1111| 269 : 3732
==========|1111| 270 : 3784
==========|1111| 271 : 3759
==========|1111| 272 : 3771
==========|1111| 273 : 3761
==========|1111| 274 : 3778
==========|1111| 275 : 3750
==========|1111| 276 : 3705
==========|1111| 277 : 3763
==========|1111| 278 : 3716
==========|1111| 279 : 3756
==========|1111| 280 : 3733
==========|1111| 281 : 3705
==========|1111| 282 : 3695
==========|1111| 283 : 3698
==========|1111| 284 : 3726
==========|1111| 285 : 3709
==========|1111| 286 : 3705
==========|1111| 288 : 3686
==========|1111| 289 : 3682
==========|1111| 290 : 3699
==========|1111| 291 : 3699
==========|1111| 292 : 3688
==========|1111| 293 : 3686
==========|1111| 294 : 3675
==========|1111| 295 : 3751
==========|1111| 296 : 3731
==========|1111| 297 : 3729
==========|1111| 298 : 3710
==========|1111| 299 : 3694
==========|1111| 300 : 3703
==========|1111| 301 : 3721
==========|1111| 302 : 3692
==========|1111| 303 : 3688
==========|1111| 304 : 3692
==========|1111| 305 : 3693
==========|1111| 306 : 3669
==========|1111| 307 : 3710
==========|1111| 308 : 3737
==========|1111| 309 : 3704
==========|1111| 310 : 3697
==========|1111| 311 : 3678
==========|1111| 312 : 3678
==========|1111| 313 : 3658
==========|1111| 314 : 3727
==========|1111| 315 : 3702
==========|1111| 316 : 3676
==========|1111| 317 : 3666
==========|1111| 318 : 3690
==========|1111| 319 : 3641
==========|1111| 320 : 3702
==========|1111| 321 : 3722
==========|1111| 322 : 3706
==========|1111| 323 : 3676
==========|1111| 324 : 3657
==========|1111| 325 : 3649
==========|1111| 326 : 3652
==========|1111| 327 : 3649
==========|1111| 328 : 3652
==========|1111| 329 : 3637
==========|1111| 330 : 3664
==========|1111| 331 : 3664
==========|1111| 332 : 3738
==========|1111| 333 : 3653
==========|1111| 334 : 3629
==========|1111| 335 : 3770
==========|1111| 336 : 3660
==========|1111| 337 : 3648
==========|1111| 338 : 3630
==========|1111| 339 : 3622
==========|1111| 340 : 3626
==========|1111| 341 : 3655
==========|1111| 342 : 3674
==========|1111| 343 : 3627
==========|1111| 344 : 3651
==========|1111| 345 : 3661
==========|1111| 346 : 3703
==========|1111| 347 : 3736
==========|1111| 348 : 3733
==========|1111| 349 : 3704
==========|1111| 350 : 3673
==========|1111| 351 : 3679
==========|1111| 352 : 3686
==========|1111| 353 : 3694
==========|1111| 354 : 3632
==========|1111| 355 : 3692
==========|1111| 356 : 3638
==========|1111| 357 : 3663
==========|1111| 358 : 3698
==========|1111| 359 : 3699
==========|1111| 360 : 3671
==========|1111| 361 : 3697
==========|1111| 362 : 3635
==========|1111| 363 : 3711
==========|1111| 364 : 3711
==========|1111| 365 : 3730
==========|1111| 366 : 3706
==========|1111| 367 : 3703
==========|1111| 368 : 3720
==========|1111| 369 : 3717
==========|1111| 370 : 3727
==========|1111| 371 : 3727
==========|1111| 372 : 3773
==========|1111| 373 : 3754
==========|1111| 376 : 3707
==========|1111| 377 : 3710
==========|1111| 378 : 3693
==========|1111| 379 : 3718
==========|1111| 380 : 3718
==========|1111| 381 : 3704
==========|1111| 382 : 3697
==========|1111| 383 : 3686
==========|1111| 384 : 3693
==========|1111| 385 : 3711
==========|1111| 386 : 3712
==========|1111| 387 : 3692
==========|1111| 388 : 3691
==========|1111| 389 : 3686
==========|1111| 390 : 3701
==========|1111| 391 : 3684
==========|1111| 392 : 3670
==========|1111| 393 : 3695
==========|1111| 394 : 3679
==========|1111| 395 : 3660
==========|1111| 396 : 3667
==========|1111| 397 : 3682
==========|1111| 398 : 3667
==========|1111| 399 : 3665
==========|1111| 400 : 3667
==========|1111| 401 : 3734
==========|1111| 402 : 3783
==========|1111| 403 : 3752
==========|1111| 404 : 3782
==========|1111| 405 : 3759
==========|1111| 406 : 3692
==========|1111| 407 : 3682
==========|1111| 408 : 3678
==========|1111| 409 : 3658
==========|1111| 410 : 3653
==========|1111| 411 : 3651
==========|1111| 412 : 3691
==========|1111| 413 : 3658
==========|1111| 414 : 3647
==========|1111| 415 : 3669
==========|1111| 416 : 3691
==========|1111| 417 : 3665
==========|1111| 418 : 3677
==========|1111| 419 : 3689
==========|1111| 420 : 3658
==========|1111| 421 : 3641
==========|1111| 422 : 3695
==========|1111| 423 : 3644
==========|1111| 424 : 3632
==========|1111| 425 : 3640
==========|1111| 426 : 3746
==========|1111| 427 : 3678
==========|1111| 428 : 3648
==========|1111| 429 : 3668
==========|1111| 430 : 3660
==========|1111| 431 : 3641
==========|1111| 432 : 3635
==========|1111| 433 : 3651
==========|1111| 434 : 3648
==========|1111| 435 : 3663
==========|1111| 436 : 3654
==========|1111| 437 : 3661
==========|1111| 438 : 3715
==========|1111| 439 : 3661
==========|1111| 440 : 3663
==========|1111| 441 : 3664
==========|1111| 442 : 3682
==========|1111| 443 : 3646
==========|1111| 444 : 3645
==========|1111| 445 : 3711
==========|1111| 446 : 3764
==========|1111| 447 : 3741
==========|1111| 448 : 3637
==========|1111| 449 : 3625
==========|1111| 450 : 3628
==========|1111| 451 : 3635
==========|1111| 452 : 3644
==========|1111| 453 : 3619
==========|1111| 454 : 3633
==========|1111| 455 : 3684
==========|1111| 456 : 3621
==========|1111| 457 : 3622
==========|1111| 458 : 3677
==========|1111| 459 : 3635
==========|1111| 460 : 3646
==========|1111| 461 : 3618
==========|1111| 462 : 3641
==========|1111| 463 : 3641
==========|1111| 464 : 3693
==========|1111| 465 : 3654
==========|1111| 466 : 3681
==========|1111| 467 : 3672
==========|1111| 468 : 3672
==========|1111| 469 : 3690
==========|1111| 470 : 3648
==========|1111| 471 : 3681
==========|1111| 472 : 3666
==========|1111| 473 : 3635
==========|1111| 474 : 3621
==========|1111| 475 : 3717
==========|1111| 476 : 3722
==========|1111| 477 : 3704
==========|1111| 478 : 3730
==========|1111| 479 : 3748
==========|1111| 480 : 3717
==========|1111| 481 : 3715
==========|1111| 482 : 3751
==========|1111| 483 : 3687
==========|1111| 484 : 3688
==========|1111| 485 : 3721
==========|1111| 486 : 3721
==========|1111| 487 : 3708
==========|1111| 488 : 3697
==========|1111| 489 : 3702
==========|1111| 490 : 3721
==========|1111| 491 : 3719
==========|1111| 492 : 3751
==========|1111| 493 : 3727
==========|1111| 494 : 3737
==========|1111| 495 : 3737
==========|1111| 496 : 3762
==========|1111| 497 : 3741
==========|1111| 498 : 3678
==========|1111| 499 : 3710
==========|1111| 500 : 3698
==========|1111| 501 : 3720
==========|1111| 502 : 3705
==========|1111| 503 : 3854
==========|1111| 504 : 3685
==========|1111| 505 : 3702
==========|1111| 506 : 3691
==========|1111| 507 : 3690
==========|1111| 508 : 3735
==========|1111| 509 : 3739
==========|1111| 510 : 3700
==========|1111| 511 : 3714
==========|1111| 512 : 3698
==========|1111| 513 : 3688
==========|1111| 514 : 3691
==========|1111| 515 : 3670
==========|1111| 516 : 3662
==========|1111| 517 : 3650
==========|1111| 518 : 3658
==========|1111| 519 : 3655
==========|1111| 520 : 3651
==========|1111| 521 : 3685
==========|1111| 522 : 3692
==========|1111| 523 : 3645
==========|1111| 524 : 3687
==========|1111| 525 : 3664
==========|1111| 526 : 3669
==========|1111| 527 : 3658
==========|1111| 528 : 3668
==========|1111| 529 : 3675
==========|1111| 530 : 3693
==========|1111| 531 : 3692
==========|1111| 532 : 3845
==========|1111| 533 : 3640
==========|1111| 534 : 3707
==========|1111| 535 : 3658
==========|1111| 536 : 3668
==========|1111| 537 : 3672
==========|1111| 538 : 3687
==========|1111| 539 : 3679
==========|1111| 540 : 3669
==========|1111| 541 : 3656
==========|1111| 542 : 3655
==========|1111| 543 : 3685
==========|1111| 544 : 3659
==========|1111| 545 : 3666
==========|1111| 546 : 3638
==========|1111| 547 : 3662
==========|1111| 548 : 3636
==========|1111| 549 : 3624
==========|1111| 550 : 3674
==========|1111| 551 : 3632
==========|1111| 552 : 3656
==========|1111| 553 : 3663
==========|1111| 554 : 3631
==========|1111| 555 : 3675
==========|1111| 556 : 3653
==========|1111| 557 : 3664
==========|1111| 558 : 3654
==========|1111| 559 : 3643
==========|1111| 560 : 3642
==========|1111| 561 : 3636
==========|1111| 562 : 3613
==========|1111| 563 : 3628
==========|1111| 564 : 3660
