==========|1111| 1 : 6346
==========|1111| 2 : 4145
==========|1111| 3 : 4144
==========|1111| 4 : 4163
==========|1111| 5 : 5167
==========|1111| 6 : 5167
==========|1111| 7 : 5167
==========|1111| 8 : 5166
==========|1111| 9 : 5166
==========|1111| 10 : 5166
==========|1111| 11 : 4151
==========|1111| 12 : 5164
==========|1111| 13 : 5165
==========|1111| 14 : 5166
==========|1111| 15 : 5165
==========|1111| 16 : 5165
==========|1111| 17 : 5166
==========|1111| 18 : 5166
==========|1111| 19 : 5165
==========|1111| 20 : 5165
==========|1111| 21 : 5165
==========|1111| 22 : 5166
==========|1111| 23 : 5167
==========|1111| 24 : 5166
==========|1111| 25 : 5166
==========|1111| 26 : 5167
==========|1111| 27 : 5165
==========|1111| 28 : 5165
==========|1111| 29 : 5166
==========|1111| 30 : 5165
==========|1111| 31 : 5164
==========|1111| 32 : 5165
==========|1111| 33 : 5165
==========|1111| 34 : 5164
==========|1111| 35 : 5165
==========|1111| 36 : 5166
==========|1111| 37 : 5165
==========|1111| 38 : 5164
==========|1111| 39 : 5165
==========|1111| 40 : 5167
==========|1111| 41 : 5166
==========|1111| 42 : 5167
==========|1111| 43 : 5166
==========|1111| 44 : 5166
==========|1111| 45 : 5164
==========|1111| 46 : 5165
==========|1111| 47 : 5166
==========|1111| 48 : 5165
==========|1111| 49 : 5166
==========|1111| 50 : 5165
==========|1111| 51 : 5164
==========|1111| 52 : 5166
==========|1111| 53 : 5165
==========|1111| 54 : 5163
==========|1111| 55 : 5165
==========|1111| 56 : 5164
==========|1111| 57 : 5166
==========|1111| 58 : 5165
==========|1111| 59 : 5165
==========|1111| 60 : 5166
==========|1111| 61 : 5165
==========|1111| 62 : 5165
==========|1111| 63 : 5166
==========|1111| 64 : 5165
==========|1111| 65 : 5164
==========|1111| 66 : 5164
==========|1111| 67 : 5165
==========|1111| 68 : 5165
==========|1111| 69 : 5164
==========|1111| 70 : 5164
==========|1111| 71 : 5166
==========|1111| 72 : 5165
==========|1111| 73 : 5164
==========|1111| 74 : 5164
==========|1111| 75 : 5164
==========|1111| 76 : 5164
==========|1111| 77 : 5164
==========|1111| 78 : 5164
==========|1111| 79 : 5166
==========|1111| 80 : 5164
==========|1111| 81 : 5165
==========|1111| 82 : 5167
==========|1111| 83 : 4152
==========|1111| 100 : 5165
==========|1111| 101 : 4145
==========|1111| 102 : 4164
==========|1111| 103 : 5165
==========|1111| 104 : 4149
==========|1111| 105 : 5165
==========|1111| 106 : 5164
==========|1111| 107 : 5163
==========|1111| 108 : 5164
==========|1111| 109 : 5165
==========|1111| 110 : 5164
==========|1111| 111 : 5164
==========|1111| 112 : 5164
==========|1111| 113 : 5164
==========|1111| 114 : 5164
==========|1111| 115 : 5165
==========|1111| 116 : 5163
==========|1111| 117 : 5163
==========|1111| 118 : 5165
==========|1111| 119 : 5165
==========|1111| 120 : 5165
==========|1111| 121 : 5165
==========|1111| 122 : 5165
==========|1111| 123 : 5164
==========|1111| 124 : 5165
==========|1111| 125 : 5164
==========|1111| 126 : 5163
==========|1111| 127 : 5165
==========|1111| 128 : 5164
==========|1111| 129 : 5165
==========|1111| 130 : 5164
==========|1111| 131 : 5165
==========|1111| 132 : 5164
==========|1111| 133 : 5163
==========|1111| 134 : 5164
==========|1111| 135 : 5163
==========|1111| 136 : 5163
==========|1111| 137 : 5165
==========|1111| 138 : 5165
==========|1111| 139 : 5164
==========|1111| 140 : 5165
==========|1111| 141 : 5165
==========|1111| 142 : 4150
==========|1111| 143 : 5164
==========|1111| 144 : 5164
==========|1111| 145 : 5165
==========|1111| 146 : 5164
==========|1111| 147 : 5165
==========|1111| 148 : 5165
==========|1111| 149 : 5164
==========|1111| 150 : 5165
==========|1111| 151 : 5164
==========|1111| 152 : 5164
==========|1111| 153 : 5164
==========|1111| 154 : 5163
==========|1111| 155 : 5163
==========|1111| 156 : 5163
==========|1111| 157 : 5165
==========|1111| 158 : 5164
==========|1111| 159 : 5165
==========|1111| 160 : 5165
==========|1111| 161 : 5165
==========|1111| 162 : 5164
==========|1111| 163 : 5165
==========|1111| 164 : 5165
==========|1111| 165 : 5164
==========|1111| 166 : 5165
==========|1111| 167 : 5165
==========|1111| 168 : 5164
==========|1111| 169 : 5164
==========|1111| 170 : 5164
==========|1111| 171 : 5165
==========|1111| 172 : 5163
==========|1111| 173 : 5163
==========|1111| 174 : 5164
==========|1111| 175 : 5163
==========|1111| 176 : 5163
==========|1111| 177 : 5165
==========|1111| 178 : 5164
==========|1111| 179 : 5166
==========|1111| 180 : 5165
==========|1111| 181 : 5165
==========|1111| 182 : 5164
==========|1111| 183 : 5164
==========|1111| 184 : 5165
==========|1111| 185 : 5164
==========|1111| 186 : 5165
==========|1111| 187 : 5165
==========|1111| 188 : 5165
==========|1111| 189 : 5165
==========|1111| 190 : 5165
==========|1111| 191 : 5164
==========|1111| 192 : 5164
==========|1111| 193 : 5165
==========|1111| 194 : 5164
==========|1111| 195 : 5164
==========|1111| 196 : 5164
==========|1111| 197 : 5164
==========|1111| 198 : 4150
==========|1111| 199 : 5165
==========|1111| 200 : 5165
==========|1111| 201 : 5165
==========|1111| 202 : 5165
==========|1111| 203 : 5165
==========|1111| 204 : 5164
==========|1111| 205 : 5164
==========|1111| 206 : 5165
==========|1111| 207 : 5165
==========|1111| 208 : 5164
==========|1111| 209 : 5164
==========|1111| 210 : 5164
==========|1111| 211 : 5164
==========|1111| 212 : 5165
==========|1111| 213 : 5164
==========|1111| 214 : 5165
==========|1111| 215 : 5164
==========|1111| 216 : 5165
==========|1111| 217 : 5165
==========|1111| 218 : 5165
==========|1111| 219 : 5165
==========|1111| 220 : 5165
==========|1111| 221 : 5164
==========|1111| 222 : 5164
==========|1111| 223 : 5164
==========|1111| 224 : 5164
==========|1111| 225 : 5164
==========|1111| 226 : 5165
==========|1111| 227 : 5164
==========|1111| 228 : 5164
==========|1111| 229 : 5164
==========|1111| 230 : 5166
==========|1111| 231 : 5163
==========|1111| 232 : 5163
==========|1111| 248 : 4084
==========|1111| 249 : 4122
==========|1111| 250 : 4163
==========|1111| 251 : 5165
==========|1111| 252 : 5165
==========|1111| 253 : 5164
==========|1111| 254 : 5164
==========|1111| 255 : 4149
==========|1111| 256 : 5165
==========|1111| 257 : 5166
==========|1111| 258 : 5165
==========|1111| 259 : 5165
==========|1111| 260 : 5165
==========|1111| 261 : 5164
==========|1111| 262 : 5165
==========|1111| 263 : 5164
==========|1111| 264 : 5165
==========|1111| 265 : 5165
==========|1111| 266 : 5165
==========|1111| 267 : 5165
==========|1111| 268 : 5163
==========|1111| 269 : 5164
==========|1111| 270 : 5164
==========|1111| 271 : 5163
==========|1111| 272 : 5165
==========|1111| 273 : 5165
==========|1111| 274 : 5164
==========|1111| 275 : 5164
==========|1111| 276 : 5165
==========|1111| 277 : 5165
==========|1111| 293 : 4085
==========|1111| 294 : 4121
==========|1111| 295 : 5167
==========|1111| 296 : 5165
==========|1111| 297 : 5165
==========|1111| 298 : 5166
==========|1111| 299 : 5164
==========|1111| 300 : 5165
==========|1111| 301 : 5164
==========|1111| 302 : 5163
==========|1111| 303 : 5164
==========|1111| 304 : 5165
==========|1111| 305 : 5165
==========|1111| 306 : 5165
==========|1111| 307 : 5164
==========|1111| 308 : 5165
==========|1111| 309 : 5164
==========|1111| 310 : 5163
==========|1111| 311 : 5163
==========|1111| 312 : 5164
==========|1111| 313 : 5164
==========|1111| 314 : 4151
==========|1111| 315 : 5164
==========|1111| 316 : 5166
==========|1111| 317 : 5165
==========|1111| 318 : 5165
==========|1111| 319 : 5165
==========|1111| 320 : 5164
==========|1111| 321 : 5164
==========|1111| 322 : 5164
==========|1111| 323 : 5164
==========|1111| 324 : 5165
==========|1111| 325 : 5164
==========|1111| 326 : 5164
==========|1111| 327 : 5165
==========|1111| 328 : 5164
==========|1111| 329 : 5165
==========|1111| 330 : 5164
==========|1111| 331 : 5164
==========|1111| 332 : 5165
==========|1111| 333 : 5165
==========|1111| 334 : 5166
==========|1111| 335 : 5164
==========|1111| 336 : 5165
==========|1111| 337 : 5165
==========|1111| 353 : 4085
==========|1111| 354 : 5142
==========|1111| 355 : 5165
==========|1111| 356 : 4145
==========|1111| 357 : 4164
==========|1111| 358 : 5165
==========|1111| 359 : 5165
==========|1111| 360 : 5165
==========|1111| 361 : 5165
==========|1111| 362 : 5164
==========|1111| 363 : 5164
==========|1111| 364 : 5165
==========|1111| 365 : 5164
==========|1111| 366 : 5166
==========|1111| 367 : 5165
==========|1111| 368 : 5165
==========|1111| 369 : 5164
==========|1111| 370 : 5164
==========|1111| 371 : 5165
==========|1111| 372 : 5163
==========|1111| 373 : 5164
==========|1111| 374 : 5164
==========|1111| 375 : 5165
==========|1111| 376 : 5165
==========|1111| 377 : 5165
==========|1111| 378 : 5165
==========|1111| 379 : 5165
==========|1111| 380 : 5164
==========|1111| 381 : 5165
==========|1111| 382 : 5164
==========|1111| 398 : 4085
==========|1111| 399 : 5141
==========|1111| 400 : 5165
==========|1111| 401 : 4145
==========|1111| 402 : 4163
==========|1111| 403 : 5166
==========|1111| 404 : 5165
==========|1111| 405 : 5166
==========|1111| 406 : 5164
==========|1111| 407 : 5164
==========|1111| 408 : 5164
==========|1111| 409 : 5164
==========|1111| 410 : 5163
==========|1111| 411 : 5165
==========|1111| 412 : 5164
==========|1111| 413 : 5165
==========|1111| 414 : 5165
==========|1111| 415 : 5164
==========|1111| 416 : 5165
==========|1111| 417 : 5164
==========|1111| 418 : 5165
==========|1111| 419 : 5165
==========|1111| 420 : 5165
==========|1111| 421 : 5165
==========|1111| 422 : 5165
==========|1111| 423 : 5165
==========|1111| 424 : 5164
==========|1111| 425 : 5165
==========|1111| 426 : 5163
==========|1111| 427 : 5164
==========|1111| 428 : 5165
==========|1111| 429 : 5164
==========|1111| 430 : 5163
==========|1111| 431 : 5164
==========|1111| 432 : 5165
==========|1111| 433 : 5165
==========|1111| 434 : 5164
==========|1111| 435 : 5165
==========|1111| 436 : 5164
==========|1111| 437 : 5165
==========|1111| 438 : 5164
==========|1111| 439 : 5165
==========|1111| 440 : 5165
==========|1111| 441 : 5164
==========|1111| 442 : 5165
==========|1111| 458 : 4122
==========|1111| 459 : 4145
==========|1111| 460 : 5163
==========|1111| 461 : 5163
==========|1111| 462 : 5165
==========|1111| 463 : 5165
==========|1111| 464 : 5165
==========|1111| 465 : 4149
==========|1111| 466 : 5163
==========|1111| 467 : 5164
==========|1111| 468 : 5164
==========|1111| 469 : 5163
==========|1111| 470 : 5164
==========|1111| 471 : 5165
==========|1111| 472 : 5165
==========|1111| 488 : 4084
==========|1111| 489 : 5143
==========|1111| 490 : 4140
==========|1111| 491 : 4164
==========|1111| 492 : 5164
==========|1111| 493 : 5166
==========|1111| 494 : 5166
==========|1111| 495 : 5164
==========|1111| 496 : 5164
==========|1111| 497 : 5164
==========|1111| 498 : 5165
==========|1111| 499 : 5165
==========|1111| 500 : 5164
==========|1111| 501 : 5164
==========|1111| 502 : 5164
==========|1111| 503 : 5165
==========|1111| 504 : 4151
==========|1111| 505 : 5163
==========|1111| 506 : 5163
==========|1111| 507 : 5163
==========|1111| 508 : 5164
==========|1111| 509 : 5165
==========|1111| 510 : 5164
==========|1111| 511 : 5164
==========|1111| 512 : 5165
==========|1111| 513 : 5165
==========|1111| 514 : 5165
==========|1111| 515 : 5165
==========|1111| 516 : 5165
==========|1111| 517 : 5165
==========|1111| 518 : 5164
==========|1111| 519 : 5165
==========|1111| 520 : 5164
==========|1111| 521 : 5165
==========|1111| 522 : 5164
==========|1111| 523 : 5165
==========|1111| 524 : 5163
==========|1111| 525 : 5163
==========|1111| 526 : 5164
==========|1111| 527 : 5164
==========|1111| 528 : 5163
==========|1111| 529 : 5164
==========|1111| 530 : 5165
==========|1111| 531 : 5165
==========|1111| 532 : 5165
==========|1111| 533 : 5165
==========|1111| 534 : 5165
==========|1111| 535 : 5165
==========|1111| 536 : 5165
==========|1111| 537 : 5165
==========|1111| 538 : 5164
==========|1111| 539 : 5164
==========|1111| 540 : 5165
==========|1111| 541 : 5166
==========|1111| 542 : 5166
==========|1111| 543 : 5164
==========|1111| 544 : 5164
==========|1111| 545 : 5165
==========|1111| 546 : 5163
==========|1111| 547 : 5165
==========|1111| 548 : 5165
==========|1111| 549 : 5165
==========|1111| 550 : 5164
==========|1111| 551 : 5165
==========|1111| 552 : 5165
