==========|1111| 0 : 11532
==========|1111| 1 : 11471
==========|1111| 2 : 5516
==========|1111| 3 : 11432
==========|1111| 4 : 11469
==========|1111| 5 : 11486
==========|1111| 6 : 11448
==========|1111| 7 : 8019
==========|1111| 8 : 11476
==========|1111| 9 : 11489
==========|1111| 11 : 11494
==========|1111| 12 : 11491
==========|1111| 13 : 11563
==========|1111| 14 : 11468
==========|1111| 15 : 11474
==========|1111| 16 : 11571
==========|1111| 17 : 11553
==========|1111| 18 : 11493
==========|1111| 19 : 11478
==========|1111| 20 : 11501
==========|1111| 21 : 11472
==========|1111| 22 : 8011
==========|1111| 23 : 11466
==========|1111| 24 : 11467
==========|1111| 25 : 11465
==========|1111| 26 : 11478
==========|1111| 27 : 8031
==========|1111| 28 : 11443
==========|1111| 29 : 11546
==========|1111| 30 : 11466
==========|1111| 31 : 5518
==========|1111| 32 : 11460
==========|1111| 33 : 11460
==========|1111| 34 : 11575
==========|1111| 35 : 11591
==========|1111| 36 : 11566
==========|1111| 37 : 11547
==========|1111| 38 : 11542
==========|1111| 39 : 11568
==========|1111| 40 : 5524
==========|1111| 41 : 11586
==========|1111| 42 : 11577
==========|1111| 43 : 11579
==========|1111| 44 : 11582
==========|1111| 45 : 11578
==========|1111| 46 : 5510
==========|1111| 47 : 5514
==========|1111| 48 : 11543
==========|1111| 49 : 5566
==========|1111| 50 : 11530
==========|1111| 51 : 11557
==========|1111| 52 : 5547
==========|1111| 53 : 5538
==========|1111| 54 : 5492
==========|1111| 55 : 11589
==========|1111| 56 : 11554
==========|1111| 57 : 11563
==========|1111| 58 : 11545
==========|1111| 59 : 11566
==========|1111| 60 : 11544
==========|1111| 61 : 11565
==========|1111| 62 : 5496
==========|1111| 63 : 11538
==========|1111| 64 : 11572
==========|1111| 65 : 11568
==========|1111| 66 : 11569
==========|1111| 67 : 11544
==========|1111| 68 : 11538
==========|1111| 69 : 11529
==========|1111| 70 : 11567
==========|1111| 71 : 11551
==========|1111| 72 : 11531
==========|1111| 73 : 11543
==========|1111| 74 : 11554
==========|1111| 75 : 11570
==========|1111| 76 : 11528
==========|1111| 77 : 11545
==========|1111| 78 : 11535
==========|1111| 79 : 11541
==========|1111| 80 : 11546
==========|1111| 81 : 11539
==========|1111| 82 : 11550
==========|1111| 83 : 11539
==========|1111| 84 : 11529
==========|1111| 85 : 11543
==========|1111| 86 : 11553
==========|1111| 87 : 11541
==========|1111| 88 : 11543
==========|1111| 89 : 11555
==========|1111| 90 : 11554
==========|1111| 91 : 11534
==========|1111| 92 : 11528
==========|1111| 93 : 11538
==========|1111| 94 : 11552
==========|1111| 95 : 5523
==========|1111| 96 : 11546
==========|1111| 97 : 11532
==========|1111| 98 : 11519
==========|1111| 99 : 11545
==========|1111| 100 : 11538
==========|1111| 102 : 11531
==========|1111| 103 : 11529
==========|1111| 104 : 8013
==========|1111| 105 : 11526
==========|1111| 106 : 11568
==========|1111| 107 : 11546
==========|1111| 108 : 11525
==========|1111| 109 : 11532
==========|1111| 110 : 11556
==========|1111| 111 : 11543
==========|1111| 112 : 11507
==========|1111| 113 : 11523
==========|1111| 114 : 11522
==========|1111| 115 : 11532
==========|1111| 116 : 11524
==========|1111| 117 : 11535
==========|1111| 118 : 11498
==========|1111| 119 : 5516
==========|1111| 120 : 11527
==========|1111| 121 : 11554
==========|1111| 122 : 11519
==========|1111| 123 : 11509
==========|1111| 124 : 11526
==========|1111| 125 : 5508
==========|1111| 126 : 11518
==========|1111| 127 : 11524
==========|1111| 128 : 11504
==========|1111| 129 : 11505
==========|1111| 130 : 11523
==========|1111| 131 : 5513
==========|1111| 132 : 5515
==========|1111| 133 : 11498
==========|1111| 134 : 11515
==========|1111| 135 : 5542
==========|1111| 136 : 11534
==========|1111| 137 : 11525
==========|1111| 138 : 5513
==========|1111| 139 : 11527
==========|1111| 140 : 11517
==========|1111| 141 : 11529
==========|1111| 142 : 11529
==========|1111| 143 : 5492
==========|1111| 144 : 11528
==========|1111| 145 : 11522
==========|1111| 146 : 11519
==========|1111| 147 : 5526
==========|1111| 148 : 11511
==========|1111| 149 : 11520
==========|1111| 150 : 11535
==========|1111| 151 : 11531
==========|1111| 152 : 11527
==========|1111| 153 : 11520
==========|1111| 154 : 11524
==========|1111| 155 : 11518
==========|1111| 156 : 11524
==========|1111| 157 : 11531
==========|1111| 158 : 5505
==========|1111| 159 : 11530
==========|1111| 160 : 11517
==========|1111| 161 : 11520
==========|1111| 162 : 11521
==========|1111| 163 : 11512
==========|1111| 164 : 11514
==========|1111| 165 : 5521
==========|1111| 166 : 11529
==========|1111| 167 : 11513
==========|1111| 168 : 5493
==========|1111| 169 : 11516
==========|1111| 170 : 11520
==========|1111| 171 : 11491
==========|1111| 172 : 11498
==========|1111| 173 : 11502
==========|1111| 174 : 11495
==========|1111| 175 : 11504
==========|1111| 176 : 11526
==========|1111| 177 : 8006
==========|1111| 178 : 11486
==========|1111| 179 : 11485
==========|1111| 180 : 11520
==========|1111| 181 : 11508
==========|1111| 182 : 11533
==========|1111| 183 : 11530
==========|1111| 184 : 11514
==========|1111| 185 : 11503
==========|1111| 186 : 5552
==========|1111| 187 : 11529
==========|1111| 188 : 11487
==========|1111| 189 : 8003
==========|1111| 190 : 8001
==========|1111| 191 : 11519
==========|1111| 193 : 11499
==========|1111| 194 : 11514
==========|1111| 195 : 8010
==========|1111| 196 : 5515
==========|1111| 197 : 11503
==========|1111| 198 : 11503
==========|1111| 199 : 11490
==========|1111| 200 : 5531
==========|1111| 201 : 11519
==========|1111| 202 : 11513
==========|1111| 203 : 11505
==========|1111| 204 : 11505
==========|1111| 205 : 11536
==========|1111| 206 : 11526
==========|1111| 207 : 11529
==========|1111| 208 : 11482
==========|1111| 209 : 11508
==========|1111| 210 : 11508
==========|1111| 211 : 11501
==========|1111| 212 : 11481
==========|1111| 213 : 8025
==========|1111| 214 : 11488
==========|1111| 215 : 11467
==========|1111| 216 : 5514
==========|1111| 217 : 11477
==========|1111| 218 : 11471
==========|1111| 219 : 11477
==========|1111| 220 : 11498
==========|1111| 221 : 11509
==========|1111| 222 : 11503
==========|1111| 223 : 11569
==========|1111| 224 : 5511
==========|1111| 225 : 5512
==========|1111| 226 : 11500
==========|1111| 227 : 11504
==========|1111| 228 : 11474
==========|1111| 229 : 11487
==========|1111| 230 : 11507
==========|1111| 231 : 11505
==========|1111| 232 : 11505
==========|1111| 233 : 11491
==========|1111| 234 : 11500
==========|1111| 235 : 11484
==========|1111| 236 : 11490
==========|1111| 237 : 11472
==========|1111| 238 : 5494
==========|1111| 239 : 11515
==========|1111| 240 : 11489
==========|1111| 241 : 11508
==========|1111| 242 : 11485
==========|1111| 243 : 11466
==========|1111| 244 : 11485
==========|1111| 245 : 5515
==========|1111| 246 : 8025
==========|1111| 247 : 7989
==========|1111| 248 : 11458
==========|1111| 249 : 8015
==========|1111| 250 : 5505
==========|1111| 251 : 8029
==========|1111| 252 : 11502
==========|1111| 253 : 11573
==========|1111| 254 : 5506
==========|1111| 255 : 11495
==========|1111| 256 : 11498
==========|1111| 257 : 11507
==========|1111| 259 : 11454
==========|1111| 260 : 11490
==========|1111| 261 : 11462
==========|1111| 262 : 11483
==========|1111| 263 : 11483
==========|1111| 264 : 11507
==========|1111| 265 : 11516
==========|1111| 266 : 11467
==========|1111| 267 : 5531
==========|1111| 268 : 11449
==========|1111| 269 : 11453
==========|1111| 270 : 11457
==========|1111| 271 : 11485
==========|1111| 272 : 11499
==========|1111| 273 : 11447
==========|1111| 274 : 11476
==========|1111| 275 : 11506
==========|1111| 276 : 11472
==========|1111| 277 : 11450
==========|1111| 278 : 11458
==========|1111| 279 : 11471
==========|1111| 280 : 11454
==========|1111| 281 : 8006
==========|1111| 282 : 11490
==========|1111| 283 : 11561
==========|1111| 284 : 11493
==========|1111| 285 : 11486
==========|1111| 286 : 7990
==========|1111| 287 : 11448
==========|1111| 288 : 11440
==========|1111| 289 : 8027
==========|1111| 290 : 11469
==========|1111| 291 : 11464
==========|1111| 292 : 5506
==========|1111| 293 : 11471
==========|1111| 294 : 11450
==========|1111| 295 : 11427
==========|1111| 296 : 11435
==========|1111| 297 : 11449
==========|1111| 298 : 11455
==========|1111| 299 : 11456
==========|1111| 300 : 11449
==========|1111| 301 : 11439
==========|1111| 302 : 11457
==========|1111| 303 : 5511
==========|1111| 304 : 11475
==========|1111| 305 : 5507
==========|1111| 306 : 11542
==========|1111| 307 : 11549
==========|1111| 308 : 11438
==========|1111| 309 : 11529
==========|1111| 310 : 5518
==========|1111| 311 : 11543
==========|1111| 312 : 11450
==========|1111| 313 : 11448
==========|1111| 314 : 11549
==========|1111| 315 : 11543
==========|1111| 316 : 11558
==========|1111| 317 : 5527
==========|1111| 318 : 11472
==========|1111| 319 : 7998
==========|1111| 320 : 11557
==========|1111| 321 : 5512
==========|1111| 322 : 11526
==========|1111| 323 : 11539
==========|1111| 324 : 11569
==========|1111| 325 : 11528
==========|1111| 326 : 11550
==========|1111| 327 : 11449
==========|1111| 328 : 11442
==========|1111| 329 : 11525
==========|1111| 330 : 11541
==========|1111| 331 : 11530
==========|1111| 332 : 11551
==========|1111| 333 : 11544
==========|1111| 334 : 11555
==========|1111| 335 : 11547
==========|1111| 336 : 11536
==========|1111| 337 : 11541
==========|1111| 338 : 11533
==========|1111| 339 : 11554
==========|1111| 340 : 11551
==========|1111| 341 : 11519
==========|1111| 342 : 11545
==========|1111| 343 : 11525
==========|1111| 344 : 11543
==========|1111| 345 : 11511
==========|1111| 346 : 5524
==========|1111| 347 : 5514
==========|1111| 348 : 11514
==========|1111| 349 : 8007
==========|1111| 350 : 8037
==========|1111| 351 : 5520
==========|1111| 352 : 11536
==========|1111| 353 : 5504
==========|1111| 354 : 11514
==========|1111| 355 : 11533
==========|1111| 356 : 11538
==========|1111| 357 : 11559
==========|1111| 358 : 11526
==========|1111| 359 : 11514
==========|1111| 360 : 5513
==========|1111| 361 : 11545
==========|1111| 362 : 11541
==========|1111| 363 : 11517
==========|1111| 364 : 11545
==========|1111| 365 : 11542
==========|1111| 366 : 11537
==========|1111| 367 : 11531
==========|1111| 368 : 11514
==========|1111| 369 : 11526
==========|1111| 370 : 11536
==========|1111| 371 : 5536
==========|1111| 372 : 11546
==========|1111| 373 : 11528
==========|1111| 374 : 11523
==========|1111| 375 : 11528
==========|1111| 376 : 11515
==========|1111| 377 : 11538
==========|1111| 378 : 5504
==========|1111| 379 : 11531
==========|1111| 380 : 11521
==========|1111| 381 : 11531
==========|1111| 382 : 11530
==========|1111| 383 : 11518
==========|1111| 384 : 11523
==========|1111| 385 : 11530
==========|1111| 386 : 11533
==========|1111| 387 : 11515
==========|1111| 388 : 11507
==========|1111| 389 : 11517
==========|1111| 390 : 5515
==========|1111| 391 : 11515
==========|1111| 392 : 5505
==========|1111| 393 : 11505
==========|1111| 394 : 11514
==========|1111| 395 : 11511
==========|1111| 396 : 11512
==========|1111| 397 : 11509
==========|1111| 398 : 11493
==========|1111| 399 : 11493
==========|1111| 400 : 11511
==========|1111| 401 : 11529
==========|1111| 402 : 11501
==========|1111| 403 : 11490
==========|1111| 404 : 11515
==========|1111| 405 : 11596
==========|1111| 406 : 11495
==========|1111| 407 : 11508
==========|1111| 408 : 11492
==========|1111| 409 : 11518
==========|1111| 410 : 11518
==========|1111| 411 : 11509
==========|1111| 412 : 11521
==========|1111| 413 : 11502
==========|1111| 414 : 11521
==========|1111| 415 : 5515
==========|1111| 416 : 5515
==========|1111| 417 : 11496
==========|1111| 418 : 11494
==========|1111| 419 : 11489
==========|1111| 420 : 11493
==========|1111| 421 : 8010
==========|1111| 422 : 11494
==========|1111| 423 : 11478
==========|1111| 424 : 11485
==========|1111| 425 : 11477
==========|1111| 426 : 11483
==========|1111| 427 : 11483
==========|1111| 428 : 11492
==========|1111| 429 : 5508
==========|1111| 430 : 11477
==========|1111| 431 : 11482
==========|1111| 432 : 11490
==========|1111| 433 : 11489
==========|1111| 434 : 5522
==========|1111| 435 : 11484
==========|1111| 436 : 11574
==========|1111| 437 : 5507
==========|1111| 438 : 11496
==========|1111| 439 : 11472
==========|1111| 440 : 11497
==========|1111| 441 : 11503
==========|1111| 442 : 11513
==========|1111| 443 : 11481
==========|1111| 444 : 11486
==========|1111| 445 : 5514
==========|1111| 446 : 11504
==========|1111| 447 : 11505
==========|1111| 448 : 11499
==========|1111| 449 : 11500
==========|1111| 450 : 11494
==========|1111| 451 : 11505
==========|1111| 452 : 11500
==========|1111| 453 : 11472
==========|1111| 454 : 11503
==========|1111| 455 : 11490
==========|1111| 456 : 11471
==========|1111| 457 : 5509
==========|1111| 458 : 11470
==========|1111| 459 : 11479
==========|1111| 460 : 11474
==========|1111| 461 : 11487
==========|1111| 462 : 11467
==========|1111| 463 : 11486
==========|1111| 464 : 11486
==========|1111| 465 : 11481
==========|1111| 466 : 11463
==========|1111| 467 : 11475
==========|1111| 468 : 11469
==========|1111| 469 : 11477
==========|1111| 470 : 11467
==========|1111| 471 : 11473
==========|1111| 472 : 11487
==========|1111| 473 : 11481
==========|1111| 474 : 11461
==========|1111| 475 : 5533
==========|1111| 476 : 11465
==========|1111| 477 : 5533
==========|1111| 478 : 11465
==========|1111| 479 : 5522
==========|1111| 480 : 5518
==========|1111| 481 : 11487
==========|1111| 482 : 11475
==========|1111| 483 : 11467
==========|1111| 484 : 11482
==========|1111| 485 : 11467
==========|1111| 486 : 11471
==========|1111| 487 : 11494
==========|1111| 488 : 11459
==========|1111| 489 : 11455
==========|1111| 490 : 11462
==========|1111| 491 : 11477
==========|1111| 492 : 11492
==========|1111| 493 : 11465
==========|1111| 494 : 11454
==========|1111| 495 : 11461
==========|1111| 496 : 11561
==========|1111| 497 : 11475
==========|1111| 498 : 11457
==========|1111| 499 : 11460
