==========|1111| 0 : 8486
==========|1111| 1 : 8489
==========|1111| 2 : 8484
==========|1111| 3 : 4529
==========|1111| 4 : 8473
==========|1111| 5 : 8492
==========|1111| 6 : 5993
==========|1111| 7 : 8485
==========|1111| 8 : 8476
==========|1111| 9 : 8491
==========|1111| 10 : 8476
==========|1111| 11 : 8468
==========|1111| 12 : 8479
==========|1111| 13 : 8462
==========|1111| 14 : 8470
==========|1111| 15 : 8478
==========|1111| 16 : 8474
==========|1111| 17 : 8453
==========|1111| 18 : 8455
==========|1111| 19 : 8456
==========|1111| 20 : 8464
==========|1111| 21 : 6027
==========|1111| 22 : 8478
==========|1111| 23 : 5999
==========|1111| 24 : 8476
==========|1111| 25 : 8545
==========|1111| 26 : 8468
==========|1111| 27 : 8449
==========|1111| 28 : 4507
==========|1111| 29 : 6008
==========|1111| 30 : 8453
==========|1111| 31 : 8575
==========|1111| 32 : 8469
==========|1111| 33 : 8442
==========|1111| 34 : 6016
==========|1111| 35 : 6004
==========|1111| 36 : 8469
==========|1111| 37 : 8475
==========|1111| 38 : 4533
==========|1111| 39 : 8551
==========|1111| 40 : 4517
==========|1111| 41 : 8467
==========|1111| 42 : 8458
==========|1111| 43 : 5994
==========|1111| 44 : 8465
==========|1111| 45 : 8580
==========|1111| 46 : 8450
==========|1111| 47 : 8470
==========|1111| 48 : 8475
==========|1111| 49 : 8455
==========|1111| 50 : 8561
==========|1111| 51 : 8447
==========|1111| 52 : 4487
==========|1111| 53 : 5996
==========|1111| 54 : 8578
==========|1111| 55 : 8578
==========|1111| 56 : 8576
==========|1111| 57 : 8567
==========|1111| 58 : 8553
==========|1111| 59 : 4520
==========|1111| 60 : 8472
==========|1111| 61 : 8562
==========|1111| 62 : 8461
==========|1111| 63 : 8524
==========|1111| 64 : 8440
==========|1111| 65 : 8568
==========|1111| 66 : 8554
==========|1111| 67 : 8561
==========|1111| 68 : 8559
==========|1111| 69 : 8563
==========|1111| 70 : 4526
==========|1111| 71 : 8562
==========|1111| 72 : 8567
==========|1111| 73 : 8558
==========|1111| 74 : 8562
==========|1111| 75 : 8566
==========|1111| 76 : 8564
==========|1111| 77 : 8559
==========|1111| 78 : 8546
==========|1111| 79 : 8559
==========|1111| 80 : 8547
==========|1111| 81 : 8554
==========|1111| 82 : 8554
==========|1111| 83 : 8522
==========|1111| 84 : 8552
==========|1111| 85 : 8545
==========|1111| 86 : 8544
==========|1111| 87 : 8538
==========|1111| 88 : 4537
==========|1111| 89 : 8559
==========|1111| 90 : 8566
==========|1111| 91 : 8558
==========|1111| 92 : 4515
==========|1111| 93 : 8537
==========|1111| 94 : 8550
==========|1111| 95 : 6030
==========|1111| 96 : 8521
==========|1111| 97 : 8544
==========|1111| 98 : 4536
==========|1111| 99 : 8544
==========|1111| 100 : 8552
==========|1111| 101 : 8550
==========|1111| 102 : 8536
==========|1111| 103 : 8522
==========|1111| 104 : 8533
==========|1111| 105 : 8531
==========|1111| 106 : 8546
==========|1111| 107 : 8529
==========|1111| 108 : 8526
==========|1111| 109 : 8537
==========|1111| 110 : 8543
==========|1111| 111 : 4528
==========|1111| 112 : 8530
==========|1111| 113 : 8539
==========|1111| 114 : 8515
==========|1111| 115 : 8515
==========|1111| 116 : 8519
==========|1111| 117 : 8540
==========|1111| 118 : 8499
==========|1111| 119 : 4503
==========|1111| 120 : 8499
==========|1111| 121 : 8521
==========|1111| 122 : 8521
==========|1111| 123 : 8416
==========|1111| 124 : 8512
==========|1111| 125 : 8514
==========|1111| 126 : 8522
==========|1111| 127 : 8519
==========|1111| 128 : 8512
==========|1111| 129 : 8531
==========|1111| 130 : 8526
==========|1111| 131 : 8535
==========|1111| 132 : 6023
==========|1111| 133 : 8503
==========|1111| 134 : 8531
==========|1111| 135 : 8524
==========|1111| 136 : 8526
==========|1111| 137 : 8529
==========|1111| 138 : 8523
==========|1111| 139 : 8526
==========|1111| 140 : 8525
==========|1111| 141 : 8518
==========|1111| 142 : 8524
==========|1111| 143 : 8524
==========|1111| 144 : 8483
==========|1111| 145 : 6013
==========|1111| 146 : 8514
==========|1111| 147 : 5994
==========|1111| 148 : 8519
==========|1111| 149 : 8494
==========|1111| 150 : 8526
==========|1111| 151 : 8519
==========|1111| 152 : 6025
==========|1111| 153 : 8490
==========|1111| 154 : 8506
==========|1111| 155 : 8520
==========|1111| 156 : 8514
==========|1111| 157 : 8519
==========|1111| 158 : 8535
==========|1111| 159 : 8523
==========|1111| 160 : 8502
==========|1111| 161 : 8512
==========|1111| 162 : 8498
==========|1111| 163 : 8519
==========|1111| 164 : 8469
==========|1111| 165 : 8504
==========|1111| 166 : 8505
==========|1111| 167 : 8531
==========|1111| 168 : 8514
==========|1111| 169 : 8512
==========|1111| 170 : 8509
==========|1111| 171 : 8491
==========|1111| 172 : 8505
==========|1111| 173 : 8498
==========|1111| 174 : 8479
==========|1111| 175 : 8504
==========|1111| 176 : 8495
==========|1111| 177 : 8508
==========|1111| 178 : 8478
==========|1111| 179 : 8495
==========|1111| 180 : 8491
==========|1111| 181 : 8508
==========|1111| 182 : 8500
==========|1111| 183 : 8511
==========|1111| 184 : 8508
==========|1111| 185 : 8513
==========|1111| 186 : 8491
==========|1111| 187 : 8502
==========|1111| 188 : 8514
==========|1111| 189 : 8510
==========|1111| 190 : 8512
==========|1111| 191 : 8496
==========|1111| 192 : 8502
==========|1111| 193 : 8498
==========|1111| 194 : 8489
==========|1111| 195 : 8482
==========|1111| 196 : 8493
==========|1111| 197 : 8492
==========|1111| 198 : 8493
==========|1111| 199 : 8502
==========|1111| 200 : 6006
==========|1111| 201 : 8500
==========|1111| 202 : 8490
==========|1111| 203 : 8502
==========|1111| 204 : 8505
==========|1111| 205 : 8517
==========|1111| 206 : 8467
==========|1111| 207 : 8505
==========|1111| 208 : 8486
==========|1111| 209 : 8498
==========|1111| 210 : 8501
==========|1111| 211 : 8506
==========|1111| 212 : 8502
==========|1111| 213 : 4524
==========|1111| 214 : 8484
==========|1111| 215 : 8489
==========|1111| 216 : 8497
==========|1111| 217 : 8482
==========|1111| 218 : 8471
==========|1111| 219 : 8491
==========|1111| 220 : 8495
==========|1111| 221 : 8472
==========|1111| 222 : 8470
==========|1111| 223 : 8484
==========|1111| 224 : 8453
==========|1111| 225 : 8460
==========|1111| 226 : 8461
==========|1111| 227 : 8474
==========|1111| 228 : 8485
==========|1111| 229 : 8487
==========|1111| 230 : 8458
==========|1111| 231 : 8477
==========|1111| 232 : 8494
==========|1111| 233 : 8475
==========|1111| 234 : 8499
==========|1111| 235 : 8475
==========|1111| 236 : 8474
==========|1111| 237 : 8471
==========|1111| 238 : 8488
==========|1111| 239 : 8451
==========|1111| 240 : 8454
==========|1111| 241 : 8444
==========|1111| 242 : 8438
==========|1111| 243 : 8440
==========|1111| 244 : 8451
==========|1111| 245 : 8438
==========|1111| 246 : 8458
==========|1111| 247 : 8499
==========|1111| 248 : 8452
==========|1111| 249 : 8441
==========|1111| 250 : 8447
==========|1111| 251 : 8447
==========|1111| 252 : 8447
==========|1111| 253 : 8436
==========|1111| 254 : 8441
==========|1111| 255 : 8443
==========|1111| 256 : 8464
==========|1111| 257 : 8465
==========|1111| 258 : 6001
==========|1111| 259 : 8483
==========|1111| 260 : 8431
==========|1111| 261 : 8431
==========|1111| 262 : 8459
==========|1111| 263 : 8449
==========|1111| 264 : 8462
==========|1111| 265 : 8450
==========|1111| 266 : 4528
==========|1111| 267 : 8465
==========|1111| 268 : 8454
==========|1111| 269 : 8441
==========|1111| 270 : 8449
==========|1111| 271 : 8457
==========|1111| 272 : 8450
==========|1111| 273 : 8462
==========|1111| 274 : 8451
==========|1111| 275 : 8474
==========|1111| 276 : 8435
==========|1111| 277 : 8444
==========|1111| 278 : 8442
==========|1111| 279 : 8452
==========|1111| 280 : 8535
==========|1111| 281 : 8430
==========|1111| 282 : 8557
==========|1111| 283 : 6005
==========|1111| 284 : 8426
==========|1111| 285 : 8528
==========|1111| 286 : 8524
==========|1111| 287 : 4511
==========|1111| 288 : 8521
==========|1111| 289 : 8431
==========|1111| 290 : 8530
==========|1111| 291 : 8531
==========|1111| 292 : 8519
==========|1111| 293 : 8530
==========|1111| 294 : 6018
==========|1111| 295 : 8529
==========|1111| 296 : 8522
==========|1111| 297 : 8520
==========|1111| 298 : 8519
==========|1111| 299 : 8515
==========|1111| 300 : 8551
==========|1111| 301 : 8542
==========|1111| 302 : 6028
==========|1111| 303 : 8543
==========|1111| 304 : 8553
==========|1111| 305 : 8548
==========|1111| 306 : 8568
==========|1111| 307 : 6014
==========|1111| 308 : 8549
==========|1111| 309 : 8524
==========|1111| 310 : 8537
==========|1111| 311 : 8537
==========|1111| 312 : 8438
==========|1111| 313 : 8417
==========|1111| 314 : 8517
==========|1111| 315 : 8528
==========|1111| 316 : 8538
==========|1111| 317 : 8529
==========|1111| 318 : 8514
==========|1111| 319 : 8517
==========|1111| 320 : 8506
==========|1111| 321 : 8516
==========|1111| 322 : 8517
==========|1111| 323 : 8516
==========|1111| 324 : 8531
==========|1111| 325 : 8419
==========|1111| 326 : 8501
==========|1111| 327 : 8517
==========|1111| 328 : 4524
==========|1111| 329 : 8529
==========|1111| 330 : 8527
==========|1111| 331 : 8507
==========|1111| 332 : 8526
==========|1111| 333 : 8500
==========|1111| 334 : 8508
==========|1111| 335 : 4516
==========|1111| 336 : 8515
==========|1111| 337 : 8500
==========|1111| 338 : 8520
==========|1111| 339 : 8521
==========|1111| 340 : 8548
==========|1111| 341 : 8536
==========|1111| 342 : 8556
==========|1111| 343 : 8531
==========|1111| 344 : 8546
==========|1111| 345 : 8531
==========|1111| 346 : 8537
==========|1111| 347 : 4521
==========|1111| 348 : 8500
==========|1111| 349 : 8504
==========|1111| 350 : 8524
==========|1111| 351 : 8507
==========|1111| 352 : 8518
==========|1111| 353 : 8524
==========|1111| 354 : 8542
==========|1111| 355 : 8503
==========|1111| 356 : 8508
==========|1111| 357 : 8519
==========|1111| 358 : 8501
==========|1111| 359 : 8511
==========|1111| 360 : 8535
==========|1111| 361 : 8531
==========|1111| 362 : 8496
==========|1111| 363 : 8531
==========|1111| 364 : 8537
==========|1111| 365 : 8524
==========|1111| 366 : 8526
==========|1111| 367 : 8542
==========|1111| 368 : 8538
==========|1111| 369 : 8535
==========|1111| 370 : 8531
==========|1111| 371 : 8493
==========|1111| 372 : 8519
==========|1111| 373 : 8502
==========|1111| 374 : 8537
==========|1111| 375 : 8519
==========|1111| 376 : 8531
==========|1111| 377 : 8519
==========|1111| 378 : 8527
==========|1111| 379 : 8529
==========|1111| 380 : 8531
==========|1111| 381 : 8522
==========|1111| 382 : 8506
==========|1111| 383 : 8507
==========|1111| 384 : 8510
==========|1111| 385 : 8500
==========|1111| 386 : 8520
==========|1111| 387 : 4514
==========|1111| 388 : 8519
==========|1111| 389 : 8512
==========|1111| 390 : 8515
==========|1111| 391 : 8524
==========|1111| 392 : 8527
==========|1111| 393 : 8513
==========|1111| 394 : 8525
==========|1111| 395 : 8527
==========|1111| 396 : 8524
==========|1111| 397 : 8515
==========|1111| 398 : 8519
==========|1111| 399 : 8511
==========|1111| 400 : 8531
==========|1111| 401 : 8517
==========|1111| 402 : 8514
==========|1111| 403 : 8501
==========|1111| 404 : 8516
==========|1111| 405 : 8505
==========|1111| 406 : 8517
==========|1111| 407 : 8525
==========|1111| 408 : 8510
==========|1111| 409 : 8516
==========|1111| 410 : 8527
==========|1111| 411 : 8513
==========|1111| 412 : 8515
==========|1111| 413 : 8495
==========|1111| 414 : 8520
==========|1111| 415 : 8520
==========|1111| 416 : 8527
==========|1111| 417 : 8511
==========|1111| 418 : 8490
==========|1111| 419 : 8515
==========|1111| 420 : 8513
==========|1111| 421 : 8499
==========|1111| 422 : 8519
==========|1111| 423 : 8496
==========|1111| 424 : 8523
==========|1111| 425 : 8515
==========|1111| 426 : 8515
==========|1111| 427 : 8504
==========|1111| 428 : 6001
==========|1111| 429 : 8508
==========|1111| 430 : 8509
==========|1111| 431 : 8504
==========|1111| 432 : 8504
==========|1111| 433 : 8497
==========|1111| 434 : 6026
==========|1111| 435 : 8512
==========|1111| 436 : 4514
==========|1111| 437 : 8513
==========|1111| 438 : 8493
==========|1111| 439 : 8511
==========|1111| 440 : 8517
==========|1111| 441 : 8505
==========|1111| 442 : 8512
==========|1111| 443 : 8502
==========|1111| 444 : 8490
==========|1111| 445 : 8496
==========|1111| 446 : 4508
==========|1111| 447 : 8503
==========|1111| 448 : 8472
==========|1111| 449 : 8503
==========|1111| 450 : 8499
==========|1111| 451 : 8489
==========|1111| 452 : 8501
==========|1111| 453 : 8488
==========|1111| 454 : 6004
==========|1111| 455 : 8515
==========|1111| 456 : 8493
==========|1111| 457 : 8498
==========|1111| 458 : 8507
==========|1111| 459 : 8503
==========|1111| 460 : 8493
==========|1111| 461 : 8499
==========|1111| 462 : 8500
==========|1111| 463 : 8477
==========|1111| 464 : 8495
==========|1111| 465 : 8471
==========|1111| 466 : 8490
==========|1111| 467 : 8490
==========|1111| 468 : 6019
==========|1111| 469 : 8500
==========|1111| 470 : 8487
==========|1111| 471 : 8486
==========|1111| 472 : 8478
==========|1111| 473 : 8491
==========|1111| 474 : 8486
==========|1111| 475 : 8478
==========|1111| 476 : 6016
==========|1111| 477 : 8476
==========|1111| 478 : 8458
==========|1111| 479 : 8474
==========|1111| 480 : 8569
==========|1111| 481 : 8481
==========|1111| 482 : 8482
==========|1111| 483 : 8484
==========|1111| 484 : 8490
==========|1111| 485 : 8463
==========|1111| 486 : 8490
==========|1111| 487 : 8474
==========|1111| 488 : 8488
==========|1111| 489 : 8465
==========|1111| 490 : 8482
==========|1111| 491 : 8473
==========|1111| 492 : 8467
==========|1111| 493 : 8457
==========|1111| 494 : 8449
==========|1111| 495 : 8470
==========|1111| 496 : 8469
==========|1111| 497 : 8473
==========|1111| 498 : 6020
==========|1111| 499 : 8473