==========|1111| 0 : 8486
==========|1111| 1 : 8488
==========|1111| 2 : 11499
==========|1111| 3 : 9514
==========|1111| 4 : 5534
==========|1111| 5 : 11504
==========|1111| 6 : 11506
==========|1111| 7 : 5513
==========|1111| 8 : 11518
==========|1111| 9 : 11515
==========|1111| 10 : 9513
==========|1111| 11 : 10470
==========|1111| 12 : 5544
==========|1111| 13 : 8497
==========|1111| 14 : 8525
==========|1111| 15 : 8505
==========|1111| 16 : 10531
==========|1111| 17 : 11523
==========|1111| 18 : 9501
==========|1111| 19 : 10529
==========|1111| 20 : 9486
==========|1111| 21 : 8490
==========|1111| 22 : 10508
==========|1111| 23 : 9490
==========|1111| 24 : 10506
==========|1111| 25 : 9490
==========|1111| 26 : 8510
==========|1111| 27 : 8468
==========|1111| 28 : 8522
==========|1111| 29 : 10497
==========|1111| 30 : 11513
==========|1111| 31 : 11514
==========|1111| 32 : 11478
==========|1111| 33 : 9495
==========|1111| 34 : 5506
==========|1111| 35 : 8472
==========|1111| 36 : 8490
==========|1111| 37 : 10487
==========|1111| 38 : 11484
==========|1111| 39 : 11509
==========|1111| 40 : 9485
==========|1111| 41 : 8483
==========|1111| 42 : 11487
==========|1111| 43 : 11519
==========|1111| 44 : 11493
==========|1111| 45 : 11508
==========|1111| 46 : 11502
==========|1111| 47 : 11517
==========|1111| 48 : 11535
==========|1111| 49 : 11537
==========|1111| 50 : 11509
==========|1111| 51 : 11513
==========|1111| 52 : 11486
==========|1111| 53 : 11494
==========|1111| 54 : 9484
==========|1111| 55 : 10494
==========|1111| 56 : 11488
==========|1111| 57 : 11469
==========|1111| 58 : 11473
==========|1111| 59 : 9488
==========|1111| 60 : 8475
==========|1111| 61 : 11484
==========|1111| 62 : 11510
==========|1111| 63 : 9543
==========|1111| 64 : 10499
==========|1111| 65 : 11476
==========|1111| 66 : 11480
==========|1111| 67 : 11471
==========|1111| 68 : 11485
==========|1111| 69 : 11483
==========|1111| 70 : 11482
==========|1111| 71 : 9483
==========|1111| 72 : 10509
==========|1111| 73 : 11470
==========|1111| 74 : 11476
==========|1111| 75 : 9474
==========|1111| 76 : 8482
==========|1111| 77 : 8478
==========|1111| 78 : 10470
==========|1111| 79 : 11472
==========|1111| 80 : 11478
==========|1111| 81 : 11483
==========|1111| 82 : 11482
==========|1111| 83 : 11480
==========|1111| 84 : 11472
==========|1111| 85 : 8419
==========|1111| 86 : 9481
==========|1111| 87 : 8485
==========|1111| 88 : 10471
==========|1111| 89 : 5527
==========|1111| 90 : 5515
==========|1111| 91 : 11581
==========|1111| 92 : 11471
==========|1111| 93 : 5503
==========|1111| 94 : 5496
==========|1111| 95 : 9450
==========|1111| 96 : 10442
==========|1111| 97 : 8414
==========|1111| 98 : 11433
==========|1111| 99 : 11429
==========|1111| 100 : 11459
==========|1111| 101 : 8417
==========|1111| 102 : 8413
==========|1111| 103 : 11469
==========|1111| 104 : 11471
==========|1111| 105 : 9473
==========|1111| 106 : 10464
==========|1111| 107 : 11452
==========|1111| 108 : 11462
==========|1111| 109 : 11464
==========|1111| 110 : 5504
==========|1111| 111 : 9543
==========|1111| 112 : 8449
==========|1111| 113 : 8489
==========|1111| 114 : 11458
==========|1111| 115 : 8418
==========|1111| 116 : 5502
==========|1111| 117 : 11558
==========|1111| 118 : 11559
==========|1111| 119 : 11466
==========|1111| 120 : 11536
==========|1111| 121 : 11554
==========|1111| 122 : 9566
==========|1111| 123 : 10533
==========|1111| 124 : 11533
==========|1111| 125 : 11515
==========|1111| 126 : 11538
==========|1111| 127 : 11547
==========|1111| 128 : 11554
==========|1111| 129 : 11528
==========|1111| 130 : 9546
==========|1111| 131 : 8543
==========|1111| 132 : 5516
==========|1111| 133 : 10527
==========|1111| 134 : 11549
==========|1111| 135 : 11553
==========|1111| 136 : 9563
==========|1111| 137 : 10542
==========|1111| 138 : 11550
==========|1111| 139 : 9569
==========|1111| 140 : 8488
==========|1111| 141 : 9531
==========|1111| 142 : 10524
==========|1111| 143 : 5513
==========|1111| 144 : 8489
==========|1111| 145 : 11510
==========|1111| 146 : 11548
==========|1111| 147 : 11525
==========|1111| 148 : 5536
==========|1111| 149 : 5529
==========|1111| 150 : 11533
==========|1111| 151 : 9549
==========|1111| 152 : 10540
==========|1111| 153 : 11545
==========|1111| 154 : 11528
==========|1111| 155 : 11529
==========|1111| 156 : 11538
==========|1111| 157 : 11536
==========|1111| 158 : 11514
==========|1111| 159 : 11512
==========|1111| 160 : 11526
==========|1111| 161 : 11535
==========|1111| 162 : 11531
==========|1111| 163 : 11525
==========|1111| 164 : 11518
==========|1111| 165 : 5514
==========|1111| 166 : 10522
==========|1111| 167 : 11527
==========|1111| 168 : 5498
==========|1111| 169 : 9522
==========|1111| 170 : 10524
==========|1111| 171 : 8480
==========|1111| 172 : 11518
==========|1111| 173 : 5509
==========|1111| 174 : 9501
==========|1111| 175 : 8498
==========|1111| 176 : 8477
==========|1111| 177 : 8480
==========|1111| 178 : 11530
==========|1111| 179 : 9524
==========|1111| 180 : 10513
==========|1111| 181 : 11521
==========|1111| 182 : 9628
==========|1111| 183 : 10509
==========|1111| 184 : 9505
==========|1111| 185 : 10524
==========|1111| 186 : 11508
==========|1111| 187 : 11530
==========|1111| 188 : 11522
==========|1111| 189 : 11508
==========|1111| 190 : 11496
==========|1111| 191 : 11514
==========|1111| 192 : 11524
==========|1111| 193 : 11512
==========|1111| 194 : 5496
==========|1111| 195 : 11500
==========|1111| 196 : 9517
==========|1111| 197 : 10502
==========|1111| 198 : 11499
==========|1111| 199 : 11499
==========|1111| 200 : 11483
==========|1111| 201 : 11495
==========|1111| 202 : 11485
==========|1111| 203 : 11510
==========|1111| 204 : 11523
==========|1111| 205 : 11490
==========|1111| 206 : 11497
==========|1111| 207 : 9523
==========|1111| 208 : 5498
==========|1111| 209 : 8499
==========|1111| 210 : 10497
==========|1111| 211 : 11525
==========|1111| 212 : 5514
==========|1111| 213 : 11485
==========|1111| 214 : 8498
==========|1111| 215 : 9274
==========|1111| 216 : 10479
==========|1111| 217 : 11465
==========|1111| 218 : 11494
==========|1111| 219 : 5506
==========|1111| 220 : 11501
==========|1111| 221 : 11526
==========|1111| 222 : 11474
==========|1111| 223 : 5505
==========|1111| 224 : 11478
==========|1111| 225 : 11480
==========|1111| 226 : 9374
==========|1111| 227 : 5496
==========|1111| 228 : 9500
==========|1111| 229 : 10484
==========|1111| 230 : 11470
==========|1111| 231 : 9462
==========|1111| 232 : 8496
==========|1111| 233 : 8475
==========|1111| 234 : 10470
==========|1111| 235 : 11502
==========|1111| 236 : 11487
==========|1111| 237 : 9477
==========|1111| 238 : 10486
==========|1111| 239 : 11478
==========|1111| 240 : 11487
==========|1111| 241 : 11484
==========|1111| 242 : 11493
==========|1111| 243 : 5497
==========|1111| 244 : 11482
==========|1111| 245 : 5530
==========|1111| 246 : 11476
==========|1111| 247 : 11482
==========|1111| 248 : 11473
==========|1111| 249 : 11473
==========|1111| 250 : 11456
==========|1111| 251 : 11450
==========|1111| 252 : 11453
==========|1111| 253 : 11461
==========|1111| 254 : 11456
==========|1111| 255 : 9457
==========|1111| 256 : 8462
==========|1111| 257 : 10457
==========|1111| 258 : 11457
==========|1111| 259 : 11481
==========|1111| 260 : 11453
==========|1111| 261 : 11469
==========|1111| 262 : 11479
==========|1111| 263 : 11453
==========|1111| 264 : 11448
==========|1111| 265 : 11462
==========|1111| 266 : 9459
==========|1111| 267 : 10479
==========|1111| 268 : 11495
==========|1111| 269 : 11488
==========|1111| 270 : 11495
==========|1111| 271 : 11481
==========|1111| 272 : 11491
==========|1111| 273 : 11571
==========|1111| 274 : 11479
==========|1111| 275 : 11461
==========|1111| 276 : 11465
==========|1111| 277 : 11463
==========|1111| 278 : 9446
==========|1111| 279 : 10476
==========|1111| 280 : 11445
==========|1111| 281 : 11473
==========|1111| 282 : 11459
==========|1111| 283 : 11461
==========|1111| 284 : 11442
==========|1111| 285 : 8487
==========|1111| 286 : 9452
==========|1111| 287 : 10459
==========|1111| 288 : 11444
==========|1111| 289 : 11434
==========|1111| 290 : 11475
==========|1111| 291 : 11442
==========|1111| 292 : 9474
==========|1111| 293 : 10472
==========|1111| 294 : 11457
==========|1111| 295 : 11474
==========|1111| 296 : 11463
==========|1111| 297 : 11460
==========|1111| 298 : 11454
==========|1111| 299 : 11432
==========|1111| 300 : 11445
==========|1111| 301 : 11477
==========|1111| 302 : 8489
==========|1111| 303 : 11440
==========|1111| 304 : 9483
==========|1111| 305 : 10462
==========|1111| 306 : 8412
==========|1111| 307 : 11457
==========|1111| 308 : 11459
==========|1111| 309 : 9475
==========|1111| 310 : 8487
==========|1111| 311 : 11451
==========|1111| 312 : 11432
==========|1111| 313 : 11462
==========|1111| 314 : 9457
==========|1111| 315 : 8442
==========|1111| 316 : 10449
==========|1111| 317 : 9456
==========|1111| 318 : 8425
==========|1111| 319 : 11461
==========|1111| 320 : 11452
==========|1111| 321 : 11446
==========|1111| 322 : 11526
==========|1111| 323 : 9462
==========|1111| 324 : 10468
==========|1111| 325 : 11460
==========|1111| 326 : 9544
==========|1111| 327 : 10554
==========|1111| 328 : 11556
==========|1111| 329 : 11469
==========|1111| 330 : 11463
==========|1111| 331 : 11545
==========|1111| 332 : 11549
==========|1111| 333 : 11460
==========|1111| 334 : 11557
==========|1111| 335 : 11576
==========|1111| 336 : 11547
==========|1111| 337 : 11566
==========|1111| 338 : 11461
==========|1111| 339 : 11538
==========|1111| 340 : 11568
==========|1111| 341 : 9566
==========|1111| 342 : 10561
==========|1111| 343 : 11562
==========|1111| 344 : 9570
==========|1111| 345 : 10559
==========|1111| 346 : 5543
==========|1111| 347 : 10522
==========|1111| 348 : 8416
==========|1111| 349 : 11534
==========|1111| 350 : 11528
==========|1111| 351 : 11528
==========|1111| 352 : 11525
==========|1111| 353 : 11527
==========|1111| 354 : 11546
==========|1111| 355 : 11548
==========|1111| 356 : 9540
==========|1111| 357 : 10544
==========|1111| 358 : 11542
==========|1111| 359 : 11543
==========|1111| 360 : 11543
==========|1111| 361 : 11548
==========|1111| 362 : 11533
==========|1111| 363 : 11522
==========|1111| 364 : 11536
==========|1111| 365 : 11526
==========|1111| 366 : 9526
==========|1111| 367 : 10515
==========|1111| 368 : 11521
==========|1111| 369 : 11526
==========|1111| 370 : 11537
==========|1111| 371 : 9523
==========|1111| 372 : 10520
==========|1111| 373 : 11529
==========|1111| 374 : 11527
==========|1111| 375 : 11536
==========|1111| 376 : 11544
==========|1111| 377 : 11544
==========|1111| 378 : 11534
==========|1111| 379 : 11543
==========|1111| 380 : 11532
==========|1111| 381 : 9547
==========|1111| 382 : 10535
==========|1111| 383 : 11520
==========|1111| 384 : 11512
==========|1111| 385 : 11536
==========|1111| 386 : 9545
==========|1111| 387 : 10541
==========|1111| 388 : 11540
==========|1111| 389 : 11534
==========|1111| 390 : 11525
==========|1111| 391 : 9542
==========|1111| 392 : 10531
==========|1111| 393 : 11534
==========|1111| 394 : 11529
==========|1111| 395 : 9508
==========|1111| 396 : 10516
==========|1111| 397 : 11524
==========|1111| 398 : 5530
==========|1111| 399 : 8411
==========|1111| 400 : 9526
==========|1111| 401 : 10520
==========|1111| 402 : 11538
==========|1111| 403 : 11538
==========|1111| 404 : 11533
==========|1111| 405 : 11524
==========|1111| 406 : 11534
==========|1111| 407 : 11525
==========|1111| 408 : 11530
==========|1111| 409 : 11521
==========|1111| 410 : 5527
==========|1111| 411 : 11516
==========|1111| 412 : 9511
==========|1111| 413 : 8423
==========|1111| 414 : 11518
==========|1111| 415 : 5503
==========|1111| 416 : 8498
==========|1111| 417 : 8507
==========|1111| 418 : 8519
==========|1111| 419 : 8495
==========|1111| 420 : 10516
==========|1111| 421 : 11507
==========|1111| 422 : 9514
==========|1111| 423 : 8495
==========|1111| 424 : 11493
==========|1111| 425 : 11516
==========|1111| 426 : 9506
==========|1111| 427 : 10497
==========|1111| 428 : 5525
==========|1111| 429 : 11512
==========|1111| 430 : 11512
==========|1111| 431 : 5512
==========|1111| 432 : 11516
==========|1111| 433 : 11507
==========|1111| 434 : 11512
==========|1111| 435 : 11517
==========|1111| 436 : 11504
==========|1111| 437 : 11499
==========|1111| 438 : 9503
==========|1111| 439 : 5513
==========|1111| 440 : 11492
==========|1111| 441 : 8413
==========|1111| 442 : 11484
==========|1111| 443 : 11475
==========|1111| 444 : 11519
==========|1111| 445 : 11531
==========|1111| 446 : 11514
==========|1111| 447 : 11502
==========|1111| 448 : 5511
==========|1111| 449 : 11508
==========|1111| 450 : 11486
==========|1111| 451 : 11488
==========|1111| 452 : 11497
==========|1111| 453 : 9487
==========|1111| 454 : 10498
==========|1111| 455 : 11499
==========|1111| 456 : 11497
==========|1111| 457 : 11488
==========|1111| 458 : 11499
==========|1111| 459 : 11497
==========|1111| 460 : 11481
==========|1111| 461 : 11512
==========|1111| 462 : 11479
==========|1111| 463 : 11481
==========|1111| 464 : 11476
==========|1111| 465 : 11493
==========|1111| 466 : 11497
==========|1111| 467 : 11497
==========|1111| 468 : 11491
==========|1111| 469 : 11478
==========|1111| 470 : 9472
==========|1111| 471 : 10479
==========|1111| 472 : 11495
==========|1111| 473 : 11495
==========|1111| 474 : 11491
==========|1111| 475 : 11502
==========|1111| 476 : 11481
==========|1111| 477 : 5522
==========|1111| 478 : 9496
==========|1111| 479 : 5509
==========|1111| 480 : 8484
==========|1111| 481 : 11478
==========|1111| 482 : 9496
==========|1111| 483 : 10479
==========|1111| 484 : 9482
==========|1111| 485 : 10496
==========|1111| 486 : 11486
==========|1111| 487 : 11467
==========|1111| 488 : 9494
==========|1111| 489 : 8477
==========|1111| 490 : 10479
==========|1111| 491 : 11471
==========|1111| 492 : 9479
==========|1111| 493 : 5547
==========|1111| 494 : 10471
==========|1111| 495 : 5507
==========|1111| 496 : 10479
==========|1111| 497 : 11484
==========|1111| 498 : 11473
==========|1111| 499 : 11491