==========|1111| 0 : 8530
==========|1111| 1 : 11527
==========|1111| 2 : 4494
==========|1111| 3 : 8015
==========|1111| 4 : 8525
==========|1111| 5 : 8506
==========|1111| 6 : 11530
==========|1111| 7 : 5520
==========|1111| 8 : 8512
==========|1111| 9 : 8517
==========|1111| 10 : 8520
==========|1111| 11 : 11528
==========|1111| 12 : 8513
==========|1111| 13 : 8519
==========|1111| 14 : 8027
==========|1111| 15 : 11508
==========|1111| 16 : 8498
==========|1111| 17 : 8504
==========|1111| 18 : 8523
==========|1111| 19 : 8505
==========|1111| 20 : 11518
==========|1111| 21 : 11511
==========|1111| 22 : 8512
==========|1111| 23 : 8542
==========|1111| 24 : 8000
==========|1111| 25 : 8516
==========|1111| 26 : 8513
==========|1111| 27 : 8490
==========|1111| 28 : 8480
==========|1111| 29 : 8496
==========|1111| 30 : 4504
==========|1111| 31 : 8505
==========|1111| 32 : 11522
==========|1111| 33 : 11509
==========|1111| 34 : 8525
==========|1111| 35 : 8483
==========|1111| 36 : 4518
==========|1111| 37 : 11519
==========|1111| 38 : 8480
==========|1111| 39 : 5520
==========|1111| 40 : 11502
==========|1111| 41 : 11504
==========|1111| 42 : 8527
==========|1111| 43 : 8497
==========|1111| 44 : 8500
==========|1111| 45 : 8515
==========|1111| 46 : 6150
==========|1111| 47 : 7992
==========|1111| 48 : 8502
==========|1111| 49 : 11507
==========|1111| 50 : 8495
==========|1111| 51 : 8494
==========|1111| 52 : 8456
==========|1111| 53 : 11509
==========|1111| 54 : 8502
==========|1111| 55 : 8469
==========|1111| 56 : 4522
==========|1111| 57 : 8494
==========|1111| 58 : 4495
==========|1111| 59 : 8512
==========|1111| 60 : 8483
==========|1111| 61 : 8528
==========|1111| 62 : 8497
==========|1111| 63 : 8546
==========|1111| 64 : 8495
==========|1111| 65 : 8497
==========|1111| 66 : 11505
==========|1111| 67 : 11472
==========|1111| 68 : 11487
==========|1111| 69 : 8489
==========|1111| 70 : 8489
==========|1111| 71 : 11487
==========|1111| 72 : 8489
==========|1111| 73 : 8489
==========|1111| 74 : 8476
==========|1111| 75 : 11497
==========|1111| 76 : 11467
==========|1111| 77 : 11486
==========|1111| 78 : 8472
==========|1111| 79 : 11475
==========|1111| 80 : 5519
==========|1111| 81 : 8468
==========|1111| 82 : 11480
==========|1111| 83 : 8473
==========|1111| 84 : 8479
==========|1111| 85 : 11492
==========|1111| 86 : 11485
==========|1111| 87 : 8453
==========|1111| 88 : 4523
==========|1111| 89 : 8491
==========|1111| 90 : 4530
==========|1111| 91 : 11454
==========|1111| 92 : 5515
==========|1111| 93 : 11465
==========|1111| 94 : 5999
==========|1111| 95 : 8452
==========|1111| 96 : 5494
==========|1111| 97 : 11479
==========|1111| 98 : 11476
==========|1111| 99 : 8469
==========|1111| 100 : 8472
==========|1111| 101 : 5529
==========|1111| 102 : 8474
==========|1111| 103 : 8463
==========|1111| 104 : 11467
==========|1111| 105 : 8469
==========|1111| 106 : 8452
==========|1111| 107 : 5525
==========|1111| 108 : 8453
==========|1111| 109 : 8456
==========|1111| 110 : 8453
==========|1111| 111 : 8445
==========|1111| 112 : 11460
==========|1111| 113 : 11465
==========|1111| 114 : 8443
==========|1111| 115 : 6014
==========|1111| 116 : 11470
==========|1111| 117 : 8437
==========|1111| 118 : 8519
==========|1111| 119 : 8467
==========|1111| 120 : 11540
==========|1111| 121 : 8527
==========|1111| 122 : 8001
==========|1111| 123 : 8452
==========|1111| 124 : 11537
==========|1111| 125 : 8543
==========|1111| 126 : 8544
==========|1111| 127 : 8521
==========|1111| 128 : 11561
==========|1111| 129 : 11467
==========|1111| 130 : 8543
==========|1111| 131 : 11548
==========|1111| 132 : 11444
==========|1111| 133 : 11431
==========|1111| 134 : 11445
==========|1111| 135 : 8443
==========|1111| 136 : 11548
==========|1111| 137 : 6091
==========|1111| 138 : 11543
==========|1111| 139 : 8549
==========|1111| 140 : 8530
==========|1111| 141 : 11531
==========|1111| 142 : 8524
==========|1111| 143 : 11534
==========|1111| 144 : 8542
==========|1111| 145 : 8533
==========|1111| 146 : 11537
==========|1111| 147 : 8524
==========|1111| 148 : 8543
==========|1111| 149 : 11538
==========|1111| 150 : 11533
==========|1111| 151 : 7999
==========|1111| 152 : 11518
==========|1111| 153 : 8541
==========|1111| 154 : 11554
==========|1111| 155 : 8536
==========|1111| 156 : 8526
==========|1111| 157 : 11516
==========|1111| 158 : 11532
==========|1111| 159 : 11530
==========|1111| 160 : 8534
==========|1111| 161 : 8533
==========|1111| 162 : 8521
==========|1111| 163 : 11507
==========|1111| 164 : 11516
==========|1111| 165 : 8509
==========|1111| 166 : 11533
==========|1111| 167 : 11527
==========|1111| 168 : 8531
==========|1111| 169 : 8546
==========|1111| 170 : 8534
==========|1111| 171 : 8536
==========|1111| 172 : 8502
==========|1111| 173 : 8528
==========|1111| 174 : 11543
==========|1111| 175 : 11524
==========|1111| 176 : 11540
==========|1111| 177 : 8518
==========|1111| 178 : 8517
==========|1111| 179 : 11550
==========|1111| 180 : 11514
==========|1111| 181 : 8519
==========|1111| 182 : 8503
==========|1111| 183 : 8506
==========|1111| 184 : 8527
==========|1111| 185 : 8514
==========|1111| 186 : 8514
==========|1111| 187 : 6015
==========|1111| 188 : 8517
==========|1111| 189 : 8008
==========|1111| 190 : 8510
==========|1111| 191 : 11512
==========|1111| 192 : 11498
==========|1111| 193 : 8502
==========|1111| 194 : 8495
==========|1111| 195 : 8493
==========|1111| 196 : 8521
==========|1111| 197 : 8496
==========|1111| 198 : 11500
==========|1111| 199 : 11504
==========|1111| 200 : 8510
==========|1111| 201 : 8509
==========|1111| 202 : 8483
==========|1111| 203 : 8513
==========|1111| 204 : 11509
==========|1111| 205 : 8549
==========|1111| 206 : 11514
==========|1111| 207 : 8513
==========|1111| 208 : 8510
==========|1111| 209 : 11490
==========|1111| 210 : 11506
==========|1111| 211 : 11480
==========|1111| 212 : 11483
==========|1111| 213 : 8498
==========|1111| 214 : 8495
==========|1111| 215 : 8487
==========|1111| 216 : 11508
==========|1111| 217 : 11505
==========|1111| 218 : 8515
==========|1111| 219 : 8499
==========|1111| 220 : 8487
==========|1111| 221 : 8479
==========|1111| 222 : 5512
==========|1111| 223 : 8481
==========|1111| 224 : 8483
==========|1111| 225 : 11482
==========|1111| 226 : 8487
==========|1111| 227 : 11486
==========|1111| 228 : 8480
==========|1111| 229 : 6003
==========|1111| 230 : 8488
==========|1111| 231 : 11479
==========|1111| 232 : 6000
==========|1111| 233 : 11483
==========|1111| 234 : 11506
==========|1111| 235 : 8507
==========|1111| 236 : 8483
==========|1111| 237 : 11498
==========|1111| 238 : 8500
==========|1111| 239 : 8501
==========|1111| 240 : 11503
==========|1111| 241 : 8508
==========|1111| 242 : 8484
==========|1111| 243 : 11497
==========|1111| 244 : 11493
==========|1111| 245 : 11471
==========|1111| 246 : 11497
==========|1111| 247 : 11472
==========|1111| 248 : 8474
==========|1111| 249 : 8000
==========|1111| 250 : 8469
==========|1111| 251 : 11461
==========|1111| 252 : 8473
==========|1111| 253 : 8473
==========|1111| 254 : 8468
==========|1111| 255 : 8468
==========|1111| 256 : 8470
==========|1111| 257 : 11471
==========|1111| 258 : 6003
==========|1111| 259 : 8495
==========|1111| 260 : 8461
==========|1111| 261 : 8482
==========|1111| 262 : 6003
==========|1111| 263 : 8488
==========|1111| 264 : 11465
==========|1111| 265 : 11471
==========|1111| 266 : 8485
==========|1111| 267 : 8478
==========|1111| 268 : 8468
==========|1111| 269 : 8473
==========|1111| 270 : 8468
==========|1111| 271 : 8467
==========|1111| 272 : 8457
==========|1111| 273 : 8485
==========|1111| 274 : 8490
==========|1111| 275 : 6001
==========|1111| 276 : 11481
==========|1111| 277 : 8484
==========|1111| 278 : 8494
==========|1111| 279 : 8492
==========|1111| 280 : 8482
==========|1111| 281 : 11466
==========|1111| 282 : 8480
==========|1111| 283 : 5998
==========|1111| 284 : 8465
==========|1111| 285 : 11476
==========|1111| 286 : 8479
==========|1111| 287 : 8471
==========|1111| 288 : 11467
==========|1111| 289 : 8019
==========|1111| 290 : 8475
==========|1111| 291 : 8453
==========|1111| 292 : 8457
==========|1111| 293 : 8446
==========|1111| 294 : 8457
==========|1111| 295 : 11449
==========|1111| 296 : 8467
==========|1111| 297 : 11452
==========|1111| 298 : 11453
==========|1111| 299 : 8489
==========|1111| 300 : 11468
==========|1111| 301 : 8458
==========|1111| 302 : 11469
==========|1111| 303 : 8491
==========|1111| 304 : 8448
==========|1111| 305 : 8479
==========|1111| 306 : 8448
==========|1111| 307 : 8462
==========|1111| 308 : 8459
==========|1111| 309 : 8477
==========|1111| 310 : 8475
==========|1111| 311 : 11452
==========|1111| 312 : 11440
==========|1111| 313 : 8454
==========|1111| 314 : 8481
==========|1111| 315 : 8471
==========|1111| 316 : 8466
==========|1111| 317 : 7966
==========|1111| 318 : 8471
==========|1111| 319 : 8461
==========|1111| 320 : 11455
==========|1111| 321 : 8468
==========|1111| 322 : 11467
==========|1111| 323 : 11446
==========|1111| 324 : 11455
==========|1111| 325 : 8451
==========|1111| 326 : 6006
==========|1111| 327 : 8463
==========|1111| 328 : 11475
==========|1111| 329 : 8516
==========|1111| 330 : 11474
==========|1111| 331 : 11430
==========|1111| 332 : 11443
==========|1111| 333 : 8439
==========|1111| 334 : 6026
==========|1111| 335 : 8434
==========|1111| 336 : 11458
==========|1111| 337 : 8457
==========|1111| 338 : 8481
==========|1111| 339 : 11463
==========|1111| 340 : 11465
==========|1111| 341 : 8568
==========|1111| 342 : 8481
==========|1111| 343 : 8479
==========|1111| 344 : 8457
==========|1111| 345 : 11543
==========|1111| 346 : 11442
==========|1111| 347 : 11463
==========|1111| 348 : 11533
==========|1111| 349 : 11581
==========|1111| 350 : 8460
==========|1111| 351 : 4512
==========|1111| 352 : 8476
==========|1111| 353 : 8550
==========|1111| 354 : 8562
==========|1111| 355 : 8537
==========|1111| 356 : 8473
==========|1111| 357 : 8557
==========|1111| 358 : 11596
==========|1111| 359 : 11583
==========|1111| 360 : 8461
==========|1111| 361 : 8542
==========|1111| 362 : 8546
==========|1111| 363 : 11569
==========|1111| 364 : 6015
==========|1111| 365 : 8570
==========|1111| 366 : 11467
==========|1111| 367 : 8566
==========|1111| 368 : 8548
==========|1111| 369 : 11565
==========|1111| 370 : 11557
==========|1111| 371 : 11558
==========|1111| 372 : 11547
==========|1111| 373 : 8556
==========|1111| 374 : 8559
==========|1111| 375 : 11570
==========|1111| 376 : 8559
==========|1111| 377 : 11558
==========|1111| 378 : 8549
==========|1111| 379 : 11566
==========|1111| 380 : 8562
==========|1111| 381 : 8568
==========|1111| 382 : 11545
==========|1111| 383 : 8540
==========|1111| 384 : 8552
==========|1111| 385 : 11546
==========|1111| 386 : 8537
==========|1111| 387 : 6001
==========|1111| 388 : 8540
==========|1111| 389 : 11564
==========|1111| 390 : 11542
==========|1111| 391 : 11569
==========|1111| 392 : 8547
==========|1111| 393 : 11551
==========|1111| 394 : 11544
==========|1111| 395 : 11552
==========|1111| 396 : 8544
==========|1111| 397 : 8527
==========|1111| 398 : 11551
==========|1111| 399 : 11550
==========|1111| 400 : 5511
==========|1111| 401 : 11542
==========|1111| 402 : 8532
==========|1111| 403 : 4514
==========|1111| 404 : 11534
==========|1111| 405 : 8545
==========|1111| 406 : 8555
==========|1111| 407 : 11544
==========|1111| 408 : 11530
==========|1111| 409 : 8538
==========|1111| 410 : 11654
==========|1111| 411 : 11556
==========|1111| 412 : 11515
==========|1111| 413 : 8536
==========|1111| 414 : 11557
==========|1111| 415 : 8544
==========|1111| 416 : 8537
==========|1111| 417 : 11535
==========|1111| 418 : 8524
==========|1111| 419 : 8526
==========|1111| 420 : 11523
==========|1111| 421 : 5993
==========|1111| 422 : 8530
==========|1111| 423 : 11516
==========|1111| 424 : 8512
==========|1111| 425 : 11525
==========|1111| 426 : 8523
==========|1111| 427 : 11518
==========|1111| 428 : 8020
==========|1111| 429 : 11552
==========|1111| 430 : 11538
==========|1111| 431 : 8524
==========|1111| 432 : 8495
==========|1111| 433 : 11540
==========|1111| 434 : 8521
==========|1111| 435 : 11524
==========|1111| 436 : 8524
==========|1111| 437 : 11528
==========|1111| 438 : 11526
==========|1111| 439 : 11510
==========|1111| 440 : 11622
==========|1111| 441 : 11535
==========|1111| 442 : 8519
==========|1111| 443 : 8511
==========|1111| 444 : 11539
==========|1111| 445 : 11542
==========|1111| 446 : 11517
==========|1111| 447 : 8533
==========|1111| 448 : 8532
==========|1111| 449 : 8530
==========|1111| 450 : 8525
==========|1111| 451 : 11523
==========|1111| 452 : 8520
==========|1111| 453 : 11526
==========|1111| 454 : 6000
==========|1111| 455 : 8514
==========|1111| 456 : 8513
==========|1111| 457 : 11514
==========|1111| 458 : 8518
==========|1111| 459 : 8514
==========|1111| 460 : 8521
==========|1111| 461 : 8523
==========|1111| 462 : 8504
==========|1111| 463 : 8524
==========|1111| 464 : 8524
==========|1111| 465 : 8512
==========|1111| 466 : 8523
==========|1111| 467 : 8492
==========|1111| 468 : 11533
==========|1111| 469 : 11521
==========|1111| 470 : 8503
==========|1111| 471 : 8599
==========|1111| 472 : 5549
==========|1111| 473 : 8523
==========|1111| 474 : 5991
==========|1111| 475 : 8489
==========|1111| 476 : 11500
==========|1111| 477 : 11485
==========|1111| 478 : 11506
==========|1111| 479 : 11503
==========|1111| 480 : 8494
==========|1111| 481 : 11504
==========|1111| 482 : 8486
==========|1111| 483 : 8518
==========|1111| 484 : 8531
==========|1111| 485 : 11525
==========|1111| 486 : 8520
==========|1111| 487 : 11508
==========|1111| 488 : 11509
==========|1111| 489 : 8505
==========|1111| 490 : 8509
==========|1111| 491 : 7992
==========|1111| 492 : 8493
==========|1111| 493 : 8502
==========|1111| 494 : 5511
==========|1111| 495 : 11509
==========|1111| 496 : 8494
==========|1111| 497 : 8485
==========|1111| 498 : 6020
==========|1111| 499 : 11508
