==========|1111| 0 : 5525
==========|1111| 1 : 11531
==========|1111| 2 : 11532
==========|1111| 3 : 5504
==========|1111| 4 : 5545
==========|1111| 5 : 10533
==========|1111| 6 : 8525
==========|1111| 7 : 9534
==========|1111| 8 : 11530
==========|1111| 9 : 10561
==========|1111| 10 : 9531
==========|1111| 11 : 11535
==========|1111| 12 : 8585
==========|1111| 13 : 9524
==========|1111| 14 : 10552
==========|1111| 15 : 9521
==========|1111| 16 : 10531
==========|1111| 17 : 9506
==========|1111| 18 : 7997
==========|1111| 19 : 10539
==========|1111| 20 : 8515
==========|1111| 21 : 9516
==========|1111| 22 : 10491
==========|1111| 23 : 9496
==========|1111| 24 : 4528
==========|1111| 25 : 5551
==========|1111| 26 : 10506
==========|1111| 27 : 9515
==========|1111| 28 : 10516
==========|1111| 29 : 9500
==========|1111| 30 : 11502
==========|1111| 31 : 10512
==========|1111| 32 : 9497
==========|1111| 33 : 10504
==========|1111| 34 : 8497
==========|1111| 35 : 9495
==========|1111| 36 : 10514
==========|1111| 37 : 9491
==========|1111| 38 : 10516
==========|1111| 39 : 9558
==========|1111| 40 : 10494
==========|1111| 41 : 9525
==========|1111| 42 : 11490
==========|1111| 43 : 11522
==========|1111| 44 : 11497
==========|1111| 45 : 11532
==========|1111| 46 : 11515
==========|1111| 47 : 10529
==========|1111| 48 : 9528
==========|1111| 49 : 11521
==========|1111| 50 : 10518
==========|1111| 51 : 9504
==========|1111| 52 : 11491
==========|1111| 53 : 11482
==========|1111| 54 : 11501
==========|1111| 55 : 10519
==========|1111| 56 : 9530
==========|1111| 57 : 11501
==========|1111| 58 : 11501
==========|1111| 59 : 11508
==========|1111| 60 : 10623
==========|1111| 61 : 8540
==========|1111| 62 : 9491
==========|1111| 63 : 11485
==========|1111| 64 : 10488
==========|1111| 65 : 9507
==========|1111| 66 : 10494
==========|1111| 67 : 9496
==========|1111| 68 : 11507
==========|1111| 69 : 10513
==========|1111| 70 : 8500
==========|1111| 71 : 9502
==========|1111| 72 : 10483
==========|1111| 73 : 9493
==========|1111| 74 : 11483
==========|1111| 75 : 11493
==========|1111| 76 : 11468
==========|1111| 77 : 5559
==========|1111| 78 : 10500
==========|1111| 79 : 9457
==========|1111| 80 : 10490
==========|1111| 81 : 9495
==========|1111| 82 : 11491
==========|1111| 83 : 10482
==========|1111| 84 : 9486
==========|1111| 85 : 10496
==========|1111| 86 : 9484
==========|1111| 87 : 4512
==========|1111| 88 : 9487
==========|1111| 89 : 11496
==========|1111| 90 : 11489
==========|1111| 91 : 11488
==========|1111| 92 : 11486
==========|1111| 93 : 11494
==========|1111| 94 : 11491
==========|1111| 95 : 11477
==========|1111| 96 : 10471
==========|1111| 97 : 9461
==========|1111| 98 : 10491
==========|1111| 99 : 9460
==========|1111| 100 : 10493
==========|1111| 101 : 8486
==========|1111| 102 : 5472
==========|1111| 103 : 11478
==========|1111| 104 : 11480
==========|1111| 105 : 10495
==========|1111| 106 : 8493
==========|1111| 107 : 5538
==========|1111| 108 : 9462
==========|1111| 109 : 10456
==========|1111| 110 : 9480
==========|1111| 111 : 11484
==========|1111| 112 : 10498
==========|1111| 113 : 8475
==========|1111| 114 : 9489
==========|1111| 115 : 10503
==========|1111| 116 : 7002
==========|1111| 117 : 11464
==========|1111| 118 : 11461
==========|1111| 119 : 11487
==========|1111| 120 : 7972
==========|1111| 121 : 11477
==========|1111| 122 : 11457
==========|1111| 123 : 11485
==========|1111| 124 : 8583
==========|1111| 125 : 9483
==========|1111| 126 : 10478
==========|1111| 127 : 9489
==========|1111| 128 : 8033
==========|1111| 129 : 11474
==========|1111| 130 : 11448
==========|1111| 131 : 11450
==========|1111| 132 : 10437
==========|1111| 133 : 9429
==========|1111| 134 : 10467
==========|1111| 135 : 7027
==========|1111| 136 : 11559
==========|1111| 137 : 10440
==========|1111| 138 : 9464
==========|1111| 139 : 10542
==========|1111| 140 : 4526
==========|1111| 141 : 9540
==========|1111| 142 : 10518
==========|1111| 143 : 9431
==========|1111| 144 : 11465
==========|1111| 145 : 11475
==========|1111| 146 : 10546
==========|1111| 147 : 8541
==========|1111| 148 : 8455
==========|1111| 149 : 8455
==========|1111| 150 : 9458
==========|1111| 151 : 10567
==========|1111| 152 : 9452
==========|1111| 153 : 11550
==========|1111| 154 : 10565
==========|1111| 155 : 9551
==========|1111| 156 : 11548
==========|1111| 157 : 10517
==========|1111| 158 : 9541
==========|1111| 159 : 11535
==========|1111| 160 : 11517
==========|1111| 161 : 11453
==========|1111| 162 : 11552
==========|1111| 163 : 11548
==========|1111| 164 : 11546
==========|1111| 165 : 10552
==========|1111| 166 : 9539
==========|1111| 167 : 10545
==========|1111| 168 : 9540
==========|1111| 169 : 11531
==========|1111| 170 : 11519
==========|1111| 171 : 11513
==========|1111| 172 : 11523
==========|1111| 173 : 10536
==========|1111| 174 : 8545
==========|1111| 175 : 8540
==========|1111| 176 : 9543
==========|1111| 177 : 11544
==========|1111| 178 : 11537
==========|1111| 179 : 11527
==========|1111| 180 : 11534
==========|1111| 181 : 8015
==========|1111| 182 : 11525
==========|1111| 183 : 10532
==========|1111| 184 : 8551
==========|1111| 185 : 9533
==========|1111| 186 : 11538
==========|1111| 187 : 11531
==========|1111| 188 : 11539
==========|1111| 189 : 7984
==========|1111| 190 : 11529
==========|1111| 191 : 10539
==========|1111| 192 : 9535
==========|1111| 193 : 11534
==========|1111| 194 : 10530
==========|1111| 195 : 4530
==========|1111| 196 : 8541
==========|1111| 197 : 9544
==========|1111| 198 : 11530
==========|1111| 199 : 11528
==========|1111| 200 : 10541
==========|1111| 201 : 8536
==========|1111| 202 : 9521
==========|1111| 203 : 10531
==========|1111| 204 : 9519
==========|1111| 205 : 10546
==========|1111| 206 : 8546
==========|1111| 207 : 9534
==========|1111| 208 : 11533
==========|1111| 209 : 10545
==========|1111| 210 : 5516
==========|1111| 211 : 10534
==========|1111| 212 : 8645
==========|1111| 213 : 9525
==========|1111| 214 : 4470
==========|1111| 215 : 9525
==========|1111| 216 : 10506
==========|1111| 217 : 9538
==========|1111| 218 : 11541
==========|1111| 219 : 11535
==========|1111| 220 : 10519
==========|1111| 221 : 9527
==========|1111| 222 : 10526
==========|1111| 223 : 9499
==========|1111| 224 : 10513
==========|1111| 225 : 9488
==========|1111| 226 : 11506
==========|1111| 227 : 11520
==========|1111| 228 : 10516
==========|1111| 229 : 9514
==========|1111| 230 : 11519
==========|1111| 231 : 11498
==========|1111| 232 : 11507
==========|1111| 233 : 10509
==========|1111| 234 : 8483
==========|1111| 235 : 9505
==========|1111| 236 : 11507
==========|1111| 237 : 11487
==========|1111| 238 : 11489
==========|1111| 239 : 10483
==========|1111| 240 : 9499
==========|1111| 241 : 11488
==========|1111| 242 : 10526
==========|1111| 243 : 9501
==========|1111| 244 : 11493
==========|1111| 245 : 10489
==========|1111| 246 : 9492
==========|1111| 247 : 11470
==========|1111| 248 : 11372
==========|1111| 249 : 11497
==========|1111| 250 : 11485
==========|1111| 251 : 10624
==========|1111| 252 : 8488
==========|1111| 253 : 9486
==========|1111| 254 : 5511
==========|1111| 255 : 10512
==========|1111| 256 : 9482
==========|1111| 257 : 11476
==========|1111| 258 : 4532
==========|1111| 259 : 8483
==========|1111| 260 : 5503
==========|1111| 261 : 11508
==========|1111| 262 : 11503
==========|1111| 263 : 10477
==========|1111| 264 : 9475
==========|1111| 265 : 11501
==========|1111| 266 : 10473
==========|1111| 267 : 9490
==========|1111| 268 : 10484
==========|1111| 269 : 8485
==========|1111| 270 : 8515
==========|1111| 271 : 9484
==========|1111| 272 : 4489
==========|1111| 273 : 5501
==========|1111| 274 : 10479
==========|1111| 275 : 8481
==========|1111| 276 : 4534
==========|1111| 277 : 9471
==========|1111| 278 : 11495
==========|1111| 279 : 11473
==========|1111| 280 : 11619
==========|1111| 281 : 10490
==========|1111| 282 : 9464
==========|1111| 283 : 11465
==========|1111| 284 : 10465
==========|1111| 285 : 9355
==========|1111| 286 : 10461
==========|1111| 287 : 8459
==========|1111| 288 : 5504
==========|1111| 289 : 10467
==========|1111| 290 : 8488
==========|1111| 291 : 9505
==========|1111| 292 : 11514
==========|1111| 293 : 4483
==========|1111| 294 : 9477
==========|1111| 295 : 11484
==========|1111| 296 : 11481
==========|1111| 297 : 10468
==========|1111| 298 : 9464
==========|1111| 299 : 11462
==========|1111| 300 : 11498
==========|1111| 301 : 11478
==========|1111| 302 : 11477
==========|1111| 303 : 11586
==========|1111| 304 : 11486
==========|1111| 305 : 4508
==========|1111| 306 : 9489
==========|1111| 307 : 10478
==========|1111| 308 : 9470
==========|1111| 309 : 10471
==========|1111| 310 : 8498
==========|1111| 311 : 5495
==========|1111| 312 : 11454
==========|1111| 313 : 10451
==========|1111| 314 : 9450
==========|1111| 315 : 5509
==========|1111| 316 : 10466
==========|1111| 317 : 8476
==========|1111| 318 : 9459
==========|1111| 319 : 10479
==========|1111| 320 : 8468
==========|1111| 321 : 8456
==========|1111| 322 : 9447
==========|1111| 323 : 10451
==========|1111| 324 : 9441
==========|1111| 325 : 10454
==========|1111| 326 : 5518
==========|1111| 327 : 10486
==========|1111| 328 : 9456
==========|1111| 329 : 11440
==========|1111| 330 : 11489
==========|1111| 331 : 11437
==========|1111| 332 : 11450
==========|1111| 333 : 11462
==========|1111| 334 : 10472
==========|1111| 335 : 9461
==========|1111| 336 : 11461
==========|1111| 337 : 10450
==========|1111| 338 : 8454
==========|1111| 339 : 8434
==========|1111| 340 : 8481
==========|1111| 341 : 9522
==========|1111| 342 : 11475
==========|1111| 343 : 10472
==========|1111| 344 : 8477
==========|1111| 345 : 8438
==========|1111| 346 : 8477
==========|1111| 347 : 8478
==========|1111| 348 : 9478
==========|1111| 349 : 11464
==========|1111| 350 : 10483
==========|1111| 351 : 8445
==========|1111| 352 : 8471
==========|1111| 353 : 8440
==========|1111| 354 : 8435
==========|1111| 355 : 9474
==========|1111| 356 : 11466
==========|1111| 357 : 10472
==========|1111| 358 : 9466
==========|1111| 359 : 10467
==========|1111| 360 : 9448
==========|1111| 361 : 11436
==========|1111| 362 : 11443
==========|1111| 363 : 10432
==========|1111| 364 : 9451
==========|1111| 365 : 11572
==========|1111| 366 : 11433
==========|1111| 367 : 11439
==========|1111| 368 : 10485
==========|1111| 369 : 8494
==========|1111| 370 : 8547
==========|1111| 371 : 8549
==========|1111| 372 : 5493
==========|1111| 373 : 8554
==========|1111| 374 : 9456
==========|1111| 375 : 10556
==========|1111| 376 : 5504
==========|1111| 377 : 9434
==========|1111| 378 : 11559
==========|1111| 379 : 11550
==========|1111| 380 : 10554
==========|1111| 381 : 9555
==========|1111| 382 : 10540
==========|1111| 383 : 5533
==========|1111| 384 : 10558
==========|1111| 385 : 9547
==========|1111| 386 : 11573
==========|1111| 387 : 11566
==========|1111| 388 : 10565
==========|1111| 389 : 9573
==========|1111| 390 : 8582
==========|1111| 391 : 5518
==========|1111| 392 : 9572
==========|1111| 393 : 10552
==========|1111| 394 : 8539
==========|1111| 395 : 8561
==========|1111| 396 : 9564
==========|1111| 397 : 8011
==========|1111| 398 : 11550
==========|1111| 399 : 11560
==========|1111| 400 : 11564
==========|1111| 401 : 11550
==========|1111| 402 : 11556
==========|1111| 403 : 11555
==========|1111| 404 : 11572
==========|1111| 405 : 10538
==========|1111| 406 : 8577
==========|1111| 407 : 11566
==========|1111| 408 : 11549
==========|1111| 409 : 10560
==========|1111| 410 : 8530
==========|1111| 411 : 9553
==========|1111| 412 : 11551
==========|1111| 413 : 11567
==========|1111| 414 : 11542
==========|1111| 415 : 10546
==========|1111| 416 : 7005
==========|1111| 417 : 11545
==========|1111| 418 : 10557
==========|1111| 419 : 9545
==========|1111| 420 : 11557
==========|1111| 421 : 10556
==========|1111| 422 : 9519
==========|1111| 423 : 11546
==========|1111| 424 : 10548
==========|1111| 425 : 9551
==========|1111| 426 : 11553
==========|1111| 427 : 11524
==========|1111| 428 : 10550
==========|1111| 429 : 8539
==========|1111| 430 : 8530
==========|1111| 431 : 9536
==========|1111| 432 : 11518
==========|1111| 433 : 5509
==========|1111| 434 : 10527
==========|1111| 435 : 9529
==========|1111| 436 : 10527
==========|1111| 437 : 9508
==========|1111| 438 : 10522
==========|1111| 439 : 8530
==========|1111| 440 : 9533
==========|1111| 441 : 10537
==========|1111| 442 : 8507
==========|1111| 443 : 9544
==========|1111| 444 : 11546
==========|1111| 445 : 4516
==========|1111| 446 : 9525
==========|1111| 447 : 4493
==========|1111| 448 : 8528
==========|1111| 449 : 9532
==========|1111| 450 : 11540
==========|1111| 451 : 10527
==========|1111| 452 : 8489
==========|1111| 453 : 8533
==========|1111| 454 : 9510
==========|1111| 455 : 10515
==========|1111| 456 : 9520
==========|1111| 457 : 11522
==========|1111| 458 : 11517
==========|1111| 459 : 11519
==========|1111| 460 : 11510
==========|1111| 461 : 11533
==========|1111| 462 : 10509
==========|1111| 463 : 8526
==========|1111| 464 : 8517
==========|1111| 465 : 8536
==========|1111| 466 : 6998
==========|1111| 467 : 11531
==========|1111| 468 : 11521
==========|1111| 469 : 10523
==========|1111| 470 : 8510
==========|1111| 471 : 9513
==========|1111| 472 : 10521
==========|1111| 473 : 8513
==========|1111| 474 : 9526
==========|1111| 475 : 5503
==========|1111| 476 : 5518
==========|1111| 477 : 10502
==========|1111| 478 : 9518
==========|1111| 479 : 10500
==========|1111| 480 : 8505
==========|1111| 481 : 9510
==========|1111| 482 : 11510
==========|1111| 483 : 11506
==========|1111| 484 : 10521
==========|1111| 485 : 8511
==========|1111| 486 : 9512
==========|1111| 487 : 11526
==========|1111| 488 : 10508
==========|1111| 489 : 9526
==========|1111| 490 : 10511
==========|1111| 491 : 9520
==========|1111| 492 : 10497
==========|1111| 493 : 8492
==========|1111| 494 : 8520
==========|1111| 495 : 9513
==========|1111| 496 : 11518
==========|1111| 497 : 11505
==========|1111| 498 : 5511
==========|1111| 499 : 11509
