==========|1111| 0 : 11525
==========|1111| 1 : 8498
==========|1111| 2 : 11522
==========|1111| 3 : 8495
==========|1111| 4 : 8513
==========|1111| 5 : 8517
==========|1111| 6 : 11516
==========|1111| 7 : 8506
==========|1111| 8 : 8500
==========|1111| 9 : 8493
==========|1111| 10 : 8496
==========|1111| 11 : 8499
==========|1111| 12 : 8520
==========|1111| 13 : 8508
==========|1111| 14 : 8493
==========|1111| 15 : 8527
==========|1111| 16 : 8618
==========|1111| 17 : 8508
==========|1111| 18 : 11516
==========|1111| 19 : 11517
==========|1111| 20 : 11520
==========|1111| 21 : 11514
==========|1111| 22 : 8527
==========|1111| 23 : 8506
==========|1111| 24 : 8493
==========|1111| 25 : 8509
==========|1111| 26 : 8507
==========|1111| 27 : 11508
==========|1111| 28 : 5990
==========|1111| 29 : 5996
==========|1111| 30 : 8507
==========|1111| 31 : 8504
==========|1111| 32 : 8505
==========|1111| 33 : 8502
==========|1111| 34 : 8511
==========|1111| 35 : 8515
==========|1111| 36 : 6021
==========|1111| 37 : 5999
==========|1111| 38 : 8474
==========|1111| 39 : 8496
==========|1111| 40 : 4500
==========|1111| 41 : 8002
==========|1111| 42 : 8510
==========|1111| 43 : 11496
==========|1111| 44 : 8523
==========|1111| 45 : 8494
==========|1111| 46 : 8498
==========|1111| 47 : 8499
==========|1111| 48 : 8496
==========|1111| 49 : 8506
==========|1111| 50 : 8512
==========|1111| 51 : 8506
==========|1111| 52 : 8502
==========|1111| 53 : 8494
==========|1111| 54 : 8515
==========|1111| 55 : 4514
==========|1111| 56 : 6017
==========|1111| 57 : 6018
==========|1111| 58 : 11502
==========|1111| 59 : 8515
==========|1111| 60 : 8498
==========|1111| 61 : 8510
==========|1111| 62 : 8511
==========|1111| 63 : 8486
==========|1111| 64 : 8507
==========|1111| 65 : 11515
==========|1111| 66 : 8024
==========|1111| 67 : 11500
==========|1111| 68 : 8498
==========|1111| 69 : 8012
==========|1111| 70 : 8503
==========|1111| 71 : 8508
==========|1111| 72 : 11506
==========|1111| 73 : 5957
==========|1111| 74 : 8489
==========|1111| 75 : 8401
==========|1111| 76 : 8489
==========|1111| 77 : 8496
==========|1111| 78 : 8481
==========|1111| 79 : 8489
==========|1111| 80 : 4519
==========|1111| 81 : 8484
==========|1111| 82 : 8487
==========|1111| 83 : 8475
==========|1111| 84 : 8496
==========|1111| 85 : 8486
==========|1111| 86 : 8493
==========|1111| 87 : 11501
==========|1111| 88 : 8477
==========|1111| 89 : 8490
==========|1111| 90 : 8408
==========|1111| 91 : 11489
==========|1111| 92 : 8501
==========|1111| 93 : 8469
==========|1111| 94 : 8476
==========|1111| 95 : 8486
==========|1111| 96 : 6019
==========|1111| 97 : 8464
==========|1111| 98 : 8463
==========|1111| 99 : 11485
==========|1111| 100 : 4498
==========|1111| 101 : 8489
==========|1111| 102 : 8477
==========|1111| 103 : 8007
==========|1111| 104 : 11479
==========|1111| 105 : 5994
==========|1111| 106 : 8475
==========|1111| 107 : 8573
==========|1111| 108 : 8476
==========|1111| 109 : 8479
==========|1111| 110 : 8453
==========|1111| 111 : 11486
==========|1111| 112 : 8474
==========|1111| 113 : 8468
==========|1111| 114 : 11478
==========|1111| 115 : 11470
==========|1111| 116 : 8472
==========|1111| 117 : 8475
==========|1111| 118 : 8455
==========|1111| 119 : 8469
==========|1111| 120 : 8457
==========|1111| 121 : 8471
==========|1111| 122 : 8565
==========|1111| 123 : 11490
==========|1111| 124 : 8459
==========|1111| 125 : 8477
==========|1111| 126 : 11575
==========|1111| 127 : 8564
==========|1111| 128 : 8451
==========|1111| 129 : 8537
==========|1111| 130 : 8565
==========|1111| 131 : 11480
==========|1111| 132 : 8575
==========|1111| 133 : 4496
==========|1111| 134 : 11569
==========|1111| 135 : 11578
==========|1111| 136 : 8579
==========|1111| 137 : 8654
==========|1111| 138 : 8470
==========|1111| 139 : 8557
==========|1111| 140 : 11477
==========|1111| 141 : 8570
==========|1111| 142 : 11475
==========|1111| 143 : 8532
==========|1111| 144 : 8540
==========|1111| 145 : 11574
==========|1111| 146 : 6035
==========|1111| 147 : 5993
==========|1111| 148 : 8551
==========|1111| 149 : 8555
==========|1111| 150 : 4500
==========|1111| 151 : 8562
==========|1111| 152 : 8560
==========|1111| 153 : 8000
==========|1111| 154 : 8560
==========|1111| 155 : 8565
==========|1111| 156 : 8557
==========|1111| 157 : 8552
==========|1111| 158 : 8523
==========|1111| 159 : 8559
==========|1111| 160 : 8516
==========|1111| 161 : 8531
==========|1111| 162 : 8541
==========|1111| 163 : 8531
==========|1111| 164 : 8544
==========|1111| 165 : 11566
==========|1111| 166 : 8551
==========|1111| 167 : 8657
==========|1111| 168 : 8544
==========|1111| 169 : 4520
==========|1111| 170 : 8552
==========|1111| 171 : 11554
==========|1111| 172 : 8552
==========|1111| 173 : 8521
==========|1111| 174 : 8543
==========|1111| 175 : 8540
==========|1111| 176 : 8553
==========|1111| 177 : 11545
==========|1111| 178 : 8529
==========|1111| 179 : 11561
==========|1111| 180 : 8540
==========|1111| 181 : 4509
==========|1111| 182 : 11560
==========|1111| 183 : 8540
==========|1111| 184 : 8538
==========|1111| 185 : 8545
==========|1111| 186 : 11555
==========|1111| 187 : 8530
==========|1111| 188 : 8524
==========|1111| 189 : 8542
==========|1111| 190 : 6016
==========|1111| 191 : 8549
==========|1111| 192 : 8544
==========|1111| 193 : 8522
==========|1111| 194 : 11544
==========|1111| 195 : 8552
==========|1111| 196 : 4502
==========|1111| 197 : 8533
==========|1111| 198 : 8636
==========|1111| 199 : 8554
==========|1111| 200 : 8552
==========|1111| 201 : 8540
==========|1111| 202 : 11539
==========|1111| 203 : 5969
==========|1111| 204 : 8553
==========|1111| 205 : 8544
==========|1111| 206 : 8515
==========|1111| 207 : 8523
==========|1111| 208 : 8512
==========|1111| 209 : 8528
==========|1111| 210 : 8538
==========|1111| 211 : 8523
==========|1111| 212 : 8520
==========|1111| 213 : 8495
==========|1111| 214 : 8526
==========|1111| 215 : 6007
==========|1111| 216 : 8525
==========|1111| 217 : 8517
==========|1111| 218 : 8512
==========|1111| 219 : 8542
==========|1111| 220 : 11517
==========|1111| 221 : 8516
==========|1111| 222 : 8515
==========|1111| 223 : 8511
==========|1111| 224 : 8536
==========|1111| 225 : 8528
==========|1111| 226 : 8502
==========|1111| 227 : 8516
==========|1111| 228 : 8612
==========|1111| 229 : 11534
==========|1111| 230 : 8534
==========|1111| 231 : 8522
==========|1111| 232 : 8520
==========|1111| 233 : 8499
==========|1111| 234 : 8509
==========|1111| 235 : 8512
==========|1111| 236 : 11519
==========|1111| 237 : 8521
==========|1111| 238 : 8484
==========|1111| 239 : 8519
==========|1111| 240 : 8518
==========|1111| 241 : 6016
==========|1111| 242 : 8513
==========|1111| 243 : 8521
==========|1111| 244 : 8517
==========|1111| 245 : 8515
==========|1111| 246 : 8504
==========|1111| 247 : 8512
==========|1111| 248 : 8500
==========|1111| 249 : 6010
==========|1111| 250 : 11515
==========|1111| 251 : 8507
==========|1111| 252 : 8519
==========|1111| 253 : 8493
==========|1111| 254 : 6021
==========|1111| 255 : 8520
==========|1111| 256 : 11523
==========|1111| 257 : 8503
==========|1111| 258 : 8584
==========|1111| 259 : 8506
==========|1111| 260 : 11504
==========|1111| 261 : 8508
==========|1111| 262 : 8512
==========|1111| 263 : 5992
==========|1111| 264 : 8504
==========|1111| 265 : 8515
==========|1111| 266 : 8519
==========|1111| 267 : 11528
==========|1111| 268 : 8491
==========|1111| 269 : 8492
==========|1111| 270 : 8508
==========|1111| 271 : 8494
==========|1111| 272 : 11484
==========|1111| 273 : 8477
==========|1111| 274 : 8488
==========|1111| 275 : 6007
==========|1111| 276 : 8506
==========|1111| 277 : 8508
==========|1111| 278 : 11502
==========|1111| 279 : 11495
==========|1111| 280 : 8508
==========|1111| 281 : 6000
==========|1111| 282 : 8495
==========|1111| 283 : 8482
==========|1111| 284 : 11499
==========|1111| 285 : 8498
==========|1111| 286 : 8506
==========|1111| 287 : 11498
==========|1111| 288 : 8465
==========|1111| 289 : 8587
==========|1111| 290 : 11517
==========|1111| 291 : 8498
==========|1111| 292 : 8498
==========|1111| 293 : 11501
==========|1111| 294 : 8500
==========|1111| 295 : 11503
==========|1111| 296 : 8510
==========|1111| 297 : 8479
==========|1111| 298 : 8463
==========|1111| 299 : 8487
==========|1111| 300 : 8484
==========|1111| 301 : 8473
==========|1111| 302 : 11484
==========|1111| 303 : 8473
==========|1111| 304 : 11484
==========|1111| 305 : 8496
==========|1111| 306 : 8467
==========|1111| 307 : 8467
==========|1111| 308 : 8458
==========|1111| 309 : 8476
==========|1111| 310 : 8498
==========|1111| 311 : 5996
==========|1111| 312 : 8486
==========|1111| 313 : 8473
==========|1111| 314 : 8490
==========|1111| 315 : 8493
==========|1111| 316 : 8484
==========|1111| 317 : 8479
==========|1111| 318 : 8467
==========|1111| 319 : 8472
==========|1111| 320 : 8482
==========|1111| 321 : 11496
==========|1111| 322 : 8470
==========|1111| 323 : 8463
==========|1111| 324 : 8481
==========|1111| 325 : 8483
==========|1111| 326 : 8494
==========|1111| 327 : 11491
==========|1111| 328 : 8477
==========|1111| 329 : 11485
==========|1111| 330 : 8480
==========|1111| 331 : 11489
==========|1111| 332 : 8475
==========|1111| 333 : 8467
==========|1111| 334 : 8409
==========|1111| 335 : 11483
==========|1111| 336 : 8483
==========|1111| 337 : 8488
==========|1111| 338 : 8469
==========|1111| 339 : 8473
==========|1111| 340 : 8463
==========|1111| 341 : 8460
==========|1111| 342 : 8472
==========|1111| 343 : 5984
==========|1111| 344 : 11477
==========|1111| 345 : 8481
==========|1111| 346 : 8481
==========|1111| 347 : 8474
==========|1111| 348 : 8456
==========|1111| 349 : 8475
==========|1111| 350 : 8459
==========|1111| 351 : 11483
==========|1111| 352 : 8466
==========|1111| 353 : 5997
==========|1111| 354 : 8451
==========|1111| 355 : 11465
==========|1111| 356 : 8472
==========|1111| 357 : 8551
==========|1111| 358 : 4493
==========|1111| 359 : 8469
==========|1111| 360 : 4502
==========|1111| 361 : 8574
==========|1111| 362 : 8459
==========|1111| 363 : 11572
==========|1111| 364 : 11466
==========|1111| 365 : 8458
==========|1111| 366 : 8547
==========|1111| 367 : 8555
==========|1111| 368 : 8455
==========|1111| 369 : 8457
==========|1111| 370 : 11556
==========|1111| 371 : 8487
==========|1111| 372 : 8563
==========|1111| 373 : 8550
==========|1111| 374 : 8551
==========|1111| 375 : 11562
==========|1111| 376 : 6012
==========|1111| 377 : 8575
==========|1111| 378 : 5987
==========|1111| 379 : 8566
==========|1111| 380 : 8563
==========|1111| 381 : 11549
==========|1111| 382 : 8548
==========|1111| 383 : 8521
==========|1111| 384 : 8566
==========|1111| 385 : 8559
==========|1111| 386 : 8563
==========|1111| 387 : 8556
==========|1111| 388 : 5981
==========|1111| 389 : 11549
==========|1111| 390 : 11559
==========|1111| 391 : 11545
==========|1111| 392 : 11537
==========|1111| 393 : 7990
==========|1111| 394 : 8573
==========|1111| 395 : 8558
==========|1111| 396 : 8554
==========|1111| 397 : 4516
==========|1111| 398 : 11559
==========|1111| 399 : 8556
==========|1111| 400 : 11555
==========|1111| 401 : 11559
==========|1111| 402 : 8557
==========|1111| 403 : 5965
==========|1111| 404 : 8557
==========|1111| 405 : 8556
==========|1111| 406 : 8006
==========|1111| 407 : 8552
==========|1111| 408 : 8530
==========|1111| 409 : 8532
==========|1111| 410 : 11533
==========|1111| 411 : 4534
==========|1111| 412 : 8542
==========|1111| 413 : 4490
==========|1111| 414 : 11553
==========|1111| 415 : 8547
==========|1111| 416 : 4520
==========|1111| 417 : 8535
==========|1111| 418 : 8515
==========|1111| 419 : 8537
==========|1111| 420 : 8533
==========|1111| 421 : 8537
==========|1111| 422 : 8544
==========|1111| 423 : 8536
==========|1111| 424 : 8530
==========|1111| 425 : 8527
==========|1111| 426 : 8540
==========|1111| 427 : 8530
==========|1111| 428 : 8528
==========|1111| 429 : 4524
==========|1111| 430 : 8534
==========|1111| 431 : 8543
==========|1111| 432 : 8548
==========|1111| 433 : 8523
==========|1111| 434 : 8553
==========|1111| 435 : 8543
==========|1111| 436 : 4538
==========|1111| 437 : 8535
==========|1111| 438 : 11531
==========|1111| 439 : 8514
==========|1111| 440 : 8515
==========|1111| 441 : 8522
==========|1111| 442 : 8506
==========|1111| 443 : 8509
==========|1111| 444 : 8521
==========|1111| 445 : 8535
==========|1111| 446 : 8522
==========|1111| 447 : 11518
==========|1111| 448 : 11515
==========|1111| 449 : 8515
==========|1111| 450 : 8517
==========|1111| 451 : 8517
==========|1111| 452 : 11533
==========|1111| 453 : 8509
==========|1111| 454 : 8535
==========|1111| 455 : 8535
==========|1111| 456 : 8520
==========|1111| 457 : 8524
==========|1111| 458 : 8530
==========|1111| 459 : 8517
==========|1111| 460 : 8533
==========|1111| 461 : 8534
==========|1111| 462 : 8532
==========|1111| 463 : 8498
==========|1111| 464 : 11519
==========|1111| 465 : 4516
==========|1111| 466 : 8517
==========|1111| 467 : 8501
==========|1111| 468 : 8510
==========|1111| 469 : 8502
==========|1111| 470 : 8497
==========|1111| 471 : 8523
==========|1111| 472 : 11519
==========|1111| 473 : 8514
==========|1111| 474 : 6015
==========|1111| 475 : 8531
==========|1111| 476 : 8506
==========|1111| 477 : 11515
==========|1111| 478 : 11510
==========|1111| 479 : 8514
==========|1111| 480 : 8522
==========|1111| 481 : 8506
==========|1111| 482 : 8515
==========|1111| 483 : 11506
==========|1111| 484 : 8014
==========|1111| 485 : 6013
==========|1111| 486 : 8517
==========|1111| 487 : 11510
==========|1111| 488 : 11516
==========|1111| 489 : 8510
==========|1111| 490 : 11509
==========|1111| 491 : 8496
==========|1111| 492 : 8501
==========|1111| 493 : 8498
==========|1111| 494 : 11507
==========|1111| 495 : 8498
==========|1111| 496 : 6024
==========|1111| 497 : 11515
==========|1111| 498 : 8496
==========|1111| 499 : 8493