==========|1111| 0 : 4094
==========|1111| 1 : 4830
==========|1111| 2 : 4094
==========|1111| 3 : 4799
==========|1111| 4 : 4094
==========|1111| 5 : 4094
==========|1111| 6 : 4889
==========|1111| 7 : 4912
==========|1111| 8 : 4095
==========|1111| 9 : 4095
==========|1111| 10 : 4095
==========|1111| 11 : 4906
==========|1111| 12 : 4096
==========|1111| 13 : 4095
==========|1111| 14 : 4941
==========|1111| 15 : 4949
==========|1111| 16 : 4095
==========|1111| 17 : 4095
==========|1111| 18 : 4095
==========|1111| 19 : 4095
==========|1111| 20 : 4897
==========|1111| 21 : 4870
==========|1111| 22 : 4095
==========|1111| 23 : 4094
==========|1111| 24 : 4845
==========|1111| 25 : 4094
==========|1111| 26 : 4095
==========|1111| 27 : 4095
==========|1111| 28 : 4095
==========|1111| 29 : 4094
==========|1111| 30 : 4095
==========|1111| 31 : 4094
==========|1111| 32 : 4835
==========|1111| 33 : 4822
==========|1111| 34 : 4094
==========|1111| 35 : 4095
==========|1111| 36 : 4094
==========|1111| 37 : 4806
==========|1111| 38 : 4094
==========|1111| 39 : 4803
==========|1111| 40 : 4814
==========|1111| 41 : 4806
==========|1111| 42 : 4095
==========|1111| 43 : 4096
==========|1111| 44 : 4094
==========|1111| 45 : 4095
==========|1111| 46 : 4094
==========|1111| 47 : 4809
==========|1111| 48 : 4094
==========|1111| 49 : 4888
==========|1111| 50 : 4094
==========|1111| 51 : 4094
==========|1111| 52 : 4094
==========|1111| 53 : 4888
==========|1111| 54 : 4094
==========|1111| 55 : 4094
==========|1111| 56 : 4095
==========|1111| 57 : 4094
==========|1111| 58 : 4095
==========|1111| 59 : 4094
==========|1111| 60 : 4095
==========|1111| 61 : 4095
==========|1111| 62 : 4094
==========|1111| 63 : 4094
==========|1111| 64 : 4094
==========|1111| 65 : 4094
==========|1111| 66 : 4874
==========|1111| 67 : 4861
==========|1111| 68 : 4862
==========|1111| 69 : 4095
==========|1111| 70 : 4095
==========|1111| 71 : 4847
==========|1111| 72 : 4095
==========|1111| 73 : 4095
==========|1111| 74 : 4095
==========|1111| 75 : 4808
==========|1111| 76 : 4850
==========|1111| 77 : 4879
==========|1111| 78 : 4095
==========|1111| 79 : 4850
==========|1111| 80 : 4840
==========|1111| 81 : 4095
==========|1111| 82 : 4821
==========|1111| 83 : 4095
==========|1111| 84 : 4094
==========|1111| 85 : 4889
==========|1111| 86 : 4813
==========|1111| 87 : 4094
==========|1111| 88 : 4095
==========|1111| 89 : 4095
==========|1111| 90 : 4095
==========|1111| 91 : 4901
==========|1111| 92 : 4922
==========|1111| 93 : 4902
==========|1111| 94 : 4094
==========|1111| 95 : 4095
==========|1111| 96 : 4875
==========|1111| 97 : 4887
==========|1111| 98 : 4966
==========|1111| 99 : 4094
==========|1111| 100 : 4095
==========|1111| 101 : 4899
==========|1111| 102 : 4094
==========|1111| 103 : 4094
==========|1111| 104 : 4856
==========|1111| 105 : 4094
==========|1111| 106 : 4094
==========|1111| 107 : 4882
==========|1111| 108 : 4094
==========|1111| 109 : 4094
==========|1111| 110 : 4094
==========|1111| 111 : 4095
==========|1111| 112 : 4858
==========|1111| 113 : 4868
==========|1111| 114 : 4094
==========|1111| 115 : 4094
==========|1111| 116 : 4857
==========|1111| 117 : 4095
==========|1111| 118 : 4094
==========|1111| 119 : 4095
==========|1111| 120 : 4831
==========|1111| 121 : 4094
==========|1111| 122 : 4860
==========|1111| 123 : 4095
==========|1111| 124 : 4863
==========|1111| 125 : 4095
==========|1111| 126 : 4094
==========|1111| 127 : 4095
==========|1111| 128 : 4880
==========|1111| 129 : 4822
==========|1111| 130 : 4095
==========|1111| 131 : 4808
==========|1111| 132 : 4908
==========|1111| 133 : 4908
==========|1111| 134 : 4899
==========|1111| 135 : 4095
==========|1111| 136 : 4913
==========|1111| 137 : 4095
==========|1111| 138 : 4977
==========|1111| 139 : 4095
==========|1111| 140 : 4095
==========|1111| 141 : 4903
==========|1111| 142 : 4095
==========|1111| 143 : 4923
==========|1111| 144 : 4095
==========|1111| 145 : 4095
==========|1111| 146 : 4866
==========|1111| 147 : 4095
==========|1111| 148 : 4095
==========|1111| 149 : 4871
==========|1111| 150 : 4873
==========|1111| 151 : 4873
==========|1111| 152 : 4858
==========|1111| 153 : 4094
==========|1111| 154 : 4879
==========|1111| 155 : 4094
==========|1111| 156 : 4095
==========|1111| 157 : 4855
==========|1111| 158 : 4863
==========|1111| 159 : 4868
==========|1111| 160 : 4094
==========|1111| 161 : 4095
==========|1111| 162 : 4094
==========|1111| 163 : 4844
==========|1111| 164 : 4873
==========|1111| 165 : 4094
==========|1111| 166 : 4844
==========|1111| 167 : 4867
==========|1111| 168 : 4095
==========|1111| 169 : 4095
==========|1111| 170 : 4094
==========|1111| 171 : 4095
==========|1111| 172 : 4094
==========|1111| 173 : 4094
==========|1111| 174 : 4868
==========|1111| 175 : 4873
==========|1111| 176 : 4869
==========|1111| 177 : 4094
==========|1111| 178 : 4094
==========|1111| 179 : 4977
==========|1111| 180 : 4893
==========|1111| 181 : 4095
==========|1111| 182 : 4094
==========|1111| 183 : 4095
==========|1111| 184 : 4094
==========|1111| 185 : 4094
==========|1111| 186 : 4094
==========|1111| 187 : 4095
==========|1111| 188 : 4094
==========|1111| 189 : 4905
==========|1111| 190 : 4094
==========|1111| 191 : 4858
==========|1111| 192 : 4851
==========|1111| 193 : 4094
==========|1111| 194 : 4094
==========|1111| 195 : 4095
==========|1111| 196 : 4095
==========|1111| 197 : 4095
==========|1111| 198 : 4864
==========|1111| 199 : 4870
==========|1111| 200 : 4095
==========|1111| 201 : 4095
==========|1111| 202 : 4095
==========|1111| 203 : 4095
==========|1111| 204 : 4847
==========|1111| 205 : 4095
==========|1111| 206 : 4843
==========|1111| 207 : 4095
==========|1111| 208 : 4095
==========|1111| 209 : 4830
==========|1111| 210 : 4827
==========|1111| 211 : 4848
==========|1111| 212 : 4859
==========|1111| 213 : 4095
==========|1111| 214 : 4095
==========|1111| 215 : 4094
==========|1111| 216 : 4827
==========|1111| 217 : 4894
==========|1111| 218 : 4094
==========|1111| 219 : 4095
==========|1111| 220 : 4094
==========|1111| 221 : 4095
==========|1111| 222 : 4792
==========|1111| 223 : 4094
==========|1111| 224 : 4095
==========|1111| 225 : 4878
==========|1111| 226 : 4094
==========|1111| 227 : 4899
==========|1111| 228 : 4094
==========|1111| 229 : 4095
==========|1111| 230 : 4094
==========|1111| 231 : 4859
==========|1111| 232 : 4094
==========|1111| 233 : 4852
==========|1111| 234 : 4888
==========|1111| 235 : 4095
==========|1111| 236 : 4095
==========|1111| 237 : 4874
==========|1111| 238 : 4094
==========|1111| 239 : 4094
==========|1111| 240 : 4847
==========|1111| 241 : 4094
==========|1111| 242 : 4094
==========|1111| 243 : 4849
==========|1111| 244 : 4841
==========|1111| 245 : 4955
==========|1111| 246 : 4874
==========|1111| 247 : 4876
==========|1111| 248 : 4094
==========|1111| 249 : 4816
==========|1111| 250 : 4094
==========|1111| 251 : 4834
==========|1111| 252 : 4095
==========|1111| 253 : 4094
==========|1111| 254 : 4094
==========|1111| 255 : 4094
==========|1111| 256 : 4094
==========|1111| 257 : 4818
==========|1111| 258 : 4095
==========|1111| 259 : 4094
==========|1111| 260 : 4095
==========|1111| 261 : 4094
==========|1111| 262 : 4095
==========|1111| 263 : 4094
==========|1111| 264 : 4800
==========|1111| 265 : 4789
==========|1111| 266 : 4094
==========|1111| 267 : 4095
==========|1111| 268 : 4095
==========|1111| 269 : 4095
==========|1111| 270 : 4095
==========|1111| 271 : 4095
==========|1111| 272 : 4095
==========|1111| 273 : 4095
==========|1111| 274 : 4095
==========|1111| 275 : 4095
==========|1111| 276 : 4881
==========|1111| 277 : 4095
==========|1111| 278 : 4095
==========|1111| 279 : 4095
==========|1111| 280 : 4095
==========|1111| 281 : 4889
==========|1111| 282 : 4095
==========|1111| 283 : 4095
==========|1111| 284 : 4095
==========|1111| 285 : 4850
==========|1111| 286 : 4094
==========|1111| 287 : 4094
==========|1111| 288 : 4844
==========|1111| 289 : 4845
==========|1111| 290 : 4094
==========|1111| 291 : 4096
==========|1111| 292 : 4094
==========|1111| 293 : 4095
==========|1111| 294 : 4094
==========|1111| 295 : 4814
==========|1111| 296 : 4094
==========|1111| 297 : 4817
==========|1111| 298 : 4850
==========|1111| 299 : 4095
==========|1111| 300 : 4835
==========|1111| 301 : 4094
==========|1111| 302 : 4851
==========|1111| 303 : 4094
==========|1111| 304 : 4094
==========|1111| 305 : 4094
==========|1111| 306 : 4094
==========|1111| 307 : 4094
==========|1111| 308 : 4095
==========|1111| 309 : 4094
==========|1111| 310 : 4095
==========|1111| 311 : 4798
==========|1111| 312 : 4794
==========|1111| 313 : 4094
==========|1111| 314 : 4095
==========|1111| 315 : 4094
==========|1111| 316 : 4094
==========|1111| 317 : 4772
==========|1111| 318 : 4094
==========|1111| 319 : 4094
==========|1111| 320 : 4907
==========|1111| 321 : 4094
==========|1111| 322 : 4895
==========|1111| 323 : 4905
==========|1111| 324 : 4870
==========|1111| 325 : 4095
==========|1111| 326 : 4094
==========|1111| 327 : 4095
==========|1111| 328 : 4854
==========|1111| 329 : 4095
==========|1111| 330 : 4860
==========|1111| 331 : 4832
==========|1111| 332 : 4867
==========|1111| 333 : 4095
==========|1111| 334 : 4094
==========|1111| 335 : 4095
==========|1111| 336 : 4830
==========|1111| 337 : 4095
==========|1111| 338 : 4095
==========|1111| 339 : 4837
==========|1111| 340 : 4851
==========|1111| 341 : 4095
==========|1111| 342 : 4095
==========|1111| 343 : 4095
==========|1111| 344 : 4095
==========|1111| 345 : 4845
==========|1111| 346 : 4809
==========|1111| 347 : 4802
==========|1111| 348 : 4803
==========|1111| 349 : 4795
==========|1111| 350 : 4095
==========|1111| 351 : 4095
==========|1111| 352 : 4094
==========|1111| 353 : 4094
==========|1111| 354 : 4094
==========|1111| 355 : 4095
==========|1111| 356 : 4094
==========|1111| 357 : 4095
==========|1111| 358 : 4762
==========|1111| 359 : 4769
==========|1111| 360 : 4094
==========|1111| 361 : 4095
==========|1111| 362 : 4094
==========|1111| 363 : 4884
==========|1111| 364 : 4094
==========|1111| 365 : 4094
==========|1111| 366 : 4869
==========|1111| 367 : 4094
==========|1111| 368 : 4095
==========|1111| 369 : 4835
==========|1111| 370 : 4848
==========|1111| 371 : 4879
==========|1111| 372 : 4856
==========|1111| 373 : 4094
==========|1111| 374 : 4095
==========|1111| 375 : 4854
==========|1111| 376 : 4094
==========|1111| 377 : 4807
==========|1111| 378 : 4094
==========|1111| 379 : 4834
==========|1111| 380 : 4094
==========|1111| 381 : 4094
==========|1111| 382 : 4835
==========|1111| 383 : 4094
==========|1111| 384 : 4094
==========|1111| 385 : 4807
==========|1111| 386 : 4094
==========|1111| 387 : 4094
==========|1111| 388 : 4094
==========|1111| 389 : 4831
==========|1111| 390 : 4822
==========|1111| 391 : 4803
==========|1111| 392 : 4094
==========|1111| 393 : 4850
==========|1111| 394 : 4795
==========|1111| 395 : 4785
==========|1111| 396 : 4095
==========|1111| 397 : 4095
==========|1111| 398 : 4807
==========|1111| 399 : 4803
==========|1111| 400 : 4774
==========|1111| 401 : 4802
==========|1111| 402 : 4095
==========|1111| 403 : 4095
==========|1111| 404 : 4791
==========|1111| 405 : 4095
==========|1111| 406 : 4095
==========|1111| 407 : 4880
==========|1111| 408 : 4896
==========|1111| 409 : 4095
==========|1111| 410 : 4906
==========|1111| 411 : 4894
==========|1111| 412 : 4901
==========|1111| 413 : 4095
==========|1111| 414 : 4844
==========|1111| 415 : 4094
==========|1111| 416 : 4095
==========|1111| 417 : 4861
==========|1111| 418 : 4094
==========|1111| 419 : 4095
==========|1111| 420 : 4852
==========|1111| 421 : 4094
==========|1111| 422 : 4096
==========|1111| 423 : 4864
==========|1111| 424 : 4095
==========|1111| 425 : 4838
==========|1111| 426 : 4094
==========|1111| 427 : 4844
==========|1111| 428 : 4842
==========|1111| 429 : 4846
==========|1111| 430 : 4826
==========|1111| 431 : 4094
==========|1111| 432 : 4095
==========|1111| 433 : 4841
==========|1111| 434 : 4094
==========|1111| 435 : 4812
==========|1111| 436 : 4094
==========|1111| 437 : 4806
==========|1111| 438 : 4831
==========|1111| 439 : 4819
==========|1111| 440 : 4803
==========|1111| 441 : 4797
==========|1111| 442 : 4094
==========|1111| 443 : 4096
==========|1111| 444 : 4813
==========|1111| 445 : 4910
==========|1111| 446 : 4825
==========|1111| 447 : 4095
==========|1111| 448 : 4094
==========|1111| 449 : 4094
==========|1111| 450 : 4094
==========|1111| 451 : 4957
==========|1111| 452 : 4095
==========|1111| 453 : 4878
==========|1111| 454 : 4094
==========|1111| 455 : 4094
==========|1111| 456 : 4094
==========|1111| 457 : 4854
==========|1111| 458 : 4095
==========|1111| 459 : 4094
==========|1111| 460 : 4095
==========|1111| 461 : 4095
==========|1111| 462 : 4095
==========|1111| 463 : 4095
==========|1111| 464 : 4095
==========|1111| 465 : 4095
==========|1111| 466 : 4095
==========|1111| 467 : 4095
==========|1111| 468 : 4834
==========|1111| 469 : 4845
==========|1111| 470 : 4095
==========|1111| 471 : 4095
==========|1111| 472 : 4832
==========|1111| 473 : 4095
==========|1111| 474 : 4095
==========|1111| 475 : 4095
==========|1111| 476 : 4817
==========|1111| 477 : 4823
==========|1111| 478 : 4812
==========|1111| 479 : 4824
==========|1111| 480 : 4094
==========|1111| 481 : 4814
==========|1111| 482 : 4094
==========|1111| 483 : 4094
==========|1111| 484 : 4094
==========|1111| 485 : 4804
==========|1111| 486 : 4094
==========|1111| 487 : 4783
==========|1111| 488 : 4787
==========|1111| 489 : 4094
==========|1111| 490 : 4095
==========|1111| 491 : 4781
==========|1111| 492 : 4094
==========|1111| 493 : 4095
==========|1111| 494 : 4873
==========|1111| 495 : 4872
==========|1111| 496 : 4094
==========|1111| 497 : 4095
==========|1111| 498 : 4094
==========|1111| 499 : 4848
