==========|1111| 0 : 5130
==========|1111| 1 : 5130
==========|1111| 2 : 5131
==========|1111| 3 : 5130
==========|1111| 4 : 5132
==========|1111| 5 : 5131
==========|1111| 6 : 5132
==========|1111| 7 : 5130
==========|1111| 8 : 2762
==========|1111| 9 : 5132
==========|1111| 10 : 5132
==========|1111| 11 : 5131
==========|1111| 12 : 5130
==========|1111| 13 : 5132
==========|1111| 14 : 5130
==========|1111| 15 : 3959
==========|1111| 16 : 5132
==========|1111| 17 : 2763
==========|1111| 18 : 5130
==========|1111| 19 : 5131
==========|1111| 20 : 5131
==========|1111| 21 : 5132
==========|1111| 22 : 5133
==========|1111| 23 : 5132
==========|1111| 24 : 5132
==========|1111| 25 : 5130
==========|1111| 26 : 5131
==========|1111| 27 : 3959
==========|1111| 28 : 5131
==========|1111| 29 : 5132
==========|1111| 30 : 5131
==========|1111| 31 : 3971
==========|1111| 32 : 3961
==========|1111| 33 : 5132
==========|1111| 34 : 5131
==========|1111| 35 : 5131
==========|1111| 36 : 5131
==========|1111| 37 : 5131
==========|1111| 38 : 5132
==========|1111| 39 : 5130
==========|1111| 40 : 2764
==========|1111| 41 : 5140
==========|1111| 42 : 5141
==========|1111| 43 : 5132
==========|1111| 44 : 5130
==========|1111| 45 : 5132
==========|1111| 46 : 5132
==========|1111| 47 : 5132
==========|1111| 48 : 5130
==========|1111| 49 : 5133
==========|1111| 50 : 5133
==========|1111| 51 : 5130
==========|1111| 52 : 5132
==========|1111| 53 : 5133
==========|1111| 54 : 5130
==========|1111| 55 : 5132
==========|1111| 56 : 5132
==========|1111| 57 : 5132
==========|1111| 58 : 5131
==========|1111| 59 : 5132
==========|1111| 60 : 5131
==========|1111| 61 : 5130
==========|1111| 62 : 5130
==========|1111| 63 : 5131
==========|1111| 64 : 5132
==========|1111| 65 : 5131
==========|1111| 66 : 5130
==========|1111| 67 : 5131
==========|1111| 68 : 5131
==========|1111| 69 : 3960
==========|1111| 70 : 2762
==========|1111| 71 : 2762
==========|1111| 72 : 5131
==========|1111| 73 : 5131
==========|1111| 74 : 5132
==========|1111| 75 : 5131
==========|1111| 76 : 5131
==========|1111| 77 : 5133
==========|1111| 78 : 5131
==========|1111| 79 : 5132
==========|1111| 80 : 5131
==========|1111| 81 : 5129
==========|1111| 82 : 5131
==========|1111| 83 : 5130
==========|1111| 84 : 3960
==========|1111| 85 : 5142
==========|1111| 86 : 5130
==========|1111| 87 : 5131
==========|1111| 88 : 5132
==========|1111| 89 : 5131
==========|1111| 90 : 5140
==========|1111| 91 : 5132
==========|1111| 92 : 5131
==========|1111| 93 : 5129
==========|1111| 94 : 5132
==========|1111| 95 : 5130
==========|1111| 96 : 3959
==========|1111| 97 : 5132
==========|1111| 98 : 5130
==========|1111| 99 : 5131
==========|1111| 100 : 5131
==========|1111| 101 : 5129
==========|1111| 102 : 5130
==========|1111| 103 : 5132
==========|1111| 104 : 5130
==========|1111| 105 : 2762
==========|1111| 106 : 5131
==========|1111| 107 : 5129
==========|1111| 108 : 5130
==========|1111| 109 : 5133
==========|1111| 110 : 3961
==========|1111| 111 : 5130
==========|1111| 112 : 5132
==========|1111| 113 : 2762
==========|1111| 114 : 5131
==========|1111| 115 : 5130
==========|1111| 116 : 2771
==========|1111| 117 : 5132
==========|1111| 118 : 5133
==========|1111| 119 : 5140
==========|1111| 120 : 5132
==========|1111| 121 : 5132
==========|1111| 122 : 5132
==========|1111| 123 : 3958
==========|1111| 124 : 5129
==========|1111| 125 : 5130
==========|1111| 126 : 5129
==========|1111| 127 : 5153
==========|1111| 128 : 5131
==========|1111| 129 : 5131
==========|1111| 130 : 5129
==========|1111| 131 : 5131
==========|1111| 132 : 5130
==========|1111| 133 : 5130
==========|1111| 134 : 5139
==========|1111| 135 : 5130
==========|1111| 136 : 5133
==========|1111| 137 : 5131
==========|1111| 138 : 2762
==========|1111| 139 : 5130
==========|1111| 140 : 5130
==========|1111| 141 : 5131
==========|1111| 142 : 5130
==========|1111| 143 : 5131
==========|1111| 144 : 5130
==========|1111| 145 : 5130
==========|1111| 146 : 5133
==========|1111| 147 : 5131
==========|1111| 148 : 2762
==========|1111| 149 : 5133
==========|1111| 150 : 5131
==========|1111| 151 : 5131
==========|1111| 152 : 5130
==========|1111| 153 : 5131
==========|1111| 154 : 5131
==========|1111| 155 : 2762
==========|1111| 156 : 5131
==========|1111| 157 : 5131
==========|1111| 158 : 5132
==========|1111| 159 : 5133
==========|1111| 160 : 5133
==========|1111| 161 : 5132
==========|1111| 162 : 5131
==========|1111| 163 : 5133
==========|1111| 164 : 5131
==========|1111| 165 : 5131
==========|1111| 166 : 5132
==========|1111| 167 : 5131
==========|1111| 168 : 5133
==========|1111| 169 : 5131
==========|1111| 170 : 5131
==========|1111| 171 : 5140
==========|1111| 172 : 5131
==========|1111| 173 : 5130
==========|1111| 174 : 5131
==========|1111| 175 : 5131
==========|1111| 176 : 5133
==========|1111| 177 : 5132
==========|1111| 178 : 5139
==========|1111| 179 : 5133
==========|1111| 180 : 5131
==========|1111| 181 : 5131
==========|1111| 182 : 5132
==========|1111| 183 : 5130
==========|1111| 184 : 5131
==========|1111| 185 : 5131
==========|1111| 186 : 5134
==========|1111| 187 : 5132
==========|1111| 188 : 5131
==========|1111| 189 : 5131
==========|1111| 190 : 5133
==========|1111| 191 : 5132
==========|1111| 192 : 5131
==========|1111| 193 : 5130
==========|1111| 194 : 5131
==========|1111| 195 : 5131
==========|1111| 196 : 5132
==========|1111| 197 : 5132
==========|1111| 198 : 2762
==========|1111| 199 : 5132
==========|1111| 200 : 5132
==========|1111| 201 : 5140
==========|1111| 202 : 5140
==========|1111| 203 : 2764
==========|1111| 204 : 5131
==========|1111| 205 : 2761
==========|1111| 206 : 5131
==========|1111| 207 : 5132
==========|1111| 208 : 5131
==========|1111| 209 : 2762
==========|1111| 210 : 5131
==========|1111| 211 : 5133
==========|1111| 212 : 5148
==========|1111| 213 : 5132
==========|1111| 214 : 5131
==========|1111| 215 : 2761
==========|1111| 216 : 5132
==========|1111| 217 : 5132
==========|1111| 218 : 5131
==========|1111| 219 : 3959
==========|1111| 220 : 5129
==========|1111| 221 : 5131
==========|1111| 222 : 5130
==========|1111| 223 : 5131
==========|1111| 224 : 3960
==========|1111| 225 : 5132
==========|1111| 226 : 5132
==========|1111| 227 : 5130
==========|1111| 228 : 5131
==========|1111| 229 : 5131
==========|1111| 230 : 2762
==========|1111| 231 : 5131
==========|1111| 232 : 5133
==========|1111| 233 : 5130
==========|1111| 234 : 5133
==========|1111| 235 : 5131
==========|1111| 236 : 5131
==========|1111| 237 : 2762
==========|1111| 238 : 2761
==========|1111| 239 : 5132
==========|1111| 240 : 2761
==========|1111| 241 : 5132
==========|1111| 242 : 2761
==========|1111| 243 : 5132
==========|1111| 244 : 5132
==========|1111| 245 : 5132
==========|1111| 246 : 5131
==========|1111| 247 : 5132
==========|1111| 248 : 5140
==========|1111| 249 : 5132
==========|1111| 250 : 5130
==========|1111| 251 : 5132
==========|1111| 252 : 5131
==========|1111| 253 : 2761
==========|1111| 254 : 5131
==========|1111| 255 : 5131
==========|1111| 256 : 5131
==========|1111| 257 : 5131
==========|1111| 258 : 5132
==========|1111| 259 : 5131
==========|1111| 260 : 5132
==========|1111| 261 : 5131
==========|1111| 262 : 5131
==========|1111| 263 : 2761
==========|1111| 264 : 5131
==========|1111| 265 : 5132
==========|1111| 266 : 5132
==========|1111| 267 : 5131
==========|1111| 268 : 5130
==========|1111| 269 : 5131
==========|1111| 270 : 5130
==========|1111| 271 : 5131
==========|1111| 272 : 5130
==========|1111| 273 : 5131
==========|1111| 274 : 5131
==========|1111| 275 : 3959
==========|1111| 276 : 5132
==========|1111| 277 : 5132
==========|1111| 278 : 3959
==========|1111| 279 : 5129
==========|1111| 280 : 5131
==========|1111| 281 : 5130
==========|1111| 282 : 5132
==========|1111| 283 : 5131
==========|1111| 284 : 5133
==========|1111| 285 : 5129
==========|1111| 286 : 5131
==========|1111| 287 : 3969
==========|1111| 288 : 5131
==========|1111| 289 : 5132
==========|1111| 290 : 2762
==========|1111| 291 : 5132
==========|1111| 292 : 5129
==========|1111| 293 : 5130
==========|1111| 294 : 5131
==========|1111| 295 : 5132
==========|1111| 296 : 5131
==========|1111| 297 : 5140
==========|1111| 298 : 5140
==========|1111| 299 : 5131
==========|1111| 300 : 5130
==========|1111| 301 : 5141
==========|1111| 302 : 5129
==========|1111| 303 : 5131
==========|1111| 304 : 5131
==========|1111| 305 : 5132
==========|1111| 306 : 5131
==========|1111| 307 : 5131
==========|1111| 308 : 5130
==========|1111| 309 : 5131
==========|1111| 310 : 3959
==========|1111| 311 : 5131
==========|1111| 312 : 5132
==========|1111| 313 : 5131
==========|1111| 314 : 5131
==========|1111| 315 : 5130
==========|1111| 316 : 5131
==========|1111| 317 : 5131
==========|1111| 318 : 5131
==========|1111| 319 : 5131
==========|1111| 320 : 5131
==========|1111| 321 : 5132
==========|1111| 322 : 5132
==========|1111| 323 : 5132
==========|1111| 324 : 5131
==========|1111| 325 : 2762
==========|1111| 326 : 5132
==========|1111| 327 : 5131
==========|1111| 328 : 5131
==========|1111| 329 : 5132
==========|1111| 330 : 5132
==========|1111| 331 : 5130
==========|1111| 332 : 5132
==========|1111| 333 : 3968
==========|1111| 334 : 5131
==========|1111| 335 : 5131
==========|1111| 336 : 5131
==========|1111| 337 : 3960
==========|1111| 338 : 5132
==========|1111| 339 : 5131
==========|1111| 340 : 3960
==========|1111| 341 : 5131
==========|1111| 342 : 5132
==========|1111| 343 : 5131
==========|1111| 344 : 5142
==========|1111| 345 : 5131
==========|1111| 346 : 5130
==========|1111| 347 : 5132
==========|1111| 348 : 5131
==========|1111| 349 : 5132
==========|1111| 350 : 5131
==========|1111| 351 : 5132
==========|1111| 352 : 5130
==========|1111| 353 : 5132
==========|1111| 354 : 5131
==========|1111| 355 : 5130
==========|1111| 356 : 5131
==========|1111| 357 : 5131
==========|1111| 358 : 5130
==========|1111| 359 : 5132
==========|1111| 360 : 5131
==========|1111| 361 : 3960
==========|1111| 362 : 5132
==========|1111| 363 : 5132
==========|1111| 364 : 3960
==========|1111| 365 : 5130
==========|1111| 366 : 5132
==========|1111| 367 : 5139
==========|1111| 368 : 5130
==========|1111| 369 : 5132
==========|1111| 370 : 5131
==========|1111| 371 : 3960
==========|1111| 372 : 5150
==========|1111| 373 : 5130
==========|1111| 374 : 2762
==========|1111| 375 : 5131
==========|1111| 376 : 5140
==========|1111| 377 : 5131
==========|1111| 378 : 5129
==========|1111| 379 : 5132
==========|1111| 380 : 5132
==========|1111| 381 : 3958
==========|1111| 382 : 5131
==========|1111| 383 : 5151
==========|1111| 384 : 5131
==========|1111| 385 : 5130
==========|1111| 386 : 2762
==========|1111| 387 : 5131
==========|1111| 388 : 5132
==========|1111| 389 : 5132
==========|1111| 390 : 5131
==========|1111| 391 : 3960
==========|1111| 392 : 5132
==========|1111| 393 : 5132
==========|1111| 394 : 3960
==========|1111| 395 : 5130
==========|1111| 396 : 5132
==========|1111| 397 : 2762
==========|1111| 398 : 5132
==========|1111| 399 : 5130
==========|1111| 400 : 5140
==========|1111| 401 : 2762
==========|1111| 402 : 5131
==========|1111| 403 : 5132
==========|1111| 404 : 5130
==========|1111| 405 : 2762
==========|1111| 406 : 5130
==========|1111| 407 : 5139
==========|1111| 408 : 5133
==========|1111| 409 : 2761
==========|1111| 410 : 5130
==========|1111| 411 : 5131
==========|1111| 412 : 5131
==========|1111| 413 : 5130
==========|1111| 414 : 5132
==========|1111| 415 : 3958
==========|1111| 416 : 5130
==========|1111| 417 : 5131
==========|1111| 418 : 5129
==========|1111| 419 : 5131
==========|1111| 420 : 5131
==========|1111| 421 : 5132
==========|1111| 422 : 5131
==========|1111| 423 : 5131
==========|1111| 424 : 5129
==========|1111| 425 : 5132
==========|1111| 426 : 5131
==========|1111| 427 : 5132
==========|1111| 428 : 5131
==========|1111| 429 : 5131
==========|1111| 430 : 5129
==========|1111| 431 : 5132
==========|1111| 432 : 5130
==========|1111| 433 : 3960
==========|1111| 434 : 5131
==========|1111| 435 : 2762
==========|1111| 436 : 5132
==========|1111| 437 : 5140
==========|1111| 438 : 5130
==========|1111| 439 : 5130
==========|1111| 440 : 5132
==========|1111| 441 : 5130
==========|1111| 442 : 2762
==========|1111| 443 : 5131
==========|1111| 444 : 5130
==========|1111| 445 : 5134
==========|1111| 446 : 5138
==========|1111| 447 : 5130
==========|1111| 448 : 5131
==========|1111| 449 : 5131
==========|1111| 450 : 5131
==========|1111| 451 : 3958
==========|1111| 452 : 5130
==========|1111| 453 : 5131
==========|1111| 454 : 5130
==========|1111| 455 : 5131
==========|1111| 456 : 5131
==========|1111| 457 : 2771
==========|1111| 458 : 5140
==========|1111| 459 : 5129
==========|1111| 460 : 3960
==========|1111| 461 : 5131
==========|1111| 462 : 5132
==========|1111| 463 : 5131
==========|1111| 464 : 5131
==========|1111| 465 : 3961
==========|1111| 466 : 5131
==========|1111| 467 : 5129
==========|1111| 468 : 3978
==========|1111| 469 : 5132
==========|1111| 470 : 5132
==========|1111| 471 : 5131
==========|1111| 472 : 5132
==========|1111| 473 : 5131
==========|1111| 474 : 5132
==========|1111| 475 : 3959
==========|1111| 476 : 5131
==========|1111| 477 : 5132
==========|1111| 478 : 2762
==========|1111| 479 : 5132
==========|1111| 480 : 5132
==========|1111| 481 : 5131
==========|1111| 482 : 5132
==========|1111| 483 : 5131
==========|1111| 484 : 5131
==========|1111| 485 : 2762
==========|1111| 486 : 5132
==========|1111| 487 : 5132
==========|1111| 488 : 5130
==========|1111| 489 : 5132
==========|1111| 490 : 5132
==========|1111| 491 : 5133
==========|1111| 492 : 5130
==========|1111| 493 : 5130
==========|1111| 494 : 5131
==========|1111| 495 : 3959
==========|1111| 496 : 5132
==========|1111| 497 : 5132
==========|1111| 498 : 2762
==========|1111| 499 : 5132
==========|1111| 500 : 5130
==========|1111| 501 : 5131
==========|1111| 502 : 5131
==========|1111| 503 : 2762
==========|1111| 504 : 5132
==========|1111| 505 : 5131
==========|1111| 506 : 5131
==========|1111| 507 : 5132
==========|1111| 508 : 2761
==========|1111| 509 : 5133
==========|1111| 510 : 5130
==========|1111| 511 : 5132
