==========|1111| 0 : 13112
==========|1111| 1 : 13110
==========|1111| 2 : 13108
==========|1111| 3 : 13110
==========|1111| 4 : 13120
==========|1111| 5 : 13111
==========|1111| 6 : 13119
==========|1111| 7 : 13109
==========|1111| 8 : 13112
==========|1111| 9 : 13111
==========|1111| 10 : 13111
==========|1111| 11 : 13110
==========|1111| 12 : 13110
==========|1111| 13 : 13110
==========|1111| 14 : 13110
==========|1111| 15 : 13109
==========|1111| 16 : 13111
==========|1111| 17 : 13111
==========|1111| 18 : 13110
==========|1111| 19 : 13111
==========|1111| 20 : 13110
==========|1111| 21 : 13111
==========|1111| 22 : 13108
==========|1111| 23 : 13110
==========|1111| 24 : 13110
==========|1111| 25 : 13110
==========|1111| 26 : 13109
==========|1111| 27 : 13111
==========|1111| 28 : 9282
==========|1111| 29 : 13112
==========|1111| 30 : 13112
==========|1111| 31 : 13128
==========|1111| 32 : 13108
==========|1111| 33 : 13111
==========|1111| 34 : 9282
==========|1111| 35 : 13120
==========|1111| 36 : 13117
==========|1111| 37 : 13111
==========|1111| 38 : 13111
==========|1111| 39 : 13108
==========|1111| 40 : 13111
==========|1111| 41 : 13118
==========|1111| 42 : 13121
==========|1111| 43 : 13111
==========|1111| 44 : 13110
==========|1111| 45 : 5423
==========|1111| 46 : 13111
==========|1111| 47 : 13109
==========|1111| 48 : 13111
==========|1111| 49 : 13110
==========|1111| 50 : 13112
==========|1111| 51 : 13111
==========|1111| 52 : 13112
==========|1111| 53 : 13113
==========|1111| 54 : 13110
==========|1111| 55 : 13110
==========|1111| 56 : 13112
==========|1111| 57 : 13110
==========|1111| 58 : 13110
==========|1111| 59 : 13111
==========|1111| 60 : 13111
==========|1111| 61 : 9280
==========|1111| 62 : 13111
==========|1111| 63 : 13111
==========|1111| 64 : 13108
==========|1111| 65 : 13108
==========|1111| 66 : 13109
==========|1111| 67 : 13111
==========|1111| 68 : 13109
==========|1111| 69 : 13109
==========|1111| 70 : 13110
==========|1111| 71 : 13112
==========|1111| 72 : 13111
==========|1111| 73 : 13112
==========|1111| 74 : 13111
==========|1111| 75 : 13112
==========|1111| 76 : 13111
==========|1111| 77 : 13113
==========|1111| 78 : 13111
==========|1111| 79 : 13111
==========|1111| 80 : 13111
==========|1111| 81 : 13111
==========|1111| 82 : 13110
==========|1111| 83 : 13110
==========|1111| 84 : 13119
==========|1111| 85 : 13111
==========|1111| 86 : 13112
==========|1111| 87 : 13111
==========|1111| 88 : 5422
==========|1111| 89 : 13114
==========|1111| 90 : 13112
==========|1111| 91 : 13110
==========|1111| 92 : 13111
==========|1111| 93 : 13109
==========|1111| 94 : 13110
==========|1111| 95 : 13110
==========|1111| 96 : 13111
==========|1111| 97 : 9280
==========|1111| 98 : 13113
==========|1111| 99 : 13119
==========|1111| 100 : 13110
==========|1111| 101 : 13111
==========|1111| 102 : 5421
==========|1111| 103 : 13108
==========|1111| 104 : 13111
==========|1111| 105 : 13110
==========|1111| 106 : 13110
==========|1111| 107 : 13111
==========|1111| 108 : 9280
==========|1111| 109 : 13109
==========|1111| 110 : 13111
==========|1111| 111 : 5421
==========|1111| 112 : 13110
==========|1111| 113 : 13111
==========|1111| 114 : 13109
==========|1111| 115 : 13110
==========|1111| 116 : 13125
==========|1111| 117 : 13110
==========|1111| 118 : 13108
==========|1111| 119 : 13111
==========|1111| 120 : 13110
==========|1111| 121 : 13110
==========|1111| 122 : 13111
==========|1111| 123 : 13109
==========|1111| 124 : 13112
==========|1111| 125 : 13110
==========|1111| 126 : 13109
==========|1111| 127 : 13128
==========|1111| 128 : 13111
==========|1111| 129 : 13108
==========|1111| 130 : 5422
==========|1111| 131 : 13110
==========|1111| 132 : 13109
==========|1111| 133 : 13109
==========|1111| 134 : 13109
==========|1111| 135 : 13110
==========|1111| 136 : 13111
==========|1111| 137 : 13109
==========|1111| 138 : 5421
==========|1111| 139 : 13110
==========|1111| 140 : 13112
==========|1111| 141 : 13110
==========|1111| 142 : 13110
==========|1111| 143 : 13111
==========|1111| 144 : 13111
==========|1111| 145 : 13110
==========|1111| 146 : 13119
==========|1111| 147 : 13112
==========|1111| 148 : 13109
==========|1111| 149 : 13118
==========|1111| 150 : 13111
==========|1111| 151 : 9279
==========|1111| 152 : 5421
==========|1111| 153 : 13110
==========|1111| 154 : 13112
==========|1111| 155 : 13110
==========|1111| 156 : 13110
==========|1111| 157 : 13110
==========|1111| 158 : 13110
==========|1111| 159 : 13112
==========|1111| 160 : 13119
==========|1111| 161 : 13110
==========|1111| 162 : 13111
==========|1111| 163 : 13108
==========|1111| 164 : 13110
==========|1111| 165 : 13118
==========|1111| 166 : 13108
==========|1111| 167 : 13108
==========|1111| 168 : 13110
==========|1111| 169 : 13109
==========|1111| 170 : 13111
==========|1111| 171 : 13109
==========|1111| 172 : 13111
==========|1111| 173 : 13110
==========|1111| 174 : 13110
==========|1111| 175 : 13112
==========|1111| 176 : 13111
==========|1111| 177 : 13110
==========|1111| 178 : 13108
==========|1111| 179 : 13109
==========|1111| 180 : 13109
==========|1111| 181 : 13111
==========|1111| 182 : 13110
==========|1111| 183 : 13110
==========|1111| 184 : 13110
==========|1111| 185 : 13109
==========|1111| 186 : 13111
==========|1111| 187 : 13111
==========|1111| 188 : 13111
==========|1111| 189 : 5422
==========|1111| 190 : 13112
==========|1111| 191 : 13111
==========|1111| 192 : 13111
==========|1111| 193 : 13109
==========|1111| 194 : 13108
==========|1111| 195 : 13110
==========|1111| 196 : 13110
==========|1111| 197 : 9279
==========|1111| 198 : 13111
==========|1111| 199 : 13108
==========|1111| 200 : 13110
==========|1111| 201 : 9290
==========|1111| 202 : 13119
==========|1111| 203 : 13108
==========|1111| 204 : 13108
==========|1111| 205 : 13110
==========|1111| 206 : 13111
==========|1111| 207 : 13110
==========|1111| 208 : 13110
==========|1111| 209 : 13111
==========|1111| 210 : 13111
==========|1111| 211 : 13109
==========|1111| 212 : 13126
==========|1111| 213 : 13109
==========|1111| 214 : 13110
==========|1111| 215 : 13110
==========|1111| 216 : 13110
==========|1111| 217 : 13111
==========|1111| 218 : 13110
==========|1111| 219 : 13110
==========|1111| 220 : 5421
==========|1111| 221 : 13108
==========|1111| 222 : 5421
==========|1111| 223 : 13110
==========|1111| 224 : 13110
==========|1111| 225 : 13111
==========|1111| 226 : 13110
==========|1111| 227 : 13111
==========|1111| 228 : 13111
==========|1111| 229 : 13111
==========|1111| 230 : 13111
==========|1111| 231 : 5421
==========|1111| 232 : 13109
==========|1111| 233 : 9280
==========|1111| 234 : 13110
==========|1111| 235 : 9279
==========|1111| 236 : 13112
==========|1111| 237 : 5421
==========|1111| 238 : 13109
==========|1111| 239 : 13109
==========|1111| 240 : 13111
==========|1111| 241 : 13111
==========|1111| 242 : 5421
==========|1111| 243 : 13110
==========|1111| 244 : 13111
==========|1111| 245 : 13108
==========|1111| 246 : 13111
==========|1111| 247 : 13111
==========|1111| 248 : 13109
==========|1111| 249 : 5421
==========|1111| 250 : 13111
==========|1111| 251 : 13109
==========|1111| 252 : 5422
==========|1111| 253 : 13111
==========|1111| 254 : 13109
==========|1111| 255 : 5421
==========|1111| 256 : 13111
==========|1111| 257 : 5421
==========|1111| 258 : 13110
==========|1111| 259 : 13111
==========|1111| 260 : 9279
==========|1111| 261 : 13111
==========|1111| 262 : 13111
==========|1111| 263 : 13112
==========|1111| 264 : 5422
==========|1111| 265 : 13110
==========|1111| 266 : 13110
==========|1111| 267 : 5421
==========|1111| 268 : 13110
==========|1111| 269 : 13110
==========|1111| 270 : 9279
==========|1111| 271 : 13111
==========|1111| 272 : 13109
==========|1111| 273 : 13112
==========|1111| 274 : 5421
==========|1111| 275 : 13110
==========|1111| 276 : 13113
==========|1111| 277 : 13110
==========|1111| 278 : 13119
==========|1111| 279 : 13118
==========|1111| 280 : 9279
==========|1111| 281 : 13111
==========|1111| 282 : 13111
==========|1111| 283 : 13120
==========|1111| 284 : 13108
==========|1111| 285 : 13111
==========|1111| 286 : 13112
==========|1111| 287 : 5421
==========|1111| 288 : 13111
==========|1111| 289 : 13112
==========|1111| 290 : 5421
==========|1111| 291 : 13110
==========|1111| 292 : 13112
==========|1111| 293 : 13112
==========|1111| 294 : 13110
==========|1111| 295 : 13111
==========|1111| 296 : 13111
==========|1111| 297 : 13119
==========|1111| 298 : 13120
==========|1111| 299 : 13111
==========|1111| 300 : 13109
==========|1111| 301 : 13110
==========|1111| 302 : 13110
==========|1111| 303 : 13109
==========|1111| 304 : 9279
==========|1111| 305 : 13110
==========|1111| 306 : 13111
==========|1111| 307 : 9279
==========|1111| 308 : 13112
==========|1111| 309 : 13112
==========|1111| 310 : 5421
==========|1111| 311 : 13110
==========|1111| 312 : 13112
==========|1111| 313 : 13109
==========|1111| 314 : 5421
==========|1111| 315 : 13110
==========|1111| 316 : 13111
==========|1111| 317 : 9279
==========|1111| 318 : 13111
==========|1111| 319 : 13112
==========|1111| 320 : 5422
==========|1111| 321 : 13109
==========|1111| 322 : 13110
==========|1111| 323 : 5423
==========|1111| 324 : 13111
==========|1111| 325 : 13110
==========|1111| 326 : 13111
==========|1111| 327 : 13111
==========|1111| 328 : 13110
==========|1111| 329 : 13108
==========|1111| 330 : 5422
==========|1111| 331 : 13108
==========|1111| 332 : 9281
==========|1111| 333 : 13110
==========|1111| 334 : 13110
==========|1111| 335 : 13110
==========|1111| 336 : 13110
==========|1111| 337 : 13111
==========|1111| 338 : 13110
==========|1111| 339 : 13110
==========|1111| 340 : 13108
==========|1111| 341 : 13108
==========|1111| 342 : 13110
==========|1111| 343 : 13109
==========|1111| 344 : 13110
==========|1111| 345 : 13109
==========|1111| 346 : 13111
==========|1111| 347 : 13112
==========|1111| 348 : 13108
==========|1111| 349 : 13110
==========|1111| 350 : 13118
==========|1111| 351 : 13108
==========|1111| 352 : 13108
==========|1111| 353 : 13109
==========|1111| 354 : 5422
==========|1111| 355 : 13110
==========|1111| 356 : 13110
==========|1111| 357 : 13110
==========|1111| 358 : 13110
==========|1111| 359 : 13111
==========|1111| 360 : 13110
==========|1111| 361 : 13110
==========|1111| 362 : 13109
==========|1111| 363 : 13118
==========|1111| 364 : 13119
==========|1111| 365 : 13109
==========|1111| 366 : 13108
==========|1111| 367 : 13110
==========|1111| 368 : 13109
==========|1111| 369 : 13118
==========|1111| 370 : 9279
==========|1111| 371 : 13111
==========|1111| 372 : 13127
==========|1111| 373 : 13110
==========|1111| 374 : 13111
==========|1111| 375 : 13112
==========|1111| 376 : 13108
==========|1111| 377 : 5422
==========|1111| 378 : 13112
==========|1111| 379 : 13109
==========|1111| 380 : 13110
==========|1111| 381 : 13110
==========|1111| 382 : 13111
==========|1111| 383 : 13129
==========|1111| 384 : 13111
==========|1111| 385 : 13108
==========|1111| 386 : 13110
==========|1111| 387 : 13109
==========|1111| 388 : 5422
==========|1111| 389 : 13110
==========|1111| 390 : 13111
==========|1111| 391 : 13109
==========|1111| 392 : 13110
==========|1111| 393 : 13110
==========|1111| 394 : 13120
==========|1111| 395 : 13110
==========|1111| 396 : 13118
==========|1111| 397 : 13111
==========|1111| 398 : 13110
==========|1111| 399 : 13109
==========|1111| 400 : 5421
==========|1111| 401 : 13107
==========|1111| 402 : 13108
==========|1111| 403 : 13109
==========|1111| 404 : 13110
==========|1111| 405 : 13111
==========|1111| 406 : 13110
==========|1111| 407 : 13111
==========|1111| 408 : 13109
==========|1111| 409 : 13110
==========|1111| 410 : 13109
==========|1111| 411 : 13110
==========|1111| 412 : 13110
==========|1111| 413 : 13108
==========|1111| 414 : 9279
==========|1111| 415 : 13111
==========|1111| 416 : 13110
==========|1111| 417 : 13110
==========|1111| 418 : 13110
==========|1111| 419 : 13111
==========|1111| 420 : 13110
==========|1111| 421 : 13111
==========|1111| 422 : 13111
==========|1111| 423 : 9282
==========|1111| 424 : 13110
==========|1111| 425 : 13109
==========|1111| 426 : 13110
==========|1111| 427 : 13109
==========|1111| 428 : 13112
==========|1111| 429 : 13110
==========|1111| 430 : 13110
==========|1111| 431 : 13110
==========|1111| 432 : 13111
==========|1111| 433 : 13112
==========|1111| 434 : 13108
==========|1111| 435 : 13109
==========|1111| 436 : 13108
==========|1111| 437 : 5422
==========|1111| 438 : 13110
==========|1111| 439 : 5422
==========|1111| 440 : 13110
==========|1111| 441 : 13110
==========|1111| 442 : 13110
==========|1111| 443 : 13110
==========|1111| 444 : 13111
==========|1111| 445 : 13112
==========|1111| 446 : 13110
==========|1111| 447 : 13110
==========|1111| 448 : 13110
==========|1111| 449 : 13110
==========|1111| 450 : 13109
==========|1111| 451 : 13110
==========|1111| 452 : 13111
==========|1111| 453 : 13111
==========|1111| 454 : 13110
==========|1111| 455 : 9279
==========|1111| 456 : 13109
==========|1111| 457 : 13120
==========|1111| 458 : 13119
==========|1111| 459 : 5422
==========|1111| 460 : 13111
==========|1111| 461 : 5430
==========|1111| 462 : 13111
==========|1111| 463 : 13112
==========|1111| 464 : 13110
==========|1111| 465 : 13111
==========|1111| 466 : 13111
==========|1111| 467 : 13111
==========|1111| 468 : 13127
==========|1111| 469 : 13109
==========|1111| 470 : 13110
==========|1111| 471 : 13109
==========|1111| 472 : 13110
==========|1111| 473 : 13111
==========|1111| 474 : 13111
==========|1111| 475 : 13110
==========|1111| 476 : 13112
==========|1111| 477 : 13110
==========|1111| 478 : 13111
==========|1111| 479 : 13112
==========|1111| 480 : 13111
==========|1111| 481 : 13111
==========|1111| 482 : 13110
==========|1111| 483 : 13108
==========|1111| 484 : 13111
==========|1111| 485 : 13111
==========|1111| 486 : 13111
==========|1111| 487 : 13112
==========|1111| 488 : 13108
==========|1111| 489 : 13111
==========|1111| 490 : 13111
==========|1111| 491 : 13111
==========|1111| 492 : 13111
==========|1111| 493 : 13111
==========|1111| 494 : 13112
==========|1111| 495 : 13108
==========|1111| 496 : 13111
==========|1111| 497 : 13111
==========|1111| 498 : 13111
==========|1111| 499 : 13109
==========|1111| 500 : 13110
==========|1111| 501 : 13111
==========|1111| 502 : 9280
==========|1111| 503 : 9279
==========|1111| 504 : 13110
==========|1111| 505 : 13110
==========|1111| 506 : 13110
==========|1111| 507 : 13109
==========|1111| 508 : 13108
==========|1111| 509 : 13117
==========|1111| 510 : 13110
==========|1111| 511 : 13110
==========|1111| 512 : 13110
==========|1111| 513 : 13110
==========|1111| 514 : 9280
==========|1111| 515 : 13110
==========|1111| 516 : 13108
==========|1111| 517 : 13111
==========|1111| 518 : 13110
==========|1111| 519 : 13108
==========|1111| 520 : 13110
==========|1111| 521 : 13110
==========|1111| 522 : 13108
==========|1111| 523 : 13110
==========|1111| 524 : 9280
==========|1111| 525 : 13110
==========|1111| 526 : 13108
==========|1111| 527 : 13110
==========|1111| 528 : 13109
==========|1111| 529 : 13110
==========|1111| 530 : 13111
==========|1111| 531 : 13111
==========|1111| 532 : 13111
==========|1111| 533 : 13111
==========|1111| 534 : 13111
==========|1111| 535 : 13111
==========|1111| 536 : 13109
==========|1111| 537 : 13110
==========|1111| 538 : 13111
==========|1111| 539 : 13111
==========|1111| 540 : 13111
==========|1111| 541 : 13111
==========|1111| 542 : 13111
==========|1111| 543 : 13127
==========|1111| 544 : 13111
==========|1111| 545 : 13111
==========|1111| 546 : 13111
==========|1111| 547 : 13111
==========|1111| 548 : 13111
==========|1111| 549 : 13111
==========|1111| 550 : 13111
==========|1111| 551 : 13111
==========|1111| 552 : 13111
==========|1111| 553 : 13119
==========|1111| 554 : 13119
==========|1111| 555 : 13110
==========|1111| 556 : 13119
==========|1111| 557 : 13109
==========|1111| 558 : 13111
==========|1111| 559 : 13110
