==========|1111| 0 : 3086
==========|1111| 1 : 3016
==========|1111| 2 : 3125
==========|1111| 3 : 3168
==========|1111| 4 : 3156
==========|1111| 5 : 3150
==========|1111| 6 : 3139
==========|1111| 7 : 3160
==========|1111| 8 : 3155
==========|1111| 9 : 3148
==========|1111| 10 : 3143
==========|1111| 11 : 3105
==========|1111| 12 : 3138
==========|1111| 13 : 3125
==========|1111| 14 : 3131
==========|1111| 15 : 3128
==========|1111| 16 : 3132
==========|1111| 17 : 3154
==========|1111| 18 : 3138
==========|1111| 19 : 3146
==========|1111| 20 : 3133
==========|1111| 21 : 3110
==========|1111| 22 : 3124
==========|1111| 23 : 3132
==========|1111| 24 : 3124
==========|1111| 25 : 3107
==========|1111| 26 : 3083
==========|1111| 27 : 3125
==========|1111| 28 : 3095
==========|1111| 29 : 3098
==========|1111| 30 : 3107
==========|1111| 31 : 3083
==========|1111| 32 : 3081
==========|1111| 33 : 3083
==========|1111| 34 : 3088
==========|1111| 35 : 3079
==========|1111| 36 : 3069
==========|1111| 37 : 3055
==========|1111| 38 : 3072
==========|1111| 39 : 3089
==========|1111| 40 : 3113
==========|1111| 41 : 3046
==========|1111| 42 : 3084
==========|1111| 43 : 3061
==========|1111| 44 : 3052
==========|1111| 45 : 3078
==========|1111| 46 : 3064
==========|1111| 47 : 3070
==========|1111| 48 : 3059
==========|1111| 49 : 3067
==========|1111| 50 : 3057
==========|1111| 51 : 3041
==========|1111| 52 : 3064
==========|1111| 53 : 3090
==========|1111| 54 : 3056
==========|1111| 55 : 3156
==========|1111| 56 : 3111
==========|1111| 57 : 3124
==========|1111| 58 : 3150
==========|1111| 59 : 3146
==========|1111| 60 : 3146
==========|1111| 61 : 3127
==========|1111| 62 : 3158
==========|1111| 63 : 3140
==========|1111| 64 : 3140
==========|1111| 65 : 3144
==========|1111| 66 : 3100
==========|1111| 67 : 3134
==========|1111| 68 : 3132
==========|1111| 69 : 3133
==========|1111| 70 : 3142
==========|1111| 71 : 3093
==========|1111| 72 : 3110
==========|1111| 73 : 3110
==========|1111| 74 : 3155
==========|1111| 75 : 3082
==========|1111| 76 : 3094
==========|1111| 77 : 3171
==========|1111| 78 : 3151
==========|1111| 79 : 3145
==========|1111| 80 : 3139
==========|1111| 81 : 3104
==========|1111| 82 : 3114
==========|1111| 83 : 3109
==========|1111| 84 : 3119
==========|1111| 85 : 3091
==========|1111| 86 : 3094
==========|1111| 87 : 3098
==========|1111| 88 : 3114
==========|1111| 89 : 3098
==========|1111| 90 : 3106
==========|1111| 91 : 3099
==========|1111| 92 : 3107
==========|1111| 93 : 3097
==========|1111| 94 : 3104
==========|1111| 95 : 3086
==========|1111| 96 : 3078
==========|1111| 97 : 3090
==========|1111| 98 : 3099
==========|1111| 99 : 3093
==========|1111| 100 : 3086
==========|1111| 101 : 3044
==========|1111| 102 : 3091
==========|1111| 103 : 3081
==========|1111| 104 : 3083
==========|1111| 105 : 3076
==========|1111| 106 : 3072
==========|1111| 107 : 3078
==========|1111| 108 : 3084
==========|1111| 109 : 3083
==========|1111| 110 : 3149
==========|1111| 111 : 3116
==========|1111| 112 : 3145
==========|1111| 113 : 3153
==========|1111| 114 : 3141
==========|1111| 115 : 3123
==========|1111| 116 : 3129
==========|1111| 117 : 3151
==========|1111| 118 : 3140
==========|1111| 119 : 3136
==========|1111| 120 : 3120
==========|1111| 121 : 3128
==========|1111| 122 : 3190
==========|1111| 123 : 3172
==========|1111| 124 : 3149
==========|1111| 125 : 3116
==========|1111| 126 : 3134
==========|1111| 127 : 3142
==========|1111| 128 : 3139
==========|1111| 129 : 3135
==========|1111| 130 : 3109
==========|1111| 131 : 3113
==========|1111| 132 : 3129
==========|1111| 133 : 3113
==========|1111| 134 : 3153
==========|1111| 135 : 3086
==========|1111| 136 : 3090
==========|1111| 137 : 3103
==========|1111| 138 : 3123
==========|1111| 139 : 3148
==========|1111| 140 : 3179
==========|1111| 141 : 3083
==========|1111| 142 : 3175
==========|1111| 143 : 3073
==========|1111| 144 : 3098
==========|1111| 145 : 3112
==========|1111| 146 : 3047
==========|1111| 147 : 3092
==========|1111| 148 : 3096
==========|1111| 149 : 3084
==========|1111| 150 : 3108
==========|1111| 151 : 3080
==========|1111| 152 : 3092
==========|1111| 153 : 3086
==========|1111| 154 : 3088
==========|1111| 155 : 3073
==========|1111| 156 : 3079
==========|1111| 157 : 3086
==========|1111| 158 : 3088
==========|1111| 159 : 3073
==========|1111| 160 : 3078
==========|1111| 161 : 3067
==========|1111| 162 : 3072
==========|1111| 163 : 3055
==========|1111| 164 : 3066
==========|1111| 165 : 3048
==========|1111| 166 : 3134
==========|1111| 167 : 3162
==========|1111| 168 : 3168
==========|1111| 169 : 3173
==========|1111| 170 : 3140
==========|1111| 171 : 3148
==========|1111| 172 : 3090
==========|1111| 173 : 3145
==========|1111| 174 : 3146
==========|1111| 175 : 3180
==========|1111| 176 : 3251
==========|1111| 177 : 3194
==========|1111| 178 : 3159
==========|1111| 179 : 3152
==========|1111| 180 : 3147
==========|1111| 181 : 3125
==========|1111| 182 : 3128
==========|1111| 183 : 3140
==========|1111| 184 : 3134
==========|1111| 185 : 3095
==========|1111| 186 : 3125
==========|1111| 187 : 3146
==========|1111| 188 : 3154
==========|1111| 189 : 3106
==========|1111| 190 : 3125
==========|1111| 191 : 3098
==========|1111| 192 : 3122
==========|1111| 193 : 3130
==========|1111| 194 : 3116
==========|1111| 195 : 3113
==========|1111| 196 : 3122
==========|1111| 197 : 3073
==========|1111| 198 : 3077
==========|1111| 199 : 3083
==========|1111| 200 : 3088
==========|1111| 201 : 3087
==========|1111| 202 : 3092
==========|1111| 203 : 3089
==========|1111| 204 : 3111
==========|1111| 205 : 3177
==========|1111| 206 : 3065
==========|1111| 207 : 3147
==========|1111| 208 : 3099
==========|1111| 209 : 3115
==========|1111| 210 : 3071
==========|1111| 211 : 3071
==========|1111| 212 : 3066
==========|1111| 213 : 3059
==========|1111| 214 : 3095
==========|1111| 215 : 3058
==========|1111| 216 : 3071
==========|1111| 217 : 3066
==========|1111| 218 : 3161
==========|1111| 219 : 3154
==========|1111| 220 : 3153
==========|1111| 221 : 3155
==========|1111| 222 : 3145
==========|1111| 223 : 3151
==========|1111| 224 : 3143
==========|1111| 225 : 3165
==========|1111| 226 : 3138
==========|1111| 227 : 3168
==========|1111| 228 : 3147
==========|1111| 229 : 3165
==========|1111| 230 : 3134
==========|1111| 231 : 3109
==========|1111| 232 : 3125
==========|1111| 233 : 3124
==========|1111| 234 : 3113
==========|1111| 235 : 3116
==========|1111| 236 : 3096
==========|1111| 237 : 3114
==========|1111| 238 : 3127
==========|1111| 239 : 3111
==========|1111| 240 : 3118
==========|1111| 241 : 3174
==========|1111| 242 : 3162
==========|1111| 243 : 3122
==========|1111| 244 : 3100
==========|1111| 245 : 3097
==========|1111| 246 : 3132
==========|1111| 247 : 3058
==========|1111| 248 : 3225
==========|1111| 249 : 3130
==========|1111| 250 : 3151
==========|1111| 251 : 3126
==========|1111| 252 : 3096
==========|1111| 253 : 3132
==========|1111| 254 : 3110
==========|1111| 255 : 3131
==========|1111| 256 : 3087
==========|1111| 257 : 3068
==========|1111| 258 : 3083
==========|1111| 259 : 3087
==========|1111| 260 : 3082
==========|1111| 261 : 3067
==========|1111| 262 : 3059
==========|1111| 263 : 3078
==========|1111| 264 : 3081
==========|1111| 265 : 3070
==========|1111| 266 : 3057
==========|1111| 267 : 3141
==========|1111| 268 : 3165
==========|1111| 269 : 3174
==========|1111| 270 : 3168
==========|1111| 271 : 3151
==========|1111| 272 : 3170
==========|1111| 273 : 3152
==========|1111| 274 : 3120
==========|1111| 275 : 3135
==========|1111| 276 : 3151
==========|1111| 277 : 3121
==========|1111| 278 : 3095
==========|1111| 279 : 3115
==========|1111| 280 : 3135
==========|1111| 281 : 3134
==========|1111| 282 : 3127
==========|1111| 283 : 3110
==========|1111| 284 : 3137
==========|1111| 285 : 3121
==========|1111| 286 : 3126
==========|1111| 287 : 3138
==========|1111| 288 : 3146
==========|1111| 289 : 3138
==========|1111| 290 : 3151
==========|1111| 291 : 3157
==========|1111| 292 : 3178
==========|1111| 293 : 3107
==========|1111| 294 : 3078
==========|1111| 295 : 3100
==========|1111| 296 : 3096
==========|1111| 297 : 3090
==========|1111| 298 : 3091
==========|1111| 299 : 3102
==========|1111| 300 : 3092
==========|1111| 301 : 3080
==========|1111| 302 : 3077
==========|1111| 303 : 3071
==========|1111| 304 : 3068
==========|1111| 305 : 3062
==========|1111| 306 : 3065
==========|1111| 307 : 3062
==========|1111| 308 : 3062
==========|1111| 309 : 3110
==========|1111| 310 : 3065
==========|1111| 311 : 3049
==========|1111| 312 : 3089
==========|1111| 313 : 3060
==========|1111| 314 : 3159
==========|1111| 315 : 3144
==========|1111| 316 : 3155
==========|1111| 317 : 3159
==========|1111| 318 : 3155
==========|1111| 319 : 3153
==========|1111| 320 : 3145
==========|1111| 321 : 3161
==========|1111| 322 : 3153
==========|1111| 323 : 3146
==========|1111| 324 : 3142
==========|1111| 325 : 3132
==========|1111| 326 : 3121
==========|1111| 327 : 3109
==========|1111| 328 : 3138
==========|1111| 329 : 3103
==========|1111| 330 : 3138
==========|1111| 331 : 3065
==========|1111| 332 : 3130
==========|1111| 333 : 3154
==========|1111| 334 : 3150
==========|1111| 335 : 3135
==========|1111| 336 : 3127
==========|1111| 337 : 3154
==========|1111| 338 : 3141
==========|1111| 339 : 3133
==========|1111| 340 : 3127
==========|1111| 341 : 3089
==========|1111| 342 : 3140
==========|1111| 343 : 3097
==========|1111| 344 : 3113
==========|1111| 345 : 3132
==========|1111| 346 : 3079
==========|1111| 347 : 3100
==========|1111| 348 : 3119
==========|1111| 349 : 3110
==========|1111| 350 : 3129
==========|1111| 351 : 3071
==========|1111| 352 : 3055
==========|1111| 353 : 3058
==========|1111| 354 : 3073
==========|1111| 355 : 3087
==========|1111| 356 : 3102
==========|1111| 357 : 3080
==========|1111| 358 : 3089
==========|1111| 359 : 3196
==========|1111| 360 : 3100
==========|1111| 361 : 3052
==========|1111| 362 : 3087
==========|1111| 363 : 3067
==========|1111| 364 : 3070
==========|1111| 365 : 3048
==========|1111| 366 : 3045
==========|1111| 367 : 3047
==========|1111| 368 : 3104
==========|1111| 369 : 3163
==========|1111| 370 : 3173
==========|1111| 371 : 3130
==========|1111| 372 : 3130
==========|1111| 373 : 3147
==========|1111| 374 : 3156
==========|1111| 375 : 3166
==========|1111| 376 : 3151
==========|1111| 377 : 3156
==========|1111| 378 : 3143
==========|1111| 379 : 3139
==========|1111| 380 : 3143
==========|1111| 381 : 3123
==========|1111| 382 : 3127
==========|1111| 383 : 3141
==========|1111| 384 : 3160
==========|1111| 385 : 3172
==========|1111| 386 : 3198
==========|1111| 387 : 3174
==========|1111| 388 : 3180
==========|1111| 389 : 3131
==========|1111| 390 : 3111
==========|1111| 391 : 3120
==========|1111| 392 : 3124
==========|1111| 393 : 3112
==========|1111| 394 : 3102
==========|1111| 395 : 3103
==========|1111| 396 : 3166
==========|1111| 397 : 3170
==========|1111| 398 : 3210
==========|1111| 399 : 3128
==========|1111| 400 : 3121
==========|1111| 401 : 3074
==========|1111| 402 : 3046
==========|1111| 403 : 3080
==========|1111| 404 : 3071
==========|1111| 405 : 3079
==========|1111| 406 : 3065
==========|1111| 407 : 3082
==========|1111| 408 : 3055
==========|1111| 409 : 3075
==========|1111| 410 : 3061
==========|1111| 411 : 3067
==========|1111| 412 : 3064
==========|1111| 413 : 3064
==========|1111| 414 : 3041
==========|1111| 415 : 3046
==========|1111| 416 : 3066
==========|1111| 417 : 3062
==========|1111| 418 : 3062
==========|1111| 419 : 3057
==========|1111| 420 : 3156
==========|1111| 421 : 3149
==========|1111| 422 : 3145
==========|1111| 423 : 3144
==========|1111| 424 : 3149
==========|1111| 425 : 3152
==========|1111| 426 : 3146
==========|1111| 427 : 3149
==========|1111| 428 : 3155
==========|1111| 429 : 3139
==========|1111| 430 : 3141
==========|1111| 431 : 3139
==========|1111| 432 : 3147
==========|1111| 433 : 3152
==========|1111| 434 : 3142
==========|1111| 435 : 3148
==========|1111| 436 : 3096
==========|1111| 437 : 3141
==========|1111| 438 : 3137
==========|1111| 439 : 3142
==========|1111| 440 : 3128
==========|1111| 441 : 3090
==========|1111| 442 : 3110
==========|1111| 443 : 3118
==========|1111| 444 : 3115
==========|1111| 445 : 3097
==========|1111| 446 : 3110
==========|1111| 447 : 3104
==========|1111| 448 : 3104
==========|1111| 449 : 3103
==========|1111| 450 : 3097
==========|1111| 451 : 3109
==========|1111| 452 : 3085
==========|1111| 453 : 3090
==========|1111| 454 : 3096
==========|1111| 455 : 3087
==========|1111| 456 : 3078
==========|1111| 457 : 3093
==========|1111| 458 : 3081
==========|1111| 459 : 3145
==========|1111| 460 : 3103
==========|1111| 461 : 3042
==========|1111| 462 : 3077
==========|1111| 463 : 3083
==========|1111| 464 : 3116
==========|1111| 465 : 3061
==========|1111| 466 : 3076
==========|1111| 467 : 3070
==========|1111| 468 : 3062
==========|1111| 469 : 3077
==========|1111| 470 : 3048
==========|1111| 471 : 3066
==========|1111| 472 : 3040
==========|1111| 473 : 3058
==========|1111| 474 : 3155
==========|1111| 475 : 3159
==========|1111| 476 : 3141
==========|1111| 477 : 3159
==========|1111| 478 : 3147
==========|1111| 479 : 3148
==========|1111| 480 : 3127
==========|1111| 481 : 3130
==========|1111| 482 : 3129
==========|1111| 483 : 3096
==========|1111| 484 : 3120
==========|1111| 485 : 3121
==========|1111| 486 : 3146
==========|1111| 487 : 3137
==========|1111| 488 : 3151
==========|1111| 489 : 3141
==========|1111| 490 : 3134
==========|1111| 491 : 3140
==========|1111| 492 : 3132
==========|1111| 493 : 3123
==========|1111| 494 : 3126
==========|1111| 495 : 3102
==========|1111| 496 : 3110
==========|1111| 497 : 3093
==========|1111| 498 : 3097
==========|1111| 499 : 3097
==========|1111| 500 : 3108
==========|1111| 501 : 3092
==========|1111| 502 : 3091
==========|1111| 503 : 3092
==========|1111| 504 : 3085
==========|1111| 505 : 3074
==========|1111| 506 : 3105
==========|1111| 507 : 3095
==========|1111| 508 : 3084
==========|1111| 509 : 3068
==========|1111| 510 : 3081
==========|1111| 511 : 3092
==========|1111| 512 : 3068
==========|1111| 513 : 3072
==========|1111| 514 : 3075
==========|1111| 515 : 3078
==========|1111| 516 : 3084
==========|1111| 517 : 3073
==========|1111| 518 : 3071
==========|1111| 519 : 3044
==========|1111| 520 : 3069
==========|1111| 521 : 3061
==========|1111| 522 : 3063
==========|1111| 523 : 3171
==========|1111| 524 : 3056
==========|1111| 525 : 3051
==========|1111| 526 : 3055
==========|1111| 527 : 3053
==========|1111| 528 : 3173
==========|1111| 529 : 3154
==========|1111| 530 : 3162
