==========|1111| 0 : 2262
==========|1111| 1 : 2236
==========|1111| 2 : 2204
==========|1111| 3 : 2239
==========|1111| 4 : 2233
==========|1111| 5 : 2229
==========|1111| 6 : 2234
==========|1111| 7 : 2235
==========|1111| 8 : 2217
==========|1111| 9 : 2229
==========|1111| 10 : 2230
==========|1111| 11 : 2229
==========|1111| 12 : 2222
==========|1111| 13 : 2211
==========|1111| 14 : 2222
==========|1111| 15 : 2219
==========|1111| 16 : 2190
==========|1111| 17 : 2198
==========|1111| 18 : 2194
==========|1111| 19 : 2194
==========|1111| 20 : 2189
==========|1111| 21 : 2191
==========|1111| 22 : 2174
==========|1111| 23 : 2190
==========|1111| 24 : 2190
==========|1111| 25 : 2194
==========|1111| 26 : 2198
==========|1111| 27 : 2199
==========|1111| 28 : 2275
==========|1111| 29 : 2291
==========|1111| 30 : 2279
==========|1111| 31 : 2267
==========|1111| 32 : 2263
==========|1111| 33 : 2264
==========|1111| 34 : 2262
==========|1111| 35 : 2260
==========|1111| 36 : 2258
==========|1111| 37 : 2261
==========|1111| 38 : 2251
==========|1111| 39 : 2258
==========|1111| 40 : 2254
==========|1111| 41 : 2255
==========|1111| 42 : 2255
==========|1111| 43 : 2250
==========|1111| 44 : 2251
==========|1111| 45 : 2256
==========|1111| 46 : 2245
==========|1111| 47 : 2251
==========|1111| 48 : 2235
==========|1111| 49 : 2249
==========|1111| 50 : 2246
==========|1111| 51 : 2238
==========|1111| 52 : 2225
==========|1111| 53 : 2215
==========|1111| 54 : 2230
==========|1111| 55 : 2239
==========|1111| 56 : 2233
==========|1111| 57 : 2217
==========|1111| 58 : 2226
==========|1111| 59 : 2219
==========|1111| 60 : 2207
==========|1111| 61 : 2206
==========|1111| 62 : 2213
==========|1111| 63 : 2216
==========|1111| 64 : 2214
==========|1111| 65 : 2217
==========|1111| 66 : 2204
==========|1111| 67 : 2221
==========|1111| 68 : 2195
==========|1111| 69 : 2185
==========|1111| 70 : 2205
==========|1111| 71 : 2202
==========|1111| 72 : 2190
==========|1111| 73 : 2180
==========|1111| 74 : 2185
==========|1111| 75 : 2189
==========|1111| 76 : 2280
==========|1111| 77 : 2286
==========|1111| 78 : 2280
==========|1111| 79 : 2281
==========|1111| 80 : 2284
==========|1111| 81 : 2282
==========|1111| 82 : 2283
==========|1111| 83 : 2285
==========|1111| 84 : 2274
==========|1111| 85 : 2275
==========|1111| 86 : 2268
==========|1111| 87 : 2275
==========|1111| 88 : 2247
==========|1111| 89 : 2261
==========|1111| 90 : 2249
==========|1111| 91 : 2259
==========|1111| 92 : 2233
==========|1111| 93 : 2245
==========|1111| 94 : 2252
==========|1111| 95 : 2238
==========|1111| 96 : 2237
==========|1111| 97 : 2232
==========|1111| 98 : 2224
==========|1111| 99 : 2234
==========|1111| 100 : 2226
==========|1111| 101 : 2225
==========|1111| 102 : 2213
==========|1111| 103 : 2232
==========|1111| 104 : 2221
==========|1111| 105 : 2212
==========|1111| 106 : 2197
==========|1111| 107 : 2210
==========|1111| 108 : 2213
==========|1111| 109 : 2221
==========|1111| 110 : 2199
==========|1111| 111 : 2216
==========|1111| 112 : 2188
==========|1111| 113 : 2194
==========|1111| 114 : 2209
==========|1111| 115 : 2195
==========|1111| 116 : 2193
==========|1111| 117 : 2180
==========|1111| 118 : 2166
==========|1111| 119 : 2175
==========|1111| 120 : 2169
==========|1111| 121 : 2254
==========|1111| 122 : 2269
==========|1111| 123 : 2257
==========|1111| 124 : 2260
==========|1111| 125 : 2249
==========|1111| 126 : 2257
==========|1111| 127 : 2257
==========|1111| 128 : 2258
==========|1111| 129 : 2255
==========|1111| 130 : 2251
==========|1111| 131 : 2248
==========|1111| 132 : 2239
==========|1111| 133 : 2250
==========|1111| 134 : 2244
==========|1111| 135 : 2247
==========|1111| 136 : 2245
==========|1111| 137 : 2228
==========|1111| 138 : 2232
==========|1111| 139 : 2239
==========|1111| 140 : 2231
==========|1111| 141 : 2234
==========|1111| 142 : 2229
==========|1111| 143 : 2216
==========|1111| 144 : 2196
==========|1111| 145 : 2217
==========|1111| 146 : 2206
==========|1111| 147 : 2200
==========|1111| 148 : 2195
==========|1111| 149 : 2216
==========|1111| 150 : 2192
==========|1111| 151 : 2206
==========|1111| 152 : 2204
==========|1111| 153 : 2206
==========|1111| 154 : 2198
==========|1111| 155 : 2187
==========|1111| 156 : 2184
==========|1111| 157 : 2179
==========|1111| 158 : 2179
==========|1111| 159 : 2175
==========|1111| 160 : 2273
==========|1111| 161 : 2280
==========|1111| 162 : 2265
==========|1111| 163 : 2291
==========|1111| 164 : 2277
==========|1111| 165 : 2273
==========|1111| 166 : 2270
==========|1111| 167 : 2246
==========|1111| 168 : 2305
==========|1111| 169 : 2251
==========|1111| 170 : 2272
==========|1111| 171 : 2259
==========|1111| 172 : 2226
==========|1111| 173 : 2251
==========|1111| 174 : 2250
==========|1111| 175 : 2269
==========|1111| 176 : 2262
==========|1111| 177 : 2242
==========|1111| 178 : 2231
==========|1111| 179 : 2264
==========|1111| 180 : 2235
==========|1111| 181 : 2247
==========|1111| 182 : 2240
==========|1111| 183 : 2244
==========|1111| 184 : 2262
==========|1111| 185 : 2255
==========|1111| 186 : 2235
==========|1111| 187 : 2224
==========|1111| 188 : 2220
==========|1111| 189 : 2308
==========|1111| 190 : 2210
==========|1111| 191 : 2217
==========|1111| 192 : 2221
==========|1111| 193 : 2229
==========|1111| 194 : 2211
==========|1111| 195 : 2212
==========|1111| 196 : 2237
==========|1111| 197 : 2196
==========|1111| 198 : 2198
==========|1111| 199 : 2178
==========|1111| 200 : 2203
==========|1111| 201 : 2211
==========|1111| 202 : 2271
==========|1111| 203 : 2202
==========|1111| 204 : 2174
==========|1111| 205 : 2177
==========|1111| 206 : 2293
==========|1111| 207 : 2285
==========|1111| 208 : 2291
==========|1111| 209 : 2283
==========|1111| 210 : 2304
==========|1111| 211 : 2279
==========|1111| 212 : 2271
==========|1111| 213 : 2269
==========|1111| 214 : 2258
==========|1111| 215 : 2256
==========|1111| 216 : 2251
==========|1111| 217 : 2256
==========|1111| 218 : 2225
==========|1111| 219 : 2255
==========|1111| 220 : 2263
==========|1111| 221 : 2223
==========|1111| 222 : 2250
==========|1111| 223 : 2248
==========|1111| 224 : 2248
==========|1111| 225 : 2245
==========|1111| 226 : 2230
==========|1111| 227 : 2234
==========|1111| 228 : 2253
==========|1111| 229 : 2258
==========|1111| 230 : 2257
==========|1111| 231 : 2259
==========|1111| 232 : 2246
==========|1111| 233 : 2230
==========|1111| 234 : 2266
==========|1111| 235 : 2231
==========|1111| 236 : 2216
==========|1111| 237 : 2219
==========|1111| 238 : 2239
==========|1111| 239 : 2210
==========|1111| 240 : 2211
==========|1111| 241 : 2221
==========|1111| 242 : 2235
==========|1111| 243 : 2227
==========|1111| 244 : 2227
==========|1111| 245 : 2217
==========|1111| 246 : 2173
==========|1111| 247 : 2195
==========|1111| 248 : 2197
==========|1111| 249 : 2197
==========|1111| 250 : 2158
==========|1111| 251 : 2194
==========|1111| 252 : 2281
==========|1111| 253 : 2291
==========|1111| 254 : 2273
==========|1111| 255 : 2263
==========|1111| 256 : 2258
==========|1111| 257 : 2281
==========|1111| 258 : 2282
==========|1111| 259 : 2290
==========|1111| 260 : 2284
==========|1111| 261 : 2275
==========|1111| 262 : 2256
==========|1111| 263 : 2279
==========|1111| 264 : 2266
==========|1111| 265 : 2272
==========|1111| 266 : 2261
==========|1111| 267 : 2273
==========|1111| 268 : 2251
==========|1111| 269 : 2253
==========|1111| 270 : 2250
==========|1111| 271 : 2240
==========|1111| 272 : 2256
==========|1111| 273 : 2244
==========|1111| 274 : 2250
==========|1111| 275 : 2246
==========|1111| 276 : 2242
==========|1111| 277 : 2250
==========|1111| 278 : 2239
==========|1111| 279 : 2215
==========|1111| 280 : 2316
==========|1111| 281 : 2222
==========|1111| 282 : 2224
==========|1111| 283 : 2219
==========|1111| 284 : 2198
==========|1111| 285 : 2192
==========|1111| 286 : 2184
==========|1111| 287 : 2195
==========|1111| 288 : 2201
==========|1111| 289 : 2194
==========|1111| 290 : 2184
==========|1111| 291 : 2197
==========|1111| 292 : 2196
==========|1111| 293 : 2189
==========|1111| 294 : 2186
==========|1111| 295 : 2187
==========|1111| 296 : 2284
==========|1111| 297 : 2268
==========|1111| 298 : 2272
==========|1111| 299 : 2277
==========|1111| 300 : 2267
==========|1111| 301 : 2271
==========|1111| 302 : 2273
==========|1111| 303 : 2257
==========|1111| 304 : 2269
==========|1111| 305 : 2252
==========|1111| 306 : 2271
==========|1111| 307 : 2264
==========|1111| 308 : 2263
==========|1111| 309 : 2240
==========|1111| 310 : 2268
==========|1111| 311 : 2258
==========|1111| 312 : 2265
==========|1111| 313 : 2258
==========|1111| 314 : 2254
==========|1111| 315 : 2240
==========|1111| 316 : 2235
==========|1111| 317 : 2232
==========|1111| 318 : 2242
==========|1111| 319 : 2240
==========|1111| 320 : 2236
==========|1111| 321 : 2227
==========|1111| 322 : 2243
==========|1111| 323 : 2233
==========|1111| 324 : 2239
==========|1111| 325 : 2231
==========|1111| 326 : 2224
==========|1111| 327 : 2215
==========|1111| 328 : 2213
==========|1111| 329 : 2214
==========|1111| 330 : 2195
==========|1111| 331 : 2203
==========|1111| 332 : 2217
==========|1111| 333 : 2172
==========|1111| 334 : 2203
==========|1111| 335 : 2207
==========|1111| 336 : 2200
==========|1111| 337 : 2203
==========|1111| 338 : 2149
==========|1111| 339 : 2201
==========|1111| 340 : 2187
==========|1111| 341 : 2247
==========|1111| 342 : 2237
==========|1111| 343 : 2308
==========|1111| 344 : 2301
==========|1111| 345 : 2309
==========|1111| 346 : 2283
==========|1111| 347 : 2246
==========|1111| 348 : 2291
==========|1111| 349 : 2323
==========|1111| 350 : 2297
==========|1111| 351 : 2285
==========|1111| 352 : 2260
==========|1111| 353 : 2248
==========|1111| 354 : 2256
==========|1111| 355 : 2278
==========|1111| 356 : 2262
==========|1111| 357 : 2257
==========|1111| 358 : 2237
==========|1111| 359 : 2240
==========|1111| 360 : 2236
==========|1111| 361 : 2234
==========|1111| 362 : 2293
==========|1111| 363 : 2259
==========|1111| 364 : 2230
==========|1111| 365 : 2219
==========|1111| 366 : 2228
==========|1111| 367 : 2170
==========|1111| 368 : 2237
==========|1111| 369 : 2219
==========|1111| 370 : 2171
==========|1111| 371 : 2321
==========|1111| 372 : 2196
==========|1111| 373 : 2200
==========|1111| 374 : 2163
==========|1111| 375 : 2200
==========|1111| 376 : 2234
==========|1111| 377 : 2262
==========|1111| 378 : 2183
==========|1111| 379 : 2256
==========|1111| 380 : 2263
==========|1111| 381 : 2176
==========|1111| 382 : 2252
==========|1111| 383 : 2293
==========|1111| 384 : 2233
==========|1111| 385 : 2217
==========|1111| 386 : 2212
==========|1111| 387 : 2298
==========|1111| 388 : 2309
==========|1111| 389 : 2260
==========|1111| 390 : 2298
==========|1111| 391 : 2292
==========|1111| 392 : 2275
==========|1111| 393 : 2278
==========|1111| 394 : 2268
==========|1111| 395 : 2274
==========|1111| 396 : 2267
==========|1111| 397 : 2259
==========|1111| 398 : 2268
==========|1111| 399 : 2271
==========|1111| 400 : 2264
==========|1111| 401 : 2264
==========|1111| 402 : 2251
==========|1111| 403 : 2259
==========|1111| 404 : 2245
==========|1111| 405 : 2259
==========|1111| 406 : 2213
==========|1111| 407 : 2226
==========|1111| 408 : 2224
==========|1111| 409 : 2224
==========|1111| 410 : 2237
==========|1111| 411 : 2238
==========|1111| 412 : 2238
==========|1111| 413 : 2234
==========|1111| 414 : 2241
==========|1111| 415 : 2232
==========|1111| 416 : 2220
==========|1111| 417 : 2224
==========|1111| 418 : 2209
==========|1111| 419 : 2226
==========|1111| 420 : 2211
==========|1111| 421 : 2210
==========|1111| 422 : 2209
==========|1111| 423 : 2208
==========|1111| 424 : 2280
==========|1111| 425 : 2283
==========|1111| 426 : 2199
==========|1111| 427 : 2183
==========|1111| 428 : 2194
==========|1111| 429 : 2201
==========|1111| 430 : 2204
==========|1111| 431 : 2212
==========|1111| 432 : 2199
==========|1111| 433 : 2193
==========|1111| 434 : 2182
==========|1111| 435 : 2281
==========|1111| 436 : 2282
==========|1111| 437 : 2284
==========|1111| 438 : 2270
==========|1111| 439 : 2280
==========|1111| 440 : 2285
==========|1111| 441 : 2277
==========|1111| 442 : 2279
==========|1111| 443 : 2279
==========|1111| 444 : 2255
==========|1111| 445 : 2262
==========|1111| 446 : 2257
==========|1111| 447 : 2256
==========|1111| 448 : 2229
==========|1111| 449 : 2237
==========|1111| 450 : 2239
==========|1111| 451 : 2237
==========|1111| 452 : 2244
==========|1111| 453 : 2245
==========|1111| 454 : 2241
==========|1111| 455 : 2241
==========|1111| 456 : 2232
==========|1111| 457 : 2205
==========|1111| 458 : 2218
==========|1111| 459 : 2233
==========|1111| 460 : 2219
==========|1111| 461 : 2241
==========|1111| 462 : 2326
==========|1111| 463 : 2231
==========|1111| 464 : 2221
==========|1111| 465 : 2214
==========|1111| 466 : 2201
==========|1111| 467 : 2213
==========|1111| 468 : 2206
==========|1111| 469 : 2190
==========|1111| 470 : 2202
==========|1111| 471 : 2188
==========|1111| 472 : 2191
==========|1111| 473 : 2183
==========|1111| 474 : 2192
==========|1111| 475 : 2190
==========|1111| 476 : 2193
==========|1111| 477 : 2197
==========|1111| 478 : 2268
==========|1111| 479 : 2289
==========|1111| 480 : 2278
==========|1111| 481 : 2288
==========|1111| 482 : 2273
==========|1111| 483 : 2268
==========|1111| 484 : 2265
==========|1111| 485 : 2255
==========|1111| 486 : 2272
==========|1111| 487 : 2228
==========|1111| 488 : 2240
==========|1111| 489 : 2263
==========|1111| 490 : 2238
==========|1111| 491 : 2243
==========|1111| 492 : 2184
==========|1111| 493 : 2217
==========|1111| 494 : 2214
==========|1111| 495 : 2242
==========|1111| 496 : 2237
==========|1111| 497 : 2249
==========|1111| 498 : 2270
==========|1111| 499 : 2250
==========|1111| 500 : 2248
==========|1111| 501 : 2216
==========|1111| 502 : 2236
==========|1111| 503 : 2256
==========|1111| 504 : 2212
==========|1111| 505 : 2224
==========|1111| 506 : 2203
==========|1111| 507 : 2215
==========|1111| 508 : 2240
==========|1111| 509 : 2190
==========|1111| 510 : 2210
==========|1111| 511 : 2236
==========|1111| 512 : 2188
==========|1111| 513 : 2190
==========|1111| 514 : 2181
==========|1111| 515 : 2170
==========|1111| 516 : 2186
==========|1111| 517 : 2185
==========|1111| 518 : 2183
==========|1111| 519 : 2190
==========|1111| 520 : 2176
==========|1111| 521 : 2300
==========|1111| 522 : 2286
==========|1111| 523 : 2297
==========|1111| 524 : 2272
==========|1111| 525 : 2230
==========|1111| 526 : 2258
==========|1111| 527 : 2265
==========|1111| 528 : 2270
==========|1111| 529 : 2264
==========|1111| 530 : 2263
==========|1111| 531 : 2292
==========|1111| 532 : 2278
==========|1111| 533 : 2251
==========|1111| 534 : 2248
==========|1111| 535 : 2271
==========|1111| 536 : 2211
==========|1111| 537 : 2230
==========|1111| 538 : 2227
==========|1111| 539 : 2245
==========|1111| 540 : 2254
==========|1111| 541 : 2224
==========|1111| 542 : 2232
==========|1111| 543 : 2222
==========|1111| 544 : 2224
==========|1111| 545 : 2239
