==========|1111| 0 : 4008
==========|1111| 1 : 4004
==========|1111| 2 : 3974
==========|1111| 3 : 3943
==========|1111| 4 : 3981
==========|1111| 5 : 3990
==========|1111| 6 : 3987
==========|1111| 7 : 3994
==========|1111| 8 : 3945
==========|1111| 9 : 3973
==========|1111| 10 : 3976
==========|1111| 11 : 4006
==========|1111| 12 : 3963
==========|1111| 13 : 3977
==========|1111| 14 : 3992
==========|1111| 15 : 3995
==========|1111| 16 : 3956
==========|1111| 17 : 4004
==========|1111| 18 : 3921
==========|1111| 19 : 3951
==========|1111| 20 : 3967
==========|1111| 21 : 3968
==========|1111| 22 : 3909
==========|1111| 23 : 3918
==========|1111| 24 : 3921
==========|1111| 25 : 3965
==========|1111| 26 : 3951
==========|1111| 27 : 3959
==========|1111| 28 : 3928
==========|1111| 29 : 3931
==========|1111| 30 : 3949
==========|1111| 31 : 3940
==========|1111| 32 : 4040
==========|1111| 33 : 3931
==========|1111| 34 : 3938
==========|1111| 35 : 3922
==========|1111| 36 : 3930
==========|1111| 37 : 3920
==========|1111| 38 : 3911
==========|1111| 39 : 3917
==========|1111| 40 : 3927
==========|1111| 41 : 3915
==========|1111| 42 : 4028
==========|1111| 43 : 4013
==========|1111| 44 : 4022
==========|1111| 45 : 4026
==========|1111| 46 : 4021
==========|1111| 47 : 4033
==========|1111| 48 : 4027
==========|1111| 49 : 4028
==========|1111| 50 : 4020
==========|1111| 51 : 4027
==========|1111| 52 : 4021
==========|1111| 53 : 3984
==========|1111| 54 : 4001
==========|1111| 55 : 4011
==========|1111| 56 : 4011
==========|1111| 57 : 3998
==========|1111| 58 : 3976
==========|1111| 59 : 3993
==========|1111| 60 : 3990
==========|1111| 61 : 4007
==========|1111| 62 : 3979
==========|1111| 63 : 3973
==========|1111| 64 : 3970
==========|1111| 65 : 3974
==========|1111| 66 : 3973
==========|1111| 67 : 3968
==========|1111| 68 : 3956
==========|1111| 69 : 3958
==========|1111| 70 : 3963
==========|1111| 71 : 3967
==========|1111| 72 : 3958
==========|1111| 73 : 3946
==========|1111| 74 : 3967
==========|1111| 75 : 3980
==========|1111| 76 : 3949
==========|1111| 77 : 3949
==========|1111| 78 : 3932
==========|1111| 79 : 3943
==========|1111| 80 : 3948
==========|1111| 81 : 3952
==========|1111| 82 : 3938
==========|1111| 83 : 3942
==========|1111| 84 : 3938
==========|1111| 85 : 3928
==========|1111| 86 : 4047
==========|1111| 87 : 3945
==========|1111| 88 : 3922
==========|1111| 89 : 3936
==========|1111| 90 : 3921
==========|1111| 91 : 3917
==========|1111| 92 : 3909
==========|1111| 93 : 3989
==========|1111| 94 : 4007
==========|1111| 95 : 4022
==========|1111| 96 : 4019
==========|1111| 97 : 4041
==========|1111| 98 : 4015
==========|1111| 99 : 4028
==========|1111| 100 : 4020
==========|1111| 101 : 4027
==========|1111| 102 : 4003
==========|1111| 103 : 3996
==========|1111| 104 : 4014
==========|1111| 105 : 4015
==========|1111| 106 : 4016
==========|1111| 107 : 4009
==========|1111| 108 : 3974
==========|1111| 109 : 4011
==========|1111| 110 : 3989
==========|1111| 111 : 3996
==========|1111| 112 : 3990
==========|1111| 113 : 3954
==========|1111| 114 : 3997
==========|1111| 115 : 3992
==========|1111| 116 : 3987
==========|1111| 117 : 3984
==========|1111| 118 : 3955
==========|1111| 119 : 3981
==========|1111| 120 : 3977
==========|1111| 121 : 3976
==========|1111| 122 : 3946
==========|1111| 123 : 3938
==========|1111| 124 : 3965
==========|1111| 125 : 3940
==========|1111| 126 : 3940
==========|1111| 127 : 3981
==========|1111| 128 : 3933
==========|1111| 129 : 3944
==========|1111| 130 : 3944
==========|1111| 131 : 3950
==========|1111| 132 : 3935
==========|1111| 133 : 3928
==========|1111| 134 : 3944
==========|1111| 135 : 3937
==========|1111| 136 : 3924
==========|1111| 137 : 3932
==========|1111| 138 : 3916
==========|1111| 139 : 3909
==========|1111| 140 : 4016
==========|1111| 141 : 4011
==========|1111| 142 : 3990
==========|1111| 143 : 3968
==========|1111| 144 : 4030
==========|1111| 145 : 4010
==========|1111| 146 : 4007
==========|1111| 147 : 3993
==========|1111| 148 : 3996
==========|1111| 149 : 3998
==========|1111| 150 : 3982
==========|1111| 151 : 3997
==========|1111| 152 : 3967
==========|1111| 153 : 3979
==========|1111| 154 : 3992
==========|1111| 155 : 3988
==========|1111| 156 : 3999
==========|1111| 157 : 3986
==========|1111| 158 : 3953
==========|1111| 159 : 4001
==========|1111| 160 : 3986
==========|1111| 161 : 3991
==========|1111| 162 : 4009
==========|1111| 163 : 3935
==========|1111| 164 : 4005
==========|1111| 165 : 3955
==========|1111| 166 : 3942
==========|1111| 167 : 3954
==========|1111| 168 : 3933
==========|1111| 169 : 4009
==========|1111| 170 : 3991
==========|1111| 171 : 4003
==========|1111| 172 : 3936
==========|1111| 173 : 3956
==========|1111| 174 : 3961
==========|1111| 175 : 3951
==========|1111| 176 : 3954
==========|1111| 177 : 3960
==========|1111| 178 : 3910
==========|1111| 179 : 3977
==========|1111| 180 : 3976
==========|1111| 181 : 3997
==========|1111| 182 : 3967
==========|1111| 183 : 3969
==========|1111| 184 : 3983
==========|1111| 185 : 3952
==========|1111| 186 : 3939
==========|1111| 187 : 3922
==========|1111| 188 : 3908
==========|1111| 189 : 3924
==========|1111| 190 : 4047
==========|1111| 191 : 4032
==========|1111| 192 : 4025
==========|1111| 193 : 4023
==========|1111| 194 : 4050
==========|1111| 195 : 4012
==========|1111| 196 : 4011
==========|1111| 197 : 4022
==========|1111| 198 : 4015
==========|1111| 199 : 4004
==========|1111| 200 : 4012
==========|1111| 201 : 4017
==========|1111| 202 : 4021
==========|1111| 203 : 4020
==========|1111| 204 : 4016
==========|1111| 205 : 4029
==========|1111| 206 : 4044
==========|1111| 207 : 4044
==========|1111| 208 : 3968
==========|1111| 209 : 4032
==========|1111| 210 : 4002
==========|1111| 211 : 4039
==========|1111| 212 : 3996
==========|1111| 213 : 3923
==========|1111| 214 : 3988
==========|1111| 215 : 3974
==========|1111| 216 : 3977
==========|1111| 217 : 3987
==========|1111| 218 : 3953
==========|1111| 219 : 3999
==========|1111| 220 : 3990
==========|1111| 221 : 3986
==========|1111| 222 : 3945
==========|1111| 223 : 3926
==========|1111| 224 : 3994
==========|1111| 225 : 3970
==========|1111| 226 : 3985
==========|1111| 227 : 3942
==========|1111| 228 : 3900
==========|1111| 229 : 3955
==========|1111| 230 : 3966
==========|1111| 231 : 3978
==========|1111| 232 : 3985
==========|1111| 233 : 3964
==========|1111| 234 : 3970
==========|1111| 235 : 3911
==========|1111| 236 : 3938
==========|1111| 237 : 3980
==========|1111| 238 : 3917
==========|1111| 241 : 4019
==========|1111| 242 : 4052
==========|1111| 243 : 4049
==========|1111| 244 : 4027
==========|1111| 245 : 4095
==========|1111| 246 : 4073
==========|1111| 247 : 4091
==========|1111| 248 : 3991
==========|1111| 249 : 4007
==========|1111| 250 : 4001
==========|1111| 251 : 4012
==========|1111| 252 : 3978
==========|1111| 253 : 3975
==========|1111| 254 : 3984
==========|1111| 255 : 3992
==========|1111| 256 : 3958
==========|1111| 257 : 3987
==========|1111| 258 : 3956
==========|1111| 259 : 3989
==========|1111| 260 : 3991
==========|1111| 261 : 3979
==========|1111| 262 : 3973
==========|1111| 263 : 3998
==========|1111| 264 : 3978
==========|1111| 265 : 3992
==========|1111| 266 : 3992
==========|1111| 267 : 3965
==========|1111| 268 : 3952
==========|1111| 269 : 3997
==========|1111| 270 : 3937
==========|1111| 271 : 4012
==========|1111| 272 : 3972
==========|1111| 273 : 3945
==========|1111| 274 : 3958
==========|1111| 275 : 3979
==========|1111| 276 : 3993
==========|1111| 277 : 3995
==========|1111| 278 : 3928
==========|1111| 279 : 3958
==========|1111| 280 : 3954
==========|1111| 281 : 3947
==========|1111| 282 : 3931
==========|1111| 283 : 3959
==========|1111| 284 : 3944
==========|1111| 285 : 3935
==========|1111| 286 : 3968
==========|1111| 287 : 3938
==========|1111| 288 : 3945
==========|1111| 289 : 3934
==========|1111| 290 : 3926
==========|1111| 291 : 3946
==========|1111| 292 : 3934
==========|1111| 293 : 3930
==========|1111| 294 : 3926
==========|1111| 295 : 3917
==========|1111| 296 : 3906
==========|1111| 297 : 4039
==========|1111| 298 : 4008
==========|1111| 299 : 4045
==========|1111| 300 : 4017
==========|1111| 301 : 4020
==========|1111| 302 : 3998
==========|1111| 303 : 4011
==========|1111| 304 : 4022
==========|1111| 305 : 4016
==========|1111| 306 : 4016
==========|1111| 307 : 4025
==========|1111| 308 : 4015
==========|1111| 309 : 4015
==========|1111| 310 : 4023
==========|1111| 311 : 4019
==========|1111| 312 : 3981
==========|1111| 313 : 3989
==========|1111| 314 : 4010
==========|1111| 315 : 4011
==========|1111| 316 : 4010
==========|1111| 317 : 4001
==========|1111| 318 : 3999
==========|1111| 319 : 3989
==========|1111| 320 : 3995
==========|1111| 321 : 3988
==========|1111| 322 : 3986
==========|1111| 323 : 3980
==========|1111| 324 : 3973
==========|1111| 325 : 3986
==========|1111| 326 : 3985
==========|1111| 327 : 3947
==========|1111| 328 : 3950
==========|1111| 329 : 3949
==========|1111| 330 : 3951
==========|1111| 331 : 3959
==========|1111| 332 : 3946
==========|1111| 333 : 3934
==========|1111| 334 : 3941
==========|1111| 335 : 3947
==========|1111| 336 : 3958
==========|1111| 337 : 3960
==========|1111| 338 : 3930
==========|1111| 339 : 3949
==========|1111| 340 : 3948
==========|1111| 341 : 3968
==========|1111| 342 : 3956
==========|1111| 343 : 3932
==========|1111| 344 : 3965
==========|1111| 345 : 3954
==========|1111| 346 : 3923
==========|1111| 347 : 3939
==========|1111| 348 : 4022
==========|1111| 349 : 4024
==========|1111| 350 : 4037
==========|1111| 351 : 4024
==========|1111| 352 : 4015
==========|1111| 353 : 4027
==========|1111| 354 : 3998
==========|1111| 355 : 4030
==========|1111| 356 : 4028
==========|1111| 357 : 4024
==========|1111| 358 : 4016
==========|1111| 359 : 4044
==========|1111| 360 : 4032
==========|1111| 361 : 4022
==========|1111| 362 : 4022
==========|1111| 363 : 3996
==========|1111| 364 : 3990
==========|1111| 365 : 4004
==========|1111| 366 : 3987
==========|1111| 367 : 3986
==========|1111| 368 : 3979
==========|1111| 369 : 3990
==========|1111| 370 : 3950
==========|1111| 371 : 3951
==========|1111| 372 : 3955
==========|1111| 373 : 3953
==========|1111| 374 : 3983
==========|1111| 375 : 3957
==========|1111| 376 : 3969
==========|1111| 377 : 3964
==========|1111| 378 : 3939
==========|1111| 379 : 3956
==========|1111| 380 : 3960
==========|1111| 381 : 3949
==========|1111| 382 : 3934
==========|1111| 383 : 3956
==========|1111| 384 : 3948
==========|1111| 385 : 3963
==========|1111| 386 : 3953
==========|1111| 387 : 3941
==========|1111| 388 : 3937
==========|1111| 389 : 3954
==========|1111| 390 : 3936
==========|1111| 391 : 3921
==========|1111| 392 : 3918
==========|1111| 393 : 3952
==========|1111| 394 : 3931
==========|1111| 395 : 3934
==========|1111| 396 : 3951
==========|1111| 397 : 3944
==========|1111| 398 : 3917
==========|1111| 399 : 4020
==========|1111| 400 : 4019
==========|1111| 401 : 4034
==========|1111| 402 : 4023
==========|1111| 403 : 4043
==========|1111| 404 : 4041
==========|1111| 405 : 4015
==========|1111| 406 : 4007
==========|1111| 407 : 4005
==========|1111| 408 : 3990
==========|1111| 409 : 4012
==========|1111| 410 : 4029
==========|1111| 411 : 4016
==========|1111| 412 : 4005
==========|1111| 413 : 4011
==========|1111| 414 : 4010
==========|1111| 415 : 4015
==========|1111| 416 : 3983
==========|1111| 417 : 4009
==========|1111| 418 : 3979
==========|1111| 419 : 4025
==========|1111| 420 : 4027
==========|1111| 421 : 4019
==========|1111| 422 : 3969
==========|1111| 423 : 3980
==========|1111| 424 : 3983
==========|1111| 425 : 3936
==========|1111| 426 : 3992
==========|1111| 427 : 4055
==========|1111| 428 : 3911
==========|1111| 429 : 3981
==========|1111| 430 : 3982
==========|1111| 431 : 3954
==========|1111| 432 : 3964
==========|1111| 433 : 3954
==========|1111| 434 : 3973
==========|1111| 435 : 3932
==========|1111| 436 : 3939
==========|1111| 437 : 3944
==========|1111| 438 : 3947
==========|1111| 439 : 3905
==========|1111| 440 : 3992
==========|1111| 441 : 3975
==========|1111| 442 : 3941
==========|1111| 443 : 3926
==========|1111| 444 : 3951
==========|1111| 445 : 3971
==========|1111| 446 : 3958
==========|1111| 447 : 3946
==========|1111| 448 : 3936
==========|1111| 449 : 4030
==========|1111| 450 : 4062
==========|1111| 451 : 4030
==========|1111| 452 : 4013
==========|1111| 453 : 4011
==========|1111| 454 : 4022
==========|1111| 455 : 4040
==========|1111| 456 : 3971
==========|1111| 457 : 3990
==========|1111| 458 : 3995
==========|1111| 459 : 4007
==========|1111| 460 : 3980
==========|1111| 461 : 3994
==========|1111| 462 : 3994
==========|1111| 463 : 4009
==========|1111| 464 : 4011
==========|1111| 465 : 4042
==========|1111| 466 : 4022
==========|1111| 467 : 4035
==========|1111| 468 : 3939
==========|1111| 469 : 4021
==========|1111| 470 : 3992
==========|1111| 471 : 3979
==========|1111| 472 : 3987
==========|1111| 473 : 3966
==========|1111| 474 : 3963
==========|1111| 475 : 3988
==========|1111| 476 : 3979
==========|1111| 477 : 3979
==========|1111| 478 : 3972
==========|1111| 479 : 3963
==========|1111| 480 : 3981
==========|1111| 481 : 3955
==========|1111| 482 : 3963
==========|1111| 483 : 3937
==========|1111| 484 : 3978
==========|1111| 485 : 3965
==========|1111| 486 : 3959
==========|1111| 487 : 3986
==========|1111| 488 : 3958
==========|1111| 489 : 3922
==========|1111| 490 : 3921
==========|1111| 491 : 3923
==========|1111| 492 : 3913
==========|1111| 493 : 3964
==========|1111| 494 : 3958
==========|1111| 495 : 3959
==========|1111| 496 : 4004
==========|1111| 497 : 3941
==========|1111| 498 : 3935
==========|1111| 499 : 3949
==========|1111| 500 : 3962
==========|1111| 501 : 3966
==========|1111| 502 : 3917
==========|1111| 503 : 4016
==========|1111| 504 : 4023
==========|1111| 505 : 4016
==========|1111| 506 : 4077
==========|1111| 507 : 4072
==========|1111| 509 : 4067
==========|1111| 510 : 3979
==========|1111| 511 : 4067
==========|1111| 512 : 4026
==========|1111| 513 : 4058
==========|1111| 514 : 3987
==========|1111| 515 : 3952
==========|1111| 516 : 4050
==========|1111| 517 : 4045
==========|1111| 518 : 4036
==========|1111| 519 : 4036
==========|1111| 520 : 3963
==========|1111| 521 : 4036
==========|1111| 522 : 4031
==========|1111| 523 : 3984
==========|1111| 524 : 3964
==========|1111| 525 : 3959
==========|1111| 526 : 4002
==========|1111| 527 : 4013
==========|1111| 528 : 3948
==========|1111| 529 : 4002
==========|1111| 530 : 3971
==========|1111| 531 : 3953
==========|1111| 532 : 3968
==========|1111| 533 : 3950
==========|1111| 534 : 3968
==========|1111| 535 : 3980
==========|1111| 536 : 3966
==========|1111| 537 : 3955
==========|1111| 538 : 3963
==========|1111| 539 : 3978
==========|1111| 540 : 3990
==========|1111| 541 : 3945
==========|1111| 542 : 3917
==========|1111| 543 : 3933
==========|1111| 544 : 3919
==========|1111| 545 : 3961
==========|1111| 546 : 3953
==========|1111| 547 : 3949
==========|1111| 548 : 3951
==========|1111| 549 : 3961
==========|1111| 550 : 3945
==========|1111| 551 : 3915
==========|1111| 552 : 3908
==========|1111| 553 : 4030
==========|1111| 554 : 4043
==========|1111| 555 : 4026
==========|1111| 556 : 4012
==========|1111| 557 : 4012
==========|1111| 558 : 3991
==========|1111| 559 : 4015
==========|1111| 560 : 4014
==========|1111| 561 : 3990
==========|1111| 562 : 3995
==========|1111| 563 : 4005
==========|1111| 564 : 4011
==========|1111| 565 : 4018
==========|1111| 566 : 4018
==========|1111| 567 : 4000
==========|1111| 568 : 3989
==========|1111| 569 : 3996
==========|1111| 570 : 3998
==========|1111| 571 : 3982
==========|1111| 572 : 3984
==========|1111| 573 : 4088
==========|1111| 574 : 3987
==========|1111| 575 : 3980
==========|1111| 576 : 3980
==========|1111| 577 : 3980
==========|1111| 578 : 3980
==========|1111| 579 : 3987
==========|1111| 580 : 3988
==========|1111| 581 : 3980
==========|1111| 582 : 3977
==========|1111| 583 : 3970
==========|1111| 584 : 3959
==========|1111| 585 : 3967
==========|1111| 586 : 3957
==========|1111| 587 : 3941
==========|1111| 588 : 3960
==========|1111| 589 : 3931
==========|1111| 590 : 3929
