==========|1111| 0 : 5836
==========|1111| 1 : 5811
==========|1111| 2 : 5804
==========|1111| 3 : 5799
==========|1111| 4 : 5811
==========|1111| 5 : 5790
==========|1111| 6 : 5812
==========|1111| 7 : 5770
==========|1111| 8 : 5796
==========|1111| 9 : 5789
==========|1111| 10 : 5762
==========|1111| 11 : 5790
==========|1111| 12 : 5764
==========|1111| 13 : 5742
==========|1111| 14 : 5790
==========|1111| 15 : 5796
==========|1111| 16 : 5767
==========|1111| 17 : 5686
==========|1111| 18 : 5786
==========|1111| 19 : 5756
==========|1111| 20 : 5734
==========|1111| 21 : 5759
==========|1111| 22 : 5728
==========|1111| 23 : 5744
==========|1111| 24 : 5758
==========|1111| 25 : 5755
==========|1111| 26 : 5784
==========|1111| 27 : 5740
==========|1111| 28 : 5739
==========|1111| 29 : 5733
==========|1111| 30 : 5726
==========|1111| 31 : 5728
==========|1111| 32 : 5723
==========|1111| 33 : 5752
==========|1111| 34 : 5731
==========|1111| 35 : 5752
==========|1111| 36 : 5733
==========|1111| 37 : 5694
==========|1111| 38 : 5698
==========|1111| 39 : 5722
==========|1111| 40 : 5750
==========|1111| 41 : 5844
==========|1111| 42 : 5815
==========|1111| 43 : 5823
==========|1111| 44 : 5841
==========|1111| 45 : 5856
==========|1111| 46 : 5819
==========|1111| 47 : 5803
==========|1111| 48 : 5812
==========|1111| 49 : 5812
==========|1111| 50 : 5799
==========|1111| 51 : 5816
==========|1111| 52 : 5794
==========|1111| 53 : 5793
==========|1111| 54 : 5784
==========|1111| 55 : 5783
==========|1111| 56 : 5786
==========|1111| 57 : 5747
==========|1111| 58 : 5766
==========|1111| 59 : 5800
==========|1111| 60 : 5780
==========|1111| 61 : 5804
==========|1111| 62 : 5795
==========|1111| 63 : 5814
==========|1111| 64 : 5793
==========|1111| 65 : 5780
==========|1111| 66 : 5796
==========|1111| 67 : 5756
==========|1111| 68 : 5760
==========|1111| 69 : 5775
==========|1111| 70 : 5749
==========|1111| 71 : 5750
==========|1111| 72 : 5764
==========|1111| 73 : 5775
==========|1111| 74 : 5787
==========|1111| 75 : 5775
==========|1111| 76 : 5731
==========|1111| 77 : 5778
==========|1111| 78 : 5768
==========|1111| 79 : 5751
==========|1111| 80 : 5748
==========|1111| 81 : 5804
==========|1111| 82 : 5728
==========|1111| 83 : 5755
==========|1111| 84 : 5738
==========|1111| 85 : 5737
==========|1111| 86 : 5721
==========|1111| 87 : 5732
==========|1111| 88 : 5725
==========|1111| 89 : 5721
==========|1111| 90 : 5726
==========|1111| 91 : 5738
==========|1111| 92 : 5724
==========|1111| 93 : 5713
==========|1111| 94 : 5714
==========|1111| 95 : 5738
==========|1111| 96 : 5742
==========|1111| 97 : 5683
==========|1111| 98 : 5717
==========|1111| 99 : 5728
==========|1111| 100 : 5830
==========|1111| 101 : 5798
==========|1111| 102 : 5804
==========|1111| 103 : 5801
==========|1111| 104 : 5798
==========|1111| 105 : 5808
==========|1111| 106 : 5807
==========|1111| 107 : 5774
==========|1111| 108 : 5777
==========|1111| 109 : 5787
==========|1111| 110 : 5767
==========|1111| 111 : 5795
==========|1111| 112 : 5791
==========|1111| 113 : 5774
==========|1111| 114 : 5770
==========|1111| 115 : 5754
==========|1111| 116 : 5790
==========|1111| 117 : 5733
==========|1111| 118 : 5801
==========|1111| 119 : 5799
==========|1111| 120 : 5749
==========|1111| 121 : 5776
==========|1111| 122 : 5787
==========|1111| 123 : 5820
==========|1111| 124 : 5791
==========|1111| 125 : 5797
==========|1111| 126 : 5775
==========|1111| 127 : 5746
==========|1111| 128 : 5749
==========|1111| 129 : 5756
==========|1111| 130 : 5747
==========|1111| 131 : 5762
==========|1111| 132 : 5771
==========|1111| 133 : 5749
==========|1111| 134 : 5730
==========|1111| 135 : 5720
==========|1111| 136 : 5711
==========|1111| 137 : 5733
==========|1111| 138 : 5767
==========|1111| 139 : 5732
==========|1111| 140 : 5767
==========|1111| 141 : 5757
==========|1111| 142 : 5761
==========|1111| 143 : 5732
==========|1111| 144 : 5713
==========|1111| 145 : 5715
==========|1111| 146 : 5725
==========|1111| 147 : 5717
==========|1111| 148 : 5715
==========|1111| 149 : 5695
==========|1111| 150 : 5694
==========|1111| 151 : 5696
==========|1111| 152 : 5685
==========|1111| 153 : 5784
==========|1111| 154 : 5786
==========|1111| 155 : 5778
==========|1111| 156 : 5798
==========|1111| 157 : 5748
==========|1111| 158 : 5771
==========|1111| 159 : 5822
==========|1111| 160 : 5783
==========|1111| 161 : 5778
==========|1111| 162 : 5784
==========|1111| 163 : 5765
==========|1111| 164 : 5784
==========|1111| 165 : 5802
==========|1111| 166 : 5771
==========|1111| 167 : 5785
==========|1111| 168 : 5774
==========|1111| 169 : 5775
==========|1111| 170 : 5776
==========|1111| 171 : 5782
==========|1111| 172 : 5759
==========|1111| 173 : 5761
==========|1111| 174 : 5750
==========|1111| 175 : 5757
==========|1111| 176 : 5751
==========|1111| 177 : 5746
==========|1111| 178 : 5742
==========|1111| 179 : 5742
==========|1111| 180 : 5720
==========|1111| 181 : 5759
==========|1111| 182 : 5738
==========|1111| 183 : 5736
==========|1111| 184 : 5732
==========|1111| 185 : 5749
==========|1111| 186 : 5748
==========|1111| 187 : 5714
==========|1111| 188 : 5723
==========|1111| 189 : 5747
==========|1111| 190 : 5827
==========|1111| 191 : 5713
==========|1111| 192 : 5688
==========|1111| 193 : 5716
==========|1111| 194 : 5714
==========|1111| 195 : 5713
==========|1111| 196 : 5702
==========|1111| 197 : 5719
==========|1111| 198 : 5745
==========|1111| 199 : 5727
==========|1111| 200 : 5709
==========|1111| 201 : 5684
==========|1111| 202 : 5784
==========|1111| 203 : 5781
==========|1111| 204 : 5788
==========|1111| 205 : 5778
==========|1111| 206 : 5781
==========|1111| 207 : 5778
==========|1111| 208 : 5786
==========|1111| 209 : 5805
==========|1111| 210 : 5775
==========|1111| 211 : 5775
==========|1111| 212 : 5783
==========|1111| 213 : 5776
==========|1111| 214 : 5742
==========|1111| 215 : 5780
==========|1111| 216 : 5787
==========|1111| 217 : 5811
==========|1111| 218 : 5747
==========|1111| 219 : 5770
==========|1111| 220 : 5757
==========|1111| 221 : 5760
==========|1111| 222 : 5800
==========|1111| 223 : 5741
==========|1111| 224 : 5820
==========|1111| 225 : 5755
==========|1111| 226 : 5805
==========|1111| 227 : 5762
==========|1111| 228 : 5735
==========|1111| 229 : 5842
==========|1111| 230 : 5825
==========|1111| 231 : 5757
==========|1111| 232 : 5810
==========|1111| 233 : 5720
==========|1111| 234 : 5756
==========|1111| 235 : 5746
==========|1111| 236 : 5821
==========|1111| 237 : 5791
==========|1111| 238 : 5775
==========|1111| 239 : 5686
==========|1111| 240 : 5774
==========|1111| 241 : 5734
==========|1111| 242 : 5765
==========|1111| 243 : 5779
==========|1111| 244 : 5750
==========|1111| 245 : 5718
==========|1111| 246 : 5716
==========|1111| 247 : 5755
==========|1111| 248 : 5726
==========|1111| 249 : 5757
==========|1111| 250 : 5768
==========|1111| 251 : 5767
==========|1111| 252 : 5737
==========|1111| 253 : 5713
==========|1111| 254 : 5747
==========|1111| 255 : 5723
==========|1111| 256 : 5859
==========|1111| 257 : 5848
==========|1111| 258 : 5809
==========|1111| 259 : 5791
==========|1111| 260 : 5781
==========|1111| 261 : 5740
==========|1111| 262 : 5759
==========|1111| 263 : 5798
==========|1111| 264 : 5784
==========|1111| 265 : 5794
==========|1111| 266 : 5795
==========|1111| 267 : 5771
==========|1111| 268 : 5766
==========|1111| 269 : 5808
==========|1111| 270 : 5796
==========|1111| 271 : 5816
==========|1111| 272 : 5817
==========|1111| 273 : 5785
==========|1111| 274 : 5788
==========|1111| 275 : 5766
==========|1111| 276 : 5760
==========|1111| 277 : 5746
==========|1111| 278 : 5773
==========|1111| 279 : 5790
==========|1111| 280 : 5810
==========|1111| 281 : 5800
==========|1111| 282 : 5787
==========|1111| 283 : 5718
==========|1111| 284 : 5737
==========|1111| 285 : 5735
==========|1111| 286 : 5781
==========|1111| 287 : 5778
==========|1111| 288 : 5779
==========|1111| 289 : 5821
==========|1111| 290 : 5762
==========|1111| 291 : 5823
==========|1111| 292 : 5821
==========|1111| 293 : 5717
==========|1111| 294 : 5834
==========|1111| 295 : 5712
==========|1111| 296 : 5755
==========|1111| 297 : 5754
==========|1111| 298 : 5757
==========|1111| 299 : 5743
==========|1111| 300 : 5664
==========|1111| 301 : 5721
==========|1111| 302 : 5703
==========|1111| 303 : 5736
==========|1111| 304 : 5735
==========|1111| 305 : 5750
==========|1111| 306 : 5702
==========|1111| 307 : 5758
==========|1111| 308 : 5749
==========|1111| 309 : 5716
==========|1111| 310 : 5698
==========|1111| 311 : 5788
==========|1111| 312 : 5825
==========|1111| 313 : 5810
==========|1111| 314 : 5798
==========|1111| 315 : 5827
==========|1111| 316 : 5832
==========|1111| 317 : 5782
==========|1111| 318 : 5780
==========|1111| 319 : 5794
==========|1111| 320 : 5793
==========|1111| 321 : 5795
==========|1111| 322 : 5787
==========|1111| 323 : 5802
==========|1111| 324 : 5781
==========|1111| 325 : 5791
==========|1111| 326 : 5780
==========|1111| 327 : 5788
==========|1111| 328 : 5760
==========|1111| 329 : 5780
==========|1111| 330 : 5776
==========|1111| 331 : 5795
==========|1111| 332 : 5741
==========|1111| 333 : 5775
==========|1111| 334 : 5787
==========|1111| 335 : 5753
==========|1111| 336 : 5763
==========|1111| 337 : 5749
==========|1111| 338 : 5794
==========|1111| 339 : 5807
==========|1111| 340 : 5805
==========|1111| 341 : 5754
==========|1111| 342 : 5763
==========|1111| 343 : 5775
==========|1111| 344 : 5751
==========|1111| 345 : 5747
==========|1111| 346 : 5758
==========|1111| 347 : 5720
==========|1111| 348 : 5735
==========|1111| 349 : 5748
==========|1111| 350 : 5758
==========|1111| 351 : 5715
==========|1111| 352 : 5754
==========|1111| 353 : 5726
==========|1111| 354 : 5740
==========|1111| 355 : 5734
==========|1111| 356 : 5721
==========|1111| 357 : 5729
==========|1111| 358 : 5702
==========|1111| 359 : 5704
==========|1111| 360 : 5730
==========|1111| 361 : 5676
==========|1111| 362 : 5714
==========|1111| 363 : 5711
==========|1111| 364 : 5834
==========|1111| 365 : 5787
==========|1111| 366 : 5840
==========|1111| 367 : 5810
==========|1111| 368 : 5815
==========|1111| 369 : 5848
==========|1111| 371 : 5803
==========|1111| 372 : 5824
==========|1111| 373 : 5815
==========|1111| 374 : 5810
==========|1111| 375 : 5809
==========|1111| 376 : 5811
==========|1111| 377 : 5785
==========|1111| 378 : 5781
==========|1111| 379 : 5783
==========|1111| 380 : 5792
==========|1111| 381 : 5776
==========|1111| 382 : 5817
==========|1111| 383 : 5791
==========|1111| 384 : 5782
==========|1111| 385 : 5827
==========|1111| 386 : 5805
==========|1111| 387 : 5748
==========|1111| 388 : 5787
==========|1111| 389 : 5839
==========|1111| 390 : 5689
==========|1111| 391 : 5760
==========|1111| 392 : 5792
==========|1111| 393 : 5764
==========|1111| 394 : 5756
==========|1111| 395 : 5774
==========|1111| 396 : 5784
==========|1111| 397 : 5757
==========|1111| 398 : 5794
==========|1111| 399 : 5817
==========|1111| 400 : 5800
==========|1111| 401 : 5763
==========|1111| 402 : 5764
==========|1111| 403 : 5801
==========|1111| 404 : 5764
==========|1111| 405 : 5726
==========|1111| 406 : 5746
==========|1111| 407 : 5753
==========|1111| 408 : 5716
==========|1111| 409 : 5764
==========|1111| 410 : 5709
==========|1111| 411 : 5723
==========|1111| 412 : 5718
==========|1111| 413 : 5679
==========|1111| 414 : 5720
==========|1111| 415 : 5666
==========|1111| 416 : 5721
==========|1111| 417 : 5684
==========|1111| 418 : 5813
==========|1111| 419 : 5810
==========|1111| 420 : 5809
==========|1111| 421 : 5811
==========|1111| 422 : 5786
==========|1111| 423 : 5771
==========|1111| 424 : 5763
==========|1111| 425 : 5805
==========|1111| 426 : 5785
==========|1111| 427 : 5752
==========|1111| 428 : 5797
==========|1111| 429 : 5786
==========|1111| 430 : 5789
==========|1111| 431 : 5832
==========|1111| 432 : 5793
==========|1111| 433 : 5798
==========|1111| 434 : 5783
==========|1111| 435 : 5813
==========|1111| 436 : 5799
==========|1111| 437 : 5786
==========|1111| 438 : 5822
==========|1111| 439 : 5785
==========|1111| 440 : 5784
==========|1111| 441 : 5779
==========|1111| 442 : 5812
==========|1111| 443 : 5789
==========|1111| 444 : 5758
==========|1111| 445 : 5786
==========|1111| 446 : 5754
==========|1111| 447 : 5733
==========|1111| 448 : 5747
==========|1111| 449 : 5722
==========|1111| 450 : 5722
==========|1111| 451 : 5800
==========|1111| 452 : 5732
==========|1111| 453 : 5748
==========|1111| 454 : 5761
==========|1111| 455 : 5750
==========|1111| 456 : 5742
==========|1111| 457 : 5731
==========|1111| 458 : 5741
==========|1111| 459 : 5745
==========|1111| 460 : 5744
==========|1111| 461 : 5722
==========|1111| 462 : 5734
==========|1111| 463 : 5739
==========|1111| 464 : 5739
==========|1111| 465 : 5717
==========|1111| 466 : 5721
==========|1111| 467 : 5702
==========|1111| 468 : 5718
==========|1111| 469 : 5838
==========|1111| 470 : 5827
==========|1111| 471 : 5826
==========|1111| 472 : 5817
==========|1111| 473 : 5801
==========|1111| 474 : 5808
==========|1111| 475 : 5811
==========|1111| 476 : 5829
==========|1111| 477 : 5804
==========|1111| 478 : 5833
==========|1111| 479 : 5794
==========|1111| 480 : 5854
==========|1111| 481 : 5808
==========|1111| 482 : 5831
==========|1111| 483 : 5803
==========|1111| 484 : 5791
==========|1111| 485 : 5775
==========|1111| 486 : 5783
==========|1111| 487 : 5794
==========|1111| 488 : 5816
==========|1111| 489 : 5777
==========|1111| 490 : 5752
==========|1111| 491 : 5776
==========|1111| 492 : 5757
==========|1111| 493 : 5743
==========|1111| 494 : 5730
==========|1111| 495 : 5796
==========|1111| 496 : 5745
==========|1111| 497 : 5700
==========|1111| 498 : 5766
==========|1111| 499 : 5737
==========|1111| 500 : 5724
==========|1111| 501 : 5803
==========|1111| 502 : 5792
==========|1111| 503 : 5722
==========|1111| 504 : 5732
==========|1111| 505 : 5737
==========|1111| 506 : 5777
==========|1111| 507 : 5730
==========|1111| 508 : 5728
==========|1111| 509 : 5832
==========|1111| 510 : 5719
==========|1111| 511 : 5723
==========|1111| 512 : 5720
==========|1111| 513 : 5719
==========|1111| 514 : 5712
==========|1111| 515 : 5714
==========|1111| 516 : 5736
==========|1111| 517 : 5756
==========|1111| 518 : 5791
==========|1111| 519 : 5831
==========|1111| 520 : 5809
==========|1111| 521 : 5788
==========|1111| 522 : 5813
==========|1111| 523 : 5787
==========|1111| 524 : 5791
==========|1111| 525 : 5810
==========|1111| 526 : 5796
==========|1111| 527 : 5791
==========|1111| 528 : 5793
==========|1111| 529 : 5791
==========|1111| 530 : 5788
==========|1111| 531 : 5772
==========|1111| 532 : 5772
==========|1111| 533 : 5818
==========|1111| 534 : 5830
==========|1111| 535 : 5775
==========|1111| 536 : 5789
==========|1111| 537 : 5770
==========|1111| 538 : 5759
==========|1111| 539 : 5770
==========|1111| 540 : 5760
==========|1111| 541 : 5748
==========|1111| 542 : 5764
==========|1111| 543 : 5748
==========|1111| 544 : 5763
==========|1111| 545 : 5778
==========|1111| 546 : 5758
==========|1111| 547 : 5741
==========|1111| 548 : 5808
==========|1111| 549 : 5752
==========|1111| 550 : 5792
==========|1111| 551 : 5755
==========|1111| 552 : 5737
==========|1111| 553 : 5753
==========|1111| 554 : 5766
==========|1111| 555 : 5750
==========|1111| 556 : 5749
==========|1111| 557 : 5773
==========|1111| 558 : 5740
==========|1111| 559 : 5751
==========|1111| 560 : 5757
==========|1111| 561 : 5740
==========|1111| 562 : 5736
==========|1111| 563 : 5728
==========|1111| 564 : 5728
==========|1111| 565 : 5687
