[1.728s] Invoking command in '/home/neu/Desktop/micro-ROS/microros_767/firmware/mcu_ws/build/rcutils': CMAKE_PREFIX_PATH=${CMAKE_PREFIX_PATH}:/home/neu/Desktop/micro-ROS/microros_767/firmware/dev_ws/install/ament_uncrustify:/home/neu/Desktop/micro-ROS/microros_767/firmware/dev_ws/install/domain_coordinator:/home/neu/Desktop/micro-ROS/microros_767/firmware/dev_ws/install/ament_xmllint:/home/neu/Desktop/micro-ROS/microros_767/firmware/dev_ws/install/ament_pyflakes:/home/neu/Desktop/micro-ROS/microros_767/firmware/dev_ws/install/ament_pycodestyle:/home/neu/Desktop/micro-ROS/microros_767/firmware/dev_ws/install/ament_pep257:/home/neu/Desktop/micro-ROS/microros_767/firmware/dev_ws/install/ament_pclint:/home/neu/Desktop/micro-ROS/microros_767/firmware/dev_ws/install/ament_package:/home/neu/Desktop/micro-ROS/microros_767/firmware/dev_ws/install/ament_mypy:/home/neu/Desktop/micro-ROS/microros_767/firmware/dev_ws/install/ament_lint_cmake:/home/neu/Desktop/micro-ROS/microros_767/firmware/dev_ws/install/ament_flake8:/home/neu/Desktop/micro-ROS/microros_767/firmware/dev_ws/install/ament_copyright:/home/neu/Desktop/micro-ROS/microros_767/firmware/dev_ws/install/ament_lint:/home/neu/Desktop/micro-ROS/microros_767/firmware/dev_ws/install/ament_index_python:/home/neu/Desktop/micro-ROS/microros_767/firmware/dev_ws/install/ament_cpplint:/home/neu/Desktop/micro-ROS/microros_767/firmware/dev_ws/install/ament_cppcheck:/home/neu/Desktop/micro-ROS/microros_767/firmware/dev_ws/install/ament_clang_tidy:/home/neu/Desktop/micro-ROS/microros_767/firmware/dev_ws/install/ament_clang_format /usr/bin/cmake /home/neu/Desktop/micro-ROS/microros_767/firmware/mcu_ws/uros/rcutils --no-warn-unused-cli -DCMAKE_POSITION_INDEPENDENT_CODE=OFF -DTHIRDPARTY=ON -DBUILD_SHARED_LIBS=OFF -DBUILD_TESTING=OFF -DCMAKE_BUILD_TYPE= -DCMAKE_TOOLCHAIN_FILE=/home/neu/Desktop/micro-ROS/microros_767/firmware/freertos_apps/microros_nucleo_f767zi_extensions/arm_toolchain.cmake -DCMAKE_VERBOSE_MAKEFILE=ON -DENABLE_TESTING=OFF -DRCUTILS_NO_FILESYSTEM=ON -DRCUTILS_AVOID_DYNAMIC_ALLOCATION=ON -DRCUTILS_NO_64_ATOMIC=ON -DCMAKE_INSTALL_PREFIX=/home/neu/Desktop/micro-ROS/microros_767/firmware/mcu_ws/install/rcutils
[3.123s] Not searching for unused variables given on the command line.
[3.125s] -- The C compiler identification is GNU 8.3.1
[3.125s] -- The CXX compiler identification is GNU 8.3.1
[3.126s] -- Check for working C compiler: /home/neu/Desktop/micro-ROS/microros_767/firmware/freertos_apps/microros_nucleo_f767zi_extensions/../../toolchain/bin/arm-none-eabi-gcc
[3.127s] -- Check for working C compiler: /home/neu/Desktop/micro-ROS/microros_767/firmware/freertos_apps/microros_nucleo_f767zi_extensions/../../toolchain/bin/arm-none-eabi-gcc -- works
[3.127s] -- Detecting C compiler ABI info
[3.127s] -- Detecting C compiler ABI info - done
[3.127s] -- Detecting C compile features
[3.127s] -- Detecting C compile features - done
[3.127s] -- Check for working CXX compiler: /home/neu/Desktop/micro-ROS/microros_767/firmware/freertos_apps/microros_nucleo_f767zi_extensions/../../toolchain/bin/arm-none-eabi-g++
[3.129s] -- Check for working CXX compiler: /home/neu/Desktop/micro-ROS/microros_767/firmware/freertos_apps/microros_nucleo_f767zi_extensions/../../toolchain/bin/arm-none-eabi-g++ -- works
[3.130s] -- Detecting CXX compiler ABI info
[3.131s] -- Detecting CXX compiler ABI info - done
[3.131s] -- Detecting CXX compile features
[3.134s] -- Detecting CXX compile features - done
[3.135s] -- Found ament_cmake_python: 1.3.6 (/home/neu/Desktop/micro-ROS/microros_767/firmware/dev_ws/install/ament_cmake_python/share/ament_cmake_python/cmake)
[3.135s] -- Found ament_cmake_ros: 0.10.0 (/home/neu/Desktop/micro-ROS/microros_767/firmware/dev_ws/install/ament_cmake_ros/share/ament_cmake_ros/cmake)
[3.136s] -- Found Python3: /usr/bin/python3.8 (found version "3.8.10") found components: Interpreter 
[3.195s] -- Configuring done
[3.196s] -- Generating done
[3.196s] -- Build files have been written to: /home/neu/Desktop/micro-ROS/microros_767/firmware/mcu_ws/build/rcutils
[3.209s] Invoked command in '/home/neu/Desktop/micro-ROS/microros_767/firmware/mcu_ws/build/rcutils' returned '0': CMAKE_PREFIX_PATH=${CMAKE_PREFIX_PATH}:/home/neu/Desktop/micro-ROS/microros_767/firmware/dev_ws/install/ament_uncrustify:/home/neu/Desktop/micro-ROS/microros_767/firmware/dev_ws/install/domain_coordinator:/home/neu/Desktop/micro-ROS/microros_767/firmware/dev_ws/install/ament_xmllint:/home/neu/Desktop/micro-ROS/microros_767/firmware/dev_ws/install/ament_pyflakes:/home/neu/Desktop/micro-ROS/microros_767/firmware/dev_ws/install/ament_pycodestyle:/home/neu/Desktop/micro-ROS/microros_767/firmware/dev_ws/install/ament_pep257:/home/neu/Desktop/micro-ROS/microros_767/firmware/dev_ws/install/ament_pclint:/home/neu/Desktop/micro-ROS/microros_767/firmware/dev_ws/install/ament_package:/home/neu/Desktop/micro-ROS/microros_767/firmware/dev_ws/install/ament_mypy:/home/neu/Desktop/micro-ROS/microros_767/firmware/dev_ws/install/ament_lint_cmake:/home/neu/Desktop/micro-ROS/microros_767/firmware/dev_ws/install/ament_flake8:/home/neu/Desktop/micro-ROS/microros_767/firmware/dev_ws/install/ament_copyright:/home/neu/Desktop/micro-ROS/microros_767/firmware/dev_ws/install/ament_lint:/home/neu/Desktop/micro-ROS/microros_767/firmware/dev_ws/install/ament_index_python:/home/neu/Desktop/micro-ROS/microros_767/firmware/dev_ws/install/ament_cpplint:/home/neu/Desktop/micro-ROS/microros_767/firmware/dev_ws/install/ament_cppcheck:/home/neu/Desktop/micro-ROS/microros_767/firmware/dev_ws/install/ament_clang_tidy:/home/neu/Desktop/micro-ROS/microros_767/firmware/dev_ws/install/ament_clang_format /usr/bin/cmake /home/neu/Desktop/micro-ROS/microros_767/firmware/mcu_ws/uros/rcutils --no-warn-unused-cli -DCMAKE_POSITION_INDEPENDENT_CODE=OFF -DTHIRDPARTY=ON -DBUILD_SHARED_LIBS=OFF -DBUILD_TESTING=OFF -DCMAKE_BUILD_TYPE= -DCMAKE_TOOLCHAIN_FILE=/home/neu/Desktop/micro-ROS/microros_767/firmware/freertos_apps/microros_nucleo_f767zi_extensions/arm_toolchain.cmake -DCMAKE_VERBOSE_MAKEFILE=ON -DENABLE_TESTING=OFF -DRCUTILS_NO_FILESYSTEM=ON -DRCUTILS_AVOID_DYNAMIC_ALLOCATION=ON -DRCUTILS_NO_64_ATOMIC=ON -DCMAKE_INSTALL_PREFIX=/home/neu/Desktop/micro-ROS/microros_767/firmware/mcu_ws/install/rcutils
[3.211s] Invoking command in '/home/neu/Desktop/micro-ROS/microros_767/firmware/mcu_ws/build/rcutils': CMAKE_PREFIX_PATH=${CMAKE_PREFIX_PATH}:/home/neu/Desktop/micro-ROS/microros_767/firmware/dev_ws/install/ament_uncrustify:/home/neu/Desktop/micro-ROS/microros_767/firmware/dev_ws/install/domain_coordinator:/home/neu/Desktop/micro-ROS/microros_767/firmware/dev_ws/install/ament_xmllint:/home/neu/Desktop/micro-ROS/microros_767/firmware/dev_ws/install/ament_pyflakes:/home/neu/Desktop/micro-ROS/microros_767/firmware/dev_ws/install/ament_pycodestyle:/home/neu/Desktop/micro-ROS/microros_767/firmware/dev_ws/install/ament_pep257:/home/neu/Desktop/micro-ROS/microros_767/firmware/dev_ws/install/ament_pclint:/home/neu/Desktop/micro-ROS/microros_767/firmware/dev_ws/install/ament_package:/home/neu/Desktop/micro-ROS/microros_767/firmware/dev_ws/install/ament_mypy:/home/neu/Desktop/micro-ROS/microros_767/firmware/dev_ws/install/ament_lint_cmake:/home/neu/Desktop/micro-ROS/microros_767/firmware/dev_ws/install/ament_flake8:/home/neu/Desktop/micro-ROS/microros_767/firmware/dev_ws/install/ament_copyright:/home/neu/Desktop/micro-ROS/microros_767/firmware/dev_ws/install/ament_lint:/home/neu/Desktop/micro-ROS/microros_767/firmware/dev_ws/install/ament_index_python:/home/neu/Desktop/micro-ROS/microros_767/firmware/dev_ws/install/ament_cpplint:/home/neu/Desktop/micro-ROS/microros_767/firmware/dev_ws/install/ament_cppcheck:/home/neu/Desktop/micro-ROS/microros_767/firmware/dev_ws/install/ament_clang_tidy:/home/neu/Desktop/micro-ROS/microros_767/firmware/dev_ws/install/ament_clang_format /usr/bin/cmake --build /home/neu/Desktop/micro-ROS/microros_767/firmware/mcu_ws/build/rcutils -- -j20 -l20
[3.228s] make[1]: Entering directory '/home/neu/Desktop/micro-ROS/microros_767/firmware/mcu_ws/build/rcutils'
[3.228s] /usr/bin/cmake -S/home/neu/Desktop/micro-ROS/microros_767/firmware/mcu_ws/uros/rcutils -B/home/neu/Desktop/micro-ROS/microros_767/firmware/mcu_ws/build/rcutils --check-build-system CMakeFiles/Makefile.cmake 0
[3.241s] /usr/bin/cmake -E cmake_progress_start /home/neu/Desktop/micro-ROS/microros_767/firmware/mcu_ws/build/rcutils/CMakeFiles /home/neu/Desktop/micro-ROS/microros_767/firmware/mcu_ws/build/rcutils/CMakeFiles/progress.marks
[3.243s] /usr/bin/make -f CMakeFiles/Makefile2 all
[3.247s] make[2]: Entering directory '/home/neu/Desktop/micro-ROS/microros_767/firmware/mcu_ws/build/rcutils'
[3.248s] /usr/bin/make -f CMakeFiles/ament_cmake_python_copy_rcutils.dir/build.make CMakeFiles/ament_cmake_python_copy_rcutils.dir/depend
[3.248s] /usr/bin/make -f CMakeFiles/rcutils.dir/build.make CMakeFiles/rcutils.dir/depend
[3.248s] make[3]: Entering directory '/home/neu/Desktop/micro-ROS/microros_767/firmware/mcu_ws/build/rcutils'
[3.249s] cd /home/neu/Desktop/micro-ROS/microros_767/firmware/mcu_ws/build/rcutils && /usr/bin/cmake -E cmake_depends "Unix Makefiles" /home/neu/Desktop/micro-ROS/microros_767/firmware/mcu_ws/uros/rcutils /home/neu/Desktop/micro-ROS/microros_767/firmware/mcu_ws/uros/rcutils /home/neu/Desktop/micro-ROS/microros_767/firmware/mcu_ws/build/rcutils /home/neu/Desktop/micro-ROS/microros_767/firmware/mcu_ws/build/rcutils /home/neu/Desktop/micro-ROS/microros_767/firmware/mcu_ws/build/rcutils/CMakeFiles/ament_cmake_python_copy_rcutils.dir/DependInfo.cmake --color=
[3.249s] make[3]: Entering directory '/home/neu/Desktop/micro-ROS/microros_767/firmware/mcu_ws/build/rcutils'
[3.255s] Dependee "/home/neu/Desktop/micro-ROS/microros_767/firmware/mcu_ws/build/rcutils/CMakeFiles/ament_cmake_python_copy_rcutils.dir/DependInfo.cmake" is newer than depender "/home/neu/Desktop/micro-ROS/microros_767/firmware/mcu_ws/build/rcutils/CMakeFiles/ament_cmake_python_copy_rcutils.dir/depend.internal".
[3.255s] Dependee "/home/neu/Desktop/micro-ROS/microros_767/firmware/mcu_ws/build/rcutils/CMakeFiles/CMakeDirectoryInformation.cmake" is newer than depender "/home/neu/Desktop/micro-ROS/microros_767/firmware/mcu_ws/build/rcutils/CMakeFiles/ament_cmake_python_copy_rcutils.dir/depend.internal".
[3.256s] [35m[1mScanning dependencies of target ament_cmake_python_copy_rcutils[0m
[3.257s] make[3]: Leaving directory '/home/neu/Desktop/micro-ROS/microros_767/firmware/mcu_ws/build/rcutils'
[3.257s] /usr/bin/make -f CMakeFiles/ament_cmake_python_copy_rcutils.dir/build.make CMakeFiles/ament_cmake_python_copy_rcutils.dir/build
[3.258s] make[3]: Entering directory '/home/neu/Desktop/micro-ROS/microros_767/firmware/mcu_ws/build/rcutils'
[3.258s] /usr/bin/cmake -E copy_directory /home/neu/Desktop/micro-ROS/microros_767/firmware/mcu_ws/uros/rcutils/rcutils /home/neu/Desktop/micro-ROS/microros_767/firmware/mcu_ws/build/rcutils/ament_cmake_python/rcutils/rcutils
[3.258s] [  3%] [34m[1mExpanding logging_macros.h.em[0m
[3.258s] /usr/bin/cmake -E make_directory include/rcutils
[3.264s] make[3]: Leaving directory '/home/neu/Desktop/micro-ROS/microros_767/firmware/mcu_ws/build/rcutils'
[3.264s] /usr/bin/python3.8 -c "import em;em.invoke(   [     '-o', 'include/rcutils/logging_macros.h',     '-D', 'rcutils_module_path=\"/home/neu/Desktop/micro-ROS/microros_767/firmware/mcu_ws/uros/rcutils\"',     '/home/neu/Desktop/micro-ROS/microros_767/firmware/mcu_ws/uros/rcutils/resource/logging_macros.h.em'   ] )"
[3.269s] [  3%] Built target ament_cmake_python_copy_rcutils
[3.269s] /usr/bin/make -f CMakeFiles/ament_cmake_python_build_rcutils_egg.dir/build.make CMakeFiles/ament_cmake_python_build_rcutils_egg.dir/depend
[3.272s] make[3]: Entering directory '/home/neu/Desktop/micro-ROS/microros_767/firmware/mcu_ws/build/rcutils'
[3.272s] cd /home/neu/Desktop/micro-ROS/microros_767/firmware/mcu_ws/build/rcutils && /usr/bin/cmake -E cmake_depends "Unix Makefiles" /home/neu/Desktop/micro-ROS/microros_767/firmware/mcu_ws/uros/rcutils /home/neu/Desktop/micro-ROS/microros_767/firmware/mcu_ws/uros/rcutils /home/neu/Desktop/micro-ROS/microros_767/firmware/mcu_ws/build/rcutils /home/neu/Desktop/micro-ROS/microros_767/firmware/mcu_ws/build/rcutils /home/neu/Desktop/micro-ROS/microros_767/firmware/mcu_ws/build/rcutils/CMakeFiles/ament_cmake_python_build_rcutils_egg.dir/DependInfo.cmake --color=
[3.276s] Dependee "/home/neu/Desktop/micro-ROS/microros_767/firmware/mcu_ws/build/rcutils/CMakeFiles/ament_cmake_python_build_rcutils_egg.dir/DependInfo.cmake" is newer than depender "/home/neu/Desktop/micro-ROS/microros_767/firmware/mcu_ws/build/rcutils/CMakeFiles/ament_cmake_python_build_rcutils_egg.dir/depend.internal".
[3.276s] Dependee "/home/neu/Desktop/micro-ROS/microros_767/firmware/mcu_ws/build/rcutils/CMakeFiles/CMakeDirectoryInformation.cmake" is newer than depender "/home/neu/Desktop/micro-ROS/microros_767/firmware/mcu_ws/build/rcutils/CMakeFiles/ament_cmake_python_build_rcutils_egg.dir/depend.internal".
[3.276s] [35m[1mScanning dependencies of target ament_cmake_python_build_rcutils_egg[0m
[3.277s] make[3]: Leaving directory '/home/neu/Desktop/micro-ROS/microros_767/firmware/mcu_ws/build/rcutils'
[3.277s] /usr/bin/make -f CMakeFiles/ament_cmake_python_build_rcutils_egg.dir/build.make CMakeFiles/ament_cmake_python_build_rcutils_egg.dir/build
[3.278s] make[3]: Entering directory '/home/neu/Desktop/micro-ROS/microros_767/firmware/mcu_ws/build/rcutils'
[3.278s] cd /home/neu/Desktop/micro-ROS/microros_767/firmware/mcu_ws/build/rcutils/ament_cmake_python/rcutils && /usr/bin/python3.8 setup.py egg_info
[3.400s] cd /home/neu/Desktop/micro-ROS/microros_767/firmware/mcu_ws/build/rcutils && /usr/bin/cmake -E cmake_depends "Unix Makefiles" /home/neu/Desktop/micro-ROS/microros_767/firmware/mcu_ws/uros/rcutils /home/neu/Desktop/micro-ROS/microros_767/firmware/mcu_ws/uros/rcutils /home/neu/Desktop/micro-ROS/microros_767/firmware/mcu_ws/build/rcutils /home/neu/Desktop/micro-ROS/microros_767/firmware/mcu_ws/build/rcutils /home/neu/Desktop/micro-ROS/microros_767/firmware/mcu_ws/build/rcutils/CMakeFiles/rcutils.dir/DependInfo.cmake --color=
[3.400s] Dependee "/home/neu/Desktop/micro-ROS/microros_767/firmware/mcu_ws/build/rcutils/CMakeFiles/rcutils.dir/DependInfo.cmake" is newer than depender "/home/neu/Desktop/micro-ROS/microros_767/firmware/mcu_ws/build/rcutils/CMakeFiles/rcutils.dir/depend.internal".
[3.400s] Dependee "/home/neu/Desktop/micro-ROS/microros_767/firmware/mcu_ws/build/rcutils/CMakeFiles/CMakeDirectoryInformation.cmake" is newer than depender "/home/neu/Desktop/micro-ROS/microros_767/firmware/mcu_ws/build/rcutils/CMakeFiles/rcutils.dir/depend.internal".
[3.400s] [35m[1mScanning dependencies of target rcutils[0m
[3.417s] make[3]: Leaving directory '/home/neu/Desktop/micro-ROS/microros_767/firmware/mcu_ws/build/rcutils'
[3.417s] /usr/bin/make -f CMakeFiles/rcutils.dir/build.make CMakeFiles/rcutils.dir/build
[3.419s] make[3]: Entering directory '/home/neu/Desktop/micro-ROS/microros_767/firmware/mcu_ws/build/rcutils'
[3.430s] [ 17%] [32mBuilding C object CMakeFiles/rcutils.dir/src/cmdline_parser.c.obj[0m
[3.430s] [ 17%] [32mBuilding C object CMakeFiles/rcutils.dir/src/array_list.c.obj[0m
[3.430s] [ 17%] [32mBuilding C object CMakeFiles/rcutils.dir/src/env.c.obj[0m
[3.430s] [ 17%] [32mBuilding C object CMakeFiles/rcutils.dir/src/allocator.c.obj[0m
[3.430s] [ 24%] [32mBuilding C object CMakeFiles/rcutils.dir/src/error_handling.c.obj[0m
[3.430s] [ 24%] [32mBuilding C object CMakeFiles/rcutils.dir/src/char_array.c.obj[0m
[3.432s] /home/neu/Desktop/micro-ROS/microros_767/firmware/freertos_apps/microros_nucleo_f767zi_extensions/../../toolchain/bin/arm-none-eabi-gcc -DRCUTILS_BUILDING_DLL -DROS_PACKAGE_NAME=\"rcutils\" -I/home/neu/Desktop/micro-ROS/microros_767/firmware/mcu_ws/uros/rcutils/include -I/home/neu/Desktop/micro-ROS/microros_767/firmware/mcu_ws/build/rcutils/include  -std=c11 -mcpu=cortex-m7 -mthumb -mfpu=fpv5-sp-d16 -mfloat-abi=hard -DUSE_HAL_DRIVER -DSTM32F767xx -Og -Wall -fdata-sections -ffunction-sections  -DCLOCK_MONOTONIC=0   -Wall -Wextra -Wconversion -Wno-sign-conversion -Wpedantic -std=gnu11 -o CMakeFiles/rcutils.dir/src/allocator.c.obj   -c /home/neu/Desktop/micro-ROS/microros_767/firmware/mcu_ws/uros/rcutils/src/allocator.c
[3.432s] /home/neu/Desktop/micro-ROS/microros_767/firmware/freertos_apps/microros_nucleo_f767zi_extensions/../../toolchain/bin/arm-none-eabi-gcc -DRCUTILS_BUILDING_DLL -DROS_PACKAGE_NAME=\"rcutils\" -I/home/neu/Desktop/micro-ROS/microros_767/firmware/mcu_ws/uros/rcutils/include -I/home/neu/Desktop/micro-ROS/microros_767/firmware/mcu_ws/build/rcutils/include  -std=c11 -mcpu=cortex-m7 -mthumb -mfpu=fpv5-sp-d16 -mfloat-abi=hard -DUSE_HAL_DRIVER -DSTM32F767xx -Og -Wall -fdata-sections -ffunction-sections  -DCLOCK_MONOTONIC=0   -Wall -Wextra -Wconversion -Wno-sign-conversion -Wpedantic -std=gnu11 -o CMakeFiles/rcutils.dir/src/array_list.c.obj   -c /home/neu/Desktop/micro-ROS/microros_767/firmware/mcu_ws/uros/rcutils/src/array_list.c
[3.432s] /home/neu/Desktop/micro-ROS/microros_767/firmware/freertos_apps/microros_nucleo_f767zi_extensions/../../toolchain/bin/arm-none-eabi-gcc -DRCUTILS_BUILDING_DLL -DROS_PACKAGE_NAME=\"rcutils\" -I/home/neu/Desktop/micro-ROS/microros_767/firmware/mcu_ws/uros/rcutils/include -I/home/neu/Desktop/micro-ROS/microros_767/firmware/mcu_ws/build/rcutils/include  -std=c11 -mcpu=cortex-m7 -mthumb -mfpu=fpv5-sp-d16 -mfloat-abi=hard -DUSE_HAL_DRIVER -DSTM32F767xx -Og -Wall -fdata-sections -ffunction-sections  -DCLOCK_MONOTONIC=0   -Wall -Wextra -Wconversion -Wno-sign-conversion -Wpedantic -std=gnu11 -o CMakeFiles/rcutils.dir/src/char_array.c.obj   -c /home/neu/Desktop/micro-ROS/microros_767/firmware/mcu_ws/uros/rcutils/src/char_array.c
[3.432s] /home/neu/Desktop/micro-ROS/microros_767/firmware/freertos_apps/microros_nucleo_f767zi_extensions/../../toolchain/bin/arm-none-eabi-gcc -DRCUTILS_BUILDING_DLL -DROS_PACKAGE_NAME=\"rcutils\" -I/home/neu/Desktop/micro-ROS/microros_767/firmware/mcu_ws/uros/rcutils/include -I/home/neu/Desktop/micro-ROS/microros_767/firmware/mcu_ws/build/rcutils/include  -std=c11 -mcpu=cortex-m7 -mthumb -mfpu=fpv5-sp-d16 -mfloat-abi=hard -DUSE_HAL_DRIVER -DSTM32F767xx -Og -Wall -fdata-sections -ffunction-sections  -DCLOCK_MONOTONIC=0   -Wall -Wextra -Wconversion -Wno-sign-conversion -Wpedantic -std=gnu11 -o CMakeFiles/rcutils.dir/src/cmdline_parser.c.obj   -c /home/neu/Desktop/micro-ROS/microros_767/firmware/mcu_ws/uros/rcutils/src/cmdline_parser.c
[3.432s] /home/neu/Desktop/micro-ROS/microros_767/firmware/freertos_apps/microros_nucleo_f767zi_extensions/../../toolchain/bin/arm-none-eabi-gcc -DRCUTILS_BUILDING_DLL -DROS_PACKAGE_NAME=\"rcutils\" -I/home/neu/Desktop/micro-ROS/microros_767/firmware/mcu_ws/uros/rcutils/include -I/home/neu/Desktop/micro-ROS/microros_767/firmware/mcu_ws/build/rcutils/include  -std=c11 -mcpu=cortex-m7 -mthumb -mfpu=fpv5-sp-d16 -mfloat-abi=hard -DUSE_HAL_DRIVER -DSTM32F767xx -Og -Wall -fdata-sections -ffunction-sections  -DCLOCK_MONOTONIC=0   -Wall -Wextra -Wconversion -Wno-sign-conversion -Wpedantic -std=gnu11 -o CMakeFiles/rcutils.dir/src/env.c.obj   -c /home/neu/Desktop/micro-ROS/microros_767/firmware/mcu_ws/uros/rcutils/src/env.c
[3.441s] [ 27%] [32mBuilding C object CMakeFiles/rcutils.dir/src/filesystem.c.obj[0m
[3.441s] /home/neu/Desktop/micro-ROS/microros_767/firmware/freertos_apps/microros_nucleo_f767zi_extensions/../../toolchain/bin/arm-none-eabi-gcc -DRCUTILS_BUILDING_DLL -DROS_PACKAGE_NAME=\"rcutils\" -I/home/neu/Desktop/micro-ROS/microros_767/firmware/mcu_ws/uros/rcutils/include -I/home/neu/Desktop/micro-ROS/microros_767/firmware/mcu_ws/build/rcutils/include  -std=c11 -mcpu=cortex-m7 -mthumb -mfpu=fpv5-sp-d16 -mfloat-abi=hard -DUSE_HAL_DRIVER -DSTM32F767xx -Og -Wall -fdata-sections -ffunction-sections  -DCLOCK_MONOTONIC=0   -Wall -Wextra -Wconversion -Wno-sign-conversion -Wpedantic -std=gnu11 -o CMakeFiles/rcutils.dir/src/error_handling.c.obj   -c /home/neu/Desktop/micro-ROS/microros_767/firmware/mcu_ws/uros/rcutils/src/error_handling.c
[3.442s] /home/neu/Desktop/micro-ROS/microros_767/firmware/freertos_apps/microros_nucleo_f767zi_extensions/../../toolchain/bin/arm-none-eabi-gcc -DRCUTILS_BUILDING_DLL -DROS_PACKAGE_NAME=\"rcutils\" -I/home/neu/Desktop/micro-ROS/microros_767/firmware/mcu_ws/uros/rcutils/include -I/home/neu/Desktop/micro-ROS/microros_767/firmware/mcu_ws/build/rcutils/include  -std=c11 -mcpu=cortex-m7 -mthumb -mfpu=fpv5-sp-d16 -mfloat-abi=hard -DUSE_HAL_DRIVER -DSTM32F767xx -Og -Wall -fdata-sections -ffunction-sections  -DCLOCK_MONOTONIC=0   -Wall -Wextra -Wconversion -Wno-sign-conversion -Wpedantic -std=gnu11 -o CMakeFiles/rcutils.dir/src/filesystem.c.obj   -c /home/neu/Desktop/micro-ROS/microros_767/firmware/mcu_ws/uros/rcutils/src/filesystem.c
[3.442s] [ 31%] [32mBuilding C object CMakeFiles/rcutils.dir/src/format_string.c.obj[0m
[3.443s] [ 34%] [32mBuilding C object CMakeFiles/rcutils.dir/src/find.c.obj[0m
[3.445s] /home/neu/Desktop/micro-ROS/microros_767/firmware/freertos_apps/microros_nucleo_f767zi_extensions/../../toolchain/bin/arm-none-eabi-gcc -DRCUTILS_BUILDING_DLL -DROS_PACKAGE_NAME=\"rcutils\" -I/home/neu/Desktop/micro-ROS/microros_767/firmware/mcu_ws/uros/rcutils/include -I/home/neu/Desktop/micro-ROS/microros_767/firmware/mcu_ws/build/rcutils/include  -std=c11 -mcpu=cortex-m7 -mthumb -mfpu=fpv5-sp-d16 -mfloat-abi=hard -DUSE_HAL_DRIVER -DSTM32F767xx -Og -Wall -fdata-sections -ffunction-sections  -DCLOCK_MONOTONIC=0   -Wall -Wextra -Wconversion -Wno-sign-conversion -Wpedantic -std=gnu11 -o CMakeFiles/rcutils.dir/src/format_string.c.obj   -c /home/neu/Desktop/micro-ROS/microros_767/firmware/mcu_ws/uros/rcutils/src/format_string.c
[3.446s] /home/neu/Desktop/micro-ROS/microros_767/firmware/freertos_apps/microros_nucleo_f767zi_extensions/../../toolchain/bin/arm-none-eabi-gcc -DRCUTILS_BUILDING_DLL -DROS_PACKAGE_NAME=\"rcutils\" -I/home/neu/Desktop/micro-ROS/microros_767/firmware/mcu_ws/uros/rcutils/include -I/home/neu/Desktop/micro-ROS/microros_767/firmware/mcu_ws/build/rcutils/include  -std=c11 -mcpu=cortex-m7 -mthumb -mfpu=fpv5-sp-d16 -mfloat-abi=hard -DUSE_HAL_DRIVER -DSTM32F767xx -Og -Wall -fdata-sections -ffunction-sections  -DCLOCK_MONOTONIC=0   -Wall -Wextra -Wconversion -Wno-sign-conversion -Wpedantic -std=gnu11 -o CMakeFiles/rcutils.dir/src/find.c.obj   -c /home/neu/Desktop/micro-ROS/microros_767/firmware/mcu_ws/uros/rcutils/src/find.c
[3.468s] [ 37%] [32mBuilding C object CMakeFiles/rcutils.dir/src/hash_map.c.obj[0m
[3.470s] /home/neu/Desktop/micro-ROS/microros_767/firmware/freertos_apps/microros_nucleo_f767zi_extensions/../../toolchain/bin/arm-none-eabi-gcc -DRCUTILS_BUILDING_DLL -DROS_PACKAGE_NAME=\"rcutils\" -I/home/neu/Desktop/micro-ROS/microros_767/firmware/mcu_ws/uros/rcutils/include -I/home/neu/Desktop/micro-ROS/microros_767/firmware/mcu_ws/build/rcutils/include  -std=c11 -mcpu=cortex-m7 -mthumb -mfpu=fpv5-sp-d16 -mfloat-abi=hard -DUSE_HAL_DRIVER -DSTM32F767xx -Og -Wall -fdata-sections -ffunction-sections  -DCLOCK_MONOTONIC=0   -Wall -Wextra -Wconversion -Wno-sign-conversion -Wpedantic -std=gnu11 -o CMakeFiles/rcutils.dir/src/hash_map.c.obj   -c /home/neu/Desktop/micro-ROS/microros_767/firmware/mcu_ws/uros/rcutils/src/hash_map.c
[3.489s] In file included from [01m[K/home/neu/Desktop/micro-ROS/microros_767/firmware/mcu_ws/uros/rcutils/src/error_handling.c:35[m[K:
[3.489s] [01m[K/home/neu/Desktop/micro-ROS/microros_767/firmware/mcu_ws/uros/rcutils/src/./error_handling_helpers.h:[m[K In function '[01m[K__rcutils_convert_uint64_t_into_c_str[m[K':
[3.489s] [01m[K/home/neu/Desktop/micro-ROS/microros_767/firmware/mcu_ws/uros/rcutils/src/./error_handling_helpers.h:109:48:[m[K [01;35m[Kwarning: [m[Kunused parameter '[01m[Knumber[m[K' [[01;35m[K-Wunused-parameter[m[K]
[3.489s]  __rcutils_convert_uint64_t_into_c_str([01;35m[Kuint64_t number[m[K, char * buffer, size_t buffer_size)
[3.489s]                                        [01;35m[K~~~~~~~~~^~~~~~[m[K
[3.489s] [01m[K/home/neu/Desktop/micro-ROS/microros_767/firmware/mcu_ws/uros/rcutils/src/./error_handling_helpers.h:109:63:[m[K [01;35m[Kwarning: [m[Kunused parameter '[01m[Kbuffer[m[K' [[01;35m[K-Wunused-parameter[m[K]
[3.489s]  __rcutils_convert_uint64_t_into_c_str(uint64_t number, [01;35m[Kchar * buffer[m[K, size_t buffer_size)
[3.489s]                                                         [01;35m[K~~~~~~~^~~~~~[m[K
[3.489s] [01m[K/home/neu/Desktop/micro-ROS/microros_767/firmware/mcu_ws/uros/rcutils/src/./error_handling_helpers.h:109:78:[m[K [01;35m[Kwarning: [m[Kunused parameter '[01m[Kbuffer_size[m[K' [[01;35m[K-Wunused-parameter[m[K]
[3.489s]  __rcutils_convert_uint64_t_into_c_str(uint64_t number, char * buffer, [01;35m[Ksize_t buffer_size[m[K)
[3.489s]                                                                        [01;35m[K~~~~~~~^~~~~~~~~~~[m[K
[3.489s] [01m[K/home/neu/Desktop/micro-ROS/microros_767/firmware/mcu_ws/uros/rcutils/src/./error_handling_helpers.h:[m[K In function '[01m[K__rcutils_format_error_string[m[K':
[3.489s] [01m[K/home/neu/Desktop/micro-ROS/microros_767/firmware/mcu_ws/uros/rcutils/src/./error_handling_helpers.h:142:28:[m[K [01;35m[Kwarning: [m[Kunused parameter '[01m[Kerror_string[m[K' [[01;35m[K-Wunused-parameter[m[K]
[3.490s]    [01;35m[Krcutils_error_string_t * error_string[m[K,
[3.490s]    [01;35m[K~~~~~~~~~~~~~~~~~~~~~~~~~^~~~~~~~~~~~[m[K
[3.490s] [01m[K/home/neu/Desktop/micro-ROS/microros_767/firmware/mcu_ws/uros/rcutils/src/./error_handling_helpers.h:143:33:[m[K [01;35m[Kwarning: [m[Kunused parameter '[01m[Kerror_state[m[K' [[01;35m[K-Wunused-parameter[m[K]
[3.490s]    [01;35m[Kconst rcutils_error_state_t * error_state[m[K)
[3.490s]    [01;35m[K~~~~~~~~~~~~~~~~~~~~~~~~~~~~~~^~~~~~~~~~~[m[K
[3.491s] [01m[K/home/neu/Desktop/micro-ROS/microros_767/firmware/mcu_ws/uros/rcutils/src/error_handling.c:[m[K In function '[01m[Krcutils_get_error_string[m[K':
[3.491s] [01m[K/home/neu/Desktop/micro-ROS/microros_767/firmware/mcu_ws/uros/rcutils/src/error_handling.c:240:38:[m[K [01;35m[Kwarning: [m[Kinitializer-string for array of chars is too long
[3.491s]      return (rcutils_error_string_t) {[01;35m[K"error not set"[m[K};  // NOLINT(readability/braces)
[3.491s]                                       [01;35m[K^~~~~~~~~~~~~~~[m[K
[3.491s] [01m[K/home/neu/Desktop/micro-ROS/microros_767/firmware/mcu_ws/uros/rcutils/src/error_handling.c:240:38:[m[K [01;36m[Knote: [m[K(near initialization for '[01m[K(anonymous).str[m[K')
[3.494s] In file included from [01m[K/home/neu/Desktop/micro-ROS/microros_767/firmware/mcu_ws/uros/rcutils/src/error_handling.c:35[m[K:
[3.494s] At top level:
[3.494s] [01m[K/home/neu/Desktop/micro-ROS/microros_767/firmware/mcu_ws/uros/rcutils/src/./error_handling_helpers.h:109:1:[m[K [01;35m[Kwarning: [m[K'[01m[K__rcutils_convert_uint64_t_into_c_str[m[K' defined but not used [[01;35m[K-Wunused-function[m[K]
[3.494s]  [01;35m[K__rcutils_convert_uint64_t_into_c_str[m[K(uint64_t number, char * buffer, size_t buffer_size)
[3.494s]  [01;35m[K^~~~~~~~~~~~~~~~~~~~~~~~~~~~~~~~~~~~~[m[K
[3.494s] [01m[K/home/neu/Desktop/micro-ROS/microros_767/firmware/mcu_ws/uros/rcutils/src/./error_handling_helpers.h:91:1:[m[K [01;35m[Kwarning: [m[K'[01m[K__rcutils_reverse_str[m[K' defined but not used [[01;35m[K-Wunused-function[m[K]
[3.494s]  [01;35m[K__rcutils_reverse_str[m[K(char * string_in, size_t string_len)
[3.494s]  [01;35m[K^~~~~~~~~~~~~~~~~~~~~[m[K
[3.498s] [ 41%] [32mBuilding C object CMakeFiles/rcutils.dir/src/process.c.obj[0m
[3.508s] /home/neu/Desktop/micro-ROS/microros_767/firmware/freertos_apps/microros_nucleo_f767zi_extensions/../../toolchain/bin/arm-none-eabi-gcc -DRCUTILS_BUILDING_DLL -DROS_PACKAGE_NAME=\"rcutils\" -I/home/neu/Desktop/micro-ROS/microros_767/firmware/mcu_ws/uros/rcutils/include -I/home/neu/Desktop/micro-ROS/microros_767/firmware/mcu_ws/build/rcutils/include  -std=c11 -mcpu=cortex-m7 -mthumb -mfpu=fpv5-sp-d16 -mfloat-abi=hard -DUSE_HAL_DRIVER -DSTM32F767xx -Og -Wall -fdata-sections -ffunction-sections  -DCLOCK_MONOTONIC=0   -Wall -Wextra -Wconversion -Wno-sign-conversion -Wpedantic -std=gnu11 -o CMakeFiles/rcutils.dir/src/process.c.obj   -c /home/neu/Desktop/micro-ROS/microros_767/firmware/mcu_ws/uros/rcutils/src/process.c
[3.512s] [ 44%] [32mBuilding C object CMakeFiles/rcutils.dir/src/logging.c.obj[0m
[3.519s] /home/neu/Desktop/micro-ROS/microros_767/firmware/freertos_apps/microros_nucleo_f767zi_extensions/../../toolchain/bin/arm-none-eabi-gcc -DRCUTILS_BUILDING_DLL -DROS_PACKAGE_NAME=\"rcutils\" -I/home/neu/Desktop/micro-ROS/microros_767/firmware/mcu_ws/uros/rcutils/include -I/home/neu/Desktop/micro-ROS/microros_767/firmware/mcu_ws/build/rcutils/include  -std=c11 -mcpu=cortex-m7 -mthumb -mfpu=fpv5-sp-d16 -mfloat-abi=hard -DUSE_HAL_DRIVER -DSTM32F767xx -Og -Wall -fdata-sections -ffunction-sections  -DCLOCK_MONOTONIC=0   -Wall -Wextra -Wconversion -Wno-sign-conversion -Wpedantic -std=gnu11 -o CMakeFiles/rcutils.dir/src/logging.c.obj   -c /home/neu/Desktop/micro-ROS/microros_767/firmware/mcu_ws/uros/rcutils/src/logging.c
[3.533s] [ 48%] [32mBuilding C object CMakeFiles/rcutils.dir/src/qsort.c.obj[0m
[3.536s] /home/neu/Desktop/micro-ROS/microros_767/firmware/freertos_apps/microros_nucleo_f767zi_extensions/../../toolchain/bin/arm-none-eabi-gcc -DRCUTILS_BUILDING_DLL -DROS_PACKAGE_NAME=\"rcutils\" -I/home/neu/Desktop/micro-ROS/microros_767/firmware/mcu_ws/uros/rcutils/include -I/home/neu/Desktop/micro-ROS/microros_767/firmware/mcu_ws/build/rcutils/include  -std=c11 -mcpu=cortex-m7 -mthumb -mfpu=fpv5-sp-d16 -mfloat-abi=hard -DUSE_HAL_DRIVER -DSTM32F767xx -Og -Wall -fdata-sections -ffunction-sections  -DCLOCK_MONOTONIC=0   -Wall -Wextra -Wconversion -Wno-sign-conversion -Wpedantic -std=gnu11 -o CMakeFiles/rcutils.dir/src/qsort.c.obj   -c /home/neu/Desktop/micro-ROS/microros_767/firmware/mcu_ws/uros/rcutils/src/qsort.c
[3.549s] [ 51%] [32mBuilding C object CMakeFiles/rcutils.dir/src/shared_library.c.obj[0m
[3.550s] [ 58%] [32mBuilding C object CMakeFiles/rcutils.dir/src/snprintf.c.obj[0m
[3.550s] [ 58%] [32mBuilding C object CMakeFiles/rcutils.dir/src/repl_str.c.obj[0m
[3.552s] running egg_info
[3.553s] creating rcutils.egg-info
[3.553s] writing rcutils.egg-info/PKG-INFO
[3.553s] /home/neu/Desktop/micro-ROS/microros_767/firmware/freertos_apps/microros_nucleo_f767zi_extensions/../../toolchain/bin/arm-none-eabi-gcc -DRCUTILS_BUILDING_DLL -DROS_PACKAGE_NAME=\"rcutils\" -I/home/neu/Desktop/micro-ROS/microros_767/firmware/mcu_ws/uros/rcutils/include -I/home/neu/Desktop/micro-ROS/microros_767/firmware/mcu_ws/build/rcutils/include  -std=c11 -mcpu=cortex-m7 -mthumb -mfpu=fpv5-sp-d16 -mfloat-abi=hard -DUSE_HAL_DRIVER -DSTM32F767xx -Og -Wall -fdata-sections -ffunction-sections  -DCLOCK_MONOTONIC=0   -Wall -Wextra -Wconversion -Wno-sign-conversion -Wpedantic -std=gnu11 -o CMakeFiles/rcutils.dir/src/repl_str.c.obj   -c /home/neu/Desktop/micro-ROS/microros_767/firmware/mcu_ws/uros/rcutils/src/repl_str.c
[3.553s] writing dependency_links to rcutils.egg-info/dependency_links.txt
[3.553s] writing top-level names to rcutils.egg-info/top_level.txt
[3.554s] writing manifest file 'rcutils.egg-info/SOURCES.txt'
[3.556s] [ 65%] [32mBuilding C object CMakeFiles/rcutils.dir/src/split.c.obj[0m
[3.557s] [ 65%] [32mBuilding C object CMakeFiles/rcutils.dir/src/strcasecmp.c.obj[0m
[3.559s] [ 68%] [32mBuilding C object CMakeFiles/rcutils.dir/src/strerror.c.obj[0m
[3.560s] /home/neu/Desktop/micro-ROS/microros_767/firmware/freertos_apps/microros_nucleo_f767zi_extensions/../../toolchain/bin/arm-none-eabi-gcc -DRCUTILS_BUILDING_DLL -DROS_PACKAGE_NAME=\"rcutils\" -I/home/neu/Desktop/micro-ROS/microros_767/firmware/mcu_ws/uros/rcutils/include -I/home/neu/Desktop/micro-ROS/microros_767/firmware/mcu_ws/build/rcutils/include  -std=c11 -mcpu=cortex-m7 -mthumb -mfpu=fpv5-sp-d16 -mfloat-abi=hard -DUSE_HAL_DRIVER -DSTM32F767xx -Og -Wall -fdata-sections -ffunction-sections  -DCLOCK_MONOTONIC=0   -Wall -Wextra -Wconversion -Wno-sign-conversion -Wpedantic -std=gnu11 -o CMakeFiles/rcutils.dir/src/shared_library.c.obj   -c /home/neu/Desktop/micro-ROS/microros_767/firmware/mcu_ws/uros/rcutils/src/shared_library.c
[3.562s] /home/neu/Desktop/micro-ROS/microros_767/firmware/freertos_apps/microros_nucleo_f767zi_extensions/../../toolchain/bin/arm-none-eabi-gcc -DRCUTILS_BUILDING_DLL -DROS_PACKAGE_NAME=\"rcutils\" -I/home/neu/Desktop/micro-ROS/microros_767/firmware/mcu_ws/uros/rcutils/include -I/home/neu/Desktop/micro-ROS/microros_767/firmware/mcu_ws/build/rcutils/include  -std=c11 -mcpu=cortex-m7 -mthumb -mfpu=fpv5-sp-d16 -mfloat-abi=hard -DUSE_HAL_DRIVER -DSTM32F767xx -Og -Wall -fdata-sections -ffunction-sections  -DCLOCK_MONOTONIC=0   -Wall -Wextra -Wconversion -Wno-sign-conversion -Wpedantic -std=gnu11 -o CMakeFiles/rcutils.dir/src/snprintf.c.obj   -c /home/neu/Desktop/micro-ROS/microros_767/firmware/mcu_ws/uros/rcutils/src/snprintf.c
[3.573s] [ 72%] [32mBuilding C object CMakeFiles/rcutils.dir/src/string_array.c.obj[0m
[3.573s] [ 75%] [32mBuilding C object CMakeFiles/rcutils.dir/src/strdup.c.obj[0m
[3.573s] /home/neu/Desktop/micro-ROS/microros_767/firmware/freertos_apps/microros_nucleo_f767zi_extensions/../../toolchain/bin/arm-none-eabi-gcc -DRCUTILS_BUILDING_DLL -DROS_PACKAGE_NAME=\"rcutils\" -I/home/neu/Desktop/micro-ROS/microros_767/firmware/mcu_ws/uros/rcutils/include -I/home/neu/Desktop/micro-ROS/microros_767/firmware/mcu_ws/build/rcutils/include  -std=c11 -mcpu=cortex-m7 -mthumb -mfpu=fpv5-sp-d16 -mfloat-abi=hard -DUSE_HAL_DRIVER -DSTM32F767xx -Og -Wall -fdata-sections -ffunction-sections  -DCLOCK_MONOTONIC=0   -Wall -Wextra -Wconversion -Wno-sign-conversion -Wpedantic -std=gnu11 -o CMakeFiles/rcutils.dir/src/split.c.obj   -c /home/neu/Desktop/micro-ROS/microros_767/firmware/mcu_ws/uros/rcutils/src/split.c
[3.574s] /home/neu/Desktop/micro-ROS/microros_767/firmware/freertos_apps/microros_nucleo_f767zi_extensions/../../toolchain/bin/arm-none-eabi-gcc -DRCUTILS_BUILDING_DLL -DROS_PACKAGE_NAME=\"rcutils\" -I/home/neu/Desktop/micro-ROS/microros_767/firmware/mcu_ws/uros/rcutils/include -I/home/neu/Desktop/micro-ROS/microros_767/firmware/mcu_ws/build/rcutils/include  -std=c11 -mcpu=cortex-m7 -mthumb -mfpu=fpv5-sp-d16 -mfloat-abi=hard -DUSE_HAL_DRIVER -DSTM32F767xx -Og -Wall -fdata-sections -ffunction-sections  -DCLOCK_MONOTONIC=0   -Wall -Wextra -Wconversion -Wno-sign-conversion -Wpedantic -std=gnu11 -o CMakeFiles/rcutils.dir/src/strcasecmp.c.obj   -c /home/neu/Desktop/micro-ROS/microros_767/firmware/mcu_ws/uros/rcutils/src/strcasecmp.c
[3.574s] /home/neu/Desktop/micro-ROS/microros_767/firmware/freertos_apps/microros_nucleo_f767zi_extensions/../../toolchain/bin/arm-none-eabi-gcc -DRCUTILS_BUILDING_DLL -DROS_PACKAGE_NAME=\"rcutils\" -I/home/neu/Desktop/micro-ROS/microros_767/firmware/mcu_ws/uros/rcutils/include -I/home/neu/Desktop/micro-ROS/microros_767/firmware/mcu_ws/build/rcutils/include  -std=c11 -mcpu=cortex-m7 -mthumb -mfpu=fpv5-sp-d16 -mfloat-abi=hard -DUSE_HAL_DRIVER -DSTM32F767xx -Og -Wall -fdata-sections -ffunction-sections  -DCLOCK_MONOTONIC=0   -Wall -Wextra -Wconversion -Wno-sign-conversion -Wpedantic -std=gnu11 -o CMakeFiles/rcutils.dir/src/strdup.c.obj   -c /home/neu/Desktop/micro-ROS/microros_767/firmware/mcu_ws/uros/rcutils/src/strdup.c
[3.574s] /home/neu/Desktop/micro-ROS/microros_767/firmware/freertos_apps/microros_nucleo_f767zi_extensions/../../toolchain/bin/arm-none-eabi-gcc -DRCUTILS_BUILDING_DLL -DROS_PACKAGE_NAME=\"rcutils\" -I/home/neu/Desktop/micro-ROS/microros_767/firmware/mcu_ws/uros/rcutils/include -I/home/neu/Desktop/micro-ROS/microros_767/firmware/mcu_ws/build/rcutils/include  -std=c11 -mcpu=cortex-m7 -mthumb -mfpu=fpv5-sp-d16 -mfloat-abi=hard -DUSE_HAL_DRIVER -DSTM32F767xx -Og -Wall -fdata-sections -ffunction-sections  -DCLOCK_MONOTONIC=0   -Wall -Wextra -Wconversion -Wno-sign-conversion -Wpedantic -std=gnu11 -o CMakeFiles/rcutils.dir/src/strerror.c.obj   -c /home/neu/Desktop/micro-ROS/microros_767/firmware/mcu_ws/uros/rcutils/src/strerror.c
[3.588s] [01m[K/home/neu/Desktop/micro-ROS/microros_767/firmware/mcu_ws/uros/rcutils/src/logging.c:[m[K In function '[01m[Krcutils_get_env_var_zero_or_one[m[K':
[3.589s] /home/neu/Desktop/micro-ROS/microros_767/firmware/freertos_apps/microros_nucleo_f767zi_extensions/../../toolchain/bin/arm-none-eabi-gcc -DRCUTILS_BUILDING_DLL -DROS_PACKAGE_NAME=\"rcutils\" -I/home/neu/Desktop/micro-ROS/microros_767/firmware/mcu_ws/uros/rcutils/include -I/home/neu/Desktop/micro-ROS/microros_767/firmware/mcu_ws/build/rcutils/include  -std=c11 -mcpu=cortex-m7 -mthumb -mfpu=fpv5-sp-d16 -mfloat-abi=hard -DUSE_HAL_DRIVER -DSTM32F767xx -Og -Wall -fdata-sections -ffunction-sections  -DCLOCK_MONOTONIC=0   -Wall -Wextra -Wconversion -Wno-sign-conversion -Wpedantic -std=gnu11 -o CMakeFiles/rcutils.dir/src/string_array.c.obj   -c /home/neu/Desktop/micro-ROS/microros_767/firmware/mcu_ws/uros/rcutils/src/string_array.c
[3.607s] [01m[K/home/neu/Desktop/micro-ROS/microros_767/firmware/mcu_ws/uros/rcutils/src/logging.c:130:35:[m[K [01;35m[Kwarning: [m[Kunused parameter '[01m[Kzero_semantic[m[K' [[01;35m[K-Wunused-parameter[m[K]
[3.608s]    const char * name, [01;35m[Kconst char * zero_semantic[m[K,
[3.608s]                       [01;35m[K~~~~~~~~~~~~~^~~~~~~~~~~~~[m[K
[3.608s] [01m[K/home/neu/Desktop/micro-ROS/microros_767/firmware/mcu_ws/uros/rcutils/src/logging.c:131:16:[m[K [01;35m[Kwarning: [m[Kunused parameter '[01m[Kone_semantic[m[K' [[01;35m[K-Wunused-parameter[m[K]
[3.608s]    [01;35m[Kconst char * one_semantic[m[K)
[3.608s]    [01;35m[K~~~~~~~~~~~~~^~~~~~~~~~~~[m[K
[3.631s] [ 79%] [32mBuilding C object CMakeFiles/rcutils.dir/src/testing/fault_injection.c.obj[0m
[3.631s] [ 82%] [32mBuilding C object CMakeFiles/rcutils.dir/src/string_map.c.obj[0m
[3.639s] [ 86%] [32mBuilding C object CMakeFiles/rcutils.dir/src/time.c.obj[0m
[3.649s] /home/neu/Desktop/micro-ROS/microros_767/firmware/freertos_apps/microros_nucleo_f767zi_extensions/../../toolchain/bin/arm-none-eabi-gcc -DRCUTILS_BUILDING_DLL -DROS_PACKAGE_NAME=\"rcutils\" -I/home/neu/Desktop/micro-ROS/microros_767/firmware/mcu_ws/uros/rcutils/include -I/home/neu/Desktop/micro-ROS/microros_767/firmware/mcu_ws/build/rcutils/include  -std=c11 -mcpu=cortex-m7 -mthumb -mfpu=fpv5-sp-d16 -mfloat-abi=hard -DUSE_HAL_DRIVER -DSTM32F767xx -Og -Wall -fdata-sections -ffunction-sections  -DCLOCK_MONOTONIC=0   -Wall -Wextra -Wconversion -Wno-sign-conversion -Wpedantic -std=gnu11 -o CMakeFiles/rcutils.dir/src/string_map.c.obj   -c /home/neu/Desktop/micro-ROS/microros_767/firmware/mcu_ws/uros/rcutils/src/string_map.c
[3.649s] /home/neu/Desktop/micro-ROS/microros_767/firmware/freertos_apps/microros_nucleo_f767zi_extensions/../../toolchain/bin/arm-none-eabi-gcc -DRCUTILS_BUILDING_DLL -DROS_PACKAGE_NAME=\"rcutils\" -I/home/neu/Desktop/micro-ROS/microros_767/firmware/mcu_ws/uros/rcutils/include -I/home/neu/Desktop/micro-ROS/microros_767/firmware/mcu_ws/build/rcutils/include  -std=c11 -mcpu=cortex-m7 -mthumb -mfpu=fpv5-sp-d16 -mfloat-abi=hard -DUSE_HAL_DRIVER -DSTM32F767xx -Og -Wall -fdata-sections -ffunction-sections  -DCLOCK_MONOTONIC=0   -Wall -Wextra -Wconversion -Wno-sign-conversion -Wpedantic -std=gnu11 -o CMakeFiles/rcutils.dir/src/testing/fault_injection.c.obj   -c /home/neu/Desktop/micro-ROS/microros_767/firmware/mcu_ws/uros/rcutils/src/testing/fault_injection.c
[3.649s] /home/neu/Desktop/micro-ROS/microros_767/firmware/freertos_apps/microros_nucleo_f767zi_extensions/../../toolchain/bin/arm-none-eabi-gcc -DRCUTILS_BUILDING_DLL -DROS_PACKAGE_NAME=\"rcutils\" -I/home/neu/Desktop/micro-ROS/microros_767/firmware/mcu_ws/uros/rcutils/include -I/home/neu/Desktop/micro-ROS/microros_767/firmware/mcu_ws/build/rcutils/include  -std=c11 -mcpu=cortex-m7 -mthumb -mfpu=fpv5-sp-d16 -mfloat-abi=hard -DUSE_HAL_DRIVER -DSTM32F767xx -Og -Wall -fdata-sections -ffunction-sections  -DCLOCK_MONOTONIC=0   -Wall -Wextra -Wconversion -Wno-sign-conversion -Wpedantic -std=gnu11 -o CMakeFiles/rcutils.dir/src/time.c.obj   -c /home/neu/Desktop/micro-ROS/microros_767/firmware/mcu_ws/uros/rcutils/src/time.c
[3.649s] reading manifest file 'rcutils.egg-info/SOURCES.txt'
[3.649s] writing manifest file 'rcutils.egg-info/SOURCES.txt'
[3.649s] [ 89%] [32mBuilding C object CMakeFiles/rcutils.dir/src/time_unix.c.obj[0m
[3.650s] /home/neu/Desktop/micro-ROS/microros_767/firmware/freertos_apps/microros_nucleo_f767zi_extensions/../../toolchain/bin/arm-none-eabi-gcc -DRCUTILS_BUILDING_DLL -DROS_PACKAGE_NAME=\"rcutils\" -I/home/neu/Desktop/micro-ROS/microros_767/firmware/mcu_ws/uros/rcutils/include -I/home/neu/Desktop/micro-ROS/microros_767/firmware/mcu_ws/build/rcutils/include  -std=c11 -mcpu=cortex-m7 -mthumb -mfpu=fpv5-sp-d16 -mfloat-abi=hard -DUSE_HAL_DRIVER -DSTM32F767xx -Og -Wall -fdata-sections -ffunction-sections  -DCLOCK_MONOTONIC=0   -Wall -Wextra -Wconversion -Wno-sign-conversion -Wpedantic -std=gnu11 -o CMakeFiles/rcutils.dir/src/time_unix.c.obj   -c /home/neu/Desktop/micro-ROS/microros_767/firmware/mcu_ws/uros/rcutils/src/time_unix.c
[3.655s] [ 93%] [32mBuilding C object CMakeFiles/rcutils.dir/src/uint8_array.c.obj[0m
[3.662s] [ 96%] [32mBuilding C object CMakeFiles/rcutils.dir/src/atomic_64bits.c.obj[0m
[3.670s] /home/neu/Desktop/micro-ROS/microros_767/firmware/freertos_apps/microros_nucleo_f767zi_extensions/../../toolchain/bin/arm-none-eabi-gcc -DRCUTILS_BUILDING_DLL -DROS_PACKAGE_NAME=\"rcutils\" -I/home/neu/Desktop/micro-ROS/microros_767/firmware/mcu_ws/uros/rcutils/include -I/home/neu/Desktop/micro-ROS/microros_767/firmware/mcu_ws/build/rcutils/include  -std=c11 -mcpu=cortex-m7 -mthumb -mfpu=fpv5-sp-d16 -mfloat-abi=hard -DUSE_HAL_DRIVER -DSTM32F767xx -Og -Wall -fdata-sections -ffunction-sections  -DCLOCK_MONOTONIC=0   -Wall -Wextra -Wconversion -Wno-sign-conversion -Wpedantic -std=gnu11 -o CMakeFiles/rcutils.dir/src/uint8_array.c.obj   -c /home/neu/Desktop/micro-ROS/microros_767/firmware/mcu_ws/uros/rcutils/src/uint8_array.c
[3.679s] /home/neu/Desktop/micro-ROS/microros_767/firmware/freertos_apps/microros_nucleo_f767zi_extensions/../../toolchain/bin/arm-none-eabi-gcc -DRCUTILS_BUILDING_DLL -DROS_PACKAGE_NAME=\"rcutils\" -I/home/neu/Desktop/micro-ROS/microros_767/firmware/mcu_ws/uros/rcutils/include -I/home/neu/Desktop/micro-ROS/microros_767/firmware/mcu_ws/build/rcutils/include  -std=c11 -mcpu=cortex-m7 -mthumb -mfpu=fpv5-sp-d16 -mfloat-abi=hard -DUSE_HAL_DRIVER -DSTM32F767xx -Og -Wall -fdata-sections -ffunction-sections  -DCLOCK_MONOTONIC=0   -Wall -Wextra -Wconversion -Wno-sign-conversion -Wpedantic -std=gnu11 -o CMakeFiles/rcutils.dir/src/atomic_64bits.c.obj   -c /home/neu/Desktop/micro-ROS/microros_767/firmware/mcu_ws/uros/rcutils/src/atomic_64bits.c
[3.685s] make[3]: Leaving directory '/home/neu/Desktop/micro-ROS/microros_767/firmware/mcu_ws/build/rcutils'
[3.698s] [ 96%] Built target ament_cmake_python_build_rcutils_egg
[3.744s] [01m[K/home/neu/Desktop/micro-ROS/microros_767/firmware/mcu_ws/uros/rcutils/src/time_unix.c:52:4:[m[K [01;35m[Kwarning: [m[K#warning is a GCC extension
[3.745s]  #  [01;35m[Kwarning[m[K no monotonic clock function available
[3.745s]     [01;35m[K^~~~~~~[m[K
[3.745s] [01m[K/home/neu/Desktop/micro-ROS/microros_767/firmware/mcu_ws/uros/rcutils/src/time_unix.c:52:4:[m[K [01;35m[Kwarning: [m[K#warning no monotonic clock function available [[01;35m[K-Wcpp[m[K]
[3.746s] [01m[K/home/neu/Desktop/micro-ROS/microros_767/firmware/mcu_ws/uros/rcutils/src/time_unix.c:[m[K In function '[01m[Krcutils_system_time_now[m[K':
[3.746s] [01m[K/home/neu/Desktop/micro-ROS/microros_767/firmware/mcu_ws/uros/rcutils/src/time_unix.c:74:3:[m[K [01;35m[Kwarning: [m[Kimplicit declaration of function '[01m[Kclock_gettime[m[K'; did you mean '[01m[Klocaltime[m[K'? [[01;35m[K-Wimplicit-function-declaration[m[K]
[3.746s]    [01;35m[Kclock_gettime[m[K(CLOCK_REALTIME, &timespec_now);
[3.747s]    [01;35m[K^~~~~~~~~~~~~[m[K
[3.747s]    [32m[Klocaltime[m[K
[3.833s] [100%] [32m[1mLinking C static library librcutils.a[0m
[3.833s] /usr/bin/cmake -P CMakeFiles/rcutils.dir/cmake_clean_target.cmake
[3.846s] /usr/bin/cmake -E cmake_link_script CMakeFiles/rcutils.dir/link.txt --verbose=1
[3.848s] /home/neu/Desktop/micro-ROS/microros_767/firmware/toolchain/bin/arm-none-eabi-ar qc librcutils.a  CMakeFiles/rcutils.dir/src/allocator.c.obj CMakeFiles/rcutils.dir/src/array_list.c.obj CMakeFiles/rcutils.dir/src/char_array.c.obj CMakeFiles/rcutils.dir/src/cmdline_parser.c.obj CMakeFiles/rcutils.dir/src/env.c.obj CMakeFiles/rcutils.dir/src/error_handling.c.obj CMakeFiles/rcutils.dir/src/filesystem.c.obj CMakeFiles/rcutils.dir/src/find.c.obj CMakeFiles/rcutils.dir/src/format_string.c.obj CMakeFiles/rcutils.dir/src/hash_map.c.obj CMakeFiles/rcutils.dir/src/logging.c.obj CMakeFiles/rcutils.dir/src/process.c.obj CMakeFiles/rcutils.dir/src/qsort.c.obj CMakeFiles/rcutils.dir/src/repl_str.c.obj CMakeFiles/rcutils.dir/src/shared_library.c.obj CMakeFiles/rcutils.dir/src/snprintf.c.obj CMakeFiles/rcutils.dir/src/split.c.obj CMakeFiles/rcutils.dir/src/strcasecmp.c.obj CMakeFiles/rcutils.dir/src/strdup.c.obj CMakeFiles/rcutils.dir/src/strerror.c.obj CMakeFiles/rcutils.dir/src/string_array.c.obj CMakeFiles/rcutils.dir/src/string_map.c.obj CMakeFiles/rcutils.dir/src/testing/fault_injection.c.obj CMakeFiles/rcutils.dir/src/time.c.obj CMakeFiles/rcutils.dir/src/time_unix.c.obj CMakeFiles/rcutils.dir/src/uint8_array.c.obj CMakeFiles/rcutils.dir/src/atomic_64bits.c.obj
[3.854s] /home/neu/Desktop/micro-ROS/microros_767/firmware/toolchain/bin/arm-none-eabi-ranlib librcutils.a
[3.858s] make[3]: Leaving directory '/home/neu/Desktop/micro-ROS/microros_767/firmware/mcu_ws/build/rcutils'
[3.869s] [100%] Built target rcutils
[3.871s] make[2]: Leaving directory '/home/neu/Desktop/micro-ROS/microros_767/firmware/mcu_ws/build/rcutils'
[3.871s] /usr/bin/cmake -E cmake_progress_start /home/neu/Desktop/micro-ROS/microros_767/firmware/mcu_ws/build/rcutils/CMakeFiles 0
[3.889s] make[1]: Leaving directory '/home/neu/Desktop/micro-ROS/microros_767/firmware/mcu_ws/build/rcutils'
[4.371s] Invoked command in '/home/neu/Desktop/micro-ROS/microros_767/firmware/mcu_ws/build/rcutils' returned '0': CMAKE_PREFIX_PATH=${CMAKE_PREFIX_PATH}:/home/neu/Desktop/micro-ROS/microros_767/firmware/dev_ws/install/ament_uncrustify:/home/neu/Desktop/micro-ROS/microros_767/firmware/dev_ws/install/domain_coordinator:/home/neu/Desktop/micro-ROS/microros_767/firmware/dev_ws/install/ament_xmllint:/home/neu/Desktop/micro-ROS/microros_767/firmware/dev_ws/install/ament_pyflakes:/home/neu/Desktop/micro-ROS/microros_767/firmware/dev_ws/install/ament_pycodestyle:/home/neu/Desktop/micro-ROS/microros_767/firmware/dev_ws/install/ament_pep257:/home/neu/Desktop/micro-ROS/microros_767/firmware/dev_ws/install/ament_pclint:/home/neu/Desktop/micro-ROS/microros_767/firmware/dev_ws/install/ament_package:/home/neu/Desktop/micro-ROS/microros_767/firmware/dev_ws/install/ament_mypy:/home/neu/Desktop/micro-ROS/microros_767/firmware/dev_ws/install/ament_lint_cmake:/home/neu/Desktop/micro-ROS/microros_767/firmware/dev_ws/install/ament_flake8:/home/neu/Desktop/micro-ROS/microros_767/firmware/dev_ws/install/ament_copyright:/home/neu/Desktop/micro-ROS/microros_767/firmware/dev_ws/install/ament_lint:/home/neu/Desktop/micro-ROS/microros_767/firmware/dev_ws/install/ament_index_python:/home/neu/Desktop/micro-ROS/microros_767/firmware/dev_ws/install/ament_cpplint:/home/neu/Desktop/micro-ROS/microros_767/firmware/dev_ws/install/ament_cppcheck:/home/neu/Desktop/micro-ROS/microros_767/firmware/dev_ws/install/ament_clang_tidy:/home/neu/Desktop/micro-ROS/microros_767/firmware/dev_ws/install/ament_clang_format /usr/bin/cmake --build /home/neu/Desktop/micro-ROS/microros_767/firmware/mcu_ws/build/rcutils -- -j20 -l20
[5.970s] Invoking command in '/home/neu/Desktop/micro-ROS/microros_767/firmware/mcu_ws/build/rcutils': CMAKE_PREFIX_PATH=${CMAKE_PREFIX_PATH}:/home/neu/Desktop/micro-ROS/microros_767/firmware/dev_ws/install/ament_uncrustify:/home/neu/Desktop/micro-ROS/microros_767/firmware/dev_ws/install/domain_coordinator:/home/neu/Desktop/micro-ROS/microros_767/firmware/dev_ws/install/ament_xmllint:/home/neu/Desktop/micro-ROS/microros_767/firmware/dev_ws/install/ament_pyflakes:/home/neu/Desktop/micro-ROS/microros_767/firmware/dev_ws/install/ament_pycodestyle:/home/neu/Desktop/micro-ROS/microros_767/firmware/dev_ws/install/ament_pep257:/home/neu/Desktop/micro-ROS/microros_767/firmware/dev_ws/install/ament_pclint:/home/neu/Desktop/micro-ROS/microros_767/firmware/dev_ws/install/ament_package:/home/neu/Desktop/micro-ROS/microros_767/firmware/dev_ws/install/ament_mypy:/home/neu/Desktop/micro-ROS/microros_767/firmware/dev_ws/install/ament_lint_cmake:/home/neu/Desktop/micro-ROS/microros_767/firmware/dev_ws/install/ament_flake8:/home/neu/Desktop/micro-ROS/microros_767/firmware/dev_ws/install/ament_copyright:/home/neu/Desktop/micro-ROS/microros_767/firmware/dev_ws/install/ament_lint:/home/neu/Desktop/micro-ROS/microros_767/firmware/dev_ws/install/ament_index_python:/home/neu/Desktop/micro-ROS/microros_767/firmware/dev_ws/install/ament_cpplint:/home/neu/Desktop/micro-ROS/microros_767/firmware/dev_ws/install/ament_cppcheck:/home/neu/Desktop/micro-ROS/microros_767/firmware/dev_ws/install/ament_clang_tidy:/home/neu/Desktop/micro-ROS/microros_767/firmware/dev_ws/install/ament_clang_format /usr/bin/cmake --install /home/neu/Desktop/micro-ROS/microros_767/firmware/mcu_ws/build/rcutils
[6.591s] -- Install configuration: ""
[6.591s] -- Installing: /home/neu/Desktop/micro-ROS/microros_767/firmware/mcu_ws/install/rcutils/share/rcutils/environment/pythonpath.sh
[6.591s] -- Installing: /home/neu/Desktop/micro-ROS/microros_767/firmware/mcu_ws/install/rcutils/share/rcutils/environment/pythonpath.dsv
[6.591s] -- Installing: /home/neu/Desktop/micro-ROS/microros_767/firmware/mcu_ws/install/rcutils/lib/python3.8/site-packages/rcutils-5.1.4-py3.8.egg-info
[6.591s] -- Installing: /home/neu/Desktop/micro-ROS/microros_767/firmware/mcu_ws/install/rcutils/lib/python3.8/site-packages/rcutils-5.1.4-py3.8.egg-info/dependency_links.txt
[6.592s] -- Installing: /home/neu/Desktop/micro-ROS/microros_767/firmware/mcu_ws/install/rcutils/lib/python3.8/site-packages/rcutils-5.1.4-py3.8.egg-info/PKG-INFO
[6.592s] -- Installing: /home/neu/Desktop/micro-ROS/microros_767/firmware/mcu_ws/install/rcutils/lib/python3.8/site-packages/rcutils-5.1.4-py3.8.egg-info/SOURCES.txt
[6.592s] -- Installing: /home/neu/Desktop/micro-ROS/microros_767/firmware/mcu_ws/install/rcutils/lib/python3.8/site-packages/rcutils-5.1.4-py3.8.egg-info/top_level.txt
[6.592s] -- Installing: /home/neu/Desktop/micro-ROS/microros_767/firmware/mcu_ws/install/rcutils/lib/python3.8/site-packages/rcutils
[6.592s] -- Installing: /home/neu/Desktop/micro-ROS/microros_767/firmware/mcu_ws/install/rcutils/lib/python3.8/site-packages/rcutils/__init__.py
[6.592s] -- Installing: /home/neu/Desktop/micro-ROS/microros_767/firmware/mcu_ws/install/rcutils/lib/python3.8/site-packages/rcutils/logging.py
[6.592s] Listing '/home/neu/Desktop/micro-ROS/microros_767/firmware/mcu_ws/install/rcutils/lib/python3.8/site-packages/rcutils'...
[6.592s] Compiling '/home/neu/Desktop/micro-ROS/microros_767/firmware/mcu_ws/install/rcutils/lib/python3.8/site-packages/rcutils/__init__.py'...
[6.592s] Compiling '/home/neu/Desktop/micro-ROS/microros_767/firmware/mcu_ws/install/rcutils/lib/python3.8/site-packages/rcutils/logging.py'...
[6.592s] -- Installing: /home/neu/Desktop/micro-ROS/microros_767/firmware/mcu_ws/install/rcutils/lib/librcutils.a
[6.592s] -- Installing: /home/neu/Desktop/micro-ROS/microros_767/firmware/mcu_ws/install/rcutils/share/rcutils/environment/library_path.sh
[6.593s] -- Installing: /home/neu/Desktop/micro-ROS/microros_767/firmware/mcu_ws/install/rcutils/share/rcutils/environment/library_path.dsv
[6.593s] -- Installing: /home/neu/Desktop/micro-ROS/microros_767/firmware/mcu_ws/install/rcutils/share/ament_index/resource_index/package_run_dependencies/rcutils
[6.593s] -- Installing: /home/neu/Desktop/micro-ROS/microros_767/firmware/mcu_ws/install/rcutils/share/ament_index/resource_index/parent_prefix_path/rcutils
[6.593s] -- Installing: /home/neu/Desktop/micro-ROS/microros_767/firmware/mcu_ws/install/rcutils/share/rcutils/environment/ament_prefix_path.sh
[6.593s] -- Installing: /home/neu/Desktop/micro-ROS/microros_767/firmware/mcu_ws/install/rcutils/share/rcutils/environment/ament_prefix_path.dsv
[6.593s] -- Installing: /home/neu/Desktop/micro-ROS/microros_767/firmware/mcu_ws/install/rcutils/share/rcutils/environment/path.sh
[6.593s] -- Installing: /home/neu/Desktop/micro-ROS/microros_767/firmware/mcu_ws/install/rcutils/share/rcutils/environment/path.dsv
[6.594s] -- Installing: /home/neu/Desktop/micro-ROS/microros_767/firmware/mcu_ws/install/rcutils/share/rcutils/local_setup.bash
[6.594s] -- Installing: /home/neu/Desktop/micro-ROS/microros_767/firmware/mcu_ws/install/rcutils/share/rcutils/local_setup.sh
[6.594s] -- Installing: /home/neu/Desktop/micro-ROS/microros_767/firmware/mcu_ws/install/rcutils/share/rcutils/local_setup.zsh
[6.595s] -- Installing: /home/neu/Desktop/micro-ROS/microros_767/firmware/mcu_ws/install/rcutils/share/rcutils/local_setup.dsv
[6.595s] -- Installing: /home/neu/Desktop/micro-ROS/microros_767/firmware/mcu_ws/install/rcutils/share/rcutils/package.dsv
[6.596s] -- Installing: /home/neu/Desktop/micro-ROS/microros_767/firmware/mcu_ws/install/rcutils/share/ament_index/resource_index/packages/rcutils
[6.596s] -- Installing: /home/neu/Desktop/micro-ROS/microros_767/firmware/mcu_ws/install/rcutils/share/rcutils/cmake/rcutilsExport.cmake
[6.596s] -- Installing: /home/neu/Desktop/micro-ROS/microros_767/firmware/mcu_ws/install/rcutils/share/rcutils/cmake/rcutilsExport-noconfig.cmake
[6.596s] -- Installing: /home/neu/Desktop/micro-ROS/microros_767/firmware/mcu_ws/install/rcutils/share/rcutils/cmake/ament_cmake_export_include_directories-extras.cmake
[6.597s] -- Installing: /home/neu/Desktop/micro-ROS/microros_767/firmware/mcu_ws/install/rcutils/share/rcutils/cmake/ament_cmake_export_libraries-extras.cmake
[6.597s] -- Installing: /home/neu/Desktop/micro-ROS/microros_767/firmware/mcu_ws/install/rcutils/share/rcutils/cmake/ament_cmake_export_targets-extras.cmake
[6.597s] -- Installing: /home/neu/Desktop/micro-ROS/microros_767/firmware/mcu_ws/install/rcutils/share/rcutils/cmake/ament_cmake_export_dependencies-extras.cmake
[6.597s] -- Installing: /home/neu/Desktop/micro-ROS/microros_767/firmware/mcu_ws/install/rcutils/share/rcutils/cmake/rcutilsConfig.cmake
[6.597s] -- Installing: /home/neu/Desktop/micro-ROS/microros_767/firmware/mcu_ws/install/rcutils/share/rcutils/cmake/rcutilsConfig-version.cmake
[6.597s] -- Installing: /home/neu/Desktop/micro-ROS/microros_767/firmware/mcu_ws/install/rcutils/share/rcutils/package.xml
[6.597s] -- Installing: /home/neu/Desktop/micro-ROS/microros_767/firmware/mcu_ws/install/rcutils/include/rcutils
[6.597s] -- Installing: /home/neu/Desktop/micro-ROS/microros_767/firmware/mcu_ws/install/rcutils/include/rcutils/rcutils
[6.597s] -- Installing: /home/neu/Desktop/micro-ROS/microros_767/firmware/mcu_ws/install/rcutils/include/rcutils/rcutils/format_string.h
[6.597s] -- Installing: /home/neu/Desktop/micro-ROS/microros_767/firmware/mcu_ws/install/rcutils/include/rcutils/rcutils/allocator.h
[6.598s] -- Installing: /home/neu/Desktop/micro-ROS/microros_767/firmware/mcu_ws/install/rcutils/include/rcutils/rcutils/cmdline_parser.h
[6.598s] -- Installing: /home/neu/Desktop/micro-ROS/microros_767/firmware/mcu_ws/install/rcutils/include/rcutils/rcutils/security_directory.h
[6.598s] -- Installing: /home/neu/Desktop/micro-ROS/microros_767/firmware/mcu_ws/install/rcutils/include/rcutils/rcutils/shared_library.h
[6.598s] -- Installing: /home/neu/Desktop/micro-ROS/microros_767/firmware/mcu_ws/install/rcutils/include/rcutils/rcutils/process.h
[6.598s] -- Installing: /home/neu/Desktop/micro-ROS/microros_767/firmware/mcu_ws/install/rcutils/include/rcutils/rcutils/types
[6.598s] -- Installing: /home/neu/Desktop/micro-ROS/microros_767/firmware/mcu_ws/install/rcutils/include/rcutils/rcutils/types/string_map.h
[6.598s] -- Installing: /home/neu/Desktop/micro-ROS/microros_767/firmware/mcu_ws/install/rcutils/include/rcutils/rcutils/types/rcutils_ret.h
[6.598s] -- Installing: /home/neu/Desktop/micro-ROS/microros_767/firmware/mcu_ws/install/rcutils/include/rcutils/rcutils/types/hash_map.h
[6.598s] -- Installing: /home/neu/Desktop/micro-ROS/microros_767/firmware/mcu_ws/install/rcutils/include/rcutils/rcutils/types/char_array.h
[6.598s] -- Installing: /home/neu/Desktop/micro-ROS/microros_767/firmware/mcu_ws/install/rcutils/include/rcutils/rcutils/types/uint8_array.h
[6.598s] -- Installing: /home/neu/Desktop/micro-ROS/microros_767/firmware/mcu_ws/install/rcutils/include/rcutils/rcutils/types/string_array.h
[6.598s] -- Installing: /home/neu/Desktop/micro-ROS/microros_767/firmware/mcu_ws/install/rcutils/include/rcutils/rcutils/types/array_list.h
[6.598s] -- Installing: /home/neu/Desktop/micro-ROS/microros_767/firmware/mcu_ws/install/rcutils/include/rcutils/rcutils/visibility_control_macros.h
[6.599s] -- Installing: /home/neu/Desktop/micro-ROS/microros_767/firmware/mcu_ws/install/rcutils/include/rcutils/rcutils/snprintf.h
[6.599s] -- Installing: /home/neu/Desktop/micro-ROS/microros_767/firmware/mcu_ws/install/rcutils/include/rcutils/rcutils/filesystem.h
[6.599s] -- Installing: /home/neu/Desktop/micro-ROS/microros_767/firmware/mcu_ws/install/rcutils/include/rcutils/rcutils/types.h
[6.599s] -- Installing: /home/neu/Desktop/micro-ROS/microros_767/firmware/mcu_ws/install/rcutils/include/rcutils/rcutils/macros.h
[6.599s] -- Installing: /home/neu/Desktop/micro-ROS/microros_767/firmware/mcu_ws/install/rcutils/include/rcutils/rcutils/qsort.h
[6.599s] -- Installing: /home/neu/Desktop/micro-ROS/microros_767/firmware/mcu_ws/install/rcutils/include/rcutils/rcutils/get_env.h
[6.599s] -- Installing: /home/neu/Desktop/micro-ROS/microros_767/firmware/mcu_ws/install/rcutils/include/rcutils/rcutils/stdatomic_helper.h
[6.599s] -- Installing: /home/neu/Desktop/micro-ROS/microros_767/firmware/mcu_ws/install/rcutils/include/rcutils/rcutils/time.h
[6.599s] -- Installing: /home/neu/Desktop/micro-ROS/microros_767/firmware/mcu_ws/install/rcutils/include/rcutils/rcutils/env.h
[6.600s] -- Installing: /home/neu/Desktop/micro-ROS/microros_767/firmware/mcu_ws/install/rcutils/include/rcutils/rcutils/logging.h
[6.600s] -- Installing: /home/neu/Desktop/micro-ROS/microros_767/firmware/mcu_ws/install/rcutils/include/rcutils/rcutils/testing
[6.600s] -- Installing: /home/neu/Desktop/micro-ROS/microros_767/firmware/mcu_ws/install/rcutils/include/rcutils/rcutils/testing/fault_injection.h
[6.600s] -- Installing: /home/neu/Desktop/micro-ROS/microros_767/firmware/mcu_ws/install/rcutils/include/rcutils/rcutils/find.h
[6.600s] -- Installing: /home/neu/Desktop/micro-ROS/microros_767/firmware/mcu_ws/install/rcutils/include/rcutils/rcutils/stdatomic_helper
[6.600s] -- Installing: /home/neu/Desktop/micro-ROS/microros_767/firmware/mcu_ws/install/rcutils/include/rcutils/rcutils/stdatomic_helper/gcc
[6.601s] -- Installing: /home/neu/Desktop/micro-ROS/microros_767/firmware/mcu_ws/install/rcutils/include/rcutils/rcutils/stdatomic_helper/gcc/stdatomic.h
[6.601s] -- Installing: /home/neu/Desktop/micro-ROS/microros_767/firmware/mcu_ws/install/rcutils/include/rcutils/rcutils/stdatomic_helper/win32
[6.601s] -- Installing: /home/neu/Desktop/micro-ROS/microros_767/firmware/mcu_ws/install/rcutils/include/rcutils/rcutils/stdatomic_helper/win32/stdatomic.h
[6.601s] -- Installing: /home/neu/Desktop/micro-ROS/microros_767/firmware/mcu_ws/install/rcutils/include/rcutils/rcutils/repl_str.h
[6.601s] -- Installing: /home/neu/Desktop/micro-ROS/microros_767/firmware/mcu_ws/install/rcutils/include/rcutils/rcutils/isalnum_no_locale.h
[6.601s] -- Installing: /home/neu/Desktop/micro-ROS/microros_767/firmware/mcu_ws/install/rcutils/include/rcutils/rcutils/strcasecmp.h
[6.601s] -- Installing: /home/neu/Desktop/micro-ROS/microros_767/firmware/mcu_ws/install/rcutils/include/rcutils/rcutils/split.h
[6.601s] -- Installing: /home/neu/Desktop/micro-ROS/microros_767/firmware/mcu_ws/install/rcutils/include/rcutils/rcutils/visibility_control.h
[6.601s] -- Installing: /home/neu/Desktop/micro-ROS/microros_767/firmware/mcu_ws/install/rcutils/include/rcutils/rcutils/strerror.h
[6.601s] -- Installing: /home/neu/Desktop/micro-ROS/microros_767/firmware/mcu_ws/install/rcutils/include/rcutils/rcutils/configuration_flags.h.in
[6.601s] -- Installing: /home/neu/Desktop/micro-ROS/microros_767/firmware/mcu_ws/install/rcutils/include/rcutils/rcutils/strdup.h
[6.601s] -- Installing: /home/neu/Desktop/micro-ROS/microros_767/firmware/mcu_ws/install/rcutils/include/rcutils/rcutils/error_handling.h
[6.601s] -- Up-to-date: /home/neu/Desktop/micro-ROS/microros_767/firmware/mcu_ws/install/rcutils/include/rcutils
[6.601s] -- Up-to-date: /home/neu/Desktop/micro-ROS/microros_767/firmware/mcu_ws/install/rcutils/include/rcutils/rcutils
[6.601s] -- Installing: /home/neu/Desktop/micro-ROS/microros_767/firmware/mcu_ws/install/rcutils/include/rcutils/rcutils/logging_macros.h
[6.601s] -- Installing: /home/neu/Desktop/micro-ROS/microros_767/firmware/mcu_ws/install/rcutils/include/rcutils/rcutils/configuration_flags.h
[6.837s] Invoked command in '/home/neu/Desktop/micro-ROS/microros_767/firmware/mcu_ws/build/rcutils' returned '0': CMAKE_PREFIX_PATH=${CMAKE_PREFIX_PATH}:/home/neu/Desktop/micro-ROS/microros_767/firmware/dev_ws/install/ament_uncrustify:/home/neu/Desktop/micro-ROS/microros_767/firmware/dev_ws/install/domain_coordinator:/home/neu/Desktop/micro-ROS/microros_767/firmware/dev_ws/install/ament_xmllint:/home/neu/Desktop/micro-ROS/microros_767/firmware/dev_ws/install/ament_pyflakes:/home/neu/Desktop/micro-ROS/microros_767/firmware/dev_ws/install/ament_pycodestyle:/home/neu/Desktop/micro-ROS/microros_767/firmware/dev_ws/install/ament_pep257:/home/neu/Desktop/micro-ROS/microros_767/firmware/dev_ws/install/ament_pclint:/home/neu/Desktop/micro-ROS/microros_767/firmware/dev_ws/install/ament_package:/home/neu/Desktop/micro-ROS/microros_767/firmware/dev_ws/install/ament_mypy:/home/neu/Desktop/micro-ROS/microros_767/firmware/dev_ws/install/ament_lint_cmake:/home/neu/Desktop/micro-ROS/microros_767/firmware/dev_ws/install/ament_flake8:/home/neu/Desktop/micro-ROS/microros_767/firmware/dev_ws/install/ament_copyright:/home/neu/Desktop/micro-ROS/microros_767/firmware/dev_ws/install/ament_lint:/home/neu/Desktop/micro-ROS/microros_767/firmware/dev_ws/install/ament_index_python:/home/neu/Desktop/micro-ROS/microros_767/firmware/dev_ws/install/ament_cpplint:/home/neu/Desktop/micro-ROS/microros_767/firmware/dev_ws/install/ament_cppcheck:/home/neu/Desktop/micro-ROS/microros_767/firmware/dev_ws/install/ament_clang_tidy:/home/neu/Desktop/micro-ROS/microros_767/firmware/dev_ws/install/ament_clang_format /usr/bin/cmake --install /home/neu/Desktop/micro-ROS/microros_767/firmware/mcu_ws/build/rcutils
