[2.927s] Invoking command in '/home/neu/Desktop/micro-ROS/microros_767/firmware/mcu_ws/uros/tracetools/ros2trace': AMENT_PREFIX_PATH=/home/neu/Desktop/micro-ROS/microros_767/firmware/mcu_ws/install/tracetools_trace:${AMENT_PREFIX_PATH} PYTHONPATH=/home/neu/Desktop/micro-ROS/microros_767/firmware/mcu_ws/build/ros2trace/prefix_override:/home/neu/Desktop/micro-ROS/microros_767/firmware/mcu_ws/install/ros2trace/lib/python3.8/site-packages:/home/neu/Desktop/micro-ROS/microros_767/firmware/mcu_ws/install/tracetools_trace/lib/python3.8/site-packages:${PYTHONPATH} /usr/bin/python3 setup.py egg_info --egg-base ../../../build/ros2trace build --build-base /home/neu/Desktop/micro-ROS/microros_767/firmware/mcu_ws/build/ros2trace/build install --record /home/neu/Desktop/micro-ROS/microros_767/firmware/mcu_ws/build/ros2trace/install.log --single-version-externally-managed
[3.256s] running egg_info
[3.256s] creating ../../../build/ros2trace/ros2trace.egg-info
[3.257s] writing ../../../build/ros2trace/ros2trace.egg-info/PKG-INFO
[3.257s] writing dependency_links to ../../../build/ros2trace/ros2trace.egg-info/dependency_links.txt
[3.258s] writing entry points to ../../../build/ros2trace/ros2trace.egg-info/entry_points.txt
[3.258s] writing requirements to ../../../build/ros2trace/ros2trace.egg-info/requires.txt
[3.259s] writing top-level names to ../../../build/ros2trace/ros2trace.egg-info/top_level.txt
[3.259s] writing manifest file '../../../build/ros2trace/ros2trace.egg-info/SOURCES.txt'
[3.301s] reading manifest file '../../../build/ros2trace/ros2trace.egg-info/SOURCES.txt'
[3.303s] writing manifest file '../../../build/ros2trace/ros2trace.egg-info/SOURCES.txt'
[3.303s] running build
[3.303s] running build_py
[3.304s] creating /home/neu/Desktop/micro-ROS/microros_767/firmware/mcu_ws/build/ros2trace/build
[3.305s] creating /home/neu/Desktop/micro-ROS/microros_767/firmware/mcu_ws/build/ros2trace/build/lib
[3.305s] creating /home/neu/Desktop/micro-ROS/microros_767/firmware/mcu_ws/build/ros2trace/build/lib/ros2trace
[3.305s] copying ros2trace/__init__.py -> /home/neu/Desktop/micro-ROS/microros_767/firmware/mcu_ws/build/ros2trace/build/lib/ros2trace
[3.305s] creating /home/neu/Desktop/micro-ROS/microros_767/firmware/mcu_ws/build/ros2trace/build/lib/ros2trace/api
[3.305s] copying ros2trace/api/__init__.py -> /home/neu/Desktop/micro-ROS/microros_767/firmware/mcu_ws/build/ros2trace/build/lib/ros2trace/api
[3.305s] creating /home/neu/Desktop/micro-ROS/microros_767/firmware/mcu_ws/build/ros2trace/build/lib/ros2trace/command
[3.305s] copying ros2trace/command/__init__.py -> /home/neu/Desktop/micro-ROS/microros_767/firmware/mcu_ws/build/ros2trace/build/lib/ros2trace/command
[3.306s] copying ros2trace/command/trace.py -> /home/neu/Desktop/micro-ROS/microros_767/firmware/mcu_ws/build/ros2trace/build/lib/ros2trace/command
[3.306s] running install
[3.306s] running install_lib
[3.306s] creating /home/neu/Desktop/micro-ROS/microros_767/firmware/mcu_ws/install/ros2trace/lib/python3.8/site-packages/ros2trace
[3.306s] copying /home/neu/Desktop/micro-ROS/microros_767/firmware/mcu_ws/build/ros2trace/build/lib/ros2trace/__init__.py -> /home/neu/Desktop/micro-ROS/microros_767/firmware/mcu_ws/install/ros2trace/lib/python3.8/site-packages/ros2trace
[3.306s] creating /home/neu/Desktop/micro-ROS/microros_767/firmware/mcu_ws/install/ros2trace/lib/python3.8/site-packages/ros2trace/api
[3.306s] copying /home/neu/Desktop/micro-ROS/microros_767/firmware/mcu_ws/build/ros2trace/build/lib/ros2trace/api/__init__.py -> /home/neu/Desktop/micro-ROS/microros_767/firmware/mcu_ws/install/ros2trace/lib/python3.8/site-packages/ros2trace/api
[3.306s] creating /home/neu/Desktop/micro-ROS/microros_767/firmware/mcu_ws/install/ros2trace/lib/python3.8/site-packages/ros2trace/command
[3.307s] copying /home/neu/Desktop/micro-ROS/microros_767/firmware/mcu_ws/build/ros2trace/build/lib/ros2trace/command/__init__.py -> /home/neu/Desktop/micro-ROS/microros_767/firmware/mcu_ws/install/ros2trace/lib/python3.8/site-packages/ros2trace/command
[3.307s] copying /home/neu/Desktop/micro-ROS/microros_767/firmware/mcu_ws/build/ros2trace/build/lib/ros2trace/command/trace.py -> /home/neu/Desktop/micro-ROS/microros_767/firmware/mcu_ws/install/ros2trace/lib/python3.8/site-packages/ros2trace/command
[3.309s] byte-compiling /home/neu/Desktop/micro-ROS/microros_767/firmware/mcu_ws/install/ros2trace/lib/python3.8/site-packages/ros2trace/__init__.py to __init__.cpython-38.pyc
[3.309s] byte-compiling /home/neu/Desktop/micro-ROS/microros_767/firmware/mcu_ws/install/ros2trace/lib/python3.8/site-packages/ros2trace/api/__init__.py to __init__.cpython-38.pyc
[3.309s] byte-compiling /home/neu/Desktop/micro-ROS/microros_767/firmware/mcu_ws/install/ros2trace/lib/python3.8/site-packages/ros2trace/command/__init__.py to __init__.cpython-38.pyc
[3.309s] byte-compiling /home/neu/Desktop/micro-ROS/microros_767/firmware/mcu_ws/install/ros2trace/lib/python3.8/site-packages/ros2trace/command/trace.py to trace.cpython-38.pyc
[3.310s] running install_data
[3.310s] copying package.xml -> /home/neu/Desktop/micro-ROS/microros_767/firmware/mcu_ws/install/ros2trace/share/ros2trace
[3.310s] creating /home/neu/Desktop/micro-ROS/microros_767/firmware/mcu_ws/install/ros2trace/share/ament_index
[3.310s] creating /home/neu/Desktop/micro-ROS/microros_767/firmware/mcu_ws/install/ros2trace/share/ament_index/resource_index
[3.311s] creating /home/neu/Desktop/micro-ROS/microros_767/firmware/mcu_ws/install/ros2trace/share/ament_index/resource_index/packages
[3.311s] copying resource/ros2trace -> /home/neu/Desktop/micro-ROS/microros_767/firmware/mcu_ws/install/ros2trace/share/ament_index/resource_index/packages
[3.311s] running install_egg_info
[3.314s] Copying ../../../build/ros2trace/ros2trace.egg-info to /home/neu/Desktop/micro-ROS/microros_767/firmware/mcu_ws/install/ros2trace/lib/python3.8/site-packages/ros2trace-4.1.1-py3.8.egg-info
[3.314s] running install_scripts
[3.339s] writing list of installed files to '/home/neu/Desktop/micro-ROS/microros_767/firmware/mcu_ws/build/ros2trace/install.log'
[4.134s] Invoked command in '/home/neu/Desktop/micro-ROS/microros_767/firmware/mcu_ws/uros/tracetools/ros2trace' returned '0': AMENT_PREFIX_PATH=/home/neu/Desktop/micro-ROS/microros_767/firmware/mcu_ws/install/tracetools_trace:${AMENT_PREFIX_PATH} PYTHONPATH=/home/neu/Desktop/micro-ROS/microros_767/firmware/mcu_ws/build/ros2trace/prefix_override:/home/neu/Desktop/micro-ROS/microros_767/firmware/mcu_ws/install/ros2trace/lib/python3.8/site-packages:/home/neu/Desktop/micro-ROS/microros_767/firmware/mcu_ws/install/tracetools_trace/lib/python3.8/site-packages:${PYTHONPATH} /usr/bin/python3 setup.py egg_info --egg-base ../../../build/ros2trace build --build-base /home/neu/Desktop/micro-ROS/microros_767/firmware/mcu_ws/build/ros2trace/build install --record /home/neu/Desktop/micro-ROS/microros_767/firmware/mcu_ws/build/ros2trace/install.log --single-version-externally-managed
