==========|1111| 0 : 10616
==========|1111| 1 : 10619
==========|1111| 2 : 10618
==========|1111| 3 : 7616
==========|1111| 4 : 10618
==========|1111| 5 : 10619
==========|1111| 6 : 10619
==========|1111| 7 : 10620
==========|1111| 8 : 10616
==========|1111| 9 : 10617
==========|1111| 10 : 7618
==========|1111| 11 : 10619
==========|1111| 12 : 7617
==========|1111| 13 : 7617
==========|1111| 14 : 7617
==========|1111| 15 : 7618
==========|1111| 16 : 6254
==========|1111| 17 : 10618
==========|1111| 18 : 7619
==========|1111| 19 : 10619
==========|1111| 20 : 7617
==========|1111| 21 : 7617
==========|1111| 22 : 10619
==========|1111| 23 : 7619
==========|1111| 24 : 10618
==========|1111| 25 : 7617
==========|1111| 26 : 7619
==========|1111| 27 : 6447
==========|1111| 28 : 7618
==========|1111| 29 : 10617
==========|1111| 30 : 10618
==========|1111| 31 : 10635
==========|1111| 32 : 8447
==========|1111| 33 : 7618
==========|1111| 34 : 7616
==========|1111| 35 : 6447
==========|1111| 36 : 7617
==========|1111| 37 : 10617
==========|1111| 38 : 10618
==========|1111| 39 : 10619
==========|1111| 40 : 7617
==========|1111| 41 : 10627
==========|1111| 42 : 10628
==========|1111| 43 : 10618
==========|1111| 44 : 10617
==========|1111| 45 : 10617
==========|1111| 46 : 10618
==========|1111| 47 : 10617
==========|1111| 48 : 10618
==========|1111| 49 : 10617
==========|1111| 50 : 10617
==========|1111| 51 : 10617
==========|1111| 52 : 10617
==========|1111| 53 : 10617
==========|1111| 54 : 7617
==========|1111| 55 : 10618
==========|1111| 56 : 10619
==========|1111| 57 : 10619
==========|1111| 58 : 6253
==========|1111| 59 : 7617
==========|1111| 60 : 10617
==========|1111| 61 : 10616
==========|1111| 62 : 6253
==========|1111| 63 : 7618
==========|1111| 64 : 10617
==========|1111| 65 : 10617
==========|1111| 66 : 10617
==========|1111| 67 : 10617
==========|1111| 68 : 10617
==========|1111| 69 : 10619
==========|1111| 70 : 10619
==========|1111| 71 : 7616
==========|1111| 72 : 10617
==========|1111| 73 : 10618
==========|1111| 74 : 10618
==========|1111| 75 : 7617
==========|1111| 76 : 7617
==========|1111| 77 : 7619
==========|1111| 78 : 10615
==========|1111| 79 : 10616
==========|1111| 80 : 10617
==========|1111| 81 : 8447
==========|1111| 82 : 10617
==========|1111| 83 : 10618
==========|1111| 84 : 10619
==========|1111| 85 : 10626
==========|1111| 86 : 7618
==========|1111| 87 : 7618
==========|1111| 88 : 10617
==========|1111| 89 : 10620
==========|1111| 90 : 6253
==========|1111| 91 : 10618
==========|1111| 92 : 10618
==========|1111| 93 : 10618
==========|1111| 94 : 10618
==========|1111| 95 : 7619
==========|1111| 96 : 10619
==========|1111| 97 : 10618
==========|1111| 98 : 10617
==========|1111| 99 : 10617
==========|1111| 100 : 10617
==========|1111| 101 : 10618
==========|1111| 102 : 10619
==========|1111| 103 : 10618
==========|1111| 104 : 8449
==========|1111| 105 : 6448
==========|1111| 106 : 10619
==========|1111| 107 : 8447
==========|1111| 108 : 10617
==========|1111| 109 : 10617
==========|1111| 110 : 10618
==========|1111| 111 : 7617
==========|1111| 112 : 6458
==========|1111| 113 : 8446
==========|1111| 114 : 10619
==========|1111| 115 : 10618
==========|1111| 116 : 10636
==========|1111| 117 : 10616
==========|1111| 118 : 10620
==========|1111| 119 : 10627
==========|1111| 120 : 10617
==========|1111| 121 : 10618
==========|1111| 122 : 7618
==========|1111| 123 : 10617
==========|1111| 124 : 10620
==========|1111| 125 : 10618
==========|1111| 126 : 10616
==========|1111| 127 : 10636
==========|1111| 128 : 10618
==========|1111| 129 : 10618
==========|1111| 130 : 7618
==========|1111| 131 : 7618
==========|1111| 132 : 7617
==========|1111| 133 : 10618
==========|1111| 134 : 10627
==========|1111| 135 : 10618
==========|1111| 136 : 7616
==========|1111| 137 : 10619
==========|1111| 138 : 10619
==========|1111| 139 : 7617
==========|1111| 140 : 10619
==========|1111| 141 : 7617
==========|1111| 142 : 10618
==========|1111| 143 : 10618
==========|1111| 144 : 10616
==========|1111| 145 : 8448
==========|1111| 146 : 10618
==========|1111| 147 : 10618
==========|1111| 148 : 10618
==========|1111| 149 : 10618
==========|1111| 150 : 10618
==========|1111| 151 : 7617
==========|1111| 152 : 10618
==========|1111| 153 : 10617
==========|1111| 154 : 10616
==========|1111| 155 : 10617
==========|1111| 156 : 10617
==========|1111| 157 : 10617
==========|1111| 158 : 10616
==========|1111| 159 : 8446
==========|1111| 160 : 10616
==========|1111| 161 : 8447
==========|1111| 162 : 10617
==========|1111| 163 : 10618
==========|1111| 164 : 10619
==========|1111| 165 : 7617
==========|1111| 166 : 10617
==========|1111| 167 : 8447
==========|1111| 168 : 10619
==========|1111| 169 : 7615
==========|1111| 170 : 10618
==========|1111| 171 : 10628
==========|1111| 172 : 10616
==========|1111| 173 : 10617
==========|1111| 174 : 6448
==========|1111| 175 : 10618
==========|1111| 176 : 10617
==========|1111| 177 : 10618
==========|1111| 178 : 10627
==========|1111| 179 : 7617
==========|1111| 180 : 10617
==========|1111| 181 : 10616
==========|1111| 182 : 6447
==========|1111| 183 : 10618
==========|1111| 184 : 7617
==========|1111| 185 : 10616
==========|1111| 186 : 10619
==========|1111| 187 : 10616
==========|1111| 188 : 8457
==========|1111| 189 : 8449
==========|1111| 190 : 10617
==========|1111| 191 : 10618
==========|1111| 192 : 10618
==========|1111| 193 : 10616
==========|1111| 194 : 6255
==========|1111| 195 : 10617
==========|1111| 196 : 7618
==========|1111| 197 : 10621
==========|1111| 198 : 10618
==========|1111| 199 : 10618
==========|1111| 200 : 10619
==========|1111| 201 : 10627
==========|1111| 202 : 6255
==========|1111| 203 : 10617
==========|1111| 204 : 10618
==========|1111| 205 : 10618
==========|1111| 206 : 10617
==========|1111| 207 : 7619
==========|1111| 208 : 6447
==========|1111| 209 : 7618
==========|1111| 210 : 10619
==========|1111| 211 : 10618
==========|1111| 212 : 10637
==========|1111| 213 : 10618
==========|1111| 214 : 10618
==========|1111| 215 : 7620
==========|1111| 216 : 10618
==========|1111| 217 : 10619
==========|1111| 218 : 10618
==========|1111| 219 : 10618
==========|1111| 220 : 10617
==========|1111| 221 : 10618
==========|1111| 222 : 10618
==========|1111| 223 : 10618
==========|1111| 224 : 10618
==========|1111| 225 : 10618
==========|1111| 226 : 7616
==========|1111| 227 : 10618
==========|1111| 228 : 7617
==========|1111| 229 : 10618
==========|1111| 230 : 10618
==========|1111| 231 : 5253
==========|1111| 232 : 7617
==========|1111| 233 : 7619
==========|1111| 234 : 10618
==========|1111| 235 : 10617
==========|1111| 236 : 10618
==========|1111| 237 : 7617
==========|1111| 238 : 10617
==========|1111| 239 : 10618
==========|1111| 240 : 10618
==========|1111| 241 : 10619
==========|1111| 242 : 10615
==========|1111| 243 : 10617
==========|1111| 244 : 6253
==========|1111| 245 : 10617
==========|1111| 246 : 8449
==========|1111| 247 : 10617
==========|1111| 248 : 10627
==========|1111| 249 : 10619
==========|1111| 250 : 10618
==========|1111| 251 : 10618
==========|1111| 252 : 10618
==========|1111| 253 : 10618
==========|1111| 254 : 8448
==========|1111| 255 : 7616
==========|1111| 256 : 7617
==========|1111| 257 : 10618
==========|1111| 258 : 10618
==========|1111| 259 : 6256
==========|1111| 260 : 10618
==========|1111| 261 : 6254
==========|1111| 262 : 10618
==========|1111| 263 : 8448
==========|1111| 264 : 10618
==========|1111| 265 : 6254
==========|1111| 266 : 7616
==========|1111| 267 : 10618
==========|1111| 268 : 10617
==========|1111| 269 : 10616
==========|1111| 270 : 8448
==========|1111| 271 : 10617
==========|1111| 272 : 10618
==========|1111| 273 : 10618
==========|1111| 274 : 8448
==========|1111| 275 : 10618
==========|1111| 276 : 6255
==========|1111| 277 : 10619
==========|1111| 278 : 7616
==========|1111| 279 : 10616
==========|1111| 280 : 10618
==========|1111| 281 : 10619
==========|1111| 282 : 10617
==========|1111| 283 : 10616
==========|1111| 284 : 10618
==========|1111| 285 : 10619
==========|1111| 286 : 7619
==========|1111| 287 : 10635
==========|1111| 288 : 8448
==========|1111| 289 : 10618
==========|1111| 290 : 6254
==========|1111| 291 : 8448
==========|1111| 292 : 5255
==========|1111| 293 : 10618
==========|1111| 294 : 10618
==========|1111| 295 : 10619
==========|1111| 296 : 6255
==========|1111| 297 : 10626
==========|1111| 298 : 10629
==========|1111| 299 : 10618
==========|1111| 300 : 8448
==========|1111| 301 : 10626
==========|1111| 302 : 10618
==========|1111| 303 : 10618
==========|1111| 304 : 7617
==========|1111| 305 : 10618
==========|1111| 306 : 10619
==========|1111| 307 : 10617
==========|1111| 308 : 10616
==========|1111| 309 : 7617
==========|1111| 310 : 10620
==========|1111| 311 : 10617
==========|1111| 312 : 10618
==========|1111| 313 : 6254
==========|1111| 314 : 7615
==========|1111| 315 : 7617
==========|1111| 316 : 10617
==========|1111| 317 : 6447
==========|1111| 318 : 10616
==========|1111| 319 : 10618
==========|1111| 320 : 10618
==========|1111| 321 : 8448
==========|1111| 322 : 10616
==========|1111| 323 : 7617
==========|1111| 324 : 10617
==========|1111| 325 : 10618
==========|1111| 326 : 7619
==========|1111| 327 : 10618
==========|1111| 328 : 10618
==========|1111| 329 : 10618
==========|1111| 330 : 8448
==========|1111| 331 : 10618
==========|1111| 332 : 10616
==========|1111| 333 : 8455
==========|1111| 334 : 10618
==========|1111| 335 : 10616
==========|1111| 336 : 10617
==========|1111| 337 : 10619
==========|1111| 338 : 10618
==========|1111| 339 : 10618
==========|1111| 340 : 10618
==========|1111| 341 : 7619
==========|1111| 342 : 10616
==========|1111| 343 : 8446
==========|1111| 344 : 7628
==========|1111| 345 : 10619
==========|1111| 346 : 7617
==========|1111| 347 : 10618
==========|1111| 348 : 10619
==========|1111| 349 : 10617
==========|1111| 350 : 10617
==========|1111| 351 : 10619
==========|1111| 352 : 10618
==========|1111| 353 : 10619
==========|1111| 354 : 10619
==========|1111| 355 : 10618
==========|1111| 356 : 7616
==========|1111| 357 : 8447
==========|1111| 358 : 10617
==========|1111| 359 : 10618
==========|1111| 360 : 10618
==========|1111| 361 : 10618
==========|1111| 362 : 10618
==========|1111| 363 : 10618
==========|1111| 364 : 10618
==========|1111| 365 : 10616
==========|1111| 366 : 5254
==========|1111| 367 : 10626
==========|1111| 368 : 8450
==========|1111| 369 : 10618
==========|1111| 370 : 10617
==========|1111| 371 : 7615
==========|1111| 372 : 10637
==========|1111| 373 : 8446
==========|1111| 374 : 10619
==========|1111| 375 : 10616
==========|1111| 376 : 8448
==========|1111| 377 : 10618
==========|1111| 378 : 10618
==========|1111| 379 : 10617
==========|1111| 380 : 10619
==========|1111| 381 : 7618
==========|1111| 382 : 10617
==========|1111| 383 : 8460
==========|1111| 384 : 10618
==========|1111| 385 : 10618
==========|1111| 386 : 7617
==========|1111| 387 : 8456
==========|1111| 388 : 10618
==========|1111| 389 : 10617
==========|1111| 390 : 10618
==========|1111| 391 : 7617
==========|1111| 392 : 10617
==========|1111| 393 : 10616
==========|1111| 394 : 6255
==========|1111| 395 : 5254
==========|1111| 396 : 10619
==========|1111| 397 : 10619
==========|1111| 398 : 10619
==========|1111| 399 : 10618
==========|1111| 400 : 7625
==========|1111| 401 : 10618
==========|1111| 402 : 10618
==========|1111| 403 : 10618
==========|1111| 404 : 10618
==========|1111| 405 : 10617
==========|1111| 406 : 10618
==========|1111| 407 : 10627
==========|1111| 408 : 10618
==========|1111| 409 : 10618
==========|1111| 410 : 10618
==========|1111| 411 : 10620
==========|1111| 412 : 7617
==========|1111| 413 : 10618
==========|1111| 414 : 10619
==========|1111| 415 : 7617
==========|1111| 416 : 6447
==========|1111| 417 : 7617
==========|1111| 418 : 7615
==========|1111| 419 : 7619
==========|1111| 420 : 10618
==========|1111| 421 : 10618
==========|1111| 422 : 7617
==========|1111| 423 : 10618
==========|1111| 424 : 10619
==========|1111| 425 : 10618
==========|1111| 426 : 7616
==========|1111| 427 : 8446
==========|1111| 428 : 10616
==========|1111| 429 : 6254
==========|1111| 430 : 10619
==========|1111| 431 : 10617
==========|1111| 432 : 10618
==========|1111| 433 : 10619
==========|1111| 434 : 10618
==========|1111| 435 : 10618
==========|1111| 436 : 10618
==========|1111| 437 : 10627
==========|1111| 438 : 7617
==========|1111| 439 : 10618
==========|1111| 440 : 10615
==========|1111| 441 : 10616
==========|1111| 442 : 10617
==========|1111| 443 : 10618
==========|1111| 444 : 10616
==========|1111| 445 : 10618
==========|1111| 446 : 10625
==========|1111| 447 : 10619
==========|1111| 448 : 10620
==========|1111| 449 : 10618
==========|1111| 450 : 10617
==========|1111| 451 : 10616
==========|1111| 452 : 10616
==========|1111| 453 : 7617
==========|1111| 454 : 10616
==========|1111| 455 : 10617
==========|1111| 456 : 10618
==========|1111| 457 : 10627
==========|1111| 458 : 10626
==========|1111| 459 : 10618
==========|1111| 460 : 10618
==========|1111| 461 : 10617
==========|1111| 462 : 10617
==========|1111| 463 : 10618
==========|1111| 464 : 10618
==========|1111| 465 : 10628
==========|1111| 466 : 10618
==========|1111| 467 : 10618
==========|1111| 468 : 10634
==========|1111| 469 : 8448
==========|1111| 470 : 7617
==========|1111| 471 : 8449
==========|1111| 472 : 10618
==========|1111| 473 : 10619
==========|1111| 474 : 10618
==========|1111| 475 : 10618
==========|1111| 476 : 10618
==========|1111| 477 : 10617
==========|1111| 478 : 7616
==========|1111| 479 : 10619
==========|1111| 480 : 10618
==========|1111| 481 : 10618
==========|1111| 482 : 7619
==========|1111| 483 : 10618
==========|1111| 484 : 7617
==========|1111| 485 : 6253
==========|1111| 486 : 10616
==========|1111| 487 : 10619
==========|1111| 488 : 7616
==========|1111| 489 : 7618
==========|1111| 490 : 10617
==========|1111| 491 : 10618
==========|1111| 492 : 7617
==========|1111| 493 : 7617
==========|1111| 494 : 10619
==========|1111| 495 : 7618
==========|1111| 496 : 10617
==========|1111| 497 : 10618
==========|1111| 498 : 10619
==========|1111| 499 : 10618