==========|1111| 0 : 7621
==========|1111| 1 : 7621
==========|1111| 2 : 7621
==========|1111| 3 : 7619
==========|1111| 4 : 5255
==========|1111| 5 : 7619
==========|1111| 6 : 7623
==========|1111| 7 : 6450
==========|1111| 8 : 7621
==========|1111| 9 : 7622
==========|1111| 10 : 5257
==========|1111| 11 : 7620
==========|1111| 12 : 7622
==========|1111| 13 : 7621
==========|1111| 14 : 7621
==========|1111| 15 : 7620
==========|1111| 16 : 7620
==========|1111| 17 : 7621
==========|1111| 18 : 7621
==========|1111| 19 : 5255
==========|1111| 20 : 7621
==========|1111| 21 : 7620
==========|1111| 22 : 7619
==========|1111| 23 : 7620
==========|1111| 24 : 7621
==========|1111| 25 : 7620
==========|1111| 26 : 7620
==========|1111| 27 : 7623
==========|1111| 28 : 7621
==========|1111| 29 : 5256
==========|1111| 30 : 7620
==========|1111| 31 : 7641
==========|1111| 32 : 7620
==========|1111| 33 : 7620
==========|1111| 34 : 7619
==========|1111| 35 : 7622
==========|1111| 36 : 5256
==========|1111| 37 : 7622
==========|1111| 38 : 7623
==========|1111| 39 : 7623
==========|1111| 40 : 7620
==========|1111| 41 : 7631
==========|1111| 42 : 7633
==========|1111| 43 : 7623
==========|1111| 44 : 5257
==========|1111| 45 : 7621
==========|1111| 46 : 7620
==========|1111| 47 : 7620
==========|1111| 48 : 5257
==========|1111| 49 : 7621
==========|1111| 50 : 7620
==========|1111| 51 : 7620
==========|1111| 52 : 5257
==========|1111| 53 : 7621
==========|1111| 54 : 7620
==========|1111| 55 : 7620
==========|1111| 56 : 5257
==========|1111| 57 : 7621
==========|1111| 58 : 7620
==========|1111| 59 : 7621
==========|1111| 60 : 7621
==========|1111| 61 : 7620
==========|1111| 62 : 7621
==========|1111| 63 : 7621
==========|1111| 64 : 5256
==========|1111| 65 : 7620
==========|1111| 66 : 7621
==========|1111| 67 : 7621
==========|1111| 68 : 5256
==========|1111| 69 : 7621
==========|1111| 70 : 7622
==========|1111| 71 : 6451
==========|1111| 72 : 7620
==========|1111| 73 : 7620
==========|1111| 74 : 7619
==========|1111| 75 : 7622
==========|1111| 76 : 5256
==========|1111| 77 : 7622
==========|1111| 78 : 7620
==========|1111| 79 : 7620
==========|1111| 80 : 7622
==========|1111| 81 : 7621
==========|1111| 82 : 7620
==========|1111| 83 : 7622
==========|1111| 84 : 7622
==========|1111| 85 : 7631
==========|1111| 86 : 7621
==========|1111| 87 : 7621
==========|1111| 88 : 7622
==========|1111| 89 : 6450
==========|1111| 90 : 7632
==========|1111| 91 : 7620
==========|1111| 92 : 7619
==========|1111| 93 : 7622
==========|1111| 94 : 6451
==========|1111| 95 : 7622
==========|1111| 96 : 7622
==========|1111| 97 : 6451
==========|1111| 98 : 7620
==========|1111| 99 : 7620
==========|1111| 100 : 7621
==========|1111| 101 : 7621
==========|1111| 102 : 7622
==========|1111| 103 : 5256
==========|1111| 104 : 6450
==========|1111| 105 : 7620
==========|1111| 106 : 7621
==========|1111| 107 : 7621
==========|1111| 108 : 7620
==========|1111| 109 : 7622
==========|1111| 110 : 6450
==========|1111| 111 : 7621
==========|1111| 112 : 7620
==========|1111| 113 : 7628
==========|1111| 114 : 7621
==========|1111| 115 : 7620
==========|1111| 116 : 7637
==========|1111| 117 : 7619
==========|1111| 118 : 5256
==========|1111| 119 : 5256
==========|1111| 120 : 7621
==========|1111| 121 : 7621
==========|1111| 122 : 7621
==========|1111| 123 : 7619
==========|1111| 124 : 5256
==========|1111| 125 : 7621
==========|1111| 126 : 7622
==========|1111| 127 : 7641
==========|1111| 128 : 7622
==========|1111| 129 : 6450
==========|1111| 130 : 7623
==========|1111| 131 : 7621
==========|1111| 132 : 7620
==========|1111| 133 : 7620
==========|1111| 134 : 7630
==========|1111| 135 : 7621
==========|1111| 136 : 7621
==========|1111| 137 : 7620
==========|1111| 138 : 7620
==========|1111| 139 : 7620
==========|1111| 140 : 7621
==========|1111| 141 : 7620
==========|1111| 142 : 7620
==========|1111| 143 : 7621
==========|1111| 144 : 7621
==========|1111| 145 : 5264
==========|1111| 146 : 7621
==========|1111| 147 : 7621
==========|1111| 148 : 7621
==========|1111| 149 : 7620
==========|1111| 150 : 7622
==========|1111| 151 : 7621
==========|1111| 152 : 7619
==========|1111| 153 : 7621
==========|1111| 154 : 7621
==========|1111| 155 : 5256
==========|1111| 156 : 5256
==========|1111| 157 : 5256
==========|1111| 158 : 7620
==========|1111| 159 : 7623
==========|1111| 160 : 7619
==========|1111| 161 : 7621
==========|1111| 162 : 7621
==========|1111| 163 : 5256
==========|1111| 164 : 5256
==========|1111| 165 : 7620
==========|1111| 166 : 7621
==========|1111| 167 : 5256
==========|1111| 168 : 7619
==========|1111| 169 : 7621
==========|1111| 170 : 5256
==========|1111| 171 : 7631
==========|1111| 172 : 7620
==========|1111| 173 : 5256
==========|1111| 174 : 5255
==========|1111| 175 : 7620
==========|1111| 176 : 7623
==========|1111| 177 : 7619
==========|1111| 178 : 7630
==========|1111| 179 : 6450
==========|1111| 180 : 7620
==========|1111| 181 : 7621
==========|1111| 182 : 7620
==========|1111| 183 : 7620
==========|1111| 184 : 5256
==========|1111| 185 : 5255
==========|1111| 186 : 7624
==========|1111| 187 : 6451
==========|1111| 188 : 7622
==========|1111| 189 : 7621
==========|1111| 190 : 7619
==========|1111| 191 : 7621
==========|1111| 192 : 7621
==========|1111| 193 : 5257
==========|1111| 194 : 7621
==========|1111| 195 : 6451
==========|1111| 196 : 7619
==========|1111| 197 : 7622
==========|1111| 198 : 7622
==========|1111| 199 : 7622
==========|1111| 200 : 7621
==========|1111| 201 : 7630
==========|1111| 202 : 7631
==========|1111| 203 : 7621
==========|1111| 204 : 7620
==========|1111| 205 : 6451
==========|1111| 206 : 7619
==========|1111| 207 : 7621
==========|1111| 208 : 7621
==========|1111| 209 : 7621
==========|1111| 210 : 7622
==========|1111| 211 : 7621
==========|1111| 212 : 5268
==========|1111| 213 : 7621
==========|1111| 214 : 5255
==========|1111| 215 : 7621
==========|1111| 216 : 7622
==========|1111| 217 : 7621
==========|1111| 218 : 7619
==========|1111| 219 : 7622
==========|1111| 220 : 5255
==========|1111| 221 : 7621
==========|1111| 222 : 7621
==========|1111| 223 : 7620
==========|1111| 224 : 7620
==========|1111| 225 : 5256
==========|1111| 226 : 7620
==========|1111| 227 : 6460
==========|1111| 228 : 7621
==========|1111| 229 : 7621
==========|1111| 230 : 7620
==========|1111| 231 : 6451
==========|1111| 232 : 7622
==========|1111| 233 : 7620
==========|1111| 234 : 7620
==========|1111| 235 : 7619
==========|1111| 236 : 7622
==========|1111| 237 : 5256
==========|1111| 238 : 7620
==========|1111| 239 : 7621
==========|1111| 240 : 7620
==========|1111| 241 : 6451
==========|1111| 242 : 7622
==========|1111| 243 : 7620
==========|1111| 244 : 7620
==========|1111| 245 : 7619
==========|1111| 246 : 7622
==========|1111| 247 : 5255
==========|1111| 248 : 7630
==========|1111| 249 : 7621
==========|1111| 250 : 5256
==========|1111| 251 : 6449
==========|1111| 252 : 7623
==========|1111| 253 : 7619
==========|1111| 254 : 7619
==========|1111| 255 : 5256
==========|1111| 256 : 5256
==========|1111| 257 : 7620
==========|1111| 258 : 7623
==========|1111| 259 : 7623
==========|1111| 260 : 7623
==========|1111| 261 : 7619
==========|1111| 262 : 7621
==========|1111| 263 : 7620
==========|1111| 264 : 7620
==========|1111| 265 : 7621
==========|1111| 266 : 7621
==========|1111| 267 : 7619
==========|1111| 268 : 7619
==========|1111| 269 : 7622
==========|1111| 270 : 5255
==========|1111| 271 : 7621
==========|1111| 272 : 7621
==========|1111| 273 : 7620
==========|1111| 274 : 7620
==========|1111| 275 : 5256
==========|1111| 276 : 7623
==========|1111| 277 : 5256
==========|1111| 278 : 5255
==========|1111| 279 : 7621
==========|1111| 280 : 7620
==========|1111| 281 : 7620
==========|1111| 282 : 7619
==========|1111| 283 : 5256
==========|1111| 284 : 6450
==========|1111| 285 : 7620
==========|1111| 286 : 7619
==========|1111| 287 : 7640
==========|1111| 288 : 7621
==========|1111| 289 : 7621
==========|1111| 290 : 7622
==========|1111| 291 : 7621
==========|1111| 292 : 5256
==========|1111| 293 : 7620
==========|1111| 294 : 7620
==========|1111| 295 : 7622
==========|1111| 296 : 7621
==========|1111| 297 : 7630
==========|1111| 298 : 7633
==========|1111| 299 : 7621
==========|1111| 300 : 7619
==========|1111| 301 : 5256
==========|1111| 302 : 6449
==========|1111| 303 : 7623
==========|1111| 304 : 7619
==========|1111| 305 : 7619
==========|1111| 306 : 7622
==========|1111| 307 : 5255
==========|1111| 308 : 7621
==========|1111| 309 : 7623
==========|1111| 310 : 7620
==========|1111| 311 : 7621
==========|1111| 312 : 7620
==========|1111| 313 : 7620
==========|1111| 314 : 7621
==========|1111| 315 : 7620
==========|1111| 316 : 7619
==========|1111| 317 : 7619
==========|1111| 318 : 5256
==========|1111| 319 : 5256
==========|1111| 320 : 7619
==========|1111| 321 : 7619
==========|1111| 322 : 7621
==========|1111| 323 : 7620
==========|1111| 324 : 6451
==========|1111| 325 : 7621
==========|1111| 326 : 7622
==========|1111| 327 : 7621
==========|1111| 328 : 7622
==========|1111| 329 : 7622
==========|1111| 330 : 7621
==========|1111| 331 : 7620
==========|1111| 332 : 6451
==========|1111| 333 : 7621
==========|1111| 334 : 7623
==========|1111| 335 : 7619
==========|1111| 336 : 7621
==========|1111| 337 : 7622
==========|1111| 338 : 7621
==========|1111| 339 : 5256
==========|1111| 340 : 7620
==========|1111| 341 : 7619
==========|1111| 342 : 5257
==========|1111| 343 : 6451
==========|1111| 344 : 7632
==========|1111| 345 : 7621
==========|1111| 346 : 7621
==========|1111| 347 : 7620
==========|1111| 348 : 6451
==========|1111| 349 : 6450
==========|1111| 350 : 7621
==========|1111| 351 : 7623
==========|1111| 352 : 7619
==========|1111| 353 : 7621
==========|1111| 354 : 7622
==========|1111| 355 : 7621
==========|1111| 356 : 7620
==========|1111| 357 : 6451
==========|1111| 358 : 7621
==========|1111| 359 : 7622
==========|1111| 360 : 7621
==========|1111| 361 : 7621
==========|1111| 362 : 7619
==========|1111| 363 : 5256
==========|1111| 364 : 5256
==========|1111| 365 : 7621
==========|1111| 366 : 7621
==========|1111| 367 : 7628
==========|1111| 368 : 7621
==========|1111| 369 : 5256
==========|1111| 370 : 7621
==========|1111| 371 : 7622
==========|1111| 372 : 7640
==========|1111| 373 : 7622
==========|1111| 374 : 7620
==========|1111| 375 : 7620
==========|1111| 376 : 7630
==========|1111| 377 : 7621
==========|1111| 378 : 7621
==========|1111| 379 : 7622
==========|1111| 380 : 7621
==========|1111| 381 : 7621
==========|1111| 382 : 5257
==========|1111| 383 : 6464
==========|1111| 384 : 7621
==========|1111| 385 : 5257
==========|1111| 386 : 5256
==========|1111| 387 : 6459
==========|1111| 388 : 7621
==========|1111| 389 : 7621
==========|1111| 390 : 5256
==========|1111| 391 : 5257
==========|1111| 392 : 7620
==========|1111| 393 : 7619
==========|1111| 394 : 5257
==========|1111| 395 : 6450
==========|1111| 396 : 7621
==========|1111| 397 : 7619
==========|1111| 398 : 7621
==========|1111| 399 : 7622
==========|1111| 400 : 7631
==========|1111| 401 : 6459
==========|1111| 402 : 7619
==========|1111| 403 : 5256
==========|1111| 404 : 5256
==========|1111| 405 : 7621
==========|1111| 406 : 7620
==========|1111| 407 : 7628
==========|1111| 408 : 7621
==========|1111| 409 : 5255
==========|1111| 410 : 7621
==========|1111| 411 : 7623
==========|1111| 412 : 7619
==========|1111| 413 : 7621
==========|1111| 414 : 7622
==========|1111| 415 : 7621
==========|1111| 416 : 7621
==========|1111| 417 : 6451
==========|1111| 418 : 7621
==========|1111| 419 : 7622
==========|1111| 420 : 7621
==========|1111| 421 : 7621
==========|1111| 422 : 7620
==========|1111| 423 : 7621
==========|1111| 424 : 6450
==========|1111| 425 : 7621
==========|1111| 426 : 7622
==========|1111| 427 : 7621
==========|1111| 428 : 7621
==========|1111| 429 : 7622
==========|1111| 430 : 7621
==========|1111| 431 : 7620
==========|1111| 432 : 6451
==========|1111| 433 : 7621
==========|1111| 434 : 7623
==========|1111| 435 : 7620
==========|1111| 436 : 7622
==========|1111| 437 : 7631
==========|1111| 438 : 7621
==========|1111| 439 : 5256
==========|1111| 440 : 7621
==========|1111| 441 : 7619
==========|1111| 442 : 5257
==========|1111| 443 : 6452
==========|1111| 444 : 7620
==========|1111| 445 : 7621
==========|1111| 446 : 7631
==========|1111| 447 : 7620
==========|1111| 448 : 7620
==========|1111| 449 : 7620
==========|1111| 450 : 7621
==========|1111| 451 : 7621
==========|1111| 452 : 7621
==========|1111| 453 : 7620
==========|1111| 454 : 6451
==========|1111| 455 : 7621
==========|1111| 456 : 7621
==========|1111| 457 : 7630
==========|1111| 458 : 7629
==========|1111| 459 : 7620
==========|1111| 460 : 7622
==========|1111| 461 : 7622
==========|1111| 462 : 7621
==========|1111| 463 : 5256
==========|1111| 464 : 6461
==========|1111| 465 : 7629
==========|1111| 466 : 5257
==========|1111| 467 : 5255
==========|1111| 468 : 7640
==========|1111| 469 : 7621
==========|1111| 470 : 5255
==========|1111| 471 : 7620
==========|1111| 472 : 7621
==========|1111| 473 : 7622
==========|1111| 474 : 7621
==========|1111| 475 : 7620
==========|1111| 476 : 5256
==========|1111| 477 : 5256
==========|1111| 478 : 7621
==========|1111| 479 : 7622
==========|1111| 480 : 7621
==========|1111| 481 : 7623
==========|1111| 482 : 7620
==========|1111| 483 : 7622
==========|1111| 484 : 7621
==========|1111| 485 : 7622
==========|1111| 486 : 7620
==========|1111| 487 : 6450
==========|1111| 488 : 7621
==========|1111| 489 : 7621
==========|1111| 490 : 7619
==========|1111| 491 : 7621
==========|1111| 492 : 7620
==========|1111| 493 : 6450
==========|1111| 494 : 7620
==========|1111| 495 : 7621
==========|1111| 496 : 7622
==========|1111| 497 : 7622
==========|1111| 498 : 7621
==========|1111| 499 : 7620
