[4.186s] Invoking command in '/home/neu/Desktop/micro-ROS/microros_767/firmware/mcu_ws/ros2/rosidl/rosidl_cli': PYTHONPATH=/home/neu/Desktop/micro-ROS/microros_767/firmware/mcu_ws/build/rosidl_cli/prefix_override:/home/neu/Desktop/micro-ROS/microros_767/firmware/mcu_ws/install/rosidl_cli/lib/python3.8/site-packages:${PYTHONPATH} /usr/bin/python3 setup.py egg_info --egg-base ../../../build/rosidl_cli build --build-base /home/neu/Desktop/micro-ROS/microros_767/firmware/mcu_ws/build/rosidl_cli/build install --record /home/neu/Desktop/micro-ROS/microros_767/firmware/mcu_ws/build/rosidl_cli/install.log --single-version-externally-managed
[4.749s] running egg_info
[4.751s] creating ../../../build/rosidl_cli/rosidl_cli.egg-info
[4.751s] writing ../../../build/rosidl_cli/rosidl_cli.egg-info/PKG-INFO
[4.751s] writing dependency_links to ../../../build/rosidl_cli/rosidl_cli.egg-info/dependency_links.txt
[4.752s] writing entry points to ../../../build/rosidl_cli/rosidl_cli.egg-info/entry_points.txt
[4.752s] writing requirements to ../../../build/rosidl_cli/rosidl_cli.egg-info/requires.txt
[4.752s] writing top-level names to ../../../build/rosidl_cli/rosidl_cli.egg-info/top_level.txt
[4.752s] writing manifest file '../../../build/rosidl_cli/rosidl_cli.egg-info/SOURCES.txt'
[4.752s] reading manifest file '../../../build/rosidl_cli/rosidl_cli.egg-info/SOURCES.txt'
[4.752s] writing manifest file '../../../build/rosidl_cli/rosidl_cli.egg-info/SOURCES.txt'
[4.753s] running build
[4.753s] running build_py
[4.753s] creating /home/neu/Desktop/micro-ROS/microros_767/firmware/mcu_ws/build/rosidl_cli/build
[4.753s] creating /home/neu/Desktop/micro-ROS/microros_767/firmware/mcu_ws/build/rosidl_cli/build/lib
[4.753s] creating /home/neu/Desktop/micro-ROS/microros_767/firmware/mcu_ws/build/rosidl_cli/build/lib/rosidl_cli
[4.753s] copying rosidl_cli/__init__.py -> /home/neu/Desktop/micro-ROS/microros_767/firmware/mcu_ws/build/rosidl_cli/build/lib/rosidl_cli
[4.754s] copying rosidl_cli/entry_points.py -> /home/neu/Desktop/micro-ROS/microros_767/firmware/mcu_ws/build/rosidl_cli/build/lib/rosidl_cli
[4.754s] copying rosidl_cli/extensions.py -> /home/neu/Desktop/micro-ROS/microros_767/firmware/mcu_ws/build/rosidl_cli/build/lib/rosidl_cli
[4.754s] copying rosidl_cli/cli.py -> /home/neu/Desktop/micro-ROS/microros_767/firmware/mcu_ws/build/rosidl_cli/build/lib/rosidl_cli
[4.754s] copying rosidl_cli/common.py -> /home/neu/Desktop/micro-ROS/microros_767/firmware/mcu_ws/build/rosidl_cli/build/lib/rosidl_cli
[4.754s] creating /home/neu/Desktop/micro-ROS/microros_767/firmware/mcu_ws/build/rosidl_cli/build/lib/rosidl_cli/command
[4.754s] copying rosidl_cli/command/__init__.py -> /home/neu/Desktop/micro-ROS/microros_767/firmware/mcu_ws/build/rosidl_cli/build/lib/rosidl_cli/command
[4.755s] copying rosidl_cli/command/helpers.py -> /home/neu/Desktop/micro-ROS/microros_767/firmware/mcu_ws/build/rosidl_cli/build/lib/rosidl_cli/command
[4.755s] creating /home/neu/Desktop/micro-ROS/microros_767/firmware/mcu_ws/build/rosidl_cli/build/lib/rosidl_cli/command/translate
[4.755s] copying rosidl_cli/command/translate/__init__.py -> /home/neu/Desktop/micro-ROS/microros_767/firmware/mcu_ws/build/rosidl_cli/build/lib/rosidl_cli/command/translate
[4.755s] copying rosidl_cli/command/translate/api.py -> /home/neu/Desktop/micro-ROS/microros_767/firmware/mcu_ws/build/rosidl_cli/build/lib/rosidl_cli/command/translate
[4.755s] copying rosidl_cli/command/translate/extensions.py -> /home/neu/Desktop/micro-ROS/microros_767/firmware/mcu_ws/build/rosidl_cli/build/lib/rosidl_cli/command/translate
[4.755s] creating /home/neu/Desktop/micro-ROS/microros_767/firmware/mcu_ws/build/rosidl_cli/build/lib/rosidl_cli/command/generate
[4.756s] copying rosidl_cli/command/generate/__init__.py -> /home/neu/Desktop/micro-ROS/microros_767/firmware/mcu_ws/build/rosidl_cli/build/lib/rosidl_cli/command/generate
[4.756s] copying rosidl_cli/command/generate/api.py -> /home/neu/Desktop/micro-ROS/microros_767/firmware/mcu_ws/build/rosidl_cli/build/lib/rosidl_cli/command/generate
[4.756s] copying rosidl_cli/command/generate/extensions.py -> /home/neu/Desktop/micro-ROS/microros_767/firmware/mcu_ws/build/rosidl_cli/build/lib/rosidl_cli/command/generate
[4.756s] running install
[4.756s] running install_lib
[4.756s] creating /home/neu/Desktop/micro-ROS/microros_767/firmware/mcu_ws/install/rosidl_cli/lib/python3.8/site-packages/rosidl_cli
[4.757s] copying /home/neu/Desktop/micro-ROS/microros_767/firmware/mcu_ws/build/rosidl_cli/build/lib/rosidl_cli/__init__.py -> /home/neu/Desktop/micro-ROS/microros_767/firmware/mcu_ws/install/rosidl_cli/lib/python3.8/site-packages/rosidl_cli
[4.757s] copying /home/neu/Desktop/micro-ROS/microros_767/firmware/mcu_ws/build/rosidl_cli/build/lib/rosidl_cli/entry_points.py -> /home/neu/Desktop/micro-ROS/microros_767/firmware/mcu_ws/install/rosidl_cli/lib/python3.8/site-packages/rosidl_cli
[4.758s] copying /home/neu/Desktop/micro-ROS/microros_767/firmware/mcu_ws/build/rosidl_cli/build/lib/rosidl_cli/extensions.py -> /home/neu/Desktop/micro-ROS/microros_767/firmware/mcu_ws/install/rosidl_cli/lib/python3.8/site-packages/rosidl_cli
[4.758s] copying /home/neu/Desktop/micro-ROS/microros_767/firmware/mcu_ws/build/rosidl_cli/build/lib/rosidl_cli/cli.py -> /home/neu/Desktop/micro-ROS/microros_767/firmware/mcu_ws/install/rosidl_cli/lib/python3.8/site-packages/rosidl_cli
[4.758s] copying /home/neu/Desktop/micro-ROS/microros_767/firmware/mcu_ws/build/rosidl_cli/build/lib/rosidl_cli/common.py -> /home/neu/Desktop/micro-ROS/microros_767/firmware/mcu_ws/install/rosidl_cli/lib/python3.8/site-packages/rosidl_cli
[4.758s] creating /home/neu/Desktop/micro-ROS/microros_767/firmware/mcu_ws/install/rosidl_cli/lib/python3.8/site-packages/rosidl_cli/command
[4.758s] copying /home/neu/Desktop/micro-ROS/microros_767/firmware/mcu_ws/build/rosidl_cli/build/lib/rosidl_cli/command/__init__.py -> /home/neu/Desktop/micro-ROS/microros_767/firmware/mcu_ws/install/rosidl_cli/lib/python3.8/site-packages/rosidl_cli/command
[4.758s] creating /home/neu/Desktop/micro-ROS/microros_767/firmware/mcu_ws/install/rosidl_cli/lib/python3.8/site-packages/rosidl_cli/command/translate
[4.759s] copying /home/neu/Desktop/micro-ROS/microros_767/firmware/mcu_ws/build/rosidl_cli/build/lib/rosidl_cli/command/translate/__init__.py -> /home/neu/Desktop/micro-ROS/microros_767/firmware/mcu_ws/install/rosidl_cli/lib/python3.8/site-packages/rosidl_cli/command/translate
[4.759s] copying /home/neu/Desktop/micro-ROS/microros_767/firmware/mcu_ws/build/rosidl_cli/build/lib/rosidl_cli/command/translate/api.py -> /home/neu/Desktop/micro-ROS/microros_767/firmware/mcu_ws/install/rosidl_cli/lib/python3.8/site-packages/rosidl_cli/command/translate
[4.759s] copying /home/neu/Desktop/micro-ROS/microros_767/firmware/mcu_ws/build/rosidl_cli/build/lib/rosidl_cli/command/translate/extensions.py -> /home/neu/Desktop/micro-ROS/microros_767/firmware/mcu_ws/install/rosidl_cli/lib/python3.8/site-packages/rosidl_cli/command/translate
[4.759s] copying /home/neu/Desktop/micro-ROS/microros_767/firmware/mcu_ws/build/rosidl_cli/build/lib/rosidl_cli/command/helpers.py -> /home/neu/Desktop/micro-ROS/microros_767/firmware/mcu_ws/install/rosidl_cli/lib/python3.8/site-packages/rosidl_cli/command
[4.759s] creating /home/neu/Desktop/micro-ROS/microros_767/firmware/mcu_ws/install/rosidl_cli/lib/python3.8/site-packages/rosidl_cli/command/generate
[4.760s] copying /home/neu/Desktop/micro-ROS/microros_767/firmware/mcu_ws/build/rosidl_cli/build/lib/rosidl_cli/command/generate/__init__.py -> /home/neu/Desktop/micro-ROS/microros_767/firmware/mcu_ws/install/rosidl_cli/lib/python3.8/site-packages/rosidl_cli/command/generate
[4.760s] copying /home/neu/Desktop/micro-ROS/microros_767/firmware/mcu_ws/build/rosidl_cli/build/lib/rosidl_cli/command/generate/api.py -> /home/neu/Desktop/micro-ROS/microros_767/firmware/mcu_ws/install/rosidl_cli/lib/python3.8/site-packages/rosidl_cli/command/generate
[4.760s] copying /home/neu/Desktop/micro-ROS/microros_767/firmware/mcu_ws/build/rosidl_cli/build/lib/rosidl_cli/command/generate/extensions.py -> /home/neu/Desktop/micro-ROS/microros_767/firmware/mcu_ws/install/rosidl_cli/lib/python3.8/site-packages/rosidl_cli/command/generate
[4.760s] byte-compiling /home/neu/Desktop/micro-ROS/microros_767/firmware/mcu_ws/install/rosidl_cli/lib/python3.8/site-packages/rosidl_cli/__init__.py to __init__.cpython-38.pyc
[4.760s] byte-compiling /home/neu/Desktop/micro-ROS/microros_767/firmware/mcu_ws/install/rosidl_cli/lib/python3.8/site-packages/rosidl_cli/entry_points.py to entry_points.cpython-38.pyc
[4.760s] byte-compiling /home/neu/Desktop/micro-ROS/microros_767/firmware/mcu_ws/install/rosidl_cli/lib/python3.8/site-packages/rosidl_cli/extensions.py to extensions.cpython-38.pyc
[4.760s] byte-compiling /home/neu/Desktop/micro-ROS/microros_767/firmware/mcu_ws/install/rosidl_cli/lib/python3.8/site-packages/rosidl_cli/cli.py to cli.cpython-38.pyc
[4.761s] byte-compiling /home/neu/Desktop/micro-ROS/microros_767/firmware/mcu_ws/install/rosidl_cli/lib/python3.8/site-packages/rosidl_cli/common.py to common.cpython-38.pyc
[4.761s] byte-compiling /home/neu/Desktop/micro-ROS/microros_767/firmware/mcu_ws/install/rosidl_cli/lib/python3.8/site-packages/rosidl_cli/command/__init__.py to __init__.cpython-38.pyc
[4.761s] byte-compiling /home/neu/Desktop/micro-ROS/microros_767/firmware/mcu_ws/install/rosidl_cli/lib/python3.8/site-packages/rosidl_cli/command/translate/__init__.py to __init__.cpython-38.pyc
[4.761s] byte-compiling /home/neu/Desktop/micro-ROS/microros_767/firmware/mcu_ws/install/rosidl_cli/lib/python3.8/site-packages/rosidl_cli/command/translate/api.py to api.cpython-38.pyc
[4.761s] byte-compiling /home/neu/Desktop/micro-ROS/microros_767/firmware/mcu_ws/install/rosidl_cli/lib/python3.8/site-packages/rosidl_cli/command/translate/extensions.py to extensions.cpython-38.pyc
[4.761s] byte-compiling /home/neu/Desktop/micro-ROS/microros_767/firmware/mcu_ws/install/rosidl_cli/lib/python3.8/site-packages/rosidl_cli/command/helpers.py to helpers.cpython-38.pyc
[4.761s] byte-compiling /home/neu/Desktop/micro-ROS/microros_767/firmware/mcu_ws/install/rosidl_cli/lib/python3.8/site-packages/rosidl_cli/command/generate/__init__.py to __init__.cpython-38.pyc
[4.761s] byte-compiling /home/neu/Desktop/micro-ROS/microros_767/firmware/mcu_ws/install/rosidl_cli/lib/python3.8/site-packages/rosidl_cli/command/generate/api.py to api.cpython-38.pyc
[4.762s] byte-compiling /home/neu/Desktop/micro-ROS/microros_767/firmware/mcu_ws/install/rosidl_cli/lib/python3.8/site-packages/rosidl_cli/command/generate/extensions.py to extensions.cpython-38.pyc
[4.762s] running install_data
[4.762s] creating /home/neu/Desktop/micro-ROS/microros_767/firmware/mcu_ws/install/rosidl_cli/share/ament_index
[4.762s] creating /home/neu/Desktop/micro-ROS/microros_767/firmware/mcu_ws/install/rosidl_cli/share/ament_index/resource_index
[4.762s] creating /home/neu/Desktop/micro-ROS/microros_767/firmware/mcu_ws/install/rosidl_cli/share/ament_index/resource_index/packages
[4.762s] copying resource/rosidl_cli -> /home/neu/Desktop/micro-ROS/microros_767/firmware/mcu_ws/install/rosidl_cli/share/ament_index/resource_index/packages
[4.762s] copying package.xml -> /home/neu/Desktop/micro-ROS/microros_767/firmware/mcu_ws/install/rosidl_cli/share/rosidl_cli
[4.762s] copying resource/package.dsv -> /home/neu/Desktop/micro-ROS/microros_767/firmware/mcu_ws/install/rosidl_cli/share/rosidl_cli
[4.762s] creating /home/neu/Desktop/micro-ROS/microros_767/firmware/mcu_ws/install/rosidl_cli/share/rosidl_cli/environment
[4.762s] copying completion/rosidl-argcomplete.bash -> /home/neu/Desktop/micro-ROS/microros_767/firmware/mcu_ws/install/rosidl_cli/share/rosidl_cli/environment
[4.762s] copying completion/rosidl-argcomplete.zsh -> /home/neu/Desktop/micro-ROS/microros_767/firmware/mcu_ws/install/rosidl_cli/share/rosidl_cli/environment
[4.762s] running install_egg_info
[4.762s] Copying ../../../build/rosidl_cli/rosidl_cli.egg-info to /home/neu/Desktop/micro-ROS/microros_767/firmware/mcu_ws/install/rosidl_cli/lib/python3.8/site-packages/rosidl_cli-3.1.5-py3.8.egg-info
[4.762s] running install_scripts
[4.762s] Installing rosidl script to /home/neu/Desktop/micro-ROS/microros_767/firmware/mcu_ws/install/rosidl_cli/bin
[4.762s] writing list of installed files to '/home/neu/Desktop/micro-ROS/microros_767/firmware/mcu_ws/build/rosidl_cli/install.log'
[5.504s] Invoked command in '/home/neu/Desktop/micro-ROS/microros_767/firmware/mcu_ws/ros2/rosidl/rosidl_cli' returned '0': PYTHONPATH=/home/neu/Desktop/micro-ROS/microros_767/firmware/mcu_ws/build/rosidl_cli/prefix_override:/home/neu/Desktop/micro-ROS/microros_767/firmware/mcu_ws/install/rosidl_cli/lib/python3.8/site-packages:${PYTHONPATH} /usr/bin/python3 setup.py egg_info --egg-base ../../../build/rosidl_cli build --build-base /home/neu/Desktop/micro-ROS/microros_767/firmware/mcu_ws/build/rosidl_cli/build install --record /home/neu/Desktop/micro-ROS/microros_767/firmware/mcu_ws/build/rosidl_cli/install.log --single-version-externally-managed
