[2.710s] Invoking command in '/home/neu/Desktop/micro-ROS/microros_767/firmware/mcu_ws/uros/tracetools/tracetools_launch': AMENT_PREFIX_PATH=/home/neu/Desktop/micro-ROS/microros_767/firmware/mcu_ws/install/tracetools_trace:${AMENT_PREFIX_PATH} PYTHONPATH=/home/neu/Desktop/micro-ROS/microros_767/firmware/mcu_ws/build/tracetools_launch/prefix_override:/home/neu/Desktop/micro-ROS/microros_767/firmware/mcu_ws/install/tracetools_launch/lib/python3.8/site-packages:/home/neu/Desktop/micro-ROS/microros_767/firmware/mcu_ws/install/tracetools_trace/lib/python3.8/site-packages:${PYTHONPATH} /usr/bin/python3 setup.py egg_info --egg-base ../../../build/tracetools_launch build --build-base /home/neu/Desktop/micro-ROS/microros_767/firmware/mcu_ws/build/tracetools_launch/build install --record /home/neu/Desktop/micro-ROS/microros_767/firmware/mcu_ws/build/tracetools_launch/install.log --single-version-externally-managed
[2.979s] running egg_info
[2.979s] creating ../../../build/tracetools_launch/tracetools_launch.egg-info
[2.979s] writing ../../../build/tracetools_launch/tracetools_launch.egg-info/PKG-INFO
[2.980s] writing dependency_links to ../../../build/tracetools_launch/tracetools_launch.egg-info/dependency_links.txt
[2.980s] writing entry points to ../../../build/tracetools_launch/tracetools_launch.egg-info/entry_points.txt
[2.980s] writing requirements to ../../../build/tracetools_launch/tracetools_launch.egg-info/requires.txt
[2.980s] writing top-level names to ../../../build/tracetools_launch/tracetools_launch.egg-info/top_level.txt
[2.980s] writing manifest file '../../../build/tracetools_launch/tracetools_launch.egg-info/SOURCES.txt'
[3.015s] reading manifest file '../../../build/tracetools_launch/tracetools_launch.egg-info/SOURCES.txt'
[3.016s] writing manifest file '../../../build/tracetools_launch/tracetools_launch.egg-info/SOURCES.txt'
[3.016s] running build
[3.016s] running build_py
[3.017s] creating /home/neu/Desktop/micro-ROS/microros_767/firmware/mcu_ws/build/tracetools_launch/build
[3.017s] creating /home/neu/Desktop/micro-ROS/microros_767/firmware/mcu_ws/build/tracetools_launch/build/lib
[3.017s] creating /home/neu/Desktop/micro-ROS/microros_767/firmware/mcu_ws/build/tracetools_launch/build/lib/tracetools_launch
[3.017s] copying tracetools_launch/__init__.py -> /home/neu/Desktop/micro-ROS/microros_767/firmware/mcu_ws/build/tracetools_launch/build/lib/tracetools_launch
[3.017s] copying tracetools_launch/action.py -> /home/neu/Desktop/micro-ROS/microros_767/firmware/mcu_ws/build/tracetools_launch/build/lib/tracetools_launch
[3.017s] creating /home/neu/Desktop/micro-ROS/microros_767/firmware/mcu_ws/build/tracetools_launch/build/lib/tracetools_launch/actions
[3.017s] copying tracetools_launch/actions/__init__.py -> /home/neu/Desktop/micro-ROS/microros_767/firmware/mcu_ws/build/tracetools_launch/build/lib/tracetools_launch/actions
[3.017s] copying tracetools_launch/actions/ld_preload.py -> /home/neu/Desktop/micro-ROS/microros_767/firmware/mcu_ws/build/tracetools_launch/build/lib/tracetools_launch/actions
[3.017s] running install
[3.018s] running install_lib
[3.019s] creating /home/neu/Desktop/micro-ROS/microros_767/firmware/mcu_ws/install/tracetools_launch/lib/python3.8/site-packages/tracetools_launch
[3.020s] creating /home/neu/Desktop/micro-ROS/microros_767/firmware/mcu_ws/install/tracetools_launch/lib/python3.8/site-packages/tracetools_launch/actions
[3.020s] copying /home/neu/Desktop/micro-ROS/microros_767/firmware/mcu_ws/build/tracetools_launch/build/lib/tracetools_launch/actions/__init__.py -> /home/neu/Desktop/micro-ROS/microros_767/firmware/mcu_ws/install/tracetools_launch/lib/python3.8/site-packages/tracetools_launch/actions
[3.020s] copying /home/neu/Desktop/micro-ROS/microros_767/firmware/mcu_ws/build/tracetools_launch/build/lib/tracetools_launch/actions/ld_preload.py -> /home/neu/Desktop/micro-ROS/microros_767/firmware/mcu_ws/install/tracetools_launch/lib/python3.8/site-packages/tracetools_launch/actions
[3.020s] copying /home/neu/Desktop/micro-ROS/microros_767/firmware/mcu_ws/build/tracetools_launch/build/lib/tracetools_launch/__init__.py -> /home/neu/Desktop/micro-ROS/microros_767/firmware/mcu_ws/install/tracetools_launch/lib/python3.8/site-packages/tracetools_launch
[3.020s] copying /home/neu/Desktop/micro-ROS/microros_767/firmware/mcu_ws/build/tracetools_launch/build/lib/tracetools_launch/action.py -> /home/neu/Desktop/micro-ROS/microros_767/firmware/mcu_ws/install/tracetools_launch/lib/python3.8/site-packages/tracetools_launch
[3.021s] byte-compiling /home/neu/Desktop/micro-ROS/microros_767/firmware/mcu_ws/install/tracetools_launch/lib/python3.8/site-packages/tracetools_launch/actions/__init__.py to __init__.cpython-38.pyc
[3.022s] byte-compiling /home/neu/Desktop/micro-ROS/microros_767/firmware/mcu_ws/install/tracetools_launch/lib/python3.8/site-packages/tracetools_launch/actions/ld_preload.py to ld_preload.cpython-38.pyc
[3.023s] byte-compiling /home/neu/Desktop/micro-ROS/microros_767/firmware/mcu_ws/install/tracetools_launch/lib/python3.8/site-packages/tracetools_launch/__init__.py to __init__.cpython-38.pyc
[3.023s] byte-compiling /home/neu/Desktop/micro-ROS/microros_767/firmware/mcu_ws/install/tracetools_launch/lib/python3.8/site-packages/tracetools_launch/action.py to action.cpython-38.pyc
[3.025s] running install_data
[3.025s] copying package.xml -> /home/neu/Desktop/micro-ROS/microros_767/firmware/mcu_ws/install/tracetools_launch/share/tracetools_launch
[3.025s] creating /home/neu/Desktop/micro-ROS/microros_767/firmware/mcu_ws/install/tracetools_launch/share/tracetools_launch/launch
[3.026s] copying launch/example.launch.xml -> /home/neu/Desktop/micro-ROS/microros_767/firmware/mcu_ws/install/tracetools_launch/share/tracetools_launch/launch
[3.026s] copying launch/example.launch.yaml -> /home/neu/Desktop/micro-ROS/microros_767/firmware/mcu_ws/install/tracetools_launch/share/tracetools_launch/launch
[3.026s] copying launch/example.launch.py -> /home/neu/Desktop/micro-ROS/microros_767/firmware/mcu_ws/install/tracetools_launch/share/tracetools_launch/launch
[3.026s] creating /home/neu/Desktop/micro-ROS/microros_767/firmware/mcu_ws/install/tracetools_launch/share/ament_index
[3.026s] creating /home/neu/Desktop/micro-ROS/microros_767/firmware/mcu_ws/install/tracetools_launch/share/ament_index/resource_index
[3.026s] creating /home/neu/Desktop/micro-ROS/microros_767/firmware/mcu_ws/install/tracetools_launch/share/ament_index/resource_index/packages
[3.026s] copying resource/tracetools_launch -> /home/neu/Desktop/micro-ROS/microros_767/firmware/mcu_ws/install/tracetools_launch/share/ament_index/resource_index/packages
[3.026s] running install_egg_info
[3.028s] Copying ../../../build/tracetools_launch/tracetools_launch.egg-info to /home/neu/Desktop/micro-ROS/microros_767/firmware/mcu_ws/install/tracetools_launch/lib/python3.8/site-packages/tracetools_launch-4.1.1-py3.8.egg-info
[3.029s] running install_scripts
[3.051s] writing list of installed files to '/home/neu/Desktop/micro-ROS/microros_767/firmware/mcu_ws/build/tracetools_launch/install.log'
[3.150s] Invoked command in '/home/neu/Desktop/micro-ROS/microros_767/firmware/mcu_ws/uros/tracetools/tracetools_launch' returned '0': AMENT_PREFIX_PATH=/home/neu/Desktop/micro-ROS/microros_767/firmware/mcu_ws/install/tracetools_trace:${AMENT_PREFIX_PATH} PYTHONPATH=/home/neu/Desktop/micro-ROS/microros_767/firmware/mcu_ws/build/tracetools_launch/prefix_override:/home/neu/Desktop/micro-ROS/microros_767/firmware/mcu_ws/install/tracetools_launch/lib/python3.8/site-packages:/home/neu/Desktop/micro-ROS/microros_767/firmware/mcu_ws/install/tracetools_trace/lib/python3.8/site-packages:${PYTHONPATH} /usr/bin/python3 setup.py egg_info --egg-base ../../../build/tracetools_launch build --build-base /home/neu/Desktop/micro-ROS/microros_767/firmware/mcu_ws/build/tracetools_launch/build install --record /home/neu/Desktop/micro-ROS/microros_767/firmware/mcu_ws/build/tracetools_launch/install.log --single-version-externally-managed
