[3.359s] Invoking command in '/home/neu/Desktop/micro-ROS/microros_767/firmware/mcu_ws/uros/tracetools/tracetools_trace': PYTHONPATH=/home/neu/Desktop/micro-ROS/microros_767/firmware/mcu_ws/build/tracetools_trace/prefix_override:/home/neu/Desktop/micro-ROS/microros_767/firmware/mcu_ws/install/tracetools_trace/lib/python3.8/site-packages:${PYTHONPATH} /usr/bin/python3 setup.py egg_info --egg-base ../../../build/tracetools_trace build --build-base /home/neu/Desktop/micro-ROS/microros_767/firmware/mcu_ws/build/tracetools_trace/build install --record /home/neu/Desktop/micro-ROS/microros_767/firmware/mcu_ws/build/tracetools_trace/install.log --single-version-externally-managed
[3.628s] running egg_info
[3.629s] creating ../../../build/tracetools_trace/tracetools_trace.egg-info
[3.630s] writing ../../../build/tracetools_trace/tracetools_trace.egg-info/PKG-INFO
[3.630s] writing dependency_links to ../../../build/tracetools_trace/tracetools_trace.egg-info/dependency_links.txt
[3.631s] writing entry points to ../../../build/tracetools_trace/tracetools_trace.egg-info/entry_points.txt
[3.632s] writing requirements to ../../../build/tracetools_trace/tracetools_trace.egg-info/requires.txt
[3.633s] writing top-level names to ../../../build/tracetools_trace/tracetools_trace.egg-info/top_level.txt
[3.633s] writing manifest file '../../../build/tracetools_trace/tracetools_trace.egg-info/SOURCES.txt'
[3.652s] reading manifest file '../../../build/tracetools_trace/tracetools_trace.egg-info/SOURCES.txt'
[3.652s] writing manifest file '../../../build/tracetools_trace/tracetools_trace.egg-info/SOURCES.txt'
[3.652s] running build
[3.653s] running build_py
[3.653s] creating /home/neu/Desktop/micro-ROS/microros_767/firmware/mcu_ws/build/tracetools_trace/build
[3.653s] creating /home/neu/Desktop/micro-ROS/microros_767/firmware/mcu_ws/build/tracetools_trace/build/lib
[3.653s] creating /home/neu/Desktop/micro-ROS/microros_767/firmware/mcu_ws/build/tracetools_trace/build/lib/tracetools_trace
[3.653s] copying tracetools_trace/__init__.py -> /home/neu/Desktop/micro-ROS/microros_767/firmware/mcu_ws/build/tracetools_trace/build/lib/tracetools_trace
[3.654s] copying tracetools_trace/trace.py -> /home/neu/Desktop/micro-ROS/microros_767/firmware/mcu_ws/build/tracetools_trace/build/lib/tracetools_trace
[3.654s] creating /home/neu/Desktop/micro-ROS/microros_767/firmware/mcu_ws/build/tracetools_trace/build/lib/tracetools_trace/tools
[3.654s] copying tracetools_trace/tools/lttng_impl.py -> /home/neu/Desktop/micro-ROS/microros_767/firmware/mcu_ws/build/tracetools_trace/build/lib/tracetools_trace/tools
[3.654s] copying tracetools_trace/tools/__init__.py -> /home/neu/Desktop/micro-ROS/microros_767/firmware/mcu_ws/build/tracetools_trace/build/lib/tracetools_trace/tools
[3.655s] copying tracetools_trace/tools/tracepoints.py -> /home/neu/Desktop/micro-ROS/microros_767/firmware/mcu_ws/build/tracetools_trace/build/lib/tracetools_trace/tools
[3.655s] copying tracetools_trace/tools/signals.py -> /home/neu/Desktop/micro-ROS/microros_767/firmware/mcu_ws/build/tracetools_trace/build/lib/tracetools_trace/tools
[3.655s] copying tracetools_trace/tools/lttng.py -> /home/neu/Desktop/micro-ROS/microros_767/firmware/mcu_ws/build/tracetools_trace/build/lib/tracetools_trace/tools
[3.655s] copying tracetools_trace/tools/names.py -> /home/neu/Desktop/micro-ROS/microros_767/firmware/mcu_ws/build/tracetools_trace/build/lib/tracetools_trace/tools
[3.655s] copying tracetools_trace/tools/lttng_stub.py -> /home/neu/Desktop/micro-ROS/microros_767/firmware/mcu_ws/build/tracetools_trace/build/lib/tracetools_trace/tools
[3.655s] copying tracetools_trace/tools/path.py -> /home/neu/Desktop/micro-ROS/microros_767/firmware/mcu_ws/build/tracetools_trace/build/lib/tracetools_trace/tools
[3.656s] copying tracetools_trace/tools/args.py -> /home/neu/Desktop/micro-ROS/microros_767/firmware/mcu_ws/build/tracetools_trace/build/lib/tracetools_trace/tools
[3.656s] running install
[3.656s] running install_lib
[3.656s] creating /home/neu/Desktop/micro-ROS/microros_767/firmware/mcu_ws/install/tracetools_trace/lib/python3.8/site-packages/tracetools_trace
[3.657s] copying /home/neu/Desktop/micro-ROS/microros_767/firmware/mcu_ws/build/tracetools_trace/build/lib/tracetools_trace/__init__.py -> /home/neu/Desktop/micro-ROS/microros_767/firmware/mcu_ws/install/tracetools_trace/lib/python3.8/site-packages/tracetools_trace
[3.657s] creating /home/neu/Desktop/micro-ROS/microros_767/firmware/mcu_ws/install/tracetools_trace/lib/python3.8/site-packages/tracetools_trace/tools
[3.657s] copying /home/neu/Desktop/micro-ROS/microros_767/firmware/mcu_ws/build/tracetools_trace/build/lib/tracetools_trace/tools/lttng_impl.py -> /home/neu/Desktop/micro-ROS/microros_767/firmware/mcu_ws/install/tracetools_trace/lib/python3.8/site-packages/tracetools_trace/tools
[3.658s] copying /home/neu/Desktop/micro-ROS/microros_767/firmware/mcu_ws/build/tracetools_trace/build/lib/tracetools_trace/tools/__init__.py -> /home/neu/Desktop/micro-ROS/microros_767/firmware/mcu_ws/install/tracetools_trace/lib/python3.8/site-packages/tracetools_trace/tools
[3.658s] copying /home/neu/Desktop/micro-ROS/microros_767/firmware/mcu_ws/build/tracetools_trace/build/lib/tracetools_trace/tools/tracepoints.py -> /home/neu/Desktop/micro-ROS/microros_767/firmware/mcu_ws/install/tracetools_trace/lib/python3.8/site-packages/tracetools_trace/tools
[3.658s] copying /home/neu/Desktop/micro-ROS/microros_767/firmware/mcu_ws/build/tracetools_trace/build/lib/tracetools_trace/tools/signals.py -> /home/neu/Desktop/micro-ROS/microros_767/firmware/mcu_ws/install/tracetools_trace/lib/python3.8/site-packages/tracetools_trace/tools
[3.658s] copying /home/neu/Desktop/micro-ROS/microros_767/firmware/mcu_ws/build/tracetools_trace/build/lib/tracetools_trace/tools/lttng.py -> /home/neu/Desktop/micro-ROS/microros_767/firmware/mcu_ws/install/tracetools_trace/lib/python3.8/site-packages/tracetools_trace/tools
[3.659s] copying /home/neu/Desktop/micro-ROS/microros_767/firmware/mcu_ws/build/tracetools_trace/build/lib/tracetools_trace/tools/names.py -> /home/neu/Desktop/micro-ROS/microros_767/firmware/mcu_ws/install/tracetools_trace/lib/python3.8/site-packages/tracetools_trace/tools
[3.659s] copying /home/neu/Desktop/micro-ROS/microros_767/firmware/mcu_ws/build/tracetools_trace/build/lib/tracetools_trace/tools/lttng_stub.py -> /home/neu/Desktop/micro-ROS/microros_767/firmware/mcu_ws/install/tracetools_trace/lib/python3.8/site-packages/tracetools_trace/tools
[3.659s] copying /home/neu/Desktop/micro-ROS/microros_767/firmware/mcu_ws/build/tracetools_trace/build/lib/tracetools_trace/tools/path.py -> /home/neu/Desktop/micro-ROS/microros_767/firmware/mcu_ws/install/tracetools_trace/lib/python3.8/site-packages/tracetools_trace/tools
[3.659s] copying /home/neu/Desktop/micro-ROS/microros_767/firmware/mcu_ws/build/tracetools_trace/build/lib/tracetools_trace/tools/args.py -> /home/neu/Desktop/micro-ROS/microros_767/firmware/mcu_ws/install/tracetools_trace/lib/python3.8/site-packages/tracetools_trace/tools
[3.659s] copying /home/neu/Desktop/micro-ROS/microros_767/firmware/mcu_ws/build/tracetools_trace/build/lib/tracetools_trace/trace.py -> /home/neu/Desktop/micro-ROS/microros_767/firmware/mcu_ws/install/tracetools_trace/lib/python3.8/site-packages/tracetools_trace
[3.660s] byte-compiling /home/neu/Desktop/micro-ROS/microros_767/firmware/mcu_ws/install/tracetools_trace/lib/python3.8/site-packages/tracetools_trace/__init__.py to __init__.cpython-38.pyc
[3.660s] byte-compiling /home/neu/Desktop/micro-ROS/microros_767/firmware/mcu_ws/install/tracetools_trace/lib/python3.8/site-packages/tracetools_trace/tools/lttng_impl.py to lttng_impl.cpython-38.pyc
[3.660s] byte-compiling /home/neu/Desktop/micro-ROS/microros_767/firmware/mcu_ws/install/tracetools_trace/lib/python3.8/site-packages/tracetools_trace/tools/__init__.py to __init__.cpython-38.pyc
[3.660s] byte-compiling /home/neu/Desktop/micro-ROS/microros_767/firmware/mcu_ws/install/tracetools_trace/lib/python3.8/site-packages/tracetools_trace/tools/tracepoints.py to tracepoints.cpython-38.pyc
[3.660s] byte-compiling /home/neu/Desktop/micro-ROS/microros_767/firmware/mcu_ws/install/tracetools_trace/lib/python3.8/site-packages/tracetools_trace/tools/signals.py to signals.cpython-38.pyc
[3.661s] byte-compiling /home/neu/Desktop/micro-ROS/microros_767/firmware/mcu_ws/install/tracetools_trace/lib/python3.8/site-packages/tracetools_trace/tools/lttng.py to lttng.cpython-38.pyc
[3.661s] byte-compiling /home/neu/Desktop/micro-ROS/microros_767/firmware/mcu_ws/install/tracetools_trace/lib/python3.8/site-packages/tracetools_trace/tools/names.py to names.cpython-38.pyc
[3.661s] byte-compiling /home/neu/Desktop/micro-ROS/microros_767/firmware/mcu_ws/install/tracetools_trace/lib/python3.8/site-packages/tracetools_trace/tools/lttng_stub.py to lttng_stub.cpython-38.pyc
[3.661s] byte-compiling /home/neu/Desktop/micro-ROS/microros_767/firmware/mcu_ws/install/tracetools_trace/lib/python3.8/site-packages/tracetools_trace/tools/path.py to path.cpython-38.pyc
[3.661s] byte-compiling /home/neu/Desktop/micro-ROS/microros_767/firmware/mcu_ws/install/tracetools_trace/lib/python3.8/site-packages/tracetools_trace/tools/args.py to args.cpython-38.pyc
[3.661s] byte-compiling /home/neu/Desktop/micro-ROS/microros_767/firmware/mcu_ws/install/tracetools_trace/lib/python3.8/site-packages/tracetools_trace/trace.py to trace.cpython-38.pyc
[3.661s] running install_data
[3.661s] copying package.xml -> /home/neu/Desktop/micro-ROS/microros_767/firmware/mcu_ws/install/tracetools_trace/share/tracetools_trace
[3.661s] creating /home/neu/Desktop/micro-ROS/microros_767/firmware/mcu_ws/install/tracetools_trace/share/ament_index
[3.661s] creating /home/neu/Desktop/micro-ROS/microros_767/firmware/mcu_ws/install/tracetools_trace/share/ament_index/resource_index
[3.661s] creating /home/neu/Desktop/micro-ROS/microros_767/firmware/mcu_ws/install/tracetools_trace/share/ament_index/resource_index/packages
[3.661s] copying resource/tracetools_trace -> /home/neu/Desktop/micro-ROS/microros_767/firmware/mcu_ws/install/tracetools_trace/share/ament_index/resource_index/packages
[3.661s] running install_egg_info
[3.662s] Copying ../../../build/tracetools_trace/tracetools_trace.egg-info to /home/neu/Desktop/micro-ROS/microros_767/firmware/mcu_ws/install/tracetools_trace/lib/python3.8/site-packages/tracetools_trace-4.1.1-py3.8.egg-info
[3.662s] running install_scripts
[3.675s] Installing trace script to /home/neu/Desktop/micro-ROS/microros_767/firmware/mcu_ws/install/tracetools_trace/lib/tracetools_trace
[3.675s] writing list of installed files to '/home/neu/Desktop/micro-ROS/microros_767/firmware/mcu_ws/build/tracetools_trace/install.log'
[4.529s] Invoked command in '/home/neu/Desktop/micro-ROS/microros_767/firmware/mcu_ws/uros/tracetools/tracetools_trace' returned '0': PYTHONPATH=/home/neu/Desktop/micro-ROS/microros_767/firmware/mcu_ws/build/tracetools_trace/prefix_override:/home/neu/Desktop/micro-ROS/microros_767/firmware/mcu_ws/install/tracetools_trace/lib/python3.8/site-packages:${PYTHONPATH} /usr/bin/python3 setup.py egg_info --egg-base ../../../build/tracetools_trace build --build-base /home/neu/Desktop/micro-ROS/microros_767/firmware/mcu_ws/build/tracetools_trace/build install --record /home/neu/Desktop/micro-ROS/microros_767/firmware/mcu_ws/build/tracetools_trace/install.log --single-version-externally-managed
