[1.236s] Invoking command in '/home/neu/Desktop/micro-ROS/microros_767/firmware/mcu_ws/build/tracetools': CMAKE_PREFIX_PATH=${CMAKE_PREFIX_PATH}:/home/neu/Desktop/micro-ROS/microros_767/firmware/dev_ws/install/ament_uncrustify:/home/neu/Desktop/micro-ROS/microros_767/firmware/dev_ws/install/domain_coordinator:/home/neu/Desktop/micro-ROS/microros_767/firmware/dev_ws/install/ament_xmllint:/home/neu/Desktop/micro-ROS/microros_767/firmware/dev_ws/install/ament_pyflakes:/home/neu/Desktop/micro-ROS/microros_767/firmware/dev_ws/install/ament_pycodestyle:/home/neu/Desktop/micro-ROS/microros_767/firmware/dev_ws/install/ament_pep257:/home/neu/Desktop/micro-ROS/microros_767/firmware/dev_ws/install/ament_pclint:/home/neu/Desktop/micro-ROS/microros_767/firmware/dev_ws/install/ament_package:/home/neu/Desktop/micro-ROS/microros_767/firmware/dev_ws/install/ament_mypy:/home/neu/Desktop/micro-ROS/microros_767/firmware/dev_ws/install/ament_lint_cmake:/home/neu/Desktop/micro-ROS/microros_767/firmware/dev_ws/install/ament_flake8:/home/neu/Desktop/micro-ROS/microros_767/firmware/dev_ws/install/ament_copyright:/home/neu/Desktop/micro-ROS/microros_767/firmware/dev_ws/install/ament_lint:/home/neu/Desktop/micro-ROS/microros_767/firmware/dev_ws/install/ament_index_python:/home/neu/Desktop/micro-ROS/microros_767/firmware/dev_ws/install/ament_cpplint:/home/neu/Desktop/micro-ROS/microros_767/firmware/dev_ws/install/ament_cppcheck:/home/neu/Desktop/micro-ROS/microros_767/firmware/dev_ws/install/ament_clang_tidy:/home/neu/Desktop/micro-ROS/microros_767/firmware/dev_ws/install/ament_clang_format /usr/bin/cmake /home/neu/Desktop/micro-ROS/microros_767/firmware/mcu_ws/uros/tracetools/tracetools --no-warn-unused-cli -DCMAKE_POSITION_INDEPENDENT_CODE=OFF -DTHIRDPARTY=ON -DBUILD_SHARED_LIBS=OFF -DBUILD_TESTING=OFF -DCMAKE_BUILD_TYPE= -DCMAKE_TOOLCHAIN_FILE=/home/neu/Desktop/micro-ROS/microros_767/firmware/freertos_apps/microros_nucleo_f767zi_extensions/arm_toolchain.cmake -DCMAKE_VERBOSE_MAKEFILE=ON -DTRACETOOLS_DISABLED=ON -DTRACETOOLS_STATUS_CHECKING_TOOL=OFF -DCMAKE_INSTALL_PREFIX=/home/neu/Desktop/micro-ROS/microros_767/firmware/mcu_ws/install/tracetools
[2.306s] Not searching for unused variables given on the command line.
[2.306s] -- The C compiler identification is GNU 8.3.1
[2.306s] -- The CXX compiler identification is GNU 8.3.1
[2.306s] -- Check for working C compiler: /home/neu/Desktop/micro-ROS/microros_767/firmware/freertos_apps/microros_nucleo_f767zi_extensions/../../toolchain/bin/arm-none-eabi-gcc
[2.307s] -- Check for working C compiler: /home/neu/Desktop/micro-ROS/microros_767/firmware/freertos_apps/microros_nucleo_f767zi_extensions/../../toolchain/bin/arm-none-eabi-gcc -- works
[2.308s] -- Detecting C compiler ABI info
[2.309s] -- Detecting C compiler ABI info - done
[2.310s] -- Detecting C compile features
[2.310s] -- Detecting C compile features - done
[2.312s] -- Check for working CXX compiler: /home/neu/Desktop/micro-ROS/microros_767/firmware/freertos_apps/microros_nucleo_f767zi_extensions/../../toolchain/bin/arm-none-eabi-g++
[2.312s] -- Check for working CXX compiler: /home/neu/Desktop/micro-ROS/microros_767/firmware/freertos_apps/microros_nucleo_f767zi_extensions/../../toolchain/bin/arm-none-eabi-g++ -- works
[2.312s] -- Detecting CXX compiler ABI info
[2.314s] -- Detecting CXX compiler ABI info - done
[2.314s] -- Detecting CXX compile features
[2.314s] -- Detecting CXX compile features - done
[2.315s] -- Found ament_cmake_ros: 0.10.0 (/home/neu/Desktop/micro-ROS/microros_767/firmware/dev_ws/install/ament_cmake_ros/share/ament_cmake_ros/cmake)
[2.316s] -- Found Python3: /usr/bin/python3.8 (found version "3.8.10") found components: Interpreter 
[2.333s] -- Configuring done
[2.334s] -- Generating done
[2.334s] -- Build files have been written to: /home/neu/Desktop/micro-ROS/microros_767/firmware/mcu_ws/build/tracetools
[2.346s] Invoked command in '/home/neu/Desktop/micro-ROS/microros_767/firmware/mcu_ws/build/tracetools' returned '0': CMAKE_PREFIX_PATH=${CMAKE_PREFIX_PATH}:/home/neu/Desktop/micro-ROS/microros_767/firmware/dev_ws/install/ament_uncrustify:/home/neu/Desktop/micro-ROS/microros_767/firmware/dev_ws/install/domain_coordinator:/home/neu/Desktop/micro-ROS/microros_767/firmware/dev_ws/install/ament_xmllint:/home/neu/Desktop/micro-ROS/microros_767/firmware/dev_ws/install/ament_pyflakes:/home/neu/Desktop/micro-ROS/microros_767/firmware/dev_ws/install/ament_pycodestyle:/home/neu/Desktop/micro-ROS/microros_767/firmware/dev_ws/install/ament_pep257:/home/neu/Desktop/micro-ROS/microros_767/firmware/dev_ws/install/ament_pclint:/home/neu/Desktop/micro-ROS/microros_767/firmware/dev_ws/install/ament_package:/home/neu/Desktop/micro-ROS/microros_767/firmware/dev_ws/install/ament_mypy:/home/neu/Desktop/micro-ROS/microros_767/firmware/dev_ws/install/ament_lint_cmake:/home/neu/Desktop/micro-ROS/microros_767/firmware/dev_ws/install/ament_flake8:/home/neu/Desktop/micro-ROS/microros_767/firmware/dev_ws/install/ament_copyright:/home/neu/Desktop/micro-ROS/microros_767/firmware/dev_ws/install/ament_lint:/home/neu/Desktop/micro-ROS/microros_767/firmware/dev_ws/install/ament_index_python:/home/neu/Desktop/micro-ROS/microros_767/firmware/dev_ws/install/ament_cpplint:/home/neu/Desktop/micro-ROS/microros_767/firmware/dev_ws/install/ament_cppcheck:/home/neu/Desktop/micro-ROS/microros_767/firmware/dev_ws/install/ament_clang_tidy:/home/neu/Desktop/micro-ROS/microros_767/firmware/dev_ws/install/ament_clang_format /usr/bin/cmake /home/neu/Desktop/micro-ROS/microros_767/firmware/mcu_ws/uros/tracetools/tracetools --no-warn-unused-cli -DCMAKE_POSITION_INDEPENDENT_CODE=OFF -DTHIRDPARTY=ON -DBUILD_SHARED_LIBS=OFF -DBUILD_TESTING=OFF -DCMAKE_BUILD_TYPE= -DCMAKE_TOOLCHAIN_FILE=/home/neu/Desktop/micro-ROS/microros_767/firmware/freertos_apps/microros_nucleo_f767zi_extensions/arm_toolchain.cmake -DCMAKE_VERBOSE_MAKEFILE=ON -DTRACETOOLS_DISABLED=ON -DTRACETOOLS_STATUS_CHECKING_TOOL=OFF -DCMAKE_INSTALL_PREFIX=/home/neu/Desktop/micro-ROS/microros_767/firmware/mcu_ws/install/tracetools
[2.348s] Invoking command in '/home/neu/Desktop/micro-ROS/microros_767/firmware/mcu_ws/build/tracetools': CMAKE_PREFIX_PATH=${CMAKE_PREFIX_PATH}:/home/neu/Desktop/micro-ROS/microros_767/firmware/dev_ws/install/ament_uncrustify:/home/neu/Desktop/micro-ROS/microros_767/firmware/dev_ws/install/domain_coordinator:/home/neu/Desktop/micro-ROS/microros_767/firmware/dev_ws/install/ament_xmllint:/home/neu/Desktop/micro-ROS/microros_767/firmware/dev_ws/install/ament_pyflakes:/home/neu/Desktop/micro-ROS/microros_767/firmware/dev_ws/install/ament_pycodestyle:/home/neu/Desktop/micro-ROS/microros_767/firmware/dev_ws/install/ament_pep257:/home/neu/Desktop/micro-ROS/microros_767/firmware/dev_ws/install/ament_pclint:/home/neu/Desktop/micro-ROS/microros_767/firmware/dev_ws/install/ament_package:/home/neu/Desktop/micro-ROS/microros_767/firmware/dev_ws/install/ament_mypy:/home/neu/Desktop/micro-ROS/microros_767/firmware/dev_ws/install/ament_lint_cmake:/home/neu/Desktop/micro-ROS/microros_767/firmware/dev_ws/install/ament_flake8:/home/neu/Desktop/micro-ROS/microros_767/firmware/dev_ws/install/ament_copyright:/home/neu/Desktop/micro-ROS/microros_767/firmware/dev_ws/install/ament_lint:/home/neu/Desktop/micro-ROS/microros_767/firmware/dev_ws/install/ament_index_python:/home/neu/Desktop/micro-ROS/microros_767/firmware/dev_ws/install/ament_cpplint:/home/neu/Desktop/micro-ROS/microros_767/firmware/dev_ws/install/ament_cppcheck:/home/neu/Desktop/micro-ROS/microros_767/firmware/dev_ws/install/ament_clang_tidy:/home/neu/Desktop/micro-ROS/microros_767/firmware/dev_ws/install/ament_clang_format /usr/bin/cmake --build /home/neu/Desktop/micro-ROS/microros_767/firmware/mcu_ws/build/tracetools -- -j20 -l20
[2.355s] make[1]: Entering directory '/home/neu/Desktop/micro-ROS/microros_767/firmware/mcu_ws/build/tracetools'
[2.355s] /usr/bin/cmake -S/home/neu/Desktop/micro-ROS/microros_767/firmware/mcu_ws/uros/tracetools/tracetools -B/home/neu/Desktop/micro-ROS/microros_767/firmware/mcu_ws/build/tracetools --check-build-system CMakeFiles/Makefile.cmake 0
[2.364s] /usr/bin/cmake -E cmake_progress_start /home/neu/Desktop/micro-ROS/microros_767/firmware/mcu_ws/build/tracetools/CMakeFiles /home/neu/Desktop/micro-ROS/microros_767/firmware/mcu_ws/build/tracetools/CMakeFiles/progress.marks
[2.371s] /usr/bin/make -f CMakeFiles/Makefile2 all
[2.371s] make[2]: Entering directory '/home/neu/Desktop/micro-ROS/microros_767/firmware/mcu_ws/build/tracetools'
[2.371s] make[2]: Nothing to be done for 'all'.
[2.371s] make[2]: Leaving directory '/home/neu/Desktop/micro-ROS/microros_767/firmware/mcu_ws/build/tracetools'
[2.371s] /usr/bin/cmake -E cmake_progress_start /home/neu/Desktop/micro-ROS/microros_767/firmware/mcu_ws/build/tracetools/CMakeFiles 0
[2.380s] make[1]: Leaving directory '/home/neu/Desktop/micro-ROS/microros_767/firmware/mcu_ws/build/tracetools'
[2.388s] Invoked command in '/home/neu/Desktop/micro-ROS/microros_767/firmware/mcu_ws/build/tracetools' returned '0': CMAKE_PREFIX_PATH=${CMAKE_PREFIX_PATH}:/home/neu/Desktop/micro-ROS/microros_767/firmware/dev_ws/install/ament_uncrustify:/home/neu/Desktop/micro-ROS/microros_767/firmware/dev_ws/install/domain_coordinator:/home/neu/Desktop/micro-ROS/microros_767/firmware/dev_ws/install/ament_xmllint:/home/neu/Desktop/micro-ROS/microros_767/firmware/dev_ws/install/ament_pyflakes:/home/neu/Desktop/micro-ROS/microros_767/firmware/dev_ws/install/ament_pycodestyle:/home/neu/Desktop/micro-ROS/microros_767/firmware/dev_ws/install/ament_pep257:/home/neu/Desktop/micro-ROS/microros_767/firmware/dev_ws/install/ament_pclint:/home/neu/Desktop/micro-ROS/microros_767/firmware/dev_ws/install/ament_package:/home/neu/Desktop/micro-ROS/microros_767/firmware/dev_ws/install/ament_mypy:/home/neu/Desktop/micro-ROS/microros_767/firmware/dev_ws/install/ament_lint_cmake:/home/neu/Desktop/micro-ROS/microros_767/firmware/dev_ws/install/ament_flake8:/home/neu/Desktop/micro-ROS/microros_767/firmware/dev_ws/install/ament_copyright:/home/neu/Desktop/micro-ROS/microros_767/firmware/dev_ws/install/ament_lint:/home/neu/Desktop/micro-ROS/microros_767/firmware/dev_ws/install/ament_index_python:/home/neu/Desktop/micro-ROS/microros_767/firmware/dev_ws/install/ament_cpplint:/home/neu/Desktop/micro-ROS/microros_767/firmware/dev_ws/install/ament_cppcheck:/home/neu/Desktop/micro-ROS/microros_767/firmware/dev_ws/install/ament_clang_tidy:/home/neu/Desktop/micro-ROS/microros_767/firmware/dev_ws/install/ament_clang_format /usr/bin/cmake --build /home/neu/Desktop/micro-ROS/microros_767/firmware/mcu_ws/build/tracetools -- -j20 -l20
[3.486s] Invoking command in '/home/neu/Desktop/micro-ROS/microros_767/firmware/mcu_ws/build/tracetools': CMAKE_PREFIX_PATH=${CMAKE_PREFIX_PATH}:/home/neu/Desktop/micro-ROS/microros_767/firmware/dev_ws/install/ament_uncrustify:/home/neu/Desktop/micro-ROS/microros_767/firmware/dev_ws/install/domain_coordinator:/home/neu/Desktop/micro-ROS/microros_767/firmware/dev_ws/install/ament_xmllint:/home/neu/Desktop/micro-ROS/microros_767/firmware/dev_ws/install/ament_pyflakes:/home/neu/Desktop/micro-ROS/microros_767/firmware/dev_ws/install/ament_pycodestyle:/home/neu/Desktop/micro-ROS/microros_767/firmware/dev_ws/install/ament_pep257:/home/neu/Desktop/micro-ROS/microros_767/firmware/dev_ws/install/ament_pclint:/home/neu/Desktop/micro-ROS/microros_767/firmware/dev_ws/install/ament_package:/home/neu/Desktop/micro-ROS/microros_767/firmware/dev_ws/install/ament_mypy:/home/neu/Desktop/micro-ROS/microros_767/firmware/dev_ws/install/ament_lint_cmake:/home/neu/Desktop/micro-ROS/microros_767/firmware/dev_ws/install/ament_flake8:/home/neu/Desktop/micro-ROS/microros_767/firmware/dev_ws/install/ament_copyright:/home/neu/Desktop/micro-ROS/microros_767/firmware/dev_ws/install/ament_lint:/home/neu/Desktop/micro-ROS/microros_767/firmware/dev_ws/install/ament_index_python:/home/neu/Desktop/micro-ROS/microros_767/firmware/dev_ws/install/ament_cpplint:/home/neu/Desktop/micro-ROS/microros_767/firmware/dev_ws/install/ament_cppcheck:/home/neu/Desktop/micro-ROS/microros_767/firmware/dev_ws/install/ament_clang_tidy:/home/neu/Desktop/micro-ROS/microros_767/firmware/dev_ws/install/ament_clang_format /usr/bin/cmake --install /home/neu/Desktop/micro-ROS/microros_767/firmware/mcu_ws/build/tracetools
[3.514s] -- Install configuration: ""
[3.514s] -- Installing: /home/neu/Desktop/micro-ROS/microros_767/firmware/mcu_ws/install/tracetools/include/tracetools
[3.514s] -- Installing: /home/neu/Desktop/micro-ROS/microros_767/firmware/mcu_ws/install/tracetools/include/tracetools/tracetools
[3.515s] -- Installing: /home/neu/Desktop/micro-ROS/microros_767/firmware/mcu_ws/install/tracetools/include/tracetools/tracetools/visibility_control.hpp
[3.515s] -- Installing: /home/neu/Desktop/micro-ROS/microros_767/firmware/mcu_ws/install/tracetools/include/tracetools/tracetools/tracetools.h
[3.515s] -- Installing: /home/neu/Desktop/micro-ROS/microros_767/firmware/mcu_ws/install/tracetools/include/tracetools/tracetools/config.h
[3.515s] -- Installing: /home/neu/Desktop/micro-ROS/microros_767/firmware/mcu_ws/install/tracetools/include/tracetools/tracetools/utils.hpp
[3.515s] -- Installing: /home/neu/Desktop/micro-ROS/microros_767/firmware/mcu_ws/install/tracetools/share/ament_index/resource_index/package_run_dependencies/tracetools
[3.516s] -- Installing: /home/neu/Desktop/micro-ROS/microros_767/firmware/mcu_ws/install/tracetools/share/ament_index/resource_index/parent_prefix_path/tracetools
[3.516s] -- Installing: /home/neu/Desktop/micro-ROS/microros_767/firmware/mcu_ws/install/tracetools/share/tracetools/environment/ament_prefix_path.sh
[3.516s] -- Installing: /home/neu/Desktop/micro-ROS/microros_767/firmware/mcu_ws/install/tracetools/share/tracetools/environment/ament_prefix_path.dsv
[3.516s] -- Installing: /home/neu/Desktop/micro-ROS/microros_767/firmware/mcu_ws/install/tracetools/share/tracetools/environment/path.sh
[3.516s] -- Installing: /home/neu/Desktop/micro-ROS/microros_767/firmware/mcu_ws/install/tracetools/share/tracetools/environment/path.dsv
[3.517s] -- Installing: /home/neu/Desktop/micro-ROS/microros_767/firmware/mcu_ws/install/tracetools/share/tracetools/local_setup.bash
[3.517s] -- Installing: /home/neu/Desktop/micro-ROS/microros_767/firmware/mcu_ws/install/tracetools/share/tracetools/local_setup.sh
[3.517s] -- Installing: /home/neu/Desktop/micro-ROS/microros_767/firmware/mcu_ws/install/tracetools/share/tracetools/local_setup.zsh
[3.517s] -- Installing: /home/neu/Desktop/micro-ROS/microros_767/firmware/mcu_ws/install/tracetools/share/tracetools/local_setup.dsv
[3.517s] -- Installing: /home/neu/Desktop/micro-ROS/microros_767/firmware/mcu_ws/install/tracetools/share/tracetools/package.dsv
[3.518s] -- Installing: /home/neu/Desktop/micro-ROS/microros_767/firmware/mcu_ws/install/tracetools/share/ament_index/resource_index/packages/tracetools
[3.518s] -- Installing: /home/neu/Desktop/micro-ROS/microros_767/firmware/mcu_ws/install/tracetools/share/tracetools/cmake/tracetools_exportExport.cmake
[3.518s] -- Installing: /home/neu/Desktop/micro-ROS/microros_767/firmware/mcu_ws/install/tracetools/share/tracetools/cmake/ament_cmake_export_targets-extras.cmake
[3.518s] -- Installing: /home/neu/Desktop/micro-ROS/microros_767/firmware/mcu_ws/install/tracetools/share/tracetools/cmake/ament_cmake_export_include_directories-extras.cmake
[3.519s] -- Installing: /home/neu/Desktop/micro-ROS/microros_767/firmware/mcu_ws/install/tracetools/share/tracetools/cmake/tracetoolsConfig.cmake
[3.519s] -- Installing: /home/neu/Desktop/micro-ROS/microros_767/firmware/mcu_ws/install/tracetools/share/tracetools/cmake/tracetoolsConfig-version.cmake
[3.519s] -- Installing: /home/neu/Desktop/micro-ROS/microros_767/firmware/mcu_ws/install/tracetools/share/tracetools/package.xml
[4.095s] Invoked command in '/home/neu/Desktop/micro-ROS/microros_767/firmware/mcu_ws/build/tracetools' returned '0': CMAKE_PREFIX_PATH=${CMAKE_PREFIX_PATH}:/home/neu/Desktop/micro-ROS/microros_767/firmware/dev_ws/install/ament_uncrustify:/home/neu/Desktop/micro-ROS/microros_767/firmware/dev_ws/install/domain_coordinator:/home/neu/Desktop/micro-ROS/microros_767/firmware/dev_ws/install/ament_xmllint:/home/neu/Desktop/micro-ROS/microros_767/firmware/dev_ws/install/ament_pyflakes:/home/neu/Desktop/micro-ROS/microros_767/firmware/dev_ws/install/ament_pycodestyle:/home/neu/Desktop/micro-ROS/microros_767/firmware/dev_ws/install/ament_pep257:/home/neu/Desktop/micro-ROS/microros_767/firmware/dev_ws/install/ament_pclint:/home/neu/Desktop/micro-ROS/microros_767/firmware/dev_ws/install/ament_package:/home/neu/Desktop/micro-ROS/microros_767/firmware/dev_ws/install/ament_mypy:/home/neu/Desktop/micro-ROS/microros_767/firmware/dev_ws/install/ament_lint_cmake:/home/neu/Desktop/micro-ROS/microros_767/firmware/dev_ws/install/ament_flake8:/home/neu/Desktop/micro-ROS/microros_767/firmware/dev_ws/install/ament_copyright:/home/neu/Desktop/micro-ROS/microros_767/firmware/dev_ws/install/ament_lint:/home/neu/Desktop/micro-ROS/microros_767/firmware/dev_ws/install/ament_index_python:/home/neu/Desktop/micro-ROS/microros_767/firmware/dev_ws/install/ament_cpplint:/home/neu/Desktop/micro-ROS/microros_767/firmware/dev_ws/install/ament_cppcheck:/home/neu/Desktop/micro-ROS/microros_767/firmware/dev_ws/install/ament_clang_tidy:/home/neu/Desktop/micro-ROS/microros_767/firmware/dev_ws/install/ament_clang_format /usr/bin/cmake --install /home/neu/Desktop/micro-ROS/microros_767/firmware/mcu_ws/build/tracetools
