CMake Warning at /home/neu/Desktop/micro-ROS/microros_767/firmware/mcu_ws/install/rcutils/share/rcutils/cmake/ament_cmake_export_libraries-extras.cmake:116 (message):
  Package 'rcutils' exports library 'dl' which couldn't be found
Call Stack (most recent call first):
  /home/neu/Desktop/micro-ROS/microros_767/firmware/mcu_ws/install/rcutils/share/rcutils/cmake/rcutilsConfig.cmake:41 (include)
  /home/neu/Desktop/micro-ROS/microros_767/firmware/mcu_ws/install/rosidl_runtime_c/share/rosidl_runtime_c/cmake/ament_cmake_export_dependencies-extras.cmake:21 (find_package)
  /home/neu/Desktop/micro-ROS/microros_767/firmware/mcu_ws/install/rosidl_runtime_c/share/rosidl_runtime_c/cmake/rosidl_runtime_cConfig.cmake:41 (include)
  /home/neu/Desktop/micro-ROS/microros_767/firmware/mcu_ws/install/builtin_interfaces/share/builtin_interfaces/cmake/ament_cmake_export_dependencies-extras.cmake:21 (find_package)
  /home/neu/Desktop/micro-ROS/microros_767/firmware/mcu_ws/install/builtin_interfaces/share/builtin_interfaces/cmake/builtin_interfacesConfig.cmake:41 (include)
  /home/neu/Desktop/micro-ROS/microros_767/firmware/mcu_ws/install/rcl_interfaces/share/rcl_interfaces/cmake/ament_cmake_export_dependencies-extras.cmake:21 (find_package)
  /home/neu/Desktop/micro-ROS/microros_767/firmware/mcu_ws/install/rcl_interfaces/share/rcl_interfaces/cmake/rcl_interfacesConfig.cmake:41 (include)
  /home/neu/Desktop/micro-ROS/microros_767/firmware/mcu_ws/install/rcl/share/rcl/cmake/ament_cmake_export_dependencies-extras.cmake:21 (find_package)
  /home/neu/Desktop/micro-ROS/microros_767/firmware/mcu_ws/install/rcl/share/rcl/cmake/rclConfig.cmake:41 (include)
  CMakeLists.txt:31 (find_package)


[01m[K/home/neu/Desktop/micro-ROS/microros_767/firmware/mcu_ws/uros/rclc/rclc/src/rclc/priority_queue.c:[m[K In function '[01m[KReady_Enqueue[m[K':
[01m[K/home/neu/Desktop/micro-ROS/microros_767/firmware/mcu_ws/uros/rclc/rclc/src/rclc/priority_queue.c:66:12:[m[K [01;35m[Kwarning: [m[K'[01m[Kreturn[m[K' with a value, in function returning void
     return [01;35m[Ktrue[m[K;
            [01;35m[K^~~~[m[K
[01m[K/home/neu/Desktop/micro-ROS/microros_767/firmware/mcu_ws/uros/rclc/rclc/src/rclc/priority_queue.c:58:6:[m[K [01;36m[Knote: [m[Kdeclared here
 void [01;36m[KReady_Enqueue[m[K(PQNode *temp){
      [01;36m[K^~~~~~~~~~~~~[m[K
[01m[K/home/neu/Desktop/micro-ROS/microros_767/firmware/mcu_ws/uros/rclc/rclc/src/rclc/priority_queue.c:[m[K In function '[01m[KCheck_TimerList[m[K':
[01m[K/home/neu/Desktop/micro-ROS/microros_767/firmware/mcu_ws/uros/rclc/rclc/src/rclc/priority_queue.c:74:5:[m[K [01;35m[Kwarning: [m[Kignoring return value of '[01m[Krcl_timer_is_ready[m[K', declared with attribute warn_unused_result [[01;35m[K-Wunused-result[m[K]
     [01;35m[Krcl_timer_is_ready(TimerList->next->handle->timer, &is_ready)[m[K;
     [01;35m[K^~~~~~~~~~~~~~~~~~~~~~~~~~~~~~~~~~~~~~~~~~~~~~~~~~~~~~~~~~~~~[m[K
[01m[K/home/neu/Desktop/micro-ROS/microros_767/firmware/mcu_ws/uros/rclc/rclc/src/rclc/executor_handle.c:[m[K In function '[01m[Krclc_executor_handle_print[m[K':
[01m[K/home/neu/Desktop/micro-ROS/microros_767/firmware/mcu_ws/uros/rclc/rclc/src/rclc/executor_handle.c:84:10:[m[K [01;35m[Kwarning: [m[Kvariable '[01m[KtypeName[m[K' set but not used [[01;35m[K-Wunused-but-set-variable[m[K]
   char * [01;35m[KtypeName[m[K;
          [01;35m[K^~~~~~~~[m[K
In file included from [01m[K/home/neu/Desktop/micro-ROS/microros_767/firmware/mcu_ws/uros/rclc/rclc/src/rclc/executor.c:26[m[K:
[01m[K/home/neu/Desktop/micro-ROS/microros_767/firmware/freertos_apps/microros_nucleo_f767zi_extensions/Inc/microros_transports.h:22:34:[m[K [01;35m[Kwarning: [m[K'[01m[Kstruct uxrCustomTransport[m[K' declared inside parameter list will not be visible outside of this definition or declaration
 bool freertos_serial_open(struct [01;35m[KuxrCustomTransport[m[K * transport);
                                  [01;35m[K^~~~~~~~~~~~~~~~~~[m[K
[01m[K/home/neu/Desktop/micro-ROS/microros_767/firmware/freertos_apps/microros_nucleo_f767zi_extensions/Inc/microros_transports.h:23:35:[m[K [01;35m[Kwarning: [m[K'[01m[Kstruct uxrCustomTransport[m[K' declared inside parameter list will not be visible outside of this definition or declaration
 bool freertos_serial_close(struct [01;35m[KuxrCustomTransport[m[K * transport);
                                   [01;35m[K^~~~~~~~~~~~~~~~~~[m[K
[01m[K/home/neu/Desktop/micro-ROS/microros_767/firmware/freertos_apps/microros_nucleo_f767zi_extensions/Inc/microros_transports.h:24:37:[m[K [01;35m[Kwarning: [m[K'[01m[Kstruct uxrCustomTransport[m[K' declared inside parameter list will not be visible outside of this definition or declaration
 size_t freertos_serial_write(struct [01;35m[KuxrCustomTransport[m[K* transport, const uint8_t * buf, size_t len, uint8_t * err);
                                     [01;35m[K^~~~~~~~~~~~~~~~~~[m[K
[01m[K/home/neu/Desktop/micro-ROS/microros_767/firmware/freertos_apps/microros_nucleo_f767zi_extensions/Inc/microros_transports.h:26:41:[m[K [01;35m[Kwarning: [m[K'[01m[Kstruct uxrCustomTransport[m[K' declared inside parameter list will not be visible outside of this definition or declaration
 size_t freertos_serial_write_new(struct [01;35m[KuxrCustomTransport[m[K* transport, const uint8_t * buf, size_t len, uint8_t * err, int priority, uint8_t QoS);
                                         [01;35m[K^~~~~~~~~~~~~~~~~~[m[K
In file included from [01m[K/home/neu/Desktop/micro-ROS/microros_767/firmware/mcu_ws/uros/rclc/rclc/src/rclc/executor.c:26[m[K:
[01m[K/home/neu/Desktop/micro-ROS/microros_767/firmware/freertos_apps/microros_nucleo_f767zi_extensions/Inc/microros_transports.h:29:36:[m[K [01;35m[Kwarning: [m[K'[01m[Kstruct uxrCustomTransport[m[K' declared inside parameter list will not be visible outside of this definition or declaration
 size_t freertos_serial_read(struct [01;35m[KuxrCustomTransport[m[K* transport, uint8_t* buf, size_t len, int timeout, uint8_t* err);
                                    [01;35m[K^~~~~~~~~~~~~~~~~~[m[K
[01m[K/home/neu/Desktop/micro-ROS/microros_767/firmware/mcu_ws/uros/rclc/rclc/src/rclc/executor.c:[m[K In function '[01m[K_rclc_default_scheduling_new[m[K':
[01m[K/home/neu/Desktop/micro-ROS/microros_767/firmware/mcu_ws/uros/rclc/rclc/src/rclc/executor.c:1838:13:[m[K [01;35m[Kwarning: [m[Kenumeration value '[01m[KRCLC_SUBSCRIPTION_WITH_CONTEXT[m[K' not handled in switch [[01;35m[K-Wswitch[m[K]
             [01;35m[Kswitch[m[K(result->handle->type){
             [01;35m[K^~~~~~[m[K
[01m[K/home/neu/Desktop/micro-ROS/microros_767/firmware/mcu_ws/uros/rclc/rclc/src/rclc/executor.c:1838:13:[m[K [01;35m[Kwarning: [m[Kenumeration value '[01m[KRCLC_CLIENT[m[K' not handled in switch [[01;35m[K-Wswitch[m[K]
[01m[K/home/neu/Desktop/micro-ROS/microros_767/firmware/mcu_ws/uros/rclc/rclc/src/rclc/executor.c:1838:13:[m[K [01;35m[Kwarning: [m[Kenumeration value '[01m[KRCLC_CLIENT_WITH_REQUEST_ID[m[K' not handled in switch [[01;35m[K-Wswitch[m[K]
[01m[K/home/neu/Desktop/micro-ROS/microros_767/firmware/mcu_ws/uros/rclc/rclc/src/rclc/executor.c:1838:13:[m[K [01;35m[Kwarning: [m[Kenumeration value '[01m[KRCLC_SERVICE[m[K' not handled in switch [[01;35m[K-Wswitch[m[K]
[01m[K/home/neu/Desktop/micro-ROS/microros_767/firmware/mcu_ws/uros/rclc/rclc/src/rclc/executor.c:1838:13:[m[K [01;35m[Kwarning: [m[Kenumeration value '[01m[KRCLC_SERVICE_WITH_REQUEST_ID[m[K' not handled in switch [[01;35m[K-Wswitch[m[K]
[01m[K/home/neu/Desktop/micro-ROS/microros_767/firmware/mcu_ws/uros/rclc/rclc/src/rclc/executor.c:1838:13:[m[K [01;35m[Kwarning: [m[Kenumeration value '[01m[KRCLC_SERVICE_WITH_CONTEXT[m[K' not handled in switch [[01;35m[K-Wswitch[m[K]
[01m[K/home/neu/Desktop/micro-ROS/microros_767/firmware/mcu_ws/uros/rclc/rclc/src/rclc/executor.c:1838:13:[m[K [01;35m[Kwarning: [m[Kenumeration value '[01m[KRCLC_ACTION_CLIENT[m[K' not handled in switch [[01;35m[K-Wswitch[m[K]
[01m[K/home/neu/Desktop/micro-ROS/microros_767/firmware/mcu_ws/uros/rclc/rclc/src/rclc/executor.c:1838:13:[m[K [01;35m[Kwarning: [m[Kenumeration value '[01m[KRCLC_ACTION_SERVER[m[K' not handled in switch [[01;35m[K-Wswitch[m[K]
[01m[K/home/neu/Desktop/micro-ROS/microros_767/firmware/mcu_ws/uros/rclc/rclc/src/rclc/executor.c:1838:13:[m[K [01;35m[Kwarning: [m[Kenumeration value '[01m[KRCLC_GUARD_CONDITION[m[K' not handled in switch [[01;35m[K-Wswitch[m[K]
[01m[K/home/neu/Desktop/micro-ROS/microros_767/firmware/mcu_ws/uros/rclc/rclc/src/rclc/executor.c:1838:13:[m[K [01;35m[Kwarning: [m[Kenumeration value '[01m[KRCLC_NONE[m[K' not handled in switch [[01;35m[K-Wswitch[m[K]
[01m[K/home/neu/Desktop/micro-ROS/microros_767/firmware/mcu_ws/uros/rclc/rclc/src/rclc/executor.c:[m[K In function '[01m[Krclc_executor_spin_some_new[m[K':
[01m[K/home/neu/Desktop/micro-ROS/microros_767/firmware/mcu_ws/uros/rclc/rclc/src/rclc/executor.c:2009:5:[m[K [01;35m[Kwarning: [m[Kenumeration value '[01m[KRCLC_SUBSCRIPTION_WITH_CONTEXT[m[K' not handled in switch [[01;35m[K-Wswitch[m[K]
     [01;35m[Kswitch[m[K(result->handle->type){
     [01;35m[K^~~~~~[m[K
[01m[K/home/neu/Desktop/micro-ROS/microros_767/firmware/mcu_ws/uros/rclc/rclc/src/rclc/executor.c:2009:5:[m[K [01;35m[Kwarning: [m[Kenumeration value '[01m[KRCLC_CLIENT[m[K' not handled in switch [[01;35m[K-Wswitch[m[K]
[01m[K/home/neu/Desktop/micro-ROS/microros_767/firmware/mcu_ws/uros/rclc/rclc/src/rclc/executor.c:2009:5:[m[K [01;35m[Kwarning: [m[Kenumeration value '[01m[KRCLC_CLIENT_WITH_REQUEST_ID[m[K' not handled in switch [[01;35m[K-Wswitch[m[K]
[01m[K/home/neu/Desktop/micro-ROS/microros_767/firmware/mcu_ws/uros/rclc/rclc/src/rclc/executor.c:2009:5:[m[K [01;35m[Kwarning: [m[Kenumeration value '[01m[KRCLC_SERVICE[m[K' not handled in switch [[01;35m[K-Wswitch[m[K]
[01m[K/home/neu/Desktop/micro-ROS/microros_767/firmware/mcu_ws/uros/rclc/rclc/src/rclc/executor.c:2009:5:[m[K [01;35m[Kwarning: [m[Kenumeration value '[01m[KRCLC_SERVICE_WITH_REQUEST_ID[m[K' not handled in switch [[01;35m[K-Wswitch[m[K]
[01m[K/home/neu/Desktop/micro-ROS/microros_767/firmware/mcu_ws/uros/rclc/rclc/src/rclc/executor.c:2009:5:[m[K [01;35m[Kwarning: [m[Kenumeration value '[01m[KRCLC_SERVICE_WITH_CONTEXT[m[K' not handled in switch [[01;35m[K-Wswitch[m[K]
[01m[K/home/neu/Desktop/micro-ROS/microros_767/firmware/mcu_ws/uros/rclc/rclc/src/rclc/executor.c:2009:5:[m[K [01;35m[Kwarning: [m[Kenumeration value '[01m[KRCLC_ACTION_CLIENT[m[K' not handled in switch [[01;35m[K-Wswitch[m[K]
[01m[K/home/neu/Desktop/micro-ROS/microros_767/firmware/mcu_ws/uros/rclc/rclc/src/rclc/executor.c:2009:5:[m[K [01;35m[Kwarning: [m[Kenumeration value '[01m[KRCLC_ACTION_SERVER[m[K' not handled in switch [[01;35m[K-Wswitch[m[K]
[01m[K/home/neu/Desktop/micro-ROS/microros_767/firmware/mcu_ws/uros/rclc/rclc/src/rclc/executor.c:2009:5:[m[K [01;35m[Kwarning: [m[Kenumeration value '[01m[KRCLC_GUARD_CONDITION[m[K' not handled in switch [[01;35m[K-Wswitch[m[K]
[01m[K/home/neu/Desktop/micro-ROS/microros_767/firmware/mcu_ws/uros/rclc/rclc/src/rclc/executor.c:2009:5:[m[K [01;35m[Kwarning: [m[Kenumeration value '[01m[KRCLC_NONE[m[K' not handled in switch [[01;35m[K-Wswitch[m[K]
[01m[K/home/neu/Desktop/micro-ROS/microros_767/firmware/mcu_ws/uros/rclc/rclc/src/rclc/executor.c:1970:7:[m[K [01;35m[Kwarning: [m[Kignoring return value of '[01m[Krcl_timer_is_ready[m[K', declared with attribute warn_unused_result [[01;35m[K-Wunused-result[m[K]
       [01;35m[Krcl_timer_is_ready(temp->handle->timer, &is_ready)[m[K;
       [01;35m[K^~~~~~~~~~~~~~~~~~~~~~~~~~~~~~~~~~~~~~~~~~~~~~~~~~[m[K
[01m[K/home/neu/Desktop/micro-ROS/microros_767/firmware/mcu_ws/uros/rclc/rclc/src/rclc/executor.c:1989:9:[m[K [01;35m[Kwarning: [m[Kignoring return value of '[01m[Krcl_wait_set_add_subscription[m[K', declared with attribute warn_unused_result [[01;35m[K-Wunused-result[m[K]
         [01;35m[Krcl_wait_set_add_subscription([m[K
         [01;35m[K^~~~~~~~~~~~~~~~~~~~~~~~~~~~~~[m[K
 [01;35m[K            &executor->wait_set, executor->handles[i].subscription,[m[K
             [01;35m[K~~~~~~~~~~~~~~~~~~~~~~~~~~~~~~~~~~~~~~~~~~~~~~~~~~~~~~~[m[K
 [01;35m[K            &executor->handles[i].index)[m[K;
             [01;35m[K~~~~~~~~~~~~~~~~~~~~~~~~~~~~[m[K
[01m[K/home/neu/Desktop/micro-ROS/microros_767/firmware/mcu_ws/uros/rclc/rclc/src/rclc/executor.c:2011:9:[m[K [01;35m[Kwarning: [m[Kignoring return value of '[01m[Krcl_timer_call[m[K', declared with attribute warn_unused_result [[01;35m[K-Wunused-result[m[K]
         [01;35m[Krcl_timer_call(result->handle->timer)[m[K;
         [01;35m[K^~~~~~~~~~~~~~~~~~~~~~~~~~~~~~~~~~~~~[m[K
[01m[K/home/neu/Desktop/micro-ROS/microros_767/firmware/mcu_ws/uros/rclc/rclc/src/rclc/executor.c:[m[K In function '[01m[K_rclc_default_scheduling_new[m[K':
[01m[K/home/neu/Desktop/micro-ROS/microros_767/firmware/mcu_ws/uros/rclc/rclc/src/rclc/executor.c:1840:17:[m[K [01;35m[Kwarning: [m[Kignoring return value of '[01m[Krcl_timer_call[m[K', declared with attribute warn_unused_result [[01;35m[K-Wunused-result[m[K]
                 [01;35m[Krcl_timer_call(result->handle->timer)[m[K;
                 [01;35m[K^~~~~~~~~~~~~~~~~~~~~~~~~~~~~~~~~~~~~[m[K
[01m[K/home/neu/Desktop/micro-ROS/microros_767/firmware/mcu_ws/uros/rclc/rclc/src/rclc/executor.c:1862:11:[m[K [01;35m[Kwarning: [m[Kignoring return value of '[01m[Krcl_take[m[K', declared with attribute warn_unused_result [[01;35m[K-Wunused-result[m[K]
           [01;35m[Krcl_take(executor->handles[i].subscription, temp_sub->data[temp_sub->tail], &messageInfo, NULL)[m[K;
           [01;35m[K^~~~~~~~~~~~~~~~~~~~~~~~~~~~~~~~~~~~~~~~~~~~~~~~~~~~~~~~~~~~~~~~~~~~~~~~~~~~~~~~~~~~~~~~~~~~~~~[m[K
[01m[K/home/neu/Desktop/micro-ROS/microros_767/firmware/mcu_ws/uros/rclc/rclc/src/rclc/executor.c:1869:11:[m[K [01;35m[Kwarning: [m[Kignoring return value of '[01m[Krcl_take[m[K', declared with attribute warn_unused_result [[01;35m[K-Wunused-result[m[K]
           [01;35m[Krcl_take(executor->handles[i].subscription, sub->data[sub->tail], &messageInfo, NULL)[m[K;
           [01;35m[K^~~~~~~~~~~~~~~~~~~~~~~~~~~~~~~~~~~~~~~~~~~~~~~~~~~~~~~~~~~~~~~~~~~~~~~~~~~~~~~~~~~~~[m[K
