==========|1111| 0 : 11107
==========|1111| 1 : 12193
==========|2222| 0 : 11730
==========|2222| 1 : 12611
==========|3333| 0 : 11149
==========|4444| 0 : 8887
==========|1111| 2 : 4619
==========|2222| 2 : 4148
==========|1111| 3 : 11106
==========|2222| 3 : 10643
==========|3333| 1 : 9183
==========|4444| 1 : 6911
==========|1111| 4 : 4622
==========|2222| 4 : 4149
==========|1111| 5 : 11108
==========|2222| 5 : 10645
==========|3333| 2 : 9184
==========|4444| 2 : 6911
==========|1111| 6 : 4622
==========|2222| 6 : 4150
==========|1111| 7 : 11108
==========|2222| 7 : 10645
==========|3333| 3 : 9183
==========|4444| 3 : 6912
==========|1111| 8 : 4620
==========|2222| 8 : 4150
==========|4444| 4 : 11026
==========|1111| 9 : 8844
==========|2222| 9 : 8372
==========|3333| 4 : 6902
==========|1111| 10 : 4620
==========|2222| 10 : 4157
==========|1111| 11 : 11108
==========|2222| 11 : 10655
==========|3333| 5 : 9200
==========|4444| 5 : 6930
==========|1111| 12 : 4621
==========|2222| 12 : 4160
==========|4444| 6 : 11027
==========|1111| 13 : 8845
==========|2222| 13 : 8382
==========|3333| 6 : 6920
==========|1111| 14 : 4620
==========|2222| 14 : 4277
==========|1111| 15 : 11116
==========|2222| 15 : 10662
==========|3333| 7 : 9200
==========|4444| 7 : 6930
==========|1111| 16 : 4620
==========|2222| 16 : 4157
==========|1111| 17 : 11108
==========|2222| 17 : 10655
==========|3333| 8 : 9201
==========|4444| 8 : 6929
==========|1111| 18 : 4620
==========|2222| 18 : 4157
==========|1111| 19 : 11110
==========|2222| 19 : 10656
==========|3333| 9 : 9203
==========|4444| 9 : 6931
==========|1111| 20 : 4620
==========|2222| 20 : 4157
==========|1111| 21 : 11108
==========|2222| 21 : 10655
==========|3333| 10 : 9201
==========|4444| 10 : 6938
==========|1111| 22 : 4620
==========|2222| 22 : 4157
==========|3333| 11 : 11008
==========|4444| 11 : 8755
==========|1111| 23 : 6563
==========|2222| 23 : 6099
==========|1111| 24 : 4620
==========|2222| 24 : 4158
==========|1111| 25 : 11108
==========|2222| 25 : 10654
==========|3333| 12 : 9201
==========|4444| 12 : 6939
==========|1111| 26 : 4621
==========|2222| 26 : 4159
==========|1111| 27 : 11107
==========|2222| 27 : 10654
==========|3333| 13 : 9201
==========|4444| 13 : 6939
==========|1111| 28 : 4622
==========|2222| 28 : 4159
==========|2222| 29 : 10924
==========|3333| 14 : 9463
==========|4444| 14 : 7191
==========|1111| 29 : 4999
==========|1111| 30 : 4620
==========|2222| 30 : 4157
==========|1111| 31 : 11107
==========|2222| 31 : 10653
==========|3333| 15 : 9198
==========|4444| 15 : 6938
==========|1111| 32 : 4621
==========|2222| 32 : 4157
==========|3333| 16 : 11006
==========|4444| 16 : 8752
==========|1111| 33 : 6559
==========|2222| 33 : 6097
==========|1111| 34 : 4619
==========|2222| 34 : 4157
==========|1111| 35 : 11108
==========|2222| 35 : 10655
==========|3333| 17 : 9201
==========|4444| 17 : 6938
==========|1111| 36 : 4621
==========|2222| 36 : 4158
==========|3333| 18 : 11007
==========|4444| 18 : 8754
==========|1111| 37 : 6563
==========|2222| 37 : 6099
==========|1111| 38 : 4620
==========|2222| 38 : 4157
==========|2222| 39 : 10908
==========|3333| 19 : 9454
==========|4444| 19 : 7193
==========|1111| 39 : 5000
==========|1111| 40 : 4620
==========|2222| 40 : 4158
==========|4444| 20 : 11036
==========|1111| 41 : 8864
==========|2222| 41 : 8400
==========|3333| 20 : 6939
==========|1111| 42 : 4629
==========|2222| 42 : 4157
==========|1111| 43 : 11108
==========|2222| 43 : 10655
==========|3333| 21 : 9201
==========|4444| 21 : 6939
==========|1111| 44 : 4620
==========|2222| 44 : 4158
==========|2222| 45 : 10907
==========|3333| 22 : 9452
==========|4444| 22 : 7192
==========|1111| 45 : 4999
==========|1111| 46 : 4620
==========|2222| 46 : 4157
==========|4444| 23 : 11027
==========|1111| 47 : 8854
==========|2222| 47 : 8393
==========|3333| 23 : 6932
==========|1111| 48 : 4620
==========|2222| 48 : 4157
==========|4444| 24 : 11035
==========|1111| 49 : 8863
==========|2222| 49 : 8391
==========|3333| 24 : 6930
==========|1111| 50 : 4621
==========|2222| 50 : 4159
==========|1111| 51 : 11107
==========|2222| 51 : 10653
==========|3333| 25 : 9200
==========|4444| 25 : 6937
==========|1111| 52 : 4621
==========|2222| 52 : 4158
==========|1111| 53 : 11109
==========|2222| 53 : 10657
==========|3333| 26 : 9204
==========|4444| 26 : 6942
==========|1111| 54 : 4620
==========|2222| 54 : 4157
==========|1111| 55 : 11108
==========|2222| 55 : 10654
==========|3333| 27 : 9201
==========|4444| 27 : 6938
==========|2222| 56 : 4438
==========|1111| 56 : 3699
==========|1111| 57 : 11111
==========|2222| 57 : 10657
==========|3333| 28 : 9202
==========|4444| 28 : 6941
==========|1111| 58 : 4621
==========|2222| 58 : 4159
==========|2222| 59 : 10907
==========|3333| 29 : 9452
==========|4444| 29 : 7192
==========|1111| 59 : 4998
==========|1111| 60 : 4620
==========|2222| 60 : 4157
==========|3333| 30 : 11008
==========|4444| 30 : 8754
==========|1111| 61 : 6562
==========|2222| 61 : 6099
==========|1111| 62 : 4620
==========|2222| 62 : 4157
==========|3333| 31 : 11007
==========|4444| 31 : 8753
==========|1111| 63 : 6560
==========|2222| 63 : 6097
==========|1111| 64 : 4620
==========|2222| 64 : 4159
==========|4444| 32 : 11027
==========|1111| 65 : 8855
==========|2222| 65 : 8392
==========|3333| 32 : 6932
==========|1111| 66 : 4630
==========|2222| 66 : 4159
==========|1111| 67 : 11109
==========|2222| 67 : 10654
==========|3333| 33 : 9201
==========|4444| 33 : 6938
==========|1111| 68 : 4620
==========|2222| 68 : 4157
==========|1111| 69 : 11107
==========|2222| 69 : 10653
==========|3333| 34 : 9201
==========|4444| 34 : 6939
==========|1111| 70 : 4621
==========|2222| 70 : 4157
==========|2222| 71 : 10907
==========|3333| 35 : 9453
==========|4444| 35 : 7192
==========|1111| 71 : 4999
==========|1111| 72 : 4620
==========|2222| 72 : 4157
==========|1111| 73 : 11109
==========|2222| 73 : 10655
==========|3333| 36 : 9203
==========|4444| 36 : 6940
==========|1111| 74 : 4622
==========|2222| 74 : 4158
==========|1111| 75 : 11108
==========|2222| 75 : 10653
==========|3333| 37 : 9200
==========|4444| 37 : 6936
==========|1111| 76 : 4621
==========|2222| 76 : 4157
==========|1111| 77 : 11109
==========|2222| 77 : 10655
==========|3333| 38 : 9202
==========|4444| 38 : 6939
==========|1111| 78 : 4621
==========|2222| 78 : 4157
==========|1111| 79 : 11109
==========|2222| 79 : 10654
==========|3333| 39 : 9202
==========|4444| 39 : 6939
==========|2222| 80 : 4438
==========|1111| 80 : 3682
==========|1111| 81 : 11108
==========|2222| 81 : 10654
==========|3333| 40 : 9201
==========|4444| 40 : 6937
==========|1111| 82 : 4620
==========|2222| 82 : 4157
==========|1111| 83 : 11108
==========|2222| 83 : 10655
==========|3333| 41 : 9201
==========|4444| 41 : 6939
==========|1111| 84 : 4620
==========|2222| 84 : 4157
==========|2222| 85 : 10906
==========|3333| 42 : 9453
==========|4444| 42 : 7190
==========|1111| 85 : 4998
==========|1111| 86 : 4621
==========|2222| 86 : 4159
==========|3333| 43 : 11007
==========|4444| 43 : 8754
==========|1111| 87 : 6563
==========|2222| 87 : 6099
==========|1111| 88 : 4620
==========|2222| 88 : 4159
==========|2222| 89 : 10907
==========|3333| 44 : 9454
==========|4444| 44 : 7191
==========|1111| 89 : 4999
==========|1111| 90 : 4620
==========|2222| 90 : 4157
==========|1111| 91 : 11108
==========|2222| 91 : 10655
==========|3333| 45 : 9201
==========|4444| 45 : 6938
==========|1111| 92 : 4620
==========|2222| 92 : 4157
==========|1111| 93 : 11107
==========|2222| 93 : 10653
==========|3333| 46 : 9202
==========|4444| 46 : 6940
==========|1111| 94 : 4620
==========|2222| 94 : 4157
==========|1111| 95 : 11107
==========|2222| 95 : 10653
==========|3333| 47 : 9200
==========|4444| 47 : 6938
==========|1111| 96 : 4620
==========|2222| 96 : 4157
==========|1111| 97 : 11107
==========|2222| 97 : 10653
==========|3333| 48 : 9200
==========|4444| 48 : 6938
==========|1111| 98 : 4620
==========|2222| 98 : 4158
==========|1111| 99 : 11109
==========|2222| 99 : 10655
==========|3333| 49 : 9202
==========|4444| 49 : 6939
==========|1111| 100 : 4621
==========|2222| 100 : 4168
==========|2222| 101 : 10908
==========|3333| 50 : 9465
==========|4444| 50 : 7202
==========|1111| 101 : 5009
==========|1111| 102 : 4620
==========|2222| 102 : 4167
==========|2222| 103 : 10908
==========|3333| 51 : 9465
==========|4444| 51 : 7202
==========|1111| 103 : 5009
==========|1111| 104 : 4619
==========|2222| 104 : 4165
==========|1111| 105 : 11108
==========|2222| 105 : 10663
==========|3333| 52 : 9219
==========|4444| 52 : 6957
==========|1111| 106 : 4620
==========|2222| 106 : 4167
==========|3333| 53 : 11007
==========|4444| 53 : 8754
==========|1111| 107 : 6563
==========|2222| 107 : 6108
==========|1111| 108 : 4621
==========|2222| 108 : 4168
==========|1111| 109 : 11107
==========|2222| 109 : 10662
==========|3333| 54 : 9219
==========|4444| 54 : 6956
==========|1111| 110 : 4628
==========|2222| 110 : 4175
==========|1111| 111 : 11109
==========|2222| 111 : 10664
==========|3333| 55 : 9221
==========|4444| 55 : 6957
==========|1111| 112 : 4621
==========|2222| 112 : 4168
==========|1111| 113 : 11106
==========|2222| 113 : 10662
==========|3333| 56 : 9219
==========|4444| 56 : 6957
==========|1111| 114 : 4638
==========|2222| 114 : 4176
==========|4444| 57 : 11028
==========|1111| 115 : 8855
==========|2222| 115 : 8401
==========|3333| 57 : 6947
==========|1111| 116 : 4620
==========|2222| 116 : 4168
==========|1111| 117 : 11108
==========|2222| 117 : 10665
==========|3333| 58 : 9219
==========|4444| 58 : 6958
==========|1111| 118 : 4620
==========|2222| 118 : 4166
==========|1111| 119 : 11108
==========|2222| 119 : 10664
==========|3333| 59 : 9219
==========|4444| 59 : 6957
==========|1111| 120 : 4622
==========|2222| 120 : 4168
==========|1111| 121 : 11110
==========|2222| 121 : 10664
==========|3333| 60 : 9220
==========|4444| 60 : 6957
==========|1111| 122 : 4621
==========|2222| 122 : 4166
==========|1111| 123 : 11109
==========|2222| 123 : 10665
==========|3333| 61 : 9221
==========|4444| 61 : 6959
==========|1111| 124 : 4620
==========|2222| 124 : 4167
==========|4444| 62 : 11029
==========|1111| 125 : 8855
==========|2222| 125 : 8401
==========|3333| 62 : 6947
==========|1111| 126 : 4620
==========|2222| 126 : 4167
==========|1111| 127 : 11124
==========|2222| 127 : 10680
==========|3333| 63 : 9228
==========|4444| 63 : 6957
==========|1111| 128 : 4620
==========|2222| 128 : 4166
==========|1111| 129 : 11109
==========|2222| 129 : 10665
==========|3333| 64 : 9221
==========|4444| 64 : 6959
==========|1111| 130 : 4621
==========|2222| 130 : 4166
==========|2222| 131 : 10907
==========|3333| 65 : 9463
==========|4444| 65 : 7201
==========|1111| 131 : 5008
==========|1111| 132 : 4620
==========|2222| 132 : 4166
==========|1111| 133 : 11110
==========|2222| 133 : 10665
==========|3333| 66 : 9222
==========|4444| 66 : 6958
==========|1111| 134 : 4621
==========|2222| 134 : 4167
==========|1111| 135 : 11109
==========|2222| 135 : 10664
==========|3333| 67 : 9220
==========|4444| 67 : 6957
==========|1111| 136 : 4620
==========|2222| 136 : 4166
==========|1111| 137 : 11108
==========|2222| 137 : 10664
==========|3333| 68 : 9221
==========|4444| 68 : 6958
==========|1111| 138 : 4620
==========|2222| 138 : 4166
==========|1111| 139 : 11108
==========|2222| 139 : 10662
==========|3333| 69 : 9218
==========|4444| 69 : 6956
==========|1111| 140 : 4620
==========|2222| 140 : 4168
==========|1111| 141 : 11106
==========|2222| 141 : 10662
==========|3333| 70 : 9217
==========|4444| 70 : 6956
==========|1111| 142 : 4627
==========|2222| 142 : 4174
==========|1111| 143 : 11108
==========|2222| 143 : 10663
==========|3333| 71 : 9219
==========|4444| 71 : 6957
==========|1111| 144 : 4621
==========|2222| 144 : 4168
==========|1111| 145 : 11107
==========|2222| 145 : 10661
==========|3333| 72 : 9218
==========|4444| 72 : 6957
==========|1111| 146 : 4620
==========|2222| 146 : 4166
==========|1111| 147 : 11107
==========|2222| 147 : 10662
==========|3333| 73 : 9218
==========|4444| 73 : 6956
==========|1111| 148 : 4620
==========|2222| 148 : 4168
==========|1111| 149 : 11108
==========|2222| 149 : 10664
==========|3333| 74 : 9221
==========|4444| 74 : 6958
==========|1111| 150 : 4619
==========|2222| 150 : 4166
==========|1111| 151 : 11107
==========|2222| 151 : 10662
==========|3333| 75 : 9219
==========|4444| 75 : 6957
==========|1111| 152 : 4620
==========|2222| 152 : 4166
==========|1111| 153 : 11109
==========|2222| 153 : 10664
==========|3333| 76 : 9220
==========|4444| 76 : 6957
==========|1111| 154 : 4619
==========|2222| 154 : 4166
==========|1111| 155 : 11108
==========|2222| 155 : 10663
==========|3333| 77 : 9219
==========|4444| 77 : 6957
==========|1111| 156 : 4620
==========|2222| 156 : 4167
==========|1111| 157 : 11107
==========|2222| 157 : 10662
==========|3333| 78 : 9218
==========|4444| 78 : 6956
==========|1111| 158 : 4620
==========|2222| 158 : 4166
==========|1111| 159 : 11107
==========|2222| 159 : 10663
==========|3333| 79 : 9219
==========|4444| 79 : 6957
==========|1111| 160 : 4619
==========|2222| 160 : 4166
==========|1111| 161 : 11110
==========|2222| 161 : 10665
==========|3333| 80 : 9221
==========|4444| 80 : 6958
==========|1111| 162 : 4620
==========|2222| 162 : 4167
==========|1111| 163 : 11107
==========|2222| 163 : 10662
==========|3333| 81 : 9219
==========|4444| 81 : 6957
==========|1111| 164 : 4621
==========|2222| 164 : 4167
==========|2222| 165 : 10906
==========|3333| 82 : 9463
==========|4444| 82 : 7202
==========|1111| 165 : 5008
==========|1111| 166 : 4620
==========|2222| 166 : 4167
==========|1111| 167 : 11106
==========|2222| 167 : 10662
==========|3333| 83 : 9218
==========|4444| 83 : 6956
==========|1111| 168 : 4620
==========|2222| 168 : 4167
==========|1111| 169 : 11108
==========|2222| 169 : 10664
==========|3333| 84 : 9221
==========|4444| 84 : 6958
==========|1111| 170 : 4620
==========|2222| 170 : 4186
==========|3333| 85 : 11008
==========|4444| 85 : 8754
==========|1111| 171 : 6562
==========|2222| 171 : 6108
==========|1111| 172 : 4620
==========|2222| 172 : 4168
==========|1111| 173 : 11108
==========|2222| 173 : 10664
==========|3333| 86 : 9221
==========|4444| 86 : 6957
==========|1111| 174 : 4619
==========|2222| 174 : 4166
==========|1111| 175 : 11109
==========|2222| 175 : 10664
==========|3333| 87 : 9220
==========|4444| 87 : 6958
==========|1111| 176 : 4620
==========|2222| 176 : 4166
==========|1111| 177 : 11109
==========|2222| 177 : 10664
==========|3333| 88 : 9220
==========|4444| 88 : 6957
==========|1111| 178 : 4619
==========|2222| 178 : 4166
==========|1111| 179 : 11107
==========|2222| 179 : 10662
==========|3333| 89 : 9218
==========|4444| 89 : 6956
==========|1111| 180 : 4620
==========|2222| 180 : 4167
==========|2222| 181 : 10906
==========|3333| 90 : 9463
==========|4444| 90 : 7201
==========|1111| 181 : 5008
==========|1111| 182 : 4620
==========|2222| 182 : 4166
==========|1111| 183 : 11108
==========|2222| 183 : 10664
==========|3333| 91 : 9220
==========|4444| 91 : 6958
==========|1111| 184 : 4619
==========|2222| 184 : 4166
==========|1111| 185 : 11108
==========|2222| 185 : 10663
==========|3333| 92 : 9221
==========|4444| 92 : 6959
==========|1111| 186 : 4621
==========|2222| 186 : 4167
==========|3333| 93 : 11008
==========|4444| 93 : 8754
==========|1111| 187 : 6562
==========|2222| 187 : 6108
==========|1111| 188 : 4621
==========|2222| 188 : 4169
==========|3333| 94 : 11008
==========|4444| 94 : 8755
==========|1111| 189 : 6563
==========|2222| 189 : 6109
==========|1111| 190 : 4619
==========|2222| 190 : 4188
==========|3333| 95 : 11008
==========|4444| 95 : 8755
==========|1111| 191 : 6563
==========|2222| 191 : 6109
==========|1111| 192 : 4620
==========|2222| 192 : 4187
==========|3333| 96 : 11007
==========|4444| 96 : 8754
==========|1111| 193 : 6562
==========|2222| 193 : 6108
==========|1111| 194 : 4620
==========|2222| 194 : 4167
==========|1111| 195 : 11108
==========|2222| 195 : 10663
==========|3333| 97 : 9220
==========|4444| 97 : 6959
==========|1111| 196 : 4620
==========|2222| 196 : 4186
==========|3333| 98 : 11008
==========|4444| 98 : 8755
==========|1111| 197 : 6563
==========|2222| 197 : 6109
==========|1111| 198 : 4620
==========|2222| 198 : 4166
==========|1111| 199 : 11125
==========|2222| 199 : 10681
==========|3333| 99 : 9235
==========|4444| 99 : 6964
==========|1111| 200 : 4620
==========|2222| 200 : 4168
==========|1111| 201 : 11107
==========|2222| 201 : 10663
==========|3333| 100 : 9220
==========|4444| 100 : 6966
==========|1111| 202 : 4620
==========|2222| 202 : 4186
==========|1111| 203 : 11107
==========|2222| 203 : 10662
==========|3333| 101 : 9218
==========|4444| 101 : 6965
==========|1111| 204 : 4630
==========|2222| 204 : 4197
==========|1111| 205 : 11108
==========|2222| 205 : 10663
==========|3333| 102 : 9220
==========|4444| 102 : 6966
==========|1111| 206 : 4620
==========|2222| 206 : 4166
==========|1111| 207 : 11108
==========|2222| 207 : 10664
==========|3333| 103 : 9221
==========|4444| 103 : 6967
==========|1111| 208 : 4620
==========|2222| 208 : 4166
==========|1111| 209 : 11108
==========|2222| 209 : 10663
==========|3333| 104 : 9219
==========|4444| 104 : 6966
==========|1111| 210 : 4620
==========|2222| 210 : 4167
==========|4444| 105 : 11030
==========|1111| 211 : 8866
==========|2222| 211 : 8413
==========|3333| 105 : 6959
==========|1111| 212 : 4629
==========|2222| 212 : 4196
==========|4444| 106 : 11037
==========|1111| 213 : 8863
==========|2222| 213 : 8409
==========|3333| 106 : 6957
==========|1111| 214 : 4620
==========|2222| 214 : 4166
==========|1111| 215 : 11107
==========|2222| 215 : 10663
==========|3333| 107 : 9220
==========|4444| 107 : 6966
==========|2222| 216 : 4439
==========|1111| 216 : 3729
==========|1111| 217 : 11108
==========|2222| 217 : 10663
==========|3333| 108 : 9220
==========|4444| 108 : 6966
==========|1111| 218 : 4621
==========|2222| 218 : 4187
==========|1111| 219 : 11109
==========|2222| 219 : 10664
==========|3333| 109 : 9221
==========|4444| 109 : 6967
==========|1111| 220 : 4619
==========|2222| 220 : 4166
==========|1111| 221 : 11111
==========|2222| 221 : 10665
==========|3333| 110 : 9222
==========|4444| 110 : 6967
==========|1111| 222 : 4619
==========|2222| 222 : 4166
==========|1111| 223 : 11110
==========|2222| 223 : 10665
==========|3333| 111 : 9221
==========|4444| 111 : 6968
==========|1111| 224 : 4622
==========|2222| 224 : 4168
==========|1111| 225 : 11108
==========|2222| 225 : 10664
==========|3333| 112 : 9219
==========|4444| 112 : 6965
==========|1111| 226 : 4621
==========|2222| 226 : 4167
==========|1111| 227 : 11108
==========|2222| 227 : 10663
==========|3333| 113 : 9220
==========|4444| 113 : 6966
==========|1111| 228 : 4620
==========|2222| 228 : 4249
==========|4444| 114 : 11028
==========|1111| 229 : 8863
==========|2222| 229 : 8410
==========|3333| 114 : 6956
==========|1111| 230 : 4622
==========|2222| 230 : 4167
==========|1111| 231 : 11108
==========|2222| 231 : 10664
==========|3333| 115 : 9221
==========|4444| 115 : 6967
==========|1111| 232 : 4619
==========|2222| 232 : 4166
==========|1111| 233 : 11110
==========|2222| 233 : 10664
==========|3333| 116 : 9220
==========|4444| 116 : 6966
==========|1111| 234 : 4620
==========|2222| 234 : 4188
==========|1111| 235 : 11106
==========|2222| 235 : 10662
==========|3333| 117 : 9218
==========|4444| 117 : 6965
==========|1111| 236 : 4619
==========|2222| 236 : 4166
==========|1111| 237 : 11109
==========|2222| 237 : 10665
==========|3333| 118 : 9221
==========|4444| 118 : 6967
==========|1111| 238 : 4620
==========|2222| 238 : 4167
==========|1111| 239 : 11107
==========|2222| 239 : 10661
==========|3333| 119 : 9218
==========|4444| 119 : 6966
==========|1111| 240 : 4620
==========|2222| 240 : 4166
==========|1111| 241 : 11107
==========|2222| 241 : 10662
==========|3333| 120 : 9218
==========|4444| 120 : 6965
==========|1111| 242 : 4620
==========|2222| 242 : 4167
==========|1111| 243 : 11107
==========|2222| 243 : 10662
==========|3333| 121 : 9218
==========|4444| 121 : 6965
==========|1111| 244 : 4619
==========|2222| 244 : 4166
==========|1111| 245 : 11109
==========|2222| 245 : 10664
==========|3333| 122 : 9221
==========|4444| 122 : 6966
==========|1111| 246 : 4620
==========|2222| 246 : 4167
==========|1111| 247 : 11107
==========|2222| 247 : 10663
==========|3333| 123 : 9220
==========|4444| 123 : 6966
==========|1111| 248 : 4620
==========|2222| 248 : 4166
==========|1111| 249 : 11108
==========|2222| 249 : 10663
==========|3333| 124 : 9220
==========|4444| 124 : 6966
==========|1111| 250 : 4621
==========|2222| 250 : 4167
==========|1111| 251 : 11109
==========|2222| 251 : 10666
==========|3333| 125 : 9221
==========|4444| 125 : 6967
==========|1111| 252 : 4620
==========|2222| 252 : 4166
==========|1111| 253 : 11107
==========|2222| 253 : 10662
==========|3333| 126 : 9218
==========|4444| 126 : 6965
==========|1111| 254 : 4621
==========|2222| 254 : 4166
==========|1111| 255 : 11109
==========|2222| 255 : 10664
==========|3333| 127 : 9221
==========|4444| 127 : 6966
==========|1111| 256 : 4621
==========|2222| 256 : 4167
==========|1111| 257 : 11109
==========|2222| 257 : 10665
==========|3333| 128 : 9220
==========|4444| 128 : 6966
==========|1111| 258 : 4619
==========|2222| 258 : 4166
==========|1111| 259 : 11107
==========|2222| 259 : 10662
==========|3333| 129 : 9218
==========|4444| 129 : 6966
==========|1111| 260 : 4620
==========|2222| 260 : 4166
==========|1111| 261 : 11107
==========|2222| 261 : 10663
==========|3333| 130 : 9219
==========|4444| 130 : 6966
==========|1111| 262 : 4620
==========|2222| 262 : 4167
==========|1111| 263 : 11105
==========|2222| 263 : 10661
==========|3333| 131 : 9218
==========|4444| 131 : 6965
==========|1111| 264 : 4620
==========|2222| 264 : 4166
==========|1111| 265 : 11106
==========|2222| 265 : 10662
==========|3333| 132 : 9219
==========|4444| 132 : 6965
==========|2222| 266 : 4438
==========|1111| 266 : 3730
==========|1111| 267 : 11107
==========|2222| 267 : 10664
==========|3333| 133 : 9221
==========|4444| 133 : 6968
==========|1111| 268 : 4621
==========|2222| 268 : 4169
==========|1111| 269 : 11108
==========|2222| 269 : 10663
==========|3333| 134 : 9219
==========|4444| 134 : 6965
==========|1111| 270 : 4621
==========|2222| 270 : 4168
==========|1111| 271 : 11107
==========|2222| 271 : 10662
==========|3333| 135 : 9218
==========|4444| 135 : 6965
==========|1111| 272 : 4619
==========|2222| 272 : 4166
==========|1111| 273 : 11109
==========|2222| 273 : 10664
==========|3333| 136 : 9220
==========|4444| 136 : 6966
==========|1111| 274 : 4620
==========|2222| 274 : 4167
==========|1111| 275 : 11107
==========|2222| 275 : 10663
==========|3333| 137 : 9220
==========|4444| 137 : 6966
==========|1111| 276 : 4622
==========|2222| 276 : 4167
==========|1111| 277 : 11107
==========|2222| 277 : 10662
==========|3333| 138 : 9218
==========|4444| 138 : 6965
==========|1111| 278 : 4621
==========|2222| 278 : 4207
==========|1111| 279 : 11107
==========|2222| 279 : 10663
==========|3333| 139 : 9219
==========|4444| 139 : 6966
==========|1111| 280 : 4621
==========|2222| 280 : 4167
==========|1111| 281 : 11116
==========|2222| 281 : 10671
==========|3333| 140 : 9228
==========|4444| 140 : 6967
==========|1111| 282 : 4620
==========|2222| 282 : 4166
==========|1111| 283 : 11116
==========|2222| 283 : 10671
==========|3333| 141 : 9227
==========|4444| 141 : 6966
==========|1111| 284 : 4621
==========|2222| 284 : 4166
==========|1111| 285 : 11126
==========|2222| 285 : 10674
==========|3333| 142 : 9221
==========|4444| 142 : 6969
==========|1111| 286 : 4620
==========|2222| 286 : 4167
==========|1111| 287 : 11108
==========|2222| 287 : 10663
==========|3333| 143 : 9220
==========|4444| 143 : 6966
==========|2222| 288 : 4438
==========|1111| 288 : 3708
==========|1111| 289 : 11106
==========|2222| 289 : 10662
==========|3333| 144 : 9219
==========|4444| 144 : 6965
==========|1111| 290 : 4620
==========|2222| 290 : 4167
==========|1111| 291 : 11108
==========|2222| 291 : 10662
==========|3333| 145 : 9219
==========|4444| 145 : 6966
==========|1111| 292 : 4620
==========|2222| 292 : 4166
==========|1111| 293 : 11107
==========|2222| 293 : 10663
==========|3333| 146 : 9219
==========|4444| 146 : 6965
==========|1111| 294 : 4620
==========|2222| 294 : 4167
==========|1111| 295 : 11108
==========|2222| 295 : 10663
==========|3333| 147 : 9220
==========|4444| 147 : 6967
==========|2222| 296 : 4438
==========|1111| 296 : 3671
==========|1111| 297 : 11118
==========|2222| 297 : 10673
==========|3333| 148 : 9230
==========|4444| 148 : 6977
==========|1111| 298 : 4628
==========|2222| 298 : 4166
==========|3333| 149 : 11007
==========|4444| 149 : 8763
==========|1111| 299 : 6579
==========|2222| 299 : 6125
==========|1111| 300 : 4621
==========|2222| 300 : 4169
==========|1111| 301 : 11109
==========|2222| 301 : 10664
==========|3333| 150 : 9220
==========|4444| 150 : 6967
==========|1111| 302 : 4620
==========|2222| 302 : 4167
==========|1111| 303 : 11107
==========|2222| 303 : 10663
==========|3333| 151 : 9220
==========|4444| 151 : 6967
==========|1111| 304 : 4620
==========|2222| 304 : 4167
==========|1111| 305 : 11108
==========|2222| 305 : 10662
==========|3333| 152 : 9219
==========|4444| 152 : 6966
==========|1111| 306 : 4620
==========|2222| 306 : 4166
==========|1111| 307 : 11107
==========|2222| 307 : 10662
==========|3333| 153 : 9219
==========|4444| 153 : 6966
==========|1111| 308 : 4621
==========|2222| 308 : 4167
==========|1111| 309 : 11107
==========|2222| 309 : 10663
==========|3333| 154 : 9219
==========|4444| 154 : 6965
==========|1111| 310 : 4619
==========|2222| 310 : 4166
==========|1111| 311 : 11107
==========|2222| 311 : 10663
==========|3333| 155 : 9220
==========|4444| 155 : 6966
==========|1111| 312 : 4621
==========|2222| 312 : 4166
==========|1111| 313 : 11108
==========|2222| 313 : 10663
==========|3333| 156 : 9219
==========|4444| 156 : 6966
==========|1111| 314 : 4619
==========|2222| 314 : 4166
==========|1111| 315 : 11107
==========|2222| 315 : 10662
==========|3333| 157 : 9218
==========|4444| 157 : 6967
==========|1111| 316 : 4621
==========|2222| 316 : 4167
==========|1111| 317 : 11105
==========|2222| 317 : 10661
==========|3333| 158 : 9218
==========|4444| 158 : 6965
==========|1111| 318 : 4620
==========|2222| 318 : 4168
==========|2222| 319 : 10907
==========|3333| 159 : 9464
==========|4444| 159 : 7212
==========|1111| 319 : 5028
==========|1111| 320 : 4618
==========|2222| 320 : 4165
==========|1111| 321 : 11117
==========|2222| 321 : 10672
==========|3333| 160 : 9220
==========|4444| 160 : 6968
==========|1111| 322 : 4620
==========|2222| 322 : 4167
==========|1111| 323 : 11109
==========|2222| 323 : 10664
==========|3333| 161 : 9220
==========|4444| 161 : 6967
==========|1111| 324 : 4620
==========|2222| 324 : 4167
==========|1111| 325 : 11109
==========|2222| 325 : 10664
==========|3333| 162 : 9221
==========|4444| 162 : 6967
==========|1111| 326 : 4620
==========|2222| 326 : 4168
==========|1111| 327 : 11108
==========|2222| 327 : 10663
==========|3333| 163 : 9218
==========|4444| 163 : 6966
==========|1111| 328 : 4620
==========|2222| 328 : 4168
==========|4444| 164 : 11028
==========|1111| 329 : 8863
==========|2222| 329 : 8410
==========|3333| 164 : 6957
==========|1111| 330 : 4621
==========|2222| 330 : 4169
==========|1111| 331 : 11108
==========|2222| 331 : 10664
==========|3333| 165 : 9219
==========|4444| 165 : 6966
==========|1111| 332 : 4620
==========|2222| 332 : 4168
==========|1111| 333 : 11108
==========|2222| 333 : 10664
==========|3333| 166 : 9220
==========|4444| 166 : 6967
==========|1111| 334 : 4620
==========|2222| 334 : 4166
==========|1111| 335 : 11108
==========|2222| 335 : 10664
==========|3333| 167 : 9219
==========|4444| 167 : 6966
==========|1111| 336 : 4620
==========|2222| 336 : 4166
==========|1111| 337 : 11107
==========|2222| 337 : 10663
==========|3333| 168 : 9220
==========|4444| 168 : 6966
==========|1111| 338 : 4620
==========|2222| 338 : 4166
==========|1111| 339 : 11109
==========|2222| 339 : 10664
==========|3333| 169 : 9220
==========|4444| 169 : 6966
==========|1111| 340 : 4629
==========|2222| 340 : 4176
==========|2222| 341 : 10906
==========|3333| 170 : 9463
==========|4444| 170 : 7211
==========|1111| 341 : 5027
==========|1111| 342 : 4620
==========|2222| 342 : 4167
==========|1111| 343 : 11107
==========|2222| 343 : 10662
==========|3333| 171 : 9218
==========|4444| 171 : 6965
==========|1111| 344 : 4619
==========|2222| 344 : 4166
==========|2222| 345 : 10905
==========|3333| 172 : 9462
==========|4444| 172 : 7210
==========|1111| 345 : 5026
==========|1111| 346 : 4620
==========|2222| 346 : 4167
==========|1111| 347 : 11107
==========|2222| 347 : 10662
==========|3333| 173 : 9219
==========|4444| 173 : 6966
==========|1111| 348 : 4628
==========|2222| 348 : 4175
==========|4444| 174 : 11026
==========|1111| 349 : 8863
==========|2222| 349 : 8409
==========|3333| 174 : 6957
==========|1111| 350 : 4620
==========|2222| 350 : 4166
==========|1111| 351 : 11107
==========|2222| 351 : 10662
==========|3333| 175 : 9219
==========|4444| 175 : 6966
==========|1111| 352 : 4620
==========|2222| 352 : 4166
==========|1111| 353 : 11107
==========|2222| 353 : 10663
==========|3333| 176 : 9219
==========|4444| 176 : 6966
==========|1111| 354 : 4619
==========|2222| 354 : 4166
==========|1111| 355 : 11111
==========|2222| 355 : 10665
==========|3333| 177 : 9222
==========|4444| 177 : 6968
==========|1111| 356 : 4622
==========|2222| 356 : 4167
==========|1111| 357 : 11108
==========|2222| 357 : 10663
==========|3333| 178 : 9219
==========|4444| 178 : 6965
==========|1111| 358 : 4620
==========|2222| 358 : 4167
==========|1111| 359 : 11108
==========|2222| 359 : 10663
==========|3333| 179 : 9220
==========|4444| 179 : 6966
==========|1111| 360 : 4619
==========|2222| 360 : 4166
==========|1111| 361 : 11109
==========|2222| 361 : 10665
==========|3333| 180 : 9221
==========|4444| 180 : 6967
==========|1111| 362 : 4620
==========|2222| 362 : 4166
==========|1111| 363 : 11107
==========|2222| 363 : 10663
==========|3333| 181 : 9220
==========|4444| 181 : 6965
==========|1111| 364 : 4619
==========|2222| 364 : 4166
==========|1111| 365 : 11109
==========|2222| 365 : 10664
==========|3333| 182 : 9220
==========|4444| 182 : 6966
==========|1111| 366 : 4620
==========|2222| 366 : 4166
==========|3333| 183 : 11009
==========|4444| 183 : 8765
==========|1111| 367 : 6579
==========|2222| 367 : 6126
==========|1111| 368 : 4619
==========|2222| 368 : 4166
==========|2222| 369 : 10906
==========|3333| 184 : 9462
==========|4444| 184 : 7210
==========|1111| 369 : 5026
==========|1111| 370 : 4638
==========|2222| 370 : 4176
==========|1111| 371 : 11109
==========|2222| 371 : 10664
==========|3333| 185 : 9221
==========|4444| 185 : 6967
==========|1111| 372 : 4620
==========|2222| 372 : 4168
==========|1111| 373 : 11108
==========|2222| 373 : 10664
==========|3333| 186 : 9219
==========|4444| 186 : 6966
==========|1111| 374 : 4619
==========|2222| 374 : 4166
==========|1111| 375 : 11109
==========|2222| 375 : 10664
==========|3333| 187 : 9220
==========|4444| 187 : 6966
==========|2222| 376 : 4440
==========|1111| 376 : 3672
==========|1111| 377 : 11106
==========|2222| 377 : 10661
==========|3333| 188 : 9218
==========|4444| 188 : 6965
==========|1111| 378 : 4620
==========|2222| 378 : 4166
==========|2222| 379 : 10905
==========|3333| 189 : 9462
==========|4444| 189 : 7210
==========|1111| 379 : 5026
==========|1111| 380 : 4628
==========|2222| 380 : 4174
==========|3333| 190 : 11009
==========|4444| 190 : 8765
==========|1111| 381 : 6579
==========|2222| 381 : 6126
==========|1111| 382 : 4620
==========|2222| 382 : 4166
==========|3333| 191 : 11028
==========|4444| 191 : 8782
==========|1111| 383 : 6590
==========|2222| 383 : 6127
==========|1111| 384 : 4621
==========|2222| 384 : 4167
==========|1111| 385 : 11107
==========|2222| 385 : 10663
==========|3333| 192 : 9219
==========|4444| 192 : 6967
==========|1111| 386 : 4620
==========|2222| 386 : 4166
==========|1111| 387 : 11108
==========|2222| 387 : 10663
==========|3333| 193 : 9220
==========|4444| 193 : 6966
==========|1111| 388 : 4620
==========|2222| 388 : 4168
==========|1111| 389 : 11108
==========|2222| 389 : 10664
==========|3333| 194 : 9220
==========|4444| 194 : 6967
==========|1111| 390 : 4620
==========|2222| 390 : 4167
==========|3333| 195 : 11007
==========|4444| 195 : 8763
==========|1111| 391 : 6580
==========|2222| 391 : 6125
==========|1111| 392 : 4619
==========|2222| 392 : 4166
==========|3333| 196 : 11009
==========|4444| 196 : 8765
==========|1111| 393 : 6581
==========|2222| 393 : 6126
==========|1111| 394 : 4620
==========|2222| 394 : 4167
==========|1111| 395 : 11107
==========|2222| 395 : 10662
==========|3333| 197 : 9218
==========|4444| 197 : 6965
==========|1111| 396 : 4620
==========|2222| 396 : 4166
==========|1111| 397 : 11107
==========|2222| 397 : 10663
==========|3333| 198 : 9220
==========|4444| 198 : 6967
==========|1111| 398 : 4622
==========|2222| 398 : 4167
==========|1111| 399 : 11108
==========|2222| 399 : 10663
==========|3333| 199 : 9219
==========|4444| 199 : 6966
==========|1111| 400 : 4619
==========|2222| 400 : 4166
==========|1111| 401 : 11117
==========|2222| 401 : 10674
==========|3333| 200 : 9229
==========|4444| 200 : 6976
==========|1111| 402 : 4620
==========|2222| 402 : 4166
==========|1111| 403 : 11107
==========|2222| 403 : 10662
==========|3333| 201 : 9219
==========|4444| 201 : 6966
==========|1111| 404 : 4622
==========|2222| 404 : 4167
==========|1111| 405 : 11108
==========|2222| 405 : 10664
==========|3333| 202 : 9220
==========|4444| 202 : 6966
==========|1111| 406 : 4620
==========|2222| 406 : 4166
==========|3333| 203 : 11015
==========|4444| 203 : 8771
==========|1111| 407 : 6579
==========|2222| 407 : 6125
==========|1111| 408 : 4620
==========|2222| 408 : 4166
==========|1111| 409 : 11110
==========|2222| 409 : 10665
==========|3333| 204 : 9221
==========|4444| 204 : 6969
==========|1111| 410 : 4619
==========|2222| 410 : 4166
==========|1111| 411 : 11109
==========|2222| 411 : 10664
==========|3333| 205 : 9220
==========|4444| 205 : 6966
