==========|1111| 0 : 4237
==========|2222| 0 : 4565
==========|3333| 0 : 6334
==========|4444| 0 : 5609
==========|1111| 1 : 3795
==========|2222| 1 : 4209
==========|1111| 2 : 4223
==========|2222| 2 : 4561
==========|3333| 1 : 6331
==========|4444| 1 : 5687
==========|1111| 3 : 3747
==========|2222| 3 : 4163
==========|1111| 4 : 4223
==========|2222| 4 : 4562
==========|3333| 2 : 6331
==========|4444| 2 : 5659
==========|1111| 5 : 3777
==========|2222| 5 : 4194
==========|1111| 6 : 4223
==========|2222| 6 : 4561
==========|3333| 3 : 6330
==========|4444| 3 : 5684
==========|1111| 7 : 3778
==========|2222| 7 : 4185
==========|1111| 8 : 4223
==========|2222| 8 : 4562
==========|3333| 4 : 6331
==========|4444| 4 : 5629
==========|1111| 9 : 3763
==========|2222| 9 : 4147
==========|1111| 10 : 4223
==========|2222| 10 : 4571
==========|3333| 5 : 6351
==========|4444| 5 : 5695
==========|1111| 11 : 3783
==========|2222| 11 : 4149
==========|1111| 12 : 4223
==========|2222| 12 : 4572
==========|3333| 6 : 6351
==========|4444| 6 : 5705
==========|1111| 13 : 3702
==========|2222| 13 : 4126
==========|1111| 14 : 4223
==========|2222| 14 : 4572
==========|3333| 7 : 6352
==========|4444| 7 : 5663
==========|1111| 15 : 3741
==========|2222| 15 : 4209
==========|1111| 16 : 4223
==========|2222| 16 : 4571
==========|3333| 8 : 6351
==========|4444| 8 : 5706
==========|1111| 17 : 3760
==========|2222| 17 : 4232
==========|1111| 18 : 4223
==========|2222| 18 : 4572
==========|3333| 9 : 6352
==========|4444| 9 : 5708
==========|1111| 19 : 3740
==========|2222| 19 : 4217
==========|1111| 20 : 4223
==========|2222| 20 : 4571
==========|3333| 10 : 6350
==========|4444| 10 : 5709
==========|1111| 21 : 3838
==========|2222| 21 : 4223
==========|1111| 22 : 4223
==========|2222| 22 : 4571
==========|3333| 11 : 6350
==========|4444| 11 : 5703
==========|1111| 23 : 3764
==========|2222| 23 : 4152
==========|1111| 24 : 4223
==========|2222| 24 : 4571
==========|3333| 12 : 6350
==========|4444| 12 : 5648
==========|1111| 25 : 3779
==========|2222| 25 : 4211
==========|1111| 26 : 4223
==========|2222| 26 : 4571
==========|3333| 13 : 6350
==========|4444| 13 : 5685
==========|1111| 27 : 3792
==========|2222| 27 : 4212
==========|1111| 28 : 4223
==========|2222| 28 : 4571
==========|3333| 14 : 6350
==========|4444| 14 : 5681
==========|1111| 29 : 3777
==========|2222| 29 : 4167
==========|1111| 30 : 4223
==========|2222| 30 : 4571
==========|3333| 15 : 6350
==========|4444| 15 : 5629
==========|1111| 31 : 3767
==========|2222| 31 : 4169
==========|1111| 32 : 4223
==========|2222| 32 : 4571
==========|3333| 16 : 6350
==========|4444| 16 : 5631
==========|1111| 33 : 3728
==========|2222| 33 : 4148
==========|1111| 34 : 4223
==========|2222| 34 : 4571
==========|3333| 17 : 6350
==========|4444| 17 : 5718
==========|1111| 35 : 3763
==========|2222| 35 : 4130
==========|1111| 36 : 4222
==========|2222| 36 : 4570
==========|3333| 18 : 6350
==========|4444| 18 : 5725
==========|1111| 37 : 3739
==========|2222| 37 : 4159
==========|1111| 38 : 4223
==========|2222| 38 : 4571
==========|3333| 19 : 6351
==========|4444| 19 : 5717
==========|1111| 39 : 3721
==========|2222| 39 : 4138
==========|1111| 40 : 4223
==========|2222| 40 : 4572
==========|3333| 20 : 6352
==========|4444| 20 : 5709
==========|1111| 41 : 3746
==========|2222| 41 : 4261
==========|1111| 42 : 4223
==========|2222| 42 : 4572
==========|3333| 21 : 6351
==========|4444| 21 : 5704
==========|1111| 43 : 3692
==========|2222| 43 : 4191
==========|1111| 44 : 4223
==========|2222| 44 : 4571
==========|3333| 22 : 6350
==========|4444| 22 : 5685
==========|1111| 45 : 3711
==========|2222| 45 : 4201
==========|1111| 46 : 4223
==========|2222| 46 : 4571
==========|3333| 23 : 6350
==========|4444| 23 : 5673
==========|1111| 47 : 3822
==========|2222| 47 : 4210
==========|1111| 48 : 4223
==========|2222| 48 : 4571
==========|3333| 24 : 6350
==========|4444| 24 : 5658
==========|1111| 49 : 3787
==========|2222| 49 : 4195
==========|1111| 50 : 4223
==========|2222| 50 : 4571
==========|3333| 25 : 6350
==========|4444| 25 : 5619
==========|1111| 51 : 3791
==========|2222| 51 : 4203
==========|1111| 52 : 4223
==========|2222| 52 : 4571
==========|3333| 26 : 6350
==========|4444| 26 : 5661
==========|1111| 53 : 3731
==========|2222| 53 : 4147
==========|1111| 54 : 4223
==========|2222| 54 : 4571
==========|3333| 27 : 6350
==========|4444| 27 : 5626
==========|1111| 55 : 3796
==========|2222| 55 : 4193
==========|1111| 56 : 4223
==========|2222| 56 : 4571
==========|3333| 28 : 6350
==========|4444| 28 : 5682
==========|1111| 57 : 3789
==========|2222| 57 : 4163
==========|1111| 58 : 4223
==========|2222| 58 : 4571
==========|3333| 29 : 6350
==========|4444| 29 : 5585
==========|1111| 59 : 3708
==========|2222| 59 : 4123
==========|1111| 60 : 4223
==========|2222| 60 : 4571
==========|3333| 30 : 6350
==========|4444| 30 : 5695
==========|1111| 61 : 3724
==========|2222| 61 : 4141
==========|1111| 62 : 4223
==========|2222| 62 : 4571
==========|3333| 31 : 6350
==========|4444| 31 : 5692
==========|1111| 63 : 3686
==========|2222| 63 : 4070
==========|1111| 64 : 4223
==========|2222| 64 : 4572
==========|3333| 32 : 6352
==========|4444| 32 : 5641
==========|1111| 65 : 3703
==========|2222| 65 : 4210
==========|1111| 66 : 4224
==========|2222| 66 : 4572
==========|3333| 33 : 6351
==========|4444| 33 : 5697
==========|1111| 67 : 3729
==========|2222| 67 : 4173
==========|1111| 68 : 4223
==========|2222| 68 : 4572
==========|3333| 34 : 6352
==========|4444| 34 : 5669
==========|1111| 69 : 3748
==========|2222| 69 : 4211
==========|1111| 70 : 4223
==========|2222| 70 : 4572
==========|3333| 35 : 6351
==========|4444| 35 : 5694
==========|1111| 71 : 3736
==========|2222| 71 : 4207
==========|1111| 72 : 4223
==========|2222| 72 : 4572
==========|3333| 36 : 6352
==========|4444| 36 : 5709
==========|1111| 73 : 3805
==========|2222| 73 : 4205
==========|1111| 74 : 4223
==========|2222| 74 : 4571
==========|3333| 37 : 6350
==========|4444| 37 : 5647
==========|1111| 75 : 3815
==========|2222| 75 : 4231
==========|1111| 76 : 4223
==========|2222| 76 : 4571
==========|3333| 38 : 6350
==========|4444| 38 : 5597
==========|1111| 77 : 3831
==========|2222| 77 : 4189
==========|1111| 78 : 4223
==========|2222| 78 : 4571
==========|3333| 39 : 6350
==========|4444| 39 : 5666
==========|1111| 79 : 3801
==========|2222| 79 : 4157
==========|1111| 80 : 4223
==========|2222| 80 : 4571
==========|3333| 40 : 6350
==========|4444| 40 : 5690
==========|1111| 81 : 3790
==========|2222| 81 : 4178
==========|1111| 82 : 4223
==========|2222| 82 : 4571
==========|3333| 41 : 6350
==========|4444| 41 : 5645
==========|1111| 83 : 3767
==========|2222| 83 : 4176
==========|1111| 84 : 4223
==========|2222| 84 : 4571
==========|3333| 42 : 6350
==========|4444| 42 : 5740
==========|1111| 85 : 3771
==========|2222| 85 : 4148
==========|1111| 86 : 4223
==========|2222| 86 : 4571
==========|3333| 43 : 6350
==========|4444| 43 : 5699
==========|1111| 87 : 3745
==========|2222| 87 : 4127
==========|1111| 88 : 4223
==========|2222| 88 : 4572
==========|3333| 44 : 6351
==========|4444| 44 : 5735
==========|1111| 89 : 3722
==========|2222| 89 : 4097
==========|1111| 90 : 4222
==========|2222| 90 : 4570
==========|3333| 45 : 6349
==========|4444| 45 : 5679
==========|1111| 91 : 3783
==========|2222| 91 : 4224
==========|1111| 92 : 4223
==========|2222| 92 : 4571
==========|3333| 46 : 6350
==========|4444| 46 : 5739
==========|1111| 93 : 3754
==========|2222| 93 : 4223
==========|1111| 94 : 4223
==========|2222| 94 : 4572
==========|3333| 47 : 6352
==========|4444| 47 : 5673
==========|1111| 95 : 3724
==========|2222| 95 : 4174
==========|1111| 96 : 4223
==========|2222| 96 : 4572
==========|3333| 48 : 6352
==========|4444| 48 : 5645
==========|1111| 97 : 3841
==========|2222| 97 : 4237
==========|1111| 98 : 4223
==========|2222| 98 : 4571
==========|3333| 49 : 6350
==========|4444| 49 : 5639
==========|1111| 99 : 3880
==========|2222| 99 : 4223
==========|1111| 100 : 4223
==========|2222| 100 : 4582
==========|3333| 50 : 6369
==========|4444| 50 : 5636
==========|1111| 101 : 3821
==========|2222| 101 : 4187
==========|1111| 102 : 4223
==========|2222| 102 : 4580
==========|3333| 51 : 6368
==========|4444| 51 : 5636
==========|1111| 103 : 3763
==========|2222| 103 : 4142
==========|1111| 104 : 4223
==========|2222| 104 : 4580
==========|3333| 52 : 6368
==========|4444| 52 : 5577
==========|1111| 105 : 3756
==========|2222| 105 : 4156
==========|1111| 106 : 4223
==========|2222| 106 : 4580
==========|3333| 53 : 6368
==========|4444| 53 : 5704
==========|1111| 107 : 3748
==========|2222| 107 : 4159
==========|1111| 108 : 4223
==========|2222| 108 : 4580
==========|3333| 54 : 6368
==========|4444| 54 : 5731
==========|1111| 109 : 3756
==========|2222| 109 : 4139
==========|1111| 110 : 4223
==========|2222| 110 : 4580
==========|3333| 55 : 6368
==========|4444| 55 : 5667
==========|1111| 111 : 3762
==========|2222| 111 : 4140
==========|1111| 112 : 4223
==========|2222| 112 : 4580
==========|3333| 56 : 6368
==========|4444| 56 : 5680
==========|1111| 113 : 3705
==========|2222| 113 : 4145
==========|1111| 114 : 4223
==========|2222| 114 : 4580
==========|3333| 57 : 6368
==========|4444| 57 : 5692
==========|1111| 115 : 3746
==========|2222| 115 : 4223
==========|1111| 116 : 4223
==========|2222| 116 : 4581
==========|3333| 58 : 6370
==========|4444| 58 : 5656
==========|1111| 117 : 3776
==========|2222| 117 : 4225
==========|1111| 118 : 4223
==========|2222| 118 : 4581
==========|3333| 59 : 6369
==========|4444| 59 : 5660
==========|1111| 119 : 3700
==========|2222| 119 : 4156
==========|1111| 120 : 4223
==========|2222| 120 : 4580
==========|3333| 60 : 6368
==========|4444| 60 : 5658
==========|1111| 121 : 3793
==========|2222| 121 : 4190
==========|1111| 122 : 4224
==========|2222| 122 : 4581
==========|3333| 61 : 6369
==========|4444| 61 : 5666
==========|1111| 123 : 3766
==========|2222| 123 : 4161
==========|1111| 124 : 4223
==========|2222| 124 : 4580
==========|3333| 62 : 6368
==========|4444| 62 : 5608
==========|1111| 125 : 3759
==========|2222| 125 : 4117
==========|1111| 126 : 4223
==========|2222| 126 : 4582
==========|3333| 63 : 6369
==========|4444| 63 : 5619
==========|1111| 127 : 3787
==========|2222| 127 : 4191
==========|1111| 128 : 4223
==========|2222| 128 : 4581
==========|3333| 64 : 6369
==========|4444| 64 : 5592
==========|1111| 129 : 3771
==========|2222| 129 : 4178
==========|1111| 130 : 4223
==========|2222| 130 : 4580
==========|3333| 65 : 6368
==========|4444| 65 : 5782
==========|1111| 131 : 3776
==========|2222| 131 : 4180
==========|1111| 132 : 4223
==========|2222| 132 : 4580
==========|3333| 66 : 6368
==========|4444| 66 : 5705
==========|1111| 133 : 3726
==========|2222| 133 : 4118
==========|1111| 134 : 4223
==========|2222| 134 : 4581
==========|3333| 67 : 6368
==========|4444| 67 : 5713
==========|1111| 135 : 3751
==========|2222| 135 : 4142
==========|1111| 136 : 4223
==========|2222| 136 : 4581
==========|3333| 68 : 6368
==========|4444| 68 : 5713
==========|1111| 137 : 3734
==========|2222| 137 : 4125
==========|1111| 138 : 4223
==========|2222| 138 : 4581
==========|3333| 69 : 6368
==========|4444| 69 : 5699
==========|1111| 139 : 3736
==========|2222| 139 : 4142
==========|1111| 140 : 4223
==========|2222| 140 : 4580
==========|3333| 70 : 6368
==========|4444| 70 : 5696
==========|1111| 141 : 3735
==========|2222| 141 : 4223
==========|1111| 142 : 4223
==========|2222| 142 : 4580
==========|3333| 71 : 6368
==========|4444| 71 : 5672
==========|1111| 143 : 3686
==========|2222| 143 : 4206
==========|1111| 144 : 4223
==========|2222| 144 : 4581
==========|3333| 72 : 6369
==========|4444| 72 : 5665
==========|1111| 145 : 3736
==========|2222| 145 : 4223
==========|1111| 146 : 4223
==========|2222| 146 : 4581
==========|3333| 73 : 6369
==========|4444| 73 : 5667
==========|1111| 147 : 3785
==========|2222| 147 : 4185
==========|1111| 148 : 4223
==========|2222| 148 : 4580
==========|3333| 74 : 6368
==========|4444| 74 : 5669
==========|1111| 149 : 3816
==========|2222| 149 : 4196
==========|1111| 150 : 4223
==========|2222| 150 : 4581
==========|3333| 75 : 6369
==========|4444| 75 : 5624
==========|1111| 151 : 3800
==========|2222| 151 : 4199
==========|1111| 152 : 4223
==========|2222| 152 : 4581
==========|3333| 76 : 6369
==========|4444| 76 : 5591
==========|1111| 153 : 3714
==========|2222| 153 : 4100
==========|1111| 154 : 4223
==========|2222| 154 : 4581
==========|3333| 77 : 6369
==========|4444| 77 : 5593
==========|1111| 155 : 3784
==========|2222| 155 : 4167
==========|1111| 156 : 4223
==========|2222| 156 : 4580
==========|3333| 78 : 6368
==========|4444| 78 : 5667
==========|1111| 157 : 3753
==========|2222| 157 : 4128
==========|1111| 158 : 4223
==========|2222| 158 : 4581
==========|3333| 79 : 6368
==========|4444| 79 : 5686
==========|1111| 159 : 3758
==========|2222| 159 : 4136
==========|1111| 160 : 4223
==========|2222| 160 : 4580
==========|3333| 80 : 6368
==========|4444| 80 : 5694
==========|1111| 161 : 3726
==========|2222| 161 : 4127
==========|1111| 162 : 4223
==========|2222| 162 : 4580
==========|3333| 81 : 6368
==========|4444| 81 : 5671
==========|1111| 163 : 3717
==========|2222| 163 : 4131
==========|1111| 164 : 4223
==========|2222| 164 : 4580
==========|3333| 82 : 6368
==========|4444| 82 : 5676
==========|1111| 165 : 3729
==========|2222| 165 : 4129
==========|1111| 166 : 4223
==========|2222| 166 : 4580
==========|3333| 83 : 6368
==========|4444| 83 : 5655
==========|1111| 167 : 3741
==========|2222| 167 : 4222
==========|1111| 168 : 4223
==========|2222| 168 : 4580
==========|3333| 84 : 6368
==========|4444| 84 : 5640
==========|1111| 169 : 3720
==========|2222| 169 : 4203
==========|1111| 170 : 4222
==========|2222| 170 : 4580
==========|3333| 85 : 6368
==========|4444| 85 : 5621
==========|1111| 171 : 3718
==========|2222| 171 : 4211
==========|1111| 172 : 4223
==========|2222| 172 : 4581
==========|3333| 86 : 6370
==========|4444| 86 : 5641
==========|1111| 173 : 3771
==========|2222| 173 : 4185
==========|1111| 174 : 4223
==========|2222| 174 : 4581
==========|3333| 87 : 6369
==========|4444| 87 : 5641
==========|1111| 175 : 3801
==========|2222| 175 : 4180
==========|1111| 176 : 4223
==========|2222| 176 : 4581
==========|3333| 88 : 6369
==========|4444| 88 : 5620
==========|1111| 177 : 3797
==========|2222| 177 : 4184
==========|1111| 178 : 4223
==========|2222| 178 : 4581
==========|3333| 89 : 6368
==========|4444| 89 : 5609
==========|1111| 179 : 3757
==========|2222| 179 : 4152
==========|1111| 180 : 4223
==========|2222| 180 : 4581
==========|3333| 90 : 6369
==========|4444| 90 : 5700
==========|1111| 181 : 3782
==========|2222| 181 : 4161
==========|1111| 182 : 4223
==========|2222| 182 : 4580
==========|3333| 91 : 6369
==========|4444| 91 : 5718
==========|1111| 183 : 3728
==========|2222| 183 : 4124
==========|1111| 184 : 4223
==========|2222| 184 : 4580
==========|3333| 92 : 6368
==========|4444| 92 : 5715
==========|1111| 185 : 3754
==========|2222| 185 : 4146
==========|1111| 186 : 4223
==========|2222| 186 : 4580
==========|3333| 93 : 6368
==========|4444| 93 : 5689
==========|1111| 187 : 3856
==========|2222| 187 : 4212
==========|1111| 188 : 4223
==========|2222| 188 : 4580
==========|3333| 94 : 6368
==========|4444| 94 : 5682
==========|1111| 189 : 3734
==========|2222| 189 : 4119
==========|1111| 190 : 4223
==========|2222| 190 : 4581
==========|3333| 95 : 6369
==========|4444| 95 : 5683
==========|1111| 191 : 3737
==========|2222| 191 : 4133
==========|1111| 192 : 4223
==========|2222| 192 : 4580
==========|3333| 96 : 6368
==========|4444| 96 : 5675
==========|1111| 193 : 3715
==========|2222| 193 : 4182
==========|1111| 194 : 4223
==========|2222| 194 : 4580
==========|3333| 97 : 6368
==========|4444| 97 : 5658
==========|1111| 195 : 3747
==========|2222| 195 : 4207
==========|1111| 196 : 4223
==========|2222| 196 : 4580
==========|3333| 98 : 6368
==========|4444| 98 : 5660
==========|1111| 197 : 3724
==========|2222| 197 : 4214
==========|1111| 198 : 4222
==========|2222| 198 : 4579
==========|3333| 99 : 6368
==========|4444| 99 : 5648
==========|1111| 199 : 3811
==========|2222| 199 : 4199
==========|1111| 200 : 4223
==========|2222| 200 : 4581
==========|3333| 100 : 6369
==========|4444| 100 : 5643
==========|1111| 201 : 3811
==========|2222| 201 : 4207
==========|1111| 202 : 4223
==========|2222| 202 : 4581
==========|3333| 101 : 6368
==========|4444| 101 : 5625
==========|1111| 203 : 3750
==========|2222| 203 : 4179
==========|1111| 204 : 4224
==========|2222| 204 : 4580
==========|3333| 102 : 6368
==========|4444| 102 : 5609
==========|1111| 205 : 3752
==========|2222| 205 : 4146
==========|1111| 206 : 4223
==========|2222| 206 : 4582
==========|3333| 103 : 6369
==========|4444| 103 : 5676
==========|1111| 207 : 3744
==========|2222| 207 : 4107
==========|1111| 208 : 4223
==========|2222| 208 : 4581
==========|3333| 104 : 6368
==========|4444| 104 : 5664
==========|1111| 209 : 3779
==========|2222| 209 : 4157
==========|1111| 210 : 4223
==========|2222| 210 : 4580
==========|3333| 105 : 6368
==========|4444| 105 : 5673
==========|1111| 211 : 3708
==========|2222| 211 : 4119
==========|1111| 212 : 4223
==========|2222| 212 : 4580
==========|3333| 106 : 6368
==========|4444| 106 : 5585
==========|1111| 213 : 4202
==========|2222| 213 : 4559
==========|1111| 214 : 4223
==========|2222| 214 : 4580
==========|3333| 107 : 6368
==========|4444| 107 : 5640
==========|1111| 215 : 3708
==========|2222| 215 : 4069
==========|1111| 216 : 4223
==========|2222| 216 : 4580
==========|3333| 108 : 6368
==========|4444| 108 : 5624
==========|1111| 217 : 3695
==========|2222| 217 : 4168
==========|1111| 218 : 4223
==========|2222| 218 : 4580
==========|3333| 109 : 6368
==========|4444| 109 : 5629
==========|1111| 219 : 3706
==========|2222| 219 : 4193
==========|1111| 220 : 4223
==========|2222| 220 : 4581
==========|3333| 110 : 6368
==========|4444| 110 : 5628
==========|1111| 221 : 3732
==========|2222| 221 : 4197
==========|1111| 222 : 4223
==========|2222| 222 : 4580
==========|3333| 111 : 6368
==========|4444| 111 : 5633
==========|1111| 223 : 3689
==========|2222| 223 : 4180
==========|1111| 224 : 4223
==========|2222| 224 : 4580
==========|3333| 112 : 6368
==========|4444| 112 : 5639
==========|1111| 225 : 3790
==========|2222| 225 : 4176
==========|1111| 226 : 4223
==========|2222| 226 : 4581
==========|3333| 113 : 6369
==========|4444| 113 : 5599
==========|1111| 227 : 3778
==========|2222| 227 : 4136
==========|1111| 228 : 4223
==========|2222| 228 : 4581
==========|3333| 114 : 6369
==========|4444| 114 : 5580
==========|1111| 229 : 3755
==========|2222| 229 : 4131
==========|1111| 230 : 4223
==========|2222| 230 : 4580
==========|3333| 115 : 6368
==========|4444| 115 : 5686
==========|1111| 231 : 3754
==========|2222| 231 : 4130
==========|1111| 232 : 4223
==========|2222| 232 : 4581
==========|3333| 116 : 6368
==========|4444| 116 : 5659
==========|1111| 233 : 3686
==========|2222| 233 : 4107
==========|1111| 234 : 4223
==========|2222| 234 : 4581
==========|3333| 117 : 6368
==========|4444| 117 : 5648
==========|1111| 235 : 3748
==========|2222| 235 : 4139
==========|1111| 236 : 4223
==========|2222| 236 : 4582
==========|3333| 118 : 6369
==========|4444| 118 : 5684
==========|1111| 237 : 3749
==========|2222| 237 : 4108
==========|1111| 238 : 4223
==========|2222| 238 : 4580
==========|3333| 119 : 6368
==========|4444| 119 : 5637
==========|1111| 239 : 3733
==========|2222| 239 : 4089
==========|1111| 240 : 4223
==========|2222| 240 : 4580
==========|3333| 120 : 6368
==========|4444| 120 : 5645
==========|1111| 241 : 3701
==========|2222| 241 : 4136
==========|1111| 242 : 4223
==========|2222| 242 : 4581
==========|3333| 121 : 6368
==========|4444| 121 : 5638
==========|1111| 243 : 3699
==========|2222| 243 : 4199
==========|1111| 244 : 4223
==========|2222| 244 : 4580
==========|3333| 122 : 6368
==========|4444| 122 : 5629
==========|1111| 245 : 3690
==========|2222| 245 : 4161
==========|1111| 246 : 4223
==========|2222| 246 : 4581
==========|3333| 123 : 6368
==========|4444| 123 : 5622
==========|1111| 247 : 4223
==========|2222| 247 : 4169
==========|1111| 248 : 4223
==========|2222| 248 : 4580
==========|3333| 124 : 6368
==========|4444| 124 : 5595
==========|1111| 249 : 3745
==========|2222| 249 : 4160
==========|1111| 250 : 4223
==========|2222| 250 : 4580
==========|3333| 125 : 6368
==========|4444| 125 : 5596
==========|1111| 251 : 3724
==========|2222| 251 : 4113
==========|1111| 252 : 4222
==========|2222| 252 : 4579
==========|3333| 126 : 6367
==========|4444| 126 : 5554
==========|1111| 253 : 3700
==========|2222| 253 : 4106
==========|1111| 254 : 4223
==========|2222| 254 : 4581
==========|3333| 127 : 6369
==========|4444| 127 : 5585
==========|1111| 255 : 3745
==========|2222| 255 : 4132
==========|1111| 256 : 4223
==========|2222| 256 : 4582
==========|3333| 128 : 6369
==========|4444| 128 : 5582
==========|1111| 257 : 3768
==========|2222| 257 : 4149
==========|1111| 258 : 4223
==========|2222| 258 : 4581
==========|3333| 129 : 6368
==========|4444| 129 : 5702
==========|1111| 259 : 3773
==========|2222| 259 : 4140
==========|1111| 260 : 4223
==========|2222| 260 : 4580
==========|3333| 130 : 6368
==========|4444| 130 : 5683
==========|1111| 261 : 3735
==========|2222| 261 : 4125
==========|1111| 262 : 4223
==========|2222| 262 : 4581
==========|3333| 131 : 6368
==========|4444| 131 : 5669
==========|1111| 263 : 3722
==========|2222| 263 : 4120
==========|1111| 264 : 4223
==========|2222| 264 : 4580
==========|3333| 132 : 6368
==========|4444| 132 : 5619
==========|1111| 265 : 3748
==========|2222| 265 : 4115
==========|1111| 266 : 4223
==========|2222| 266 : 4580
==========|3333| 133 : 6368
==========|4444| 133 : 5652
==========|1111| 267 : 3699
==========|2222| 267 : 4083
==========|1111| 268 : 4223
==========|2222| 268 : 4580
==========|3333| 134 : 6368
==========|4444| 134 : 5640
==========|1111| 269 : 3715
==========|2222| 269 : 4200
==========|1111| 270 : 4223
==========|2222| 270 : 4580
==========|3333| 135 : 6368
==========|4444| 135 : 5630
==========|1111| 271 : 3693
==========|2222| 271 : 4184
==========|1111| 272 : 4223
==========|2222| 272 : 4581
==========|3333| 136 : 6368
==========|4444| 136 : 5616
==========|1111| 273 : 4223
==========|2222| 273 : 4142
==========|1111| 274 : 4223
==========|2222| 274 : 4580
==========|3333| 137 : 6368
==========|4444| 137 : 5582
==========|1111| 275 : 3764
==========|2222| 275 : 4160
==========|1111| 276 : 4223
==========|2222| 276 : 4580
==========|3333| 138 : 6368
==========|4444| 138 : 5597
==========|1111| 277 : 3753
==========|2222| 277 : 4160
==========|1111| 278 : 4223
==========|2222| 278 : 4580
==========|3333| 139 : 6367
==========|4444| 139 : 5597
==========|1111| 279 : 3782
==========|2222| 279 : 4155
==========|1111| 280 : 4222
==========|2222| 280 : 4579
==========|3333| 140 : 6367
==========|4444| 140 : 5549
==========|1111| 281 : 3749
==========|2222| 281 : 4119
==========|1111| 282 : 4223
==========|2222| 282 : 4582
==========|3333| 141 : 6369
==========|4444| 141 : 5612
==========|1111| 283 : 3690
==========|2222| 283 : 4116
==========|1111| 284 : 4224
==========|2222| 284 : 4581
==========|3333| 142 : 6368
==========|4444| 142 : 5636
==========|1111| 285 : 3745
==========|2222| 285 : 4120
==========|1111| 286 : 4223
==========|2222| 286 : 4581
==========|3333| 143 : 6369
==========|4444| 143 : 5663
==========|1111| 287 : 3736
==========|2222| 287 : 4116
==========|1111| 288 : 4223
==========|2222| 288 : 4581
==========|3333| 144 : 6369
==========|4444| 144 : 5663
==========|1111| 289 : 3746
==========|2222| 289 : 4134
==========|1111| 290 : 4223
==========|2222| 290 : 4582
==========|3333| 145 : 6369
==========|4444| 145 : 5629
==========|1111| 291 : 3729
==========|2222| 291 : 4128
==========|1111| 292 : 4223
==========|2222| 292 : 4581
==========|3333| 146 : 6368
==========|4444| 146 : 5664
==========|1111| 293 : 3708
==========|2222| 293 : 4123
==========|1111| 294 : 4223
==========|2222| 294 : 4581
==========|3333| 147 : 6368
==========|4444| 147 : 5661
==========|1111| 295 : 3708
==========|2222| 295 : 4160
==========|1111| 296 : 4223
==========|2222| 296 : 4580
==========|3333| 148 : 6368
==========|4444| 148 : 5629
==========|1111| 297 : 3747
==========|2222| 297 : 4195
==========|1111| 298 : 4223
==========|2222| 298 : 4580
==========|3333| 149 : 6368
==========|4444| 149 : 5594
==========|1111| 299 : 4223
==========|2222| 299 : 4141
==========|1111| 300 : 4223
==========|2222| 300 : 4581
==========|3333| 150 : 6368
==========|4444| 150 : 5634
==========|1111| 301 : 3757
==========|2222| 301 : 4168
==========|1111| 302 : 4223
==========|2222| 302 : 4580
==========|3333| 151 : 6368
==========|4444| 151 : 5614
==========|1111| 303 : 3760
==========|2222| 303 : 4172
==========|1111| 304 : 4223
==========|2222| 304 : 4580
==========|3333| 152 : 6368
==========|4444| 152 : 5575
==========|1111| 305 : 3779
==========|2222| 305 : 4164
==========|1111| 306 : 4223
==========|2222| 306 : 4580
==========|3333| 153 : 6367
==========|4444| 153 : 5632
==========|1111| 307 : 3844
==========|2222| 307 : 4200
==========|1111| 308 : 4223
==========|2222| 308 : 4581
==========|3333| 154 : 6369
==========|4444| 154 : 5772
==========|1111| 309 : 3820
==========|2222| 309 : 4203
==========|1111| 310 : 4223
==========|2222| 310 : 4582
==========|3333| 155 : 6369
==========|4444| 155 : 5703
==========|1111| 311 : 3733
==========|2222| 311 : 4108
==========|1111| 312 : 4224
==========|2222| 312 : 4580
==========|3333| 156 : 6368
==========|4444| 156 : 5633
==========|1111| 313 : 3715
==========|2222| 313 : 4112
==========|1111| 314 : 4223
==========|2222| 314 : 4581
==========|3333| 157 : 6369
==========|4444| 157 : 5645
==========|1111| 315 : 3725
==========|2222| 315 : 4097
==========|1111| 316 : 4223
==========|2222| 316 : 4580
==========|3333| 158 : 6368
==========|4444| 158 : 5624
==========|1111| 317 : 3730
==========|2222| 317 : 4112
==========|1111| 318 : 4223
==========|2222| 318 : 4581
==========|3333| 159 : 6369
==========|4444| 159 : 5637
==========|1111| 319 : 3726
==========|2222| 319 : 4113
==========|1111| 320 : 4223
==========|2222| 320 : 4580
==========|3333| 160 : 6368
==========|4444| 160 : 5615
==========|1111| 321 : 3711
==========|2222| 321 : 4157
==========|1111| 322 : 4223
==========|2222| 322 : 4581
==========|3333| 161 : 6368
==========|4444| 161 : 5617
==========|1111| 323 : 4223
==========|2222| 323 : 4193
==========|1111| 324 : 4223
==========|2222| 324 : 4581
==========|3333| 162 : 6368
==========|4444| 162 : 5630
==========|1111| 325 : 3713
==========|2222| 325 : 4155
==========|1111| 326 : 4223
==========|2222| 326 : 4581
==========|3333| 163 : 6368
==========|4444| 163 : 5619
==========|1111| 327 : 3790
==========|2222| 327 : 4164
==========|1111| 328 : 4223
==========|2222| 328 : 4580
==========|3333| 164 : 6368
==========|4444| 164 : 5603
==========|1111| 329 : 3761
==========|2222| 329 : 4161
==========|1111| 330 : 4223
==========|2222| 330 : 4580
==========|3333| 165 : 6368
==========|4444| 165 : 5576
==========|1111| 331 : 3767
==========|2222| 331 : 4137
==========|1111| 332 : 4222
==========|2222| 332 : 4579
==========|3333| 166 : 6367
==========|4444| 166 : 5600
==========|1111| 333 : 3739
==========|2222| 333 : 4145
==========|1111| 334 : 4223
==========|2222| 334 : 4581
==========|3333| 167 : 6370
==========|4444| 167 : 5689
==========|1111| 335 : 3764
==========|2222| 335 : 4191
==========|1111| 336 : 4223
==========|2222| 336 : 4581
==========|3333| 168 : 6369
==========|4444| 168 : 5662
==========|1111| 337 : 3744
==========|2222| 337 : 4129
==========|1111| 338 : 4223
==========|2222| 338 : 4581
==========|3333| 169 : 6368
==========|4444| 169 : 5662
==========|1111| 339 : 3725
==========|2222| 339 : 4116
==========|1111| 340 : 4223
==========|2222| 340 : 4582
==========|3333| 170 : 6370
==========|4444| 170 : 5657
==========|1111| 341 : 3745
==========|2222| 341 : 4104
==========|1111| 342 : 4223
==========|2222| 342 : 4581
==========|3333| 171 : 6368
==========|4444| 171 : 5643
==========|1111| 343 : 3716
==========|2222| 343 : 4108
==========|1111| 344 : 4223
==========|2222| 344 : 4582
==========|3333| 172 : 6369
==========|4444| 172 : 5634
==========|1111| 345 : 3698
==========|2222| 345 : 4181
==========|1111| 346 : 4223
==========|2222| 346 : 4580
==========|3333| 173 : 6368
==========|4444| 173 : 5606
==========|1111| 347 : 3699
==========|2222| 347 : 4175
==========|1111| 348 : 4223
==========|2222| 348 : 4581
==========|3333| 174 : 6368
==========|4444| 174 : 5646
==========|1111| 349 : 3713
==========|2222| 349 : 4213
==========|1111| 350 : 4223
==========|2222| 350 : 4580
==========|3333| 175 : 6368
==========|4444| 175 : 5623
==========|1111| 351 : 3802
==========|2222| 351 : 4173
==========|1111| 352 : 4223
==========|2222| 352 : 4581
==========|3333| 176 : 6368
==========|4444| 176 : 5631
==========|1111| 353 : 3743
==========|2222| 353 : 4134
==========|1111| 354 : 4223
==========|2222| 354 : 4580
==========|3333| 177 : 6368
==========|4444| 177 : 5595
==========|1111| 355 : 3748
==========|2222| 355 : 4138
==========|1111| 356 : 4223
==========|2222| 356 : 4580
==========|3333| 178 : 6368
==========|4444| 178 : 5615
==========|1111| 357 : 3743
==========|2222| 357 : 4164
==========|1111| 358 : 4223
==========|2222| 358 : 4580
==========|3333| 179 : 6368
==========|4444| 179 : 5673
==========|1111| 359 : 3724
==========|2222| 359 : 4124
==========|1111| 360 : 4222
==========|2222| 360 : 4579
==========|3333| 180 : 6367
==========|4444| 180 : 5657
==========|1111| 361 : 3723
==========|2222| 361 : 4149
==========|1111| 362 : 4223
==========|2222| 362 : 4581
==========|3333| 181 : 6369
==========|4444| 181 : 5642
==========|1111| 363 : 3718
==========|2222| 363 : 4133
==========|1111| 364 : 4223
==========|2222| 364 : 4582
==========|3333| 182 : 6369
==========|4444| 182 : 5646
==========|1111| 365 : 3758
==========|2222| 365 : 4122
==========|1111| 366 : 4223
==========|2222| 366 : 4581
==========|3333| 183 : 6368
==========|4444| 183 : 5577
==========|1111| 367 : 4223
==========|2222| 367 : 4044
==========|1111| 368 : 4224
==========|2222| 368 : 4580
==========|3333| 184 : 6368
==========|4444| 184 : 5635
==========|1111| 369 : 4223
==========|2222| 369 : 4186
==========|1111| 370 : 4223
==========|2222| 370 : 4580
==========|3333| 185 : 6368
==========|4444| 185 : 5627
==========|1111| 371 : 3695
==========|2222| 371 : 4142
==========|1111| 372 : 4223
==========|2222| 372 : 4582
==========|3333| 186 : 6369
==========|4444| 186 : 5585
==========|1111| 373 : 3684
==========|2222| 373 : 4154
==========|1111| 374 : 4223
==========|2222| 374 : 4580
==========|3333| 187 : 6368
==========|4444| 187 : 5565
==========|1111| 375 : 4223
==========|2222| 375 : 4172
==========|1111| 376 : 4223
==========|2222| 376 : 4581
==========|3333| 188 : 6368
==========|4444| 188 : 5598
==========|1111| 377 : 3780
==========|2222| 377 : 4162
==========|1111| 378 : 4223
==========|2222| 378 : 4581
==========|3333| 189 : 6369
==========|4444| 189 : 5601
==========|1111| 379 : 3756
==========|2222| 379 : 4132
==========|1111| 380 : 4223
==========|2222| 380 : 4581
==========|3333| 190 : 6368
==========|4444| 190 : 5561
==========|1111| 381 : 3760
==========|2222| 381 : 4139
==========|1111| 382 : 4223
==========|2222| 382 : 4582
==========|3333| 191 : 6369
==========|4444| 191 : 5684
==========|1111| 383 : 3752
==========|2222| 383 : 4128
==========|1111| 384 : 4223
==========|2222| 384 : 4580
==========|3333| 192 : 6368
==========|4444| 192 : 5563
==========|1111| 385 : 3740
==========|2222| 385 : 4117
==========|1111| 386 : 4223
==========|2222| 386 : 4580
==========|3333| 193 : 6368
==========|4444| 193 : 5653
==========|1111| 387 : 3728
==========|2222| 387 : 4084
==========|1111| 388 : 4223
==========|2222| 388 : 4580
==========|3333| 194 : 6368
==========|4444| 194 : 5639
==========|1111| 389 : 3680
==========|2222| 389 : 4052
==========|1111| 390 : 4223
==========|2222| 390 : 4581
==========|3333| 195 : 6369
==========|4444| 195 : 5634
==========|1111| 391 : 3705
==========|2222| 391 : 4116
==========|1111| 392 : 4223
==========|2222| 392 : 4581
==========|3333| 196 : 6369
==========|4444| 196 : 5574
==========|1111| 393 : 4223
==========|2222| 393 : 4034
==========|1111| 394 : 4223
==========|2222| 394 : 4581
==========|3333| 197 : 6369
==========|4444| 197 : 5591
==========|1111| 395 : 4223
==========|2222| 395 : 4066
==========|1111| 396 : 4223
==========|2222| 396 : 4581
==========|3333| 198 : 6369
==========|4444| 198 : 5607
==========|1111| 397 : 4223
==========|2222| 397 : 4159
==========|1111| 398 : 4223
==========|2222| 398 : 4581
==========|3333| 199 : 6368
==========|4444| 199 : 5622
==========|1111| 399 : 3695
==========|2222| 399 : 4174
==========|1111| 400 : 4223
==========|2222| 400 : 4580
==========|3333| 200 : 6368
==========|4444| 200 : 5585
==========|1111| 401 : 3731
==========|2222| 401 : 4135
==========|1111| 402 : 4223
==========|2222| 402 : 4580
==========|3333| 201 : 6368
==========|4444| 201 : 5597
==========|1111| 403 : 3720
==========|2222| 403 : 4101
==========|1111| 404 : 4223
==========|2222| 404 : 4580
==========|3333| 202 : 6368
==========|4444| 202 : 5564
==========|1111| 405 : 3728
==========|2222| 405 : 4101
==========|1111| 406 : 4223
==========|2222| 406 : 4581
==========|3333| 203 : 6369
==========|4444| 203 : 5534
==========|1111| 407 : 3701
==========|2222| 407 : 4104
==========|1111| 408 : 4223
==========|2222| 408 : 4223
==========|3333| 204 : 6369
==========|4444| 204 : 5592
==========|1111| 409 : 3728
==========|2222| 409 : 4131
==========|1111| 410 : 4223
==========|2222| 410 : 4581
==========|3333| 205 : 6369
==========|4444| 205 : 5670
==========|1111| 411 : 4303
==========|2222| 411 : 4660
==========|1111| 412 : 4223
==========|2222| 412 : 4580
==========|3333| 206 : 6368
==========|4444| 206 : 5659
==========|1111| 413 : 4223
==========|2222| 413 : 4089
==========|1111| 414 : 4223
==========|2222| 414 : 4580
==========|3333| 207 : 6368
==========|4444| 207 : 5661
==========|1111| 415 : 4223
==========|2222| 415 : 4072
==========|1111| 416 : 4223
==========|2222| 416 : 4581
==========|3333| 208 : 6369
==========|4444| 208 : 5581
==========|1111| 417 : 3738
==========|2222| 417 : 4096
==========|1111| 418 : 4223
==========|2222| 418 : 4581
==========|3333| 209 : 6369
==========|4444| 209 : 5604
==========|1111| 419 : 4223
==========|2222| 419 : 4047
==========|1111| 420 : 4223
==========|2222| 420 : 4581
==========|3333| 210 : 6368
==========|4444| 210 : 5574
==========|1111| 421 : 4223
==========|2222| 421 : 4218
==========|1111| 422 : 4224
==========|2222| 422 : 4582
==========|3333| 211 : 6369
==========|4444| 211 : 5609
==========|1111| 423 : 3710
==========|2222| 423 : 4172
==========|1111| 424 : 4223
==========|2222| 424 : 4581
==========|3333| 212 : 6368
==========|4444| 212 : 5639
==========|1111| 425 : 3711
==========|2222| 425 : 4161
==========|1111| 426 : 4223
==========|2222| 426 : 4581
==========|3333| 213 : 6368
==========|4444| 213 : 5612
==========|1111| 427 : 3708
==========|2222| 427 : 4167
==========|1111| 428 : 4223
==========|2222| 428 : 4580
==========|3333| 214 : 6368
==========|4444| 214 : 5633
==========|1111| 429 : 3763
==========|2222| 429 : 4134
==========|1111| 430 : 4223
==========|2222| 430 : 4580
==========|3333| 215 : 6368
==========|4444| 215 : 5598
==========|1111| 431 : 3769
==========|2222| 431 : 4140
==========|1111| 432 : 4223
==========|2222| 432 : 4581
==========|3333| 216 : 6368
==========|4444| 216 : 5572
==========|1111| 433 : 3740
==========|2222| 433 : 4151
==========|1111| 434 : 4223
==========|2222| 434 : 4581
==========|3333| 217 : 6369
==========|4444| 217 : 5583
==========|1111| 435 : 3756
==========|2222| 435 : 4151
==========|1111| 436 : 4223
==========|2222| 436 : 4582
==========|3333| 218 : 6369
==========|4444| 218 : 5672
==========|1111| 437 : 3736
==========|2222| 437 : 4142
==========|1111| 438 : 4223
==========|2222| 438 : 4581
==========|3333| 219 : 6369
==========|4444| 219 : 5684
==========|1111| 439 : 3743
==========|2222| 439 : 4122
==========|1111| 440 : 4223
==========|2222| 440 : 4580
==========|3333| 220 : 6368
==========|4444| 220 : 5628
==========|1111| 441 : 3717
==========|2222| 441 : 4086
==========|1111| 442 : 4223
==========|2222| 442 : 4580
==========|3333| 221 : 6368
==========|4444| 221 : 5637
==========|1111| 443 : 3767
==========|2222| 443 : 4123
==========|1111| 444 : 4223
==========|2222| 444 : 4581
==========|3333| 222 : 6369
==========|4444| 222 : 5669
==========|1111| 445 : 3739
==========|2222| 445 : 4097
==========|1111| 446 : 4223
==========|2222| 446 : 4581
==========|3333| 223 : 6369
==========|4444| 223 : 5624
==========|1111| 447 : 3725
==========|2222| 447 : 4118
==========|1111| 448 : 4223
==========|2222| 448 : 4581
==========|3333| 224 : 6368
==========|4444| 224 : 5734
==========|1111| 449 : 4037
==========|2222| 449 : 4393
==========|1111| 450 : 4223
==========|2222| 450 : 4582
==========|3333| 225 : 6369
==========|4444| 225 : 6521
==========|1111| 451 : 4088
==========|2222| 451 : 4581
==========|1111| 452 : 4223
==========|2222| 452 : 4580
==========|3333| 226 : 6368
==========|4444| 226 : 5590
==========|1111| 453 : 4223
==========|2222| 453 : 4168
==========|1111| 454 : 4223
==========|2222| 454 : 4582
==========|3333| 227 : 6369
==========|4444| 227 : 5551
==========|1111| 455 : 3708
==========|2222| 455 : 4106
==========|1111| 456 : 4223
==========|2222| 456 : 4581
==========|3333| 228 : 6368
==========|4444| 228 : 5535
==========|1111| 457 : 3686
==========|2222| 457 : 4123
==========|1111| 458 : 4223
==========|2222| 458 : 4581
==========|3333| 229 : 6368
==========|4444| 229 : 5555
==========|1111| 459 : 3684
==========|2222| 459 : 4082
==========|1111| 460 : 4223
==========|2222| 460 : 4581
==========|3333| 230 : 6363
==========|4444| 230 : 5592
==========|1111| 461 : 4223
==========|2222| 461 : 4105
==========|1111| 462 : 4223
==========|2222| 462 : 4581
==========|3333| 231 : 6362
==========|4444| 231 : 5574
==========|1111| 463 : 4046
==========|2222| 463 : 4404
==========|1111| 464 : 4223
==========|2222| 464 : 4223
==========|3333| 232 : 6363
==========|4444| 232 : 5908
==========|1111| 465 : 3980
==========|2222| 465 : 4338
==========|1111| 466 : 4223
==========|2222| 466 : 4223
==========|3333| 233 : 6369
==========|4444| 233 : 5674
==========|1111| 467 : 4223
==========|2222| 467 : 4071
==========|1111| 468 : 4223
==========|2222| 468 : 4580
==========|3333| 234 : 6368
==========|4444| 234 : 6124
==========|1111| 469 : 3702
==========|2222| 469 : 4096
==========|1111| 470 : 4222
==========|2222| 470 : 4579
==========|3333| 235 : 6367
==========|4444| 235 : 5583
==========|1111| 471 : 4223
==========|2222| 471 : 4581
==========|1111| 472 : 4223
==========|2222| 472 : 4581
==========|3333| 236 : 6369
==========|4444| 236 : 5569
==========|1111| 473 : 3877
==========|2222| 473 : 4233
==========|1111| 474 : 4224
==========|2222| 474 : 4581
==========|3333| 237 : 6369
==========|4444| 237 : 6427
==========|1111| 475 : 3877
==========|2222| 475 : 4234
==========|1111| 476 : 4223
==========|2222| 476 : 4581
==========|3333| 238 : 6370
==========|4444| 238 : 5600
==========|1111| 477 : 3691
==========|2222| 477 : 4167
==========|1111| 478 : 4223
==========|2222| 478 : 4581
==========|3333| 239 : 6369
==========|4444| 239 : 5611
==========|1111| 479 : 3686
==========|2222| 479 : 4165
==========|1111| 480 : 4223
==========|2222| 480 : 4581
==========|3333| 240 : 6368
==========|4444| 240 : 5600
==========|1111| 481 : 3768
==========|2222| 481 : 4177
==========|1111| 482 : 4223
==========|2222| 482 : 4580
==========|3333| 241 : 6368
==========|4444| 241 : 5577
==========|1111| 483 : 3743
==========|2222| 483 : 4159
==========|1111| 484 : 4223
==========|2222| 484 : 4580
==========|3333| 242 : 6368
==========|4444| 242 : 5592
==========|1111| 485 : 3759
==========|2222| 485 : 4153
==========|1111| 486 : 4223
==========|2222| 486 : 4581
==========|3333| 243 : 6368
==========|4444| 243 : 5567
==========|1111| 487 : 3749
==========|2222| 487 : 4138
==========|1111| 488 : 4223
==========|2222| 488 : 4581
==========|3333| 244 : 6369
==========|4444| 244 : 5678
==========|1111| 489 : 3741
==========|2222| 489 : 4100
==========|1111| 490 : 4223
==========|2222| 490 : 4223
==========|3333| 245 : 6369
==========|4444| 245 : 5580
==========|1111| 491 : 4223
==========|2222| 491 : 4061
==========|1111| 492 : 4223
==========|2222| 492 : 4581
==========|3333| 246 : 6368
==========|4444| 246 : 5655
==========|1111| 493 : 3700
==========|2222| 493 : 4092
==========|1111| 494 : 4223
==========|2222| 494 : 4580
==========|3333| 247 : 6368
==========|4444| 247 : 5609
==========|1111| 495 : 3696
==========|2222| 495 : 4072
==========|1111| 496 : 4223
==========|2222| 496 : 4580
==========|3333| 248 : 6367
==========|4444| 248 : 5637
==========|1111| 497 : 3687
==========|2222| 497 : 4063
==========|1111| 498 : 4222
==========|2222| 498 : 4579
==========|3333| 249 : 6367
==========|4444| 249 : 5584
==========|1111| 499 : 3724
==========|2222| 499 : 4192
==========|1111| 500 : 4223
==========|2222| 500 : 4581
==========|3333| 250 : 6369
==========|4444| 250 : 5667
==========|1111| 501 : 3763
==========|2222| 501 : 4223
==========|1111| 502 : 4223
==========|2222| 502 : 4582
==========|3333| 251 : 6369
==========|4444| 251 : 5692
==========|1111| 503 : 4223
==========|2222| 503 : 4173
==========|1111| 504 : 4223
==========|2222| 504 : 4581
==========|3333| 252 : 6369
==========|4444| 252 : 6322
==========|1111| 505 : 3689
==========|2222| 505 : 4170
==========|1111| 506 : 4223
==========|2222| 506 : 4223
==========|3333| 253 : 6363
==========|4444| 253 : 6721
==========|1111| 507 : 4223
==========|2222| 507 : 4581
==========|1111| 508 : 4223
==========|2222| 508 : 4581
==========|3333| 254 : 6369
==========|4444| 254 : 5700
==========|1111| 509 : 3858
==========|2222| 509 : 4227
==========|1111| 510 : 4223
==========|2222| 510 : 4223
==========|3333| 255 : 6369
==========|4444| 255 : 5647
==========|1111| 511 : 3795
==========|2222| 511 : 4637
==========|1111| 512 : 4223
==========|2222| 512 : 4582
==========|3333| 256 : 6369
==========|4444| 256 : 5540
==========|1111| 513 : 3767
==========|2222| 513 : 4205
==========|1111| 514 : 4223
==========|2222| 514 : 4580
==========|3333| 257 : 6368
==========|4444| 257 : 5647
==========|1111| 515 : 3711
==========|2222| 515 : 4114
==========|1111| 516 : 4223
==========|2222| 516 : 4580
==========|3333| 258 : 6368
==========|4444| 258 : 5782
==========|1111| 517 : 3723
==========|2222| 517 : 4113
==========|1111| 518 : 4223
==========|2222| 518 : 4580
==========|3333| 259 : 6368
==========|4444| 259 : 5737
==========|1111| 519 : 3741
==========|2222| 519 : 4098
==========|1111| 520 : 4223
==========|2222| 520 : 4223
==========|3333| 260 : 6362
==========|4444| 260 : 5550
==========|1111| 521 : 3715
==========|2222| 521 : 4073
==========|1111| 522 : 4223
==========|2222| 522 : 4580
==========|3333| 261 : 6368
==========|4444| 261 : 5652
==========|1111| 523 : 3709
==========|2222| 523 : 4126
==========|1111| 524 : 4223
==========|2222| 524 : 4580
==========|3333| 262 : 6367
==========|4444| 262 : 5623
==========|1111| 525 : 3702
==========|2222| 525 : 4182
==========|1111| 526 : 4223
==========|2222| 526 : 4581
==========|3333| 263 : 6370
==========|4444| 263 : 5621
==========|1111| 527 : 3687
==========|2222| 527 : 4167
==========|1111| 528 : 4223
==========|2222| 528 : 4581
==========|3333| 264 : 6369
==========|4444| 264 : 5657
==========|1111| 529 : 3765
==========|2222| 529 : 4517
==========|1111| 530 : 4223
==========|2222| 530 : 4581
==========|3333| 265 : 6368
==========|4444| 265 : 5595
==========|1111| 531 : 4088
==========|2222| 531 : 4444
==========|1111| 532 : 4223
==========|2222| 532 : 4581
==========|3333| 266 : 6368
==========|4444| 266 : 5530
==========|1111| 533 : 3748
==========|2222| 533 : 4182
==========|1111| 534 : 4223
==========|2222| 534 : 4581
==========|3333| 267 : 6368
==========|4444| 267 : 5601
==========|1111| 535 : 3784
==========|2222| 535 : 4195
==========|1111| 536 : 4224
==========|2222| 536 : 4580
==========|3333| 268 : 6368
==========|4444| 268 : 5550
==========|1111| 537 : 3780
==========|2222| 537 : 4169
==========|1111| 538 : 4223
==========|2222| 538 : 4580
==========|3333| 269 : 6368
==========|4444| 269 : 5584
==========|1111| 539 : 3759
==========|2222| 539 : 4133
==========|1111| 540 : 4223
==========|2222| 540 : 4580
==========|3333| 270 : 6368
==========|4444| 270 : 5630
==========|1111| 541 : 3741
==========|2222| 541 : 4128
==========|1111| 542 : 4223
==========|2222| 542 : 4580
==========|3333| 271 : 6368
==========|4444| 271 : 5682
==========|1111| 543 : 3733
==========|2222| 543 : 4114
==========|1111| 544 : 4223
==========|2222| 544 : 4581
==========|3333| 272 : 6368
==========|4444| 272 : 5682
==========|1111| 545 : 3685
==========|2222| 545 : 4091
==========|1111| 546 : 4223
==========|2222| 546 : 4580
==========|3333| 273 : 6368
==========|4444| 273 : 5666
==========|1111| 547 : 3686
==========|2222| 547 : 4088
==========|1111| 548 : 4223
==========|2222| 548 : 4580
==========|3333| 274 : 6368
==========|4444| 274 : 5648
==========|1111| 549 : 3680
==========|2222| 549 : 4051
==========|1111| 550 : 4223
==========|2222| 550 : 4580
==========|3333| 275 : 6368
==========|4444| 275 : 5659
==========|1111| 551 : 3685
==========|2222| 551 : 4157
==========|1111| 552 : 4222
==========|2222| 552 : 4579
==========|3333| 276 : 6367
==========|4444| 276 : 5615
==========|1111| 553 : 4223
==========|2222| 553 : 4205
==========|1111| 554 : 4224
==========|2222| 554 : 4581
==========|3333| 277 : 6369
==========|4444| 277 : 5604
==========|1111| 555 : 4223
==========|2222| 555 : 4196
==========|1111| 556 : 4224
==========|2222| 556 : 4581
==========|3333| 278 : 6369
==========|4444| 278 : 5579
==========|1111| 557 : 3771
==========|2222| 557 : 4152
==========|1111| 558 : 4223
==========|2222| 558 : 4581
==========|3333| 279 : 6369
==========|4444| 279 : 5560
==========|1111| 559 : 3755
==========|2222| 559 : 4112
==========|1111| 560 : 4223
==========|2222| 560 : 4581
==========|3333| 280 : 6368
==========|4444| 280 : 5556
==========|1111| 561 : 3725
==========|2222| 561 : 4122
==========|1111| 562 : 4223
==========|2222| 562 : 4581
==========|3333| 281 : 6368
==========|4444| 281 : 5549
==========|1111| 563 : 3729
==========|2222| 563 : 4142
==========|1111| 564 : 4223
==========|2222| 564 : 4581
==========|3333| 282 : 6369
==========|4444| 282 : 5514
==========|1111| 565 : 4223
==========|2222| 565 : 4065
==========|1111| 566 : 4223
==========|2222| 566 : 4581
==========|3333| 283 : 6368
==========|4444| 283 : 5645
==========|1111| 567 : 3755
==========|2222| 567 : 4156
==========|1111| 568 : 4223
==========|2222| 568 : 4581
==========|3333| 284 : 6368
==========|4444| 284 : 5759
==========|1111| 569 : 3740
==========|2222| 569 : 4130
==========|1111| 570 : 4223
==========|2222| 570 : 4581
==========|3333| 285 : 6368
==========|4444| 285 : 5758
==========|1111| 571 : 3739
==========|2222| 571 : 4129
==========|1111| 572 : 4223
==========|2222| 572 : 4580
==========|3333| 286 : 6368
==========|4444| 286 : 5659
==========|1111| 573 : 3739
==========|2222| 573 : 4118
==========|1111| 574 : 4223
==========|2222| 574 : 4580
==========|3333| 287 : 6368
==========|4444| 287 : 5659
==========|1111| 575 : 3726
==========|2222| 575 : 4085
==========|1111| 576 : 4223
==========|2222| 576 : 4580
==========|3333| 288 : 6368
==========|4444| 288 : 5626
==========|1111| 577 : 3725
==========|2222| 577 : 4191
==========|1111| 578 : 4222
==========|2222| 578 : 4579
==========|3333| 289 : 6367
==========|4444| 289 : 5628
==========|1111| 579 : 3748
==========|2222| 579 : 4187
==========|1111| 580 : 4223
==========|2222| 580 : 4581
==========|3333| 290 : 6370
==========|4444| 290 : 5600
==========|1111| 581 : 3700
==========|2222| 581 : 4209
==========|1111| 582 : 4223
==========|2222| 582 : 4581
==========|3333| 291 : 6369
==========|4444| 291 : 5605
==========|1111| 583 : 3800
==========|2222| 583 : 4190
==========|1111| 584 : 4223
==========|2222| 584 : 4580
==========|3333| 292 : 6368
==========|4444| 292 : 5608
==========|1111| 585 : 3783
==========|2222| 585 : 4169
==========|1111| 586 : 4223
==========|2222| 586 : 4582
==========|3333| 293 : 6369
==========|4444| 293 : 5598
==========|1111| 587 : 3775
==========|2222| 587 : 4162
==========|1111| 588 : 4223
==========|2222| 588 : 4580
==========|3333| 294 : 6368
==========|4444| 294 : 5567
==========|1111| 589 : 3764
==========|2222| 589 : 4157
==========|1111| 590 : 4223
==========|2222| 590 : 4581
==========|3333| 295 : 6369
==========|4444| 295 : 5651
==========|1111| 591 : 3764
==========|2222| 591 : 4151
==========|1111| 592 : 4223
==========|2222| 592 : 4580
==========|3333| 296 : 6368
==========|4444| 296 : 5697
==========|1111| 593 : 3759
==========|2222| 593 : 4141
==========|1111| 594 : 4223
==========|2222| 594 : 4581
==========|3333| 297 : 6368
==========|4444| 297 : 5669
==========|1111| 595 : 3745
==========|2222| 595 : 4128
==========|1111| 596 : 4223
==========|2222| 596 : 4581
==========|3333| 298 : 6368
==========|4444| 298 : 5644
==========|1111| 597 : 3736
==========|2222| 597 : 4123
==========|1111| 598 : 4223
==========|2222| 598 : 4581
==========|3333| 299 : 6368
==========|4444| 299 : 5645
==========|1111| 599 : 3733
==========|2222| 599 : 4105
==========|1111| 600 : 4223
==========|2222| 600 : 4581
==========|3333| 300 : 6368
==========|4444| 300 : 5631
==========|1111| 601 : 3747
==========|2222| 601 : 4197
==========|1111| 602 : 4223
==========|2222| 602 : 4580
==========|3333| 301 : 6368
==========|4444| 301 : 5632
==========|1111| 603 : 3722
==========|2222| 603 : 4216
==========|1111| 604 : 4223
==========|2222| 604 : 4580
==========|3333| 302 : 6368
==========|4444| 302 : 5640
==========|1111| 605 : 3714
==========|2222| 605 : 4194
==========|1111| 606 : 4222
==========|2222| 606 : 4579
==========|3333| 303 : 6367
==========|4444| 303 : 5620
==========|1111| 607 : 3764
==========|2222| 607 : 4183
==========|1111| 608 : 4224
==========|2222| 608 : 4581
==========|3333| 304 : 6369
==========|4444| 304 : 5620
==========|1111| 609 : 3775
==========|2222| 609 : 4152
==========|1111| 610 : 4223
==========|2222| 610 : 4581
==========|3333| 305 : 6368
==========|4444| 305 : 5610
==========|1111| 611 : 3773
==========|2222| 611 : 4154
==========|1111| 612 : 4223
==========|2222| 612 : 4581
==========|3333| 306 : 6369
==========|4444| 306 : 5586
==========|1111| 613 : 3764
==========|2222| 613 : 4158
==========|1111| 614 : 4223
==========|2222| 614 : 4581
==========|3333| 307 : 6368
==========|4444| 307 : 5683
==========|1111| 615 : 3757
==========|2222| 615 : 4138
==========|1111| 616 : 4223
==========|2222| 616 : 4582
==========|3333| 308 : 6369
==========|4444| 308 : 5673
==========|1111| 617 : 3756
==========|2222| 617 : 4152
==========|1111| 618 : 4223
==========|2222| 618 : 4581
==========|3333| 309 : 6369
==========|4444| 309 : 5683
==========|1111| 619 : 3757
==========|2222| 619 : 4115
==========|1111| 620 : 4223
==========|2222| 620 : 4580
==========|3333| 310 : 6368
==========|4444| 310 : 5626
==========|1111| 621 : 3731
==========|2222| 621 : 4121
==========|1111| 622 : 4223
==========|2222| 622 : 4580
==========|3333| 311 : 6368
==========|4444| 311 : 5635
==========|1111| 623 : 3743
==========|2222| 623 : 4106
==========|1111| 624 : 4223
==========|2222| 624 : 4580
==========|3333| 312 : 6368
==========|4444| 312 : 5645
==========|1111| 625 : 3733
==========|2222| 625 : 4129
==========|1111| 626 : 4223
==========|2222| 626 : 4580
==========|3333| 313 : 6368
==========|4444| 313 : 5631
==========|1111| 627 : 3739
==========|2222| 627 : 4217
==========|1111| 628 : 4223
==========|2222| 628 : 4580
==========|3333| 314 : 6368
==========|4444| 314 : 5629
==========|1111| 629 : 3720
==========|2222| 629 : 4182
==========|1111| 630 : 4223
==========|2222| 630 : 4580
==========|3333| 315 : 6368
==========|4444| 315 : 5605
==========|1111| 631 : 3726
==========|2222| 631 : 4206
==========|1111| 632 : 4223
==========|2222| 632 : 4580
==========|3333| 316 : 6368
==========|4444| 316 : 5625
==========|1111| 633 : 3812
==========|2222| 633 : 4189
==========|1111| 634 : 4222
==========|2222| 634 : 4579
==========|3333| 317 : 6367
==========|4444| 317 : 5614
==========|1111| 635 : 3793
==========|2222| 635 : 4176
==========|1111| 636 : 4223
==========|2222| 636 : 4581
==========|3333| 318 : 6369
==========|4444| 318 : 5593
==========|1111| 637 : 3797
==========|2222| 637 : 4195
==========|1111| 638 : 4223
==========|2222| 638 : 4581
==========|3333| 319 : 6369
==========|4444| 319 : 5591
==========|1111| 639 : 3765
==========|2222| 639 : 4143
==========|1111| 640 : 4223
==========|2222| 640 : 4582
==========|3333| 320 : 6369
==========|4444| 320 : 5544
==========|1111| 641 : 3775
==========|2222| 641 : 4171
==========|1111| 642 : 4223
==========|2222| 642 : 4581
==========|3333| 321 : 6369
==========|4444| 321 : 5680
==========|1111| 643 : 3767
==========|2222| 643 : 4161
==========|1111| 644 : 4223
==========|2222| 644 : 4580
==========|3333| 322 : 6368
==========|4444| 322 : 5668
==========|1111| 645 : 3744
==========|2222| 645 : 4138
==========|1111| 646 : 4223
==========|2222| 646 : 4581
==========|3333| 323 : 6368
==========|4444| 323 : 5652
==========|1111| 647 : 3755
==========|2222| 647 : 4114
==========|1111| 648 : 4223
==========|2222| 648 : 4580
==========|3333| 324 : 6368
==========|4444| 324 : 5655
==========|1111| 649 : 3726
==========|2222| 649 : 4133
==========|1111| 650 : 4223
==========|2222| 650 : 4581
==========|3333| 325 : 6368
==========|4444| 325 : 5614
==========|1111| 651 : 3720
==========|2222| 651 : 4124
==========|1111| 652 : 4223
==========|2222| 652 : 4581
==========|3333| 326 : 6368
==========|4444| 326 : 5629
==========|1111| 653 : 3704
==========|2222| 653 : 4206
==========|1111| 654 : 4223
==========|2222| 654 : 4580
==========|3333| 327 : 6368
==========|4444| 327 : 5643
==========|1111| 655 : 3704
==========|2222| 655 : 4214
==========|1111| 656 : 4223
==========|2222| 656 : 4580
==========|3333| 328 : 6368
==========|4444| 328 : 5619
==========|1111| 657 : 3697
==========|2222| 657 : 4211
==========|1111| 658 : 4223
==========|2222| 658 : 4580
==========|3333| 329 : 6368
==========|4444| 329 : 5616
==========|1111| 659 : 3807
==========|2222| 659 : 4182
==========|1111| 660 : 4222
==========|2222| 660 : 4579
==========|3333| 330 : 6367
==========|4444| 330 : 5567
==========|1111| 661 : 3792
==========|2222| 661 : 4197
==========|1111| 662 : 4223
==========|2222| 662 : 4581
==========|3333| 331 : 6370
==========|4444| 331 : 5590
==========|1111| 663 : 3780
==========|2222| 663 : 4192
==========|1111| 664 : 4223
==========|2222| 664 : 4582
==========|3333| 332 : 6369
==========|4444| 332 : 5595
==========|1111| 665 : 3771
==========|2222| 665 : 4177
==========|1111| 666 : 4223
==========|2222| 666 : 4580
==========|3333| 333 : 6368
==========|4444| 333 : 5691
==========|1111| 667 : 3772
==========|2222| 667 : 4173
==========|1111| 668 : 4223
==========|2222| 668 : 4581
==========|3333| 334 : 6368
==========|4444| 334 : 5678
==========|1111| 669 : 3759
==========|2222| 669 : 4132
==========|1111| 670 : 4223
==========|2222| 670 : 4581
==========|3333| 335 : 6368
==========|4444| 335 : 5656
==========|1111| 671 : 3762
==========|2222| 671 : 4158
==========|1111| 672 : 4223
==========|2222| 672 : 4582
==========|3333| 336 : 6369
==========|4444| 336 : 5673
==========|1111| 673 : 3753
==========|2222| 673 : 4148
==========|1111| 674 : 4223
==========|2222| 674 : 4581
==========|3333| 337 : 6368
==========|4444| 337 : 5644
==========|1111| 675 : 3732
==========|2222| 675 : 4134
==========|1111| 676 : 4223
==========|2222| 676 : 4580
==========|3333| 338 : 6368
==========|4444| 338 : 5644
==========|1111| 677 : 3721
==========|2222| 677 : 4209
==========|1111| 678 : 4223
==========|2222| 678 : 4580
==========|3333| 339 : 6368
==========|4444| 339 : 5634
==========|1111| 679 : 3715
==========|2222| 679 : 4184
==========|1111| 680 : 4223
==========|2222| 680 : 4580
==========|3333| 340 : 6368
==========|4444| 340 : 5610
==========|1111| 681 : 3710
==========|2222| 681 : 4199
==========|1111| 682 : 4223
==========|2222| 682 : 4580
==========|3333| 341 : 6368
==========|4444| 341 : 5632
==========|1111| 683 : 3807
==========|2222| 683 : 4201
==========|1111| 684 : 4223
==========|2222| 684 : 4580
==========|3333| 342 : 6368
==========|4444| 342 : 5614
==========|1111| 685 : 3786
==========|2222| 685 : 4157
==========|1111| 686 : 4222
==========|2222| 686 : 4579
==========|3333| 343 : 6367
==========|4444| 343 : 5595
==========|1111| 687 : 3784
==========|2222| 687 : 4166
==========|1111| 688 : 4223
==========|2222| 688 : 4581
==========|3333| 344 : 6369
==========|4444| 344 : 5593
==========|1111| 689 : 3782
==========|2222| 689 : 4159
==========|1111| 690 : 4223
==========|2222| 690 : 4582
==========|3333| 345 : 6369
==========|4444| 345 : 5559
==========|1111| 691 : 3777
==========|2222| 691 : 4156
==========|1111| 692 : 4223
==========|2222| 692 : 4581
==========|3333| 346 : 6368
==========|4444| 346 : 5677
==========|1111| 693 : 3770
==========|2222| 693 : 4153
==========|1111| 694 : 4223
==========|2222| 694 : 4581
==========|3333| 347 : 6368
==========|4444| 347 : 5680
==========|1111| 695 : 3743
==========|2222| 695 : 4124
==========|1111| 696 : 4223
==========|2222| 696 : 4581
==========|3333| 348 : 6368
==========|4444| 348 : 5664
==========|1111| 697 : 3738
==========|2222| 697 : 4120
==========|1111| 698 : 4223
==========|2222| 698 : 4580
==========|3333| 349 : 6368
==========|4444| 349 : 5670
==========|1111| 699 : 3730
==========|2222| 699 : 4101
==========|1111| 700 : 4223
==========|2222| 700 : 4581
==========|3333| 350 : 6369
==========|4444| 350 : 5614
==========|1111| 701 : 3738
==========|2222| 701 : 4124
==========|1111| 702 : 4223
==========|2222| 702 : 4580
==========|3333| 351 : 6368
==========|4444| 351 : 5644
==========|1111| 703 : 3723
==========|2222| 703 : 4199
==========|1111| 704 : 4223
==========|2222| 704 : 4580
==========|3333| 352 : 6368
==========|4444| 352 : 5657
==========|1111| 705 : 3718
==========|2222| 705 : 4209
==========|1111| 706 : 4223
==========|2222| 706 : 4580
==========|3333| 353 : 6368
==========|4444| 353 : 5635
==========|1111| 707 : 3711
==========|2222| 707 : 4210
==========|1111| 708 : 4223
==========|2222| 708 : 4581
==========|3333| 354 : 6368
==========|4444| 354 : 5630
==========|1111| 709 : 3797
==========|2222| 709 : 4153
==========|1111| 710 : 4223
==========|2222| 710 : 4580
==========|3333| 355 : 6368
==========|4444| 355 : 5607
==========|1111| 711 : 3790
==========|2222| 711 : 4171
==========|1111| 712 : 4223
==========|2222| 712 : 4580
==========|3333| 356 : 6367
==========|4444| 356 : 5605
==========|1111| 713 : 3786
==========|2222| 713 : 4176
==========|1111| 714 : 4222
==========|2222| 714 : 4579
==========|3333| 357 : 6367
==========|4444| 357 : 5615
==========|1111| 715 : 3757
==========|2222| 715 : 4145
==========|1111| 716 : 4224
==========|2222| 716 : 4581
==========|3333| 358 : 6369
==========|4444| 358 : 5689
==========|1111| 717 : 3771
==========|2222| 717 : 4152
==========|1111| 718 : 4223
==========|2222| 718 : 4582
==========|3333| 359 : 6369
==========|4444| 359 : 5686
==========|1111| 719 : 3763
==========|2222| 719 : 4126
==========|1111| 720 : 4223
==========|2222| 720 : 4582
==========|3333| 360 : 6369
==========|4444| 360 : 5655
==========|1111| 721 : 3757
==========|2222| 721 : 4135
==========|1111| 722 : 4223
==========|2222| 722 : 4580
==========|3333| 361 : 6368
==========|4444| 361 : 5669
==========|1111| 723 : 3755
==========|2222| 723 : 4142
==========|1111| 724 : 4223
==========|2222| 724 : 4580
==========|3333| 362 : 6369
==========|4444| 362 : 5665
==========|1111| 725 : 3726
==========|2222| 725 : 4117
==========|1111| 726 : 4223
==========|2222| 726 : 4581
==========|3333| 363 : 6368
==========|4444| 363 : 5650
==========|1111| 727 : 3730
==========|2222| 727 : 4112
==========|1111| 728 : 4223
==========|2222| 728 : 4581
==========|3333| 364 : 6368
==========|4444| 364 : 5652
==========|1111| 729 : 3704
==========|2222| 729 : 4154
==========|1111| 730 : 4223
==========|2222| 730 : 4580
==========|3333| 365 : 6368
==========|4444| 365 : 5604
==========|1111| 731 : 3695
==========|2222| 731 : 4161
==========|1111| 732 : 4223
==========|2222| 732 : 4580
==========|3333| 366 : 6368
==========|4444| 366 : 5591
==========|1111| 733 : 3697
==========|2222| 733 : 4149
==========|1111| 734 : 4223
==========|2222| 734 : 4580
==========|3333| 367 : 6368
==========|4444| 367 : 5583
==========|1111| 735 : 3784
==========|2222| 735 : 4176
==========|1111| 736 : 4223
==========|2222| 736 : 4580
==========|3333| 368 : 6368
==========|4444| 368 : 5573
==========|1111| 737 : 3764
==========|2222| 737 : 4138
==========|1111| 738 : 4223
==========|2222| 738 : 4580
==========|3333| 369 : 6368
==========|4444| 369 : 5565
==========|1111| 739 : 3752
==========|2222| 739 : 4138
==========|1111| 740 : 4223
==========|2222| 740 : 4580
==========|3333| 370 : 6368
==========|4444| 370 : 5561
==========|1111| 741 : 3749
==========|2222| 741 : 4132
==========|1111| 742 : 4222
==========|2222| 742 : 4579
==========|3333| 371 : 6367
==========|4444| 371 : 5569
==========|1111| 743 : 3764
==========|2222| 743 : 4144
==========|1111| 744 : 4223
==========|2222| 744 : 4581
==========|3333| 372 : 6370
==========|4444| 372 : 5668
==========|1111| 745 : 3747
==========|2222| 745 : 4108
==========|1111| 746 : 4223
==========|2222| 746 : 4582
==========|3333| 373 : 6369
==========|4444| 373 : 5653
==========|1111| 747 : 3725
==========|2222| 747 : 4111
==========|1111| 748 : 4223
==========|2222| 748 : 4582
==========|3333| 374 : 6369
==========|4444| 374 : 5654
==========|1111| 749 : 3712
==========|2222| 749 : 4093
==========|1111| 750 : 4223
==========|2222| 750 : 4581
==========|3333| 375 : 6368
==========|4444| 375 : 5653
==========|1111| 751 : 3712
==========|2222| 751 : 4112
==========|1111| 752 : 4223
==========|2222| 752 : 4580
==========|3333| 376 : 6368
==========|4444| 376 : 5645
==========|1111| 753 : 3709
==========|2222| 753 : 4218
==========|1111| 754 : 4223
==========|2222| 754 : 4582
==========|3333| 377 : 6369
==========|4444| 377 : 5646
==========|1111| 755 : 3706
==========|2222| 755 : 4212
==========|1111| 756 : 4223
==========|2222| 756 : 4580
==========|3333| 378 : 6368
==========|4444| 378 : 5607
==========|1111| 757 : 3687
==========|2222| 757 : 4164
==========|1111| 758 : 4223
==========|2222| 758 : 4581
==========|3333| 379 : 6368
==========|4444| 379 : 5583
==========|1111| 759 : 3771
==========|2222| 759 : 4158
==========|1111| 760 : 4223
==========|2222| 760 : 4580
==========|3333| 380 : 6368
==========|4444| 380 : 5566
==========|1111| 761 : 3781
==========|2222| 761 : 4163
==========|1111| 762 : 4223
==========|2222| 762 : 4581
==========|3333| 381 : 6368
==========|4444| 381 : 5604
==========|1111| 763 : 3784
==========|2222| 763 : 4167
==========|1111| 764 : 4223
==========|2222| 764 : 4580
==========|3333| 382 : 6368
==========|4444| 382 : 5598
==========|1111| 765 : 3767
==========|2222| 765 : 4148
==========|1111| 766 : 4223
==========|2222| 766 : 4581
==========|3333| 383 : 6369
==========|4444| 383 : 5587
==========|1111| 767 : 3758
==========|2222| 767 : 4140
==========|1111| 768 : 4222
==========|2222| 768 : 4579
==========|3333| 384 : 6367
==========|4444| 384 : 5681
==========|1111| 769 : 3766
==========|2222| 769 : 4122
==========|1111| 770 : 4223
==========|2222| 770 : 4581
==========|3333| 385 : 6369
==========|4444| 385 : 5651
==========|1111| 771 : 3736
==========|2222| 771 : 4132
==========|1111| 772 : 4223
==========|2222| 772 : 4582
==========|3333| 386 : 6369
==========|4444| 386 : 5673
==========|1111| 773 : 3755
==========|2222| 773 : 4145
==========|1111| 774 : 4224
==========|2222| 774 : 4581
==========|3333| 387 : 6369
==========|4444| 387 : 5656
==========|1111| 775 : 3734
==========|2222| 775 : 4126
==========|1111| 776 : 4223
==========|2222| 776 : 4581
==========|3333| 388 : 6369
==========|4444| 388 : 5660
==========|1111| 777 : 3714
==========|2222| 777 : 4121
==========|1111| 778 : 4223
==========|2222| 778 : 4581
==========|3333| 389 : 6369
==========|4444| 389 : 5643
==========|1111| 779 : 3708
==========|2222| 779 : 4163
==========|1111| 780 : 4223
==========|2222| 780 : 4581
==========|3333| 390 : 6368
==========|4444| 390 : 5599
==========|1111| 781 : 3707
==========|2222| 781 : 4171
==========|1111| 782 : 4223
==========|2222| 782 : 4581
==========|3333| 391 : 6368
==========|4444| 391 : 5734
==========|1111| 783 : 3709
==========|2222| 783 : 4203
==========|1111| 784 : 4223
==========|2222| 784 : 4580
==========|3333| 392 : 6368
==========|4444| 392 : 5614
==========|1111| 785 : 3777
==========|2222| 785 : 4151
==========|1111| 786 : 4223
==========|2222| 786 : 4580
==========|3333| 393 : 6368
==========|4444| 393 : 5586
==========|1111| 787 : 3765
==========|2222| 787 : 4140
==========|1111| 788 : 4223
==========|2222| 788 : 4581
==========|3333| 394 : 6368
==========|4444| 394 : 5598
==========|1111| 789 : 3745
==========|2222| 789 : 4119
==========|1111| 790 : 4223
==========|2222| 790 : 4580
==========|3333| 395 : 6368
==========|4444| 395 : 5565
==========|1111| 791 : 3760
==========|2222| 791 : 4134
==========|1111| 792 : 4223
==========|2222| 792 : 4580
==========|3333| 396 : 6368
==========|4444| 396 : 5678
==========|1111| 793 : 3764
==========|2222| 793 : 4155
==========|1111| 794 : 4223
==========|2222| 794 : 4580
==========|3333| 397 : 6368
==========|4444| 397 : 5684
==========|1111| 795 : 3738
==========|2222| 795 : 4140
==========|1111| 796 : 4223
==========|2222| 796 : 4581
==========|3333| 398 : 6369
==========|4444| 398 : 5678
==========|1111| 797 : 3739
==========|2222| 797 : 4125
==========|1111| 798 : 4223
==========|2222| 798 : 4581
==========|3333| 399 : 6369
==========|4444| 399 : 5673
==========|1111| 799 : 3740
==========|2222| 799 : 4096
==========|1111| 800 : 4223
==========|2222| 800 : 4581
==========|3333| 400 : 6368
==========|4444| 400 : 5630
==========|1111| 801 : 3731
==========|2222| 801 : 4123
==========|1111| 802 : 4223
==========|2222| 802 : 4581
==========|3333| 401 : 6368
==========|4444| 401 : 5664
==========|1111| 803 : 3734
==========|2222| 803 : 4130
==========|1111| 804 : 4223
==========|2222| 804 : 4580
==========|3333| 402 : 6368
==========|4444| 402 : 5654
==========|1111| 805 : 3728
==========|2222| 805 : 4201
==========|1111| 806 : 4223
==========|2222| 806 : 4581
==========|3333| 403 : 6368
==========|4444| 403 : 5636
==========|1111| 807 : 3726
==========|2222| 807 : 4188
==========|1111| 808 : 4223
==========|2222| 808 : 4581
==========|3333| 404 : 6368
==========|4444| 404 : 5616
==========|1111| 809 : 3714
==========|2222| 809 : 4171
==========|1111| 810 : 4223
==========|2222| 810 : 4580
==========|3333| 405 : 6368
==========|4444| 405 : 5600
==========|1111| 811 : 3819
==========|2222| 811 : 4194
==========|1111| 812 : 4223
==========|2222| 812 : 4580
==========|3333| 406 : 6368
==========|4444| 406 : 5613
==========|1111| 813 : 3810
==========|2222| 813 : 4191
==========|1111| 814 : 4223
==========|2222| 814 : 4581
==========|3333| 407 : 6368
==========|4444| 407 : 5596
==========|1111| 815 : 3776
==========|2222| 815 : 4182
==========|1111| 816 : 4222
==========|2222| 816 : 4579
==========|3333| 408 : 6367
==========|4444| 408 : 5614
==========|1111| 817 : 3775
==========|2222| 817 : 4181
==========|1111| 818 : 4223
==========|2222| 818 : 4580
==========|3333| 409 : 6368
==========|4444| 409 : 5690
==========|1111| 819 : 3759
==========|2222| 819 : 4120
==========|1111| 820 : 4223
==========|2222| 820 : 4580
==========|3333| 410 : 6368
==========|4444| 410 : 5664
==========|1111| 821 : 3752
==========|2222| 821 : 4138
==========|1111| 822 : 4223
==========|2222| 822 : 4580
==========|3333| 411 : 6368
==========|4444| 411 : 5676
==========|1111| 823 : 3747
==========|2222| 823 : 4147
==========|1111| 824 : 4223
==========|2222| 824 : 4581
==========|3333| 412 : 6370
==========|4444| 412 : 5664
==========|1111| 825 : 3735
==========|2222| 825 : 4133
==========|1111| 826 : 4223
==========|2222| 826 : 4582
==========|3333| 413 : 6369
==========|4444| 413 : 5636
==========|1111| 827 : 3725
==========|2222| 827 : 4209
==========|1111| 828 : 4223
==========|2222| 828 : 4580
==========|3333| 414 : 6368
==========|4444| 414 : 5640
==========|1111| 829 : 3709
==========|2222| 829 : 4086
==========|1111| 830 : 4223
==========|2222| 830 : 4581
==========|3333| 415 : 6368
==========|4444| 415 : 5648
==========|1111| 831 : 3725
==========|2222| 831 : 4223
==========|1111| 832 : 4223
==========|2222| 832 : 4581
==========|3333| 416 : 6368
==========|4444| 416 : 5633
==========|1111| 833 : 3729
==========|2222| 833 : 4206
==========|1111| 834 : 4223
==========|2222| 834 : 4581
==========|3333| 417 : 6368
==========|4444| 417 : 5634
==========|1111| 835 : 3703
==========|2222| 835 : 4165
==========|1111| 836 : 4223
==========|2222| 836 : 4580
==========|3333| 418 : 6368
==========|4444| 418 : 5624
==========|1111| 837 : 3784
==========|2222| 837 : 4194
==========|1111| 838 : 4223
==========|2222| 838 : 4580
==========|3333| 419 : 6368
==========|4444| 419 : 5617
==========|1111| 839 : 3771
==========|2222| 839 : 4152
==========|1111| 840 : 4223
==========|2222| 840 : 4580
==========|3333| 420 : 6368
==========|4444| 420 : 5590
==========|1111| 841 : 3760
==========|2222| 841 : 4140
==========|1111| 842 : 4223
==========|2222| 842 : 4580
==========|3333| 421 : 6368
==========|4444| 421 : 5595
==========|1111| 843 : 3752
==========|2222| 843 : 4151
==========|1111| 844 : 4223
==========|2222| 844 : 4581
==========|3333| 422 : 6368
==========|4444| 422 : 5689
==========|1111| 845 : 3739
==========|2222| 845 : 4148
==========|1111| 846 : 4223
==========|2222| 846 : 4580
==========|3333| 423 : 6368
==========|4444| 423 : 5687
==========|1111| 847 : 3746
==========|2222| 847 : 4152
==========|1111| 848 : 4223
==========|2222| 848 : 4580
==========|3333| 424 : 6368
==========|4444| 424 : 5680
==========|1111| 849 : 3717
==========|2222| 849 : 4095
==========|1111| 850 : 4222
==========|2222| 850 : 4579
==========|3333| 425 : 6367
==========|4444| 425 : 5660
==========|1111| 851 : 3723
==========|2222| 851 : 4112
==========|1111| 852 : 4223
==========|2222| 852 : 4581
==========|3333| 426 : 6369
==========|4444| 426 : 5658
==========|1111| 853 : 3712
==========|2222| 853 : 4121
==========|1111| 854 : 4223
==========|2222| 854 : 4582
==========|3333| 427 : 6369
==========|4444| 427 : 5643
==========|1111| 855 : 3695
==========|2222| 855 : 4200
==========|1111| 856 : 4224
==========|2222| 856 : 4581
==========|3333| 428 : 6369
==========|4444| 428 : 5602
==========|1111| 857 : 3694
==========|2222| 857 : 4180
==========|1111| 858 : 4223
==========|2222| 858 : 4581
==========|3333| 429 : 6368
==========|4444| 429 : 5614
==========|1111| 859 : 3686
==========|2222| 859 : 4165
==========|1111| 860 : 4223
==========|2222| 860 : 4580
==========|3333| 430 : 6368
==========|4444| 430 : 5631
==========|1111| 861 : 4223
==========|2222| 861 : 4145
==========|1111| 862 : 4223
==========|2222| 862 : 4580
==========|3333| 431 : 6368
==========|4444| 431 : 5605
==========|1111| 863 : 3738
==========|2222| 863 : 4154
==========|1111| 864 : 4223
==========|2222| 864 : 4581
==========|3333| 432 : 6368
==========|4444| 432 : 5602
==========|1111| 865 : 3709
==========|2222| 865 : 4120
==========|1111| 866 : 4223
==========|2222| 866 : 4580
==========|3333| 433 : 6368
==========|4444| 433 : 5579
==========|1111| 867 : 3754
==========|2222| 867 : 4124
==========|1111| 868 : 4223
==========|2222| 868 : 4581
==========|3333| 434 : 6368
==========|4444| 434 : 5561
==========|1111| 869 : 3752
==========|2222| 869 : 4109
==========|1111| 870 : 4223
==========|2222| 870 : 4580
==========|3333| 435 : 6368
==========|4444| 435 : 5667
==========|1111| 871 : 3765
==========|2222| 871 : 4156
==========|1111| 872 : 4223
==========|2222| 872 : 4581
==========|3333| 436 : 6368
==========|4444| 436 : 5671
==========|1111| 873 : 3702
==========|2222| 873 : 4103
==========|1111| 874 : 4223
==========|2222| 874 : 4580
==========|3333| 437 : 6368
==========|4444| 437 : 5645
==========|1111| 875 : 3686
==========|2222| 875 : 4068
==========|1111| 876 : 4223
==========|2222| 876 : 4581
==========|3333| 438 : 6369
==========|4444| 438 : 5624
==========|1111| 877 : 3719
==========|2222| 877 : 4093
==========|1111| 878 : 4222
==========|2222| 878 : 4579
==========|3333| 439 : 6367
==========|4444| 439 : 5648
==========|1111| 879 : 3733
==========|2222| 879 : 4090
==========|1111| 880 : 4223
==========|2222| 880 : 4582
==========|3333| 440 : 6369
==========|4444| 440 : 5605
==========|1111| 881 : 3692
==========|2222| 881 : 4196
==========|1111| 882 : 4224
==========|2222| 882 : 4580
==========|3333| 441 : 6368
==========|4444| 441 : 5604
==========|1111| 883 : 3681
==========|2222| 883 : 4184
==========|1111| 884 : 4224
==========|2222| 884 : 4581
==========|3333| 442 : 6369
==========|4444| 442 : 5612
==========|1111| 885 : 3684
==========|2222| 885 : 4183
==========|1111| 886 : 4223
==========|2222| 886 : 4581
==========|3333| 443 : 6368
==========|4444| 443 : 5618
==========|1111| 887 : 3800
==========|2222| 887 : 4181
==========|1111| 888 : 4223
==========|2222| 888 : 4581
==========|3333| 444 : 6368
==========|4444| 444 : 5619
==========|1111| 889 : 3750
==========|2222| 889 : 4151
==========|1111| 890 : 4223
==========|2222| 890 : 4581
==========|3333| 445 : 6368
==========|4444| 445 : 5588
==========|1111| 891 : 3784
==========|2222| 891 : 4175
==========|1111| 892 : 4223
==========|2222| 892 : 4581
==========|3333| 446 : 6368
==========|4444| 446 : 5598
==========|1111| 893 : 3796
==========|2222| 893 : 4164
==========|1111| 894 : 4223
==========|2222| 894 : 4580
==========|3333| 447 : 6368
==========|4444| 447 : 5697
==========|1111| 895 : 3766
==========|2222| 895 : 4143
==========|1111| 896 : 4223
==========|2222| 896 : 4581
==========|3333| 448 : 6368
==========|4444| 448 : 5665
==========|1111| 897 : 3750
==========|2222| 897 : 4131
==========|1111| 898 : 4223
==========|2222| 898 : 4580
==========|3333| 449 : 6368
==========|4444| 449 : 5645
==========|1111| 899 : 3726
==========|2222| 899 : 4107
==========|1111| 900 : 4223
==========|2222| 900 : 4581
==========|3333| 450 : 6368
==========|4444| 450 : 5635
==========|1111| 901 : 3753
==========|2222| 901 : 4146
==========|1111| 902 : 4223
==========|2222| 902 : 4580
