[0.111s] Invoking command in '/home/neu/Desktop/micro-ROS/microros_767/build/micro_ros_msgs': CMAKE_PREFIX_PATH=${CMAKE_PREFIX_PATH}:/home/neu/ros2_humble/install/rqt_bag_plugins:/home/neu/ros2_humble/install/rqt_bag:/home/neu/ros2_humble/install/ros2bag:/home/neu/ros2_humble/install/tracetools_test:/home/neu/ros2_humble/install/tracetools_launch:/home/neu/ros2_humble/install/topic_monitor:/home/neu/ros2_humble/install/tf2_tools:/home/neu/ros2_humble/install/examples_tf2_py:/home/neu/ros2_humble/install/tf2_ros_py:/home/neu/ros2_humble/install/sros2:/home/neu/ros2_humble/install/rqt_topic:/home/neu/ros2_humble/install/rqt_srv:/home/neu/ros2_humble/install/rqt_shell:/home/neu/ros2_humble/install/rqt_service_caller:/home/neu/ros2_humble/install/rqt_reconfigure:/home/neu/ros2_humble/install/rqt_py_console:/home/neu/ros2_humble/install/rqt_publisher:/home/neu/ros2_humble/install/rqt_plot:/home/neu/ros2_humble/install/rqt_action:/home/neu/ros2_humble/install/rqt_msg:/home/neu/ros2_humble/install/rqt_console:/home/neu/ros2_humble/install/rqt:/home/neu/ros2_humble/install/rqt_graph:/home/neu/ros2_humble/install/rqt_gui_py:/home/neu/ros2_humble/install/rqt_gui:/home/neu/ros2_humble/install/ros2trace:/home/neu/ros2_humble/install/ros2topic:/home/neu/ros2_humble/install/ros2test:/home/neu/ros2_humble/install/ros2component:/home/neu/ros2_humble/install/ros2param:/home/neu/ros2_humble/install/ros2lifecycle:/home/neu/ros2_humble/install/ros2service:/home/neu/ros2_humble/install/ros2run:/home/neu/ros2_humble/install/ros2launch:/home/neu/ros2_humble/install/ros2pkg:/home/neu/ros2_humble/install/ros2node:/home/neu/ros2_humble/install/ros2multicast:/home/neu/ros2_humble/install/ros2interface:/home/neu/ros2_humble/install/ros2doctor:/home/neu/ros2_humble/install/ros2action:/home/neu/ros2_humble/install/ros2cli:/home/neu/ros2_humble/install/quality_of_service_demo_py:/home/neu/ros2_humble/install/lifecycle_py:/home/neu/ros2_humble/install/launch_testing_ros:/home/neu/ros2_humble/install/launch_ros:/home/neu/ros2_humble/install/examples_rclpy_pointcloud_publisher:/home/neu/ros2_humble/install/examples_rclpy_minimal_subscriber:/home/neu/ros2_humble/install/examples_rclpy_minimal_service:/home/neu/ros2_humble/install/examples_rclpy_minimal_publisher:/home/neu/ros2_humble/install/examples_rclpy_minimal_client:/home/neu/ros2_humble/install/examples_rclpy_minimal_action_server:/home/neu/ros2_humble/install/examples_rclpy_minimal_action_client:/home/neu/ros2_humble/install/examples_rclpy_guard_conditions:/home/neu/ros2_humble/install/examples_rclpy_executors:/home/neu/ros2_humble/install/demo_nodes_py:/home/neu/ros2_humble/install/action_tutorials_py:/home/neu/ros2_humble/install/ament_uncrustify:/home/neu/ros2_humble/install/tracetools_trace:/home/neu/ros2_humble/install/tracetools_read:/home/neu/ros2_humble/install/test_tracetools_launch:/home/neu/ros2_humble/install/test_launch_ros:/home/neu/ros2_humble/install/sensor_msgs_py:/home/neu/ros2_humble/install/rpyutils:/home/neu/ros2_humble/install/rosidl_runtime_py:/home/neu/ros2_humble/install/rosidl_cli:/home/neu/ros2_humble/install/launch_pytest:/home/neu/ros2_humble/install/launch_testing:/home/neu/ros2_humble/install/launch_yaml:/home/neu/ros2_humble/install/launch_xml:/home/neu/ros2_humble/install/launch:/home/neu/ros2_humble/install/osrf_pycommon:/home/neu/ros2_humble/install/launch_testing_examples:/home/neu/ros2_humble/install/domain_coordinator:/home/neu/ros2_humble/install/ament_xmllint:/home/neu/ros2_humble/install/ament_pyflakes:/home/neu/ros2_humble/install/ament_pycodestyle:/home/neu/ros2_humble/install/ament_pep257:/home/neu/ros2_humble/install/ament_pclint:/home/neu/ros2_humble/install/ament_package:/home/neu/ros2_humble/install/ament_mypy:/home/neu/ros2_humble/install/ament_lint_cmake:/home/neu/ros2_humble/install/ament_flake8:/home/neu/ros2_humble/install/ament_copyright:/home/neu/ros2_humble/install/ament_lint:/home/neu/ros2_humble/install/ament_index_python:/home/neu/ros2_humble/install/ament_cpplint:/home/neu/ros2_humble/install/ament_cppcheck:/home/neu/ros2_humble/install/ament_clang_tidy:/home/neu/ros2_humble/install/ament_clang_format /usr/bin/cmake /home/neu/Desktop/micro-ROS/microros_767/src/uros/micro_ros_msgs -DUAGENT_BUILD_EXECUTABLE=OFF -DUAGENT_P2P_PROFILE=OFF --no-warn-unused-cli -DCMAKE_INSTALL_PREFIX=/home/neu/Desktop/micro-ROS/microros_767/install/micro_ros_msgs
[0.126s] Not searching for unused variables given on the command line.
[0.169s] -- The C compiler identification is GNU 9.4.0
[0.227s] -- The CXX compiler identification is GNU 9.4.0
[0.238s] -- Check for working C compiler: /usr/bin/cc
[0.302s] -- Check for working C compiler: /usr/bin/cc -- works
[0.302s] -- Detecting C compiler ABI info
[0.366s] -- Detecting C compiler ABI info - done
[0.373s] -- Detecting C compile features
[0.373s] -- Detecting C compile features - done
[0.374s] -- Check for working CXX compiler: /usr/bin/c++
[0.444s] -- Check for working CXX compiler: /usr/bin/c++ -- works
[0.445s] -- Detecting CXX compiler ABI info
[0.515s] -- Detecting CXX compiler ABI info - done
[0.521s] -- Detecting CXX compile features
[0.521s] -- Detecting CXX compile features - done
[0.528s] -- Found ament_cmake: 1.3.3 (/home/neu/ros2_humble/install/ament_cmake/share/ament_cmake/cmake)
[1.834s] -- Found Python3: /usr/bin/python3.8 (found version "3.8.10") found components: Interpreter 
[2.254s] -- Found rosidl_default_generators: 1.2.0 (/home/neu/ros2_humble/install/rosidl_default_generators/share/rosidl_default_generators/cmake)
[2.343s] -- Using all available rosidl_typesupport_c: rosidl_typesupport_introspection_c;rosidl_typesupport_fastrtps_c
[2.366s] -- Found rosidl_adapter: 3.1.4 (/home/neu/ros2_humble/install/rosidl_adapter/share/rosidl_adapter/cmake)
[2.476s] -- Using all available rosidl_typesupport_cpp: rosidl_typesupport_introspection_cpp;rosidl_typesupport_fastrtps_cpp
[2.545s] -- Found ament_lint_auto: 0.12.5 (/home/neu/ros2_humble/install/ament_lint_auto/share/ament_lint_auto/cmake)
[6.367s] -- Found ament_cmake_ros: 0.10.0 (/home/neu/ros2_humble/install/ament_cmake_ros/share/ament_cmake_ros/cmake)
[8.336s] -- Using all available rosidl_typesupport_c: rosidl_typesupport_introspection_c;rosidl_typesupport_fastrtps_c
[11.861s] -- Using all available rosidl_typesupport_cpp: rosidl_typesupport_introspection_cpp;rosidl_typesupport_fastrtps_cpp
[12.092s] -- Found PythonInterp: /usr/bin/python3 (found suitable version "3.8.10", minimum required is "3.6") 
[12.100s] -- Found python_cmake_module: 0.10.0 (/home/neu/ros2_humble/install/python_cmake_module/share/python_cmake_module/cmake)
[12.333s] -- Found PythonLibs: /usr/lib/x86_64-linux-gnu/libpython3.8.so (found suitable version "3.8.10", minimum required is "3.5") 
[12.334s] -- Using PYTHON_EXECUTABLE: /usr/bin/python3
[12.334s] -- Using PYTHON_INCLUDE_DIRS: /usr/include/python3.8
[12.334s] -- Using PYTHON_LIBRARIES: /usr/lib/x86_64-linux-gnu/libpython3.8.so
[12.546s] -- Found PythonExtra: .so  
[12.950s] -- Added test 'copyright' to check source files copyright and LICENSE
[12.959s] -- Added test 'lint_cmake' to check CMake code style
[12.965s] -- Added test 'xmllint' to check XML markup files
[12.978s] -- Configuring done
[12.995s] -- Generating done
[12.996s] -- Build files have been written to: /home/neu/Desktop/micro-ROS/microros_767/build/micro_ros_msgs
[13.002s] Invoked command in '/home/neu/Desktop/micro-ROS/microros_767/build/micro_ros_msgs' returned '0': CMAKE_PREFIX_PATH=${CMAKE_PREFIX_PATH}:/home/neu/ros2_humble/install/rqt_bag_plugins:/home/neu/ros2_humble/install/rqt_bag:/home/neu/ros2_humble/install/ros2bag:/home/neu/ros2_humble/install/tracetools_test:/home/neu/ros2_humble/install/tracetools_launch:/home/neu/ros2_humble/install/topic_monitor:/home/neu/ros2_humble/install/tf2_tools:/home/neu/ros2_humble/install/examples_tf2_py:/home/neu/ros2_humble/install/tf2_ros_py:/home/neu/ros2_humble/install/sros2:/home/neu/ros2_humble/install/rqt_topic:/home/neu/ros2_humble/install/rqt_srv:/home/neu/ros2_humble/install/rqt_shell:/home/neu/ros2_humble/install/rqt_service_caller:/home/neu/ros2_humble/install/rqt_reconfigure:/home/neu/ros2_humble/install/rqt_py_console:/home/neu/ros2_humble/install/rqt_publisher:/home/neu/ros2_humble/install/rqt_plot:/home/neu/ros2_humble/install/rqt_action:/home/neu/ros2_humble/install/rqt_msg:/home/neu/ros2_humble/install/rqt_console:/home/neu/ros2_humble/install/rqt:/home/neu/ros2_humble/install/rqt_graph:/home/neu/ros2_humble/install/rqt_gui_py:/home/neu/ros2_humble/install/rqt_gui:/home/neu/ros2_humble/install/ros2trace:/home/neu/ros2_humble/install/ros2topic:/home/neu/ros2_humble/install/ros2test:/home/neu/ros2_humble/install/ros2component:/home/neu/ros2_humble/install/ros2param:/home/neu/ros2_humble/install/ros2lifecycle:/home/neu/ros2_humble/install/ros2service:/home/neu/ros2_humble/install/ros2run:/home/neu/ros2_humble/install/ros2launch:/home/neu/ros2_humble/install/ros2pkg:/home/neu/ros2_humble/install/ros2node:/home/neu/ros2_humble/install/ros2multicast:/home/neu/ros2_humble/install/ros2interface:/home/neu/ros2_humble/install/ros2doctor:/home/neu/ros2_humble/install/ros2action:/home/neu/ros2_humble/install/ros2cli:/home/neu/ros2_humble/install/quality_of_service_demo_py:/home/neu/ros2_humble/install/lifecycle_py:/home/neu/ros2_humble/install/launch_testing_ros:/home/neu/ros2_humble/install/launch_ros:/home/neu/ros2_humble/install/examples_rclpy_pointcloud_publisher:/home/neu/ros2_humble/install/examples_rclpy_minimal_subscriber:/home/neu/ros2_humble/install/examples_rclpy_minimal_service:/home/neu/ros2_humble/install/examples_rclpy_minimal_publisher:/home/neu/ros2_humble/install/examples_rclpy_minimal_client:/home/neu/ros2_humble/install/examples_rclpy_minimal_action_server:/home/neu/ros2_humble/install/examples_rclpy_minimal_action_client:/home/neu/ros2_humble/install/examples_rclpy_guard_conditions:/home/neu/ros2_humble/install/examples_rclpy_executors:/home/neu/ros2_humble/install/demo_nodes_py:/home/neu/ros2_humble/install/action_tutorials_py:/home/neu/ros2_humble/install/ament_uncrustify:/home/neu/ros2_humble/install/tracetools_trace:/home/neu/ros2_humble/install/tracetools_read:/home/neu/ros2_humble/install/test_tracetools_launch:/home/neu/ros2_humble/install/test_launch_ros:/home/neu/ros2_humble/install/sensor_msgs_py:/home/neu/ros2_humble/install/rpyutils:/home/neu/ros2_humble/install/rosidl_runtime_py:/home/neu/ros2_humble/install/rosidl_cli:/home/neu/ros2_humble/install/launch_pytest:/home/neu/ros2_humble/install/launch_testing:/home/neu/ros2_humble/install/launch_yaml:/home/neu/ros2_humble/install/launch_xml:/home/neu/ros2_humble/install/launch:/home/neu/ros2_humble/install/osrf_pycommon:/home/neu/ros2_humble/install/launch_testing_examples:/home/neu/ros2_humble/install/domain_coordinator:/home/neu/ros2_humble/install/ament_xmllint:/home/neu/ros2_humble/install/ament_pyflakes:/home/neu/ros2_humble/install/ament_pycodestyle:/home/neu/ros2_humble/install/ament_pep257:/home/neu/ros2_humble/install/ament_pclint:/home/neu/ros2_humble/install/ament_package:/home/neu/ros2_humble/install/ament_mypy:/home/neu/ros2_humble/install/ament_lint_cmake:/home/neu/ros2_humble/install/ament_flake8:/home/neu/ros2_humble/install/ament_copyright:/home/neu/ros2_humble/install/ament_lint:/home/neu/ros2_humble/install/ament_index_python:/home/neu/ros2_humble/install/ament_cpplint:/home/neu/ros2_humble/install/ament_cppcheck:/home/neu/ros2_humble/install/ament_clang_tidy:/home/neu/ros2_humble/install/ament_clang_format /usr/bin/cmake /home/neu/Desktop/micro-ROS/microros_767/src/uros/micro_ros_msgs -DUAGENT_BUILD_EXECUTABLE=OFF -DUAGENT_P2P_PROFILE=OFF --no-warn-unused-cli -DCMAKE_INSTALL_PREFIX=/home/neu/Desktop/micro-ROS/microros_767/install/micro_ros_msgs
[13.003s] Invoking command in '/home/neu/Desktop/micro-ROS/microros_767/build/micro_ros_msgs': CMAKE_PREFIX_PATH=${CMAKE_PREFIX_PATH}:/home/neu/ros2_humble/install/rqt_bag_plugins:/home/neu/ros2_humble/install/rqt_bag:/home/neu/ros2_humble/install/ros2bag:/home/neu/ros2_humble/install/tracetools_test:/home/neu/ros2_humble/install/tracetools_launch:/home/neu/ros2_humble/install/topic_monitor:/home/neu/ros2_humble/install/tf2_tools:/home/neu/ros2_humble/install/examples_tf2_py:/home/neu/ros2_humble/install/tf2_ros_py:/home/neu/ros2_humble/install/sros2:/home/neu/ros2_humble/install/rqt_topic:/home/neu/ros2_humble/install/rqt_srv:/home/neu/ros2_humble/install/rqt_shell:/home/neu/ros2_humble/install/rqt_service_caller:/home/neu/ros2_humble/install/rqt_reconfigure:/home/neu/ros2_humble/install/rqt_py_console:/home/neu/ros2_humble/install/rqt_publisher:/home/neu/ros2_humble/install/rqt_plot:/home/neu/ros2_humble/install/rqt_action:/home/neu/ros2_humble/install/rqt_msg:/home/neu/ros2_humble/install/rqt_console:/home/neu/ros2_humble/install/rqt:/home/neu/ros2_humble/install/rqt_graph:/home/neu/ros2_humble/install/rqt_gui_py:/home/neu/ros2_humble/install/rqt_gui:/home/neu/ros2_humble/install/ros2trace:/home/neu/ros2_humble/install/ros2topic:/home/neu/ros2_humble/install/ros2test:/home/neu/ros2_humble/install/ros2component:/home/neu/ros2_humble/install/ros2param:/home/neu/ros2_humble/install/ros2lifecycle:/home/neu/ros2_humble/install/ros2service:/home/neu/ros2_humble/install/ros2run:/home/neu/ros2_humble/install/ros2launch:/home/neu/ros2_humble/install/ros2pkg:/home/neu/ros2_humble/install/ros2node:/home/neu/ros2_humble/install/ros2multicast:/home/neu/ros2_humble/install/ros2interface:/home/neu/ros2_humble/install/ros2doctor:/home/neu/ros2_humble/install/ros2action:/home/neu/ros2_humble/install/ros2cli:/home/neu/ros2_humble/install/quality_of_service_demo_py:/home/neu/ros2_humble/install/lifecycle_py:/home/neu/ros2_humble/install/launch_testing_ros:/home/neu/ros2_humble/install/launch_ros:/home/neu/ros2_humble/install/examples_rclpy_pointcloud_publisher:/home/neu/ros2_humble/install/examples_rclpy_minimal_subscriber:/home/neu/ros2_humble/install/examples_rclpy_minimal_service:/home/neu/ros2_humble/install/examples_rclpy_minimal_publisher:/home/neu/ros2_humble/install/examples_rclpy_minimal_client:/home/neu/ros2_humble/install/examples_rclpy_minimal_action_server:/home/neu/ros2_humble/install/examples_rclpy_minimal_action_client:/home/neu/ros2_humble/install/examples_rclpy_guard_conditions:/home/neu/ros2_humble/install/examples_rclpy_executors:/home/neu/ros2_humble/install/demo_nodes_py:/home/neu/ros2_humble/install/action_tutorials_py:/home/neu/ros2_humble/install/ament_uncrustify:/home/neu/ros2_humble/install/tracetools_trace:/home/neu/ros2_humble/install/tracetools_read:/home/neu/ros2_humble/install/test_tracetools_launch:/home/neu/ros2_humble/install/test_launch_ros:/home/neu/ros2_humble/install/sensor_msgs_py:/home/neu/ros2_humble/install/rpyutils:/home/neu/ros2_humble/install/rosidl_runtime_py:/home/neu/ros2_humble/install/rosidl_cli:/home/neu/ros2_humble/install/launch_pytest:/home/neu/ros2_humble/install/launch_testing:/home/neu/ros2_humble/install/launch_yaml:/home/neu/ros2_humble/install/launch_xml:/home/neu/ros2_humble/install/launch:/home/neu/ros2_humble/install/osrf_pycommon:/home/neu/ros2_humble/install/launch_testing_examples:/home/neu/ros2_humble/install/domain_coordinator:/home/neu/ros2_humble/install/ament_xmllint:/home/neu/ros2_humble/install/ament_pyflakes:/home/neu/ros2_humble/install/ament_pycodestyle:/home/neu/ros2_humble/install/ament_pep257:/home/neu/ros2_humble/install/ament_pclint:/home/neu/ros2_humble/install/ament_package:/home/neu/ros2_humble/install/ament_mypy:/home/neu/ros2_humble/install/ament_lint_cmake:/home/neu/ros2_humble/install/ament_flake8:/home/neu/ros2_humble/install/ament_copyright:/home/neu/ros2_humble/install/ament_lint:/home/neu/ros2_humble/install/ament_index_python:/home/neu/ros2_humble/install/ament_cpplint:/home/neu/ros2_humble/install/ament_cppcheck:/home/neu/ros2_humble/install/ament_clang_tidy:/home/neu/ros2_humble/install/ament_clang_format /usr/bin/cmake --build /home/neu/Desktop/micro-ROS/microros_767/build/micro_ros_msgs -- -j20 -l20
[13.050s] [  2%] [34m[1mGenerating C code for ROS interfaces[0m
[13.050s] [35m[1mScanning dependencies of target ament_cmake_python_copy_micro_ros_msgs[0m
[13.050s] [35m[1mScanning dependencies of target micro_ros_msgs__cpp[0m
[13.064s] [  4%] [34m[1mGenerating C++ code for ROS interfaces[0m
[13.074s] [  4%] Built target ament_cmake_python_copy_micro_ros_msgs
[13.087s] [35m[1mScanning dependencies of target ament_cmake_python_build_micro_ros_msgs_egg[0m
[13.501s] [35m[1mScanning dependencies of target micro_ros_msgs__rosidl_generator_c[0m
[13.510s] running egg_info
[13.511s] creating micro_ros_msgs.egg-info
[13.511s] writing micro_ros_msgs.egg-info/PKG-INFO
[13.511s] writing dependency_links to micro_ros_msgs.egg-info/dependency_links.txt
[13.511s] writing top-level names to micro_ros_msgs.egg-info/top_level.txt
[13.511s] writing manifest file 'micro_ros_msgs.egg-info/SOURCES.txt'
[13.515s] [  4%] Built target micro_ros_msgs__cpp
[13.521s] [ 10%] [32mBuilding C object CMakeFiles/micro_ros_msgs__rosidl_generator_c.dir/rosidl_generator_c/micro_ros_msgs/msg/detail/graph__functions.c.o[0m
[13.521s] [ 10%] [32mBuilding C object CMakeFiles/micro_ros_msgs__rosidl_generator_c.dir/rosidl_generator_c/micro_ros_msgs/msg/detail/entity__functions.c.o[0m
[13.521s] [ 10%] [32mBuilding C object CMakeFiles/micro_ros_msgs__rosidl_generator_c.dir/rosidl_generator_c/micro_ros_msgs/msg/detail/node__functions.c.o[0m
[13.531s] [ 12%] [34m[1mGenerating C++ introspection for ROS interfaces[0m
[13.532s] [ 14%] [34m[1mGenerating C++ type support for eProsima Fast-RTPS[0m
[13.532s] [ 17%] [34m[1mGenerating C++ type support dispatch for ROS interfaces[0m
[13.539s] reading manifest file 'micro_ros_msgs.egg-info/SOURCES.txt'
[13.539s] writing manifest file 'micro_ros_msgs.egg-info/SOURCES.txt'
[13.562s] [ 17%] Built target ament_cmake_python_build_micro_ros_msgs_egg
[13.578s] [ 19%] [32m[1mLinking C shared library libmicro_ros_msgs__rosidl_generator_c.so[0m
[13.615s] [ 19%] Built target micro_ros_msgs__rosidl_generator_c
[13.629s] [ 23%] [34m[1mGenerating C type support for eProsima Fast-RTPS[0m
[13.629s] [ 23%] [34m[1mGenerating C type support dispatch for ROS interfaces[0m
[13.635s] [ 25%] [34m[1mGenerating C introspection for ROS interfaces[0m
[13.988s] [35m[1mScanning dependencies of target micro_ros_msgs__rosidl_typesupport_introspection_cpp[0m
[13.995s] [35m[1mScanning dependencies of target micro_ros_msgs__rosidl_typesupport_fastrtps_cpp[0m
[14.009s] [ 27%] [32mBuilding CXX object CMakeFiles/micro_ros_msgs__rosidl_typesupport_introspection_cpp.dir/rosidl_typesupport_introspection_cpp/micro_ros_msgs/msg/detail/graph__type_support.cpp.o[0m
[14.015s] [ 31%] [32mBuilding CXX object CMakeFiles/micro_ros_msgs__rosidl_typesupport_introspection_cpp.dir/rosidl_typesupport_introspection_cpp/micro_ros_msgs/msg/detail/node__type_support.cpp.o[0m
[14.015s] [ 31%] [32mBuilding CXX object CMakeFiles/micro_ros_msgs__rosidl_typesupport_introspection_cpp.dir/rosidl_typesupport_introspection_cpp/micro_ros_msgs/msg/detail/entity__type_support.cpp.o[0m
[14.019s] [ 34%] [32mBuilding CXX object CMakeFiles/micro_ros_msgs__rosidl_typesupport_fastrtps_cpp.dir/rosidl_typesupport_fastrtps_cpp/micro_ros_msgs/msg/detail/dds_fastrtps/entity__type_support.cpp.o[0m
[14.019s] [ 36%] [32mBuilding CXX object CMakeFiles/micro_ros_msgs__rosidl_typesupport_fastrtps_cpp.dir/rosidl_typesupport_fastrtps_cpp/micro_ros_msgs/msg/detail/dds_fastrtps/graph__type_support.cpp.o[0m
[14.022s] [35m[1mScanning dependencies of target micro_ros_msgs__rosidl_typesupport_cpp[0m
[14.025s] [ 38%] [32mBuilding CXX object CMakeFiles/micro_ros_msgs__rosidl_typesupport_fastrtps_cpp.dir/rosidl_typesupport_fastrtps_cpp/micro_ros_msgs/msg/detail/dds_fastrtps/node__type_support.cpp.o[0m
[14.049s] [ 40%] [32mBuilding CXX object CMakeFiles/micro_ros_msgs__rosidl_typesupport_cpp.dir/rosidl_typesupport_cpp/micro_ros_msgs/msg/graph__type_support.cpp.o[0m
[14.055s] [ 44%] [32mBuilding CXX object CMakeFiles/micro_ros_msgs__rosidl_typesupport_cpp.dir/rosidl_typesupport_cpp/micro_ros_msgs/msg/node__type_support.cpp.o[0m
[14.056s] [ 44%] [32mBuilding CXX object CMakeFiles/micro_ros_msgs__rosidl_typesupport_cpp.dir/rosidl_typesupport_cpp/micro_ros_msgs/msg/entity__type_support.cpp.o[0m
[14.083s] [35m[1mScanning dependencies of target micro_ros_msgs__rosidl_typesupport_c[0m
[14.106s] [ 46%] [32mBuilding CXX object CMakeFiles/micro_ros_msgs__rosidl_typesupport_c.dir/rosidl_typesupport_c/micro_ros_msgs/msg/entity__type_support.cpp.o[0m
[14.110s] [ 48%] [32mBuilding CXX object CMakeFiles/micro_ros_msgs__rosidl_typesupport_c.dir/rosidl_typesupport_c/micro_ros_msgs/msg/graph__type_support.cpp.o[0m
[14.110s] [ 51%] [32mBuilding CXX object CMakeFiles/micro_ros_msgs__rosidl_typesupport_c.dir/rosidl_typesupport_c/micro_ros_msgs/msg/node__type_support.cpp.o[0m
[14.167s] [ 53%] [32m[1mLinking CXX shared library libmicro_ros_msgs__rosidl_typesupport_c.so[0m
[14.190s] [35m[1mScanning dependencies of target micro_ros_msgs__rosidl_typesupport_fastrtps_c[0m
[14.213s] [ 55%] [32mBuilding CXX object CMakeFiles/micro_ros_msgs__rosidl_typesupport_fastrtps_c.dir/rosidl_typesupport_fastrtps_c/micro_ros_msgs/msg/detail/graph__type_support_c.cpp.o[0m
[14.220s] [ 57%] [32mBuilding CXX object CMakeFiles/micro_ros_msgs__rosidl_typesupport_fastrtps_c.dir/rosidl_typesupport_fastrtps_c/micro_ros_msgs/msg/detail/entity__type_support_c.cpp.o[0m
[14.221s] [ 59%] [32mBuilding CXX object CMakeFiles/micro_ros_msgs__rosidl_typesupport_fastrtps_c.dir/rosidl_typesupport_fastrtps_c/micro_ros_msgs/msg/detail/node__type_support_c.cpp.o[0m
[14.225s] [ 59%] Built target micro_ros_msgs__rosidl_typesupport_c
[14.282s] [35m[1mScanning dependencies of target micro_ros_msgs__rosidl_typesupport_introspection_c[0m
[14.303s] [ 61%] [32mBuilding C object CMakeFiles/micro_ros_msgs__rosidl_typesupport_introspection_c.dir/rosidl_typesupport_introspection_c/micro_ros_msgs/msg/detail/graph__type_support.c.o[0m
[14.311s] [ 65%] [32mBuilding C object CMakeFiles/micro_ros_msgs__rosidl_typesupport_introspection_c.dir/rosidl_typesupport_introspection_c/micro_ros_msgs/msg/detail/entity__type_support.c.o[0m
[14.311s] [ 65%] [32mBuilding C object CMakeFiles/micro_ros_msgs__rosidl_typesupport_introspection_c.dir/rosidl_typesupport_introspection_c/micro_ros_msgs/msg/detail/node__type_support.c.o[0m
[14.368s] [ 68%] [32m[1mLinking C shared library libmicro_ros_msgs__rosidl_typesupport_introspection_c.so[0m
[14.409s] [ 68%] Built target micro_ros_msgs__rosidl_typesupport_introspection_c
[14.420s] [ 70%] [32m[1mLinking CXX shared library libmicro_ros_msgs__rosidl_typesupport_cpp.so[0m
[14.467s] [ 70%] Built target micro_ros_msgs__rosidl_typesupport_cpp
[14.524s] [ 72%] [32m[1mLinking CXX shared library libmicro_ros_msgs__rosidl_typesupport_fastrtps_cpp.so[0m
[14.532s] [ 74%] [32m[1mLinking CXX shared library libmicro_ros_msgs__rosidl_typesupport_fastrtps_c.so[0m
[14.587s] [ 76%] [32m[1mLinking CXX shared library libmicro_ros_msgs__rosidl_typesupport_introspection_cpp.so[0m
[14.587s] [ 76%] Built target micro_ros_msgs__rosidl_typesupport_fastrtps_cpp
[14.592s] [ 76%] Built target micro_ros_msgs__rosidl_typesupport_fastrtps_c
[14.643s] [ 76%] Built target micro_ros_msgs__rosidl_typesupport_introspection_cpp
[14.655s] [35m[1mScanning dependencies of target micro_ros_msgs[0m
[14.668s] [ 76%] Built target micro_ros_msgs
[14.681s] [35m[1mScanning dependencies of target micro_ros_msgs__py[0m
[14.694s] [ 78%] [34m[1mGenerating Python code for ROS interfaces[0m
[15.182s] [ 78%] Built target micro_ros_msgs__py
[15.194s] [35m[1mScanning dependencies of target micro_ros_msgs__rosidl_generator_py[0m
[15.223s] [ 85%] [32mBuilding C object CMakeFiles/micro_ros_msgs__rosidl_generator_py.dir/rosidl_generator_py/micro_ros_msgs/msg/_entity_s.c.o[0m
[15.223s] [ 85%] [32mBuilding C object CMakeFiles/micro_ros_msgs__rosidl_generator_py.dir/rosidl_generator_py/micro_ros_msgs/msg/_node_s.c.o[0m
[15.223s] [ 85%] [32mBuilding C object CMakeFiles/micro_ros_msgs__rosidl_generator_py.dir/rosidl_generator_py/micro_ros_msgs/msg/_graph_s.c.o[0m
[15.298s] [ 87%] [32m[1mLinking C shared library rosidl_generator_py/micro_ros_msgs/libmicro_ros_msgs__rosidl_generator_py.so[0m
[15.343s] [ 87%] Built target micro_ros_msgs__rosidl_generator_py
[15.356s] [35m[1mScanning dependencies of target micro_ros_msgs__rosidl_typesupport_fastrtps_c__pyext[0m
[15.357s] [35m[1mScanning dependencies of target micro_ros_msgs__rosidl_typesupport_c__pyext[0m
[15.357s] [35m[1mScanning dependencies of target micro_ros_msgs__rosidl_typesupport_introspection_c__pyext[0m
[15.375s] [ 91%] [32mBuilding C object CMakeFiles/micro_ros_msgs__rosidl_typesupport_c__pyext.dir/rosidl_generator_py/micro_ros_msgs/_micro_ros_msgs_s.ep.rosidl_typesupport_c.c.o[0m
[15.375s] [ 93%] [32mBuilding C object CMakeFiles/micro_ros_msgs__rosidl_typesupport_introspection_c__pyext.dir/rosidl_generator_py/micro_ros_msgs/_micro_ros_msgs_s.ep.rosidl_typesupport_introspection_c.c.o[0m
[15.375s] [ 91%] [32mBuilding C object CMakeFiles/micro_ros_msgs__rosidl_typesupport_fastrtps_c__pyext.dir/rosidl_generator_py/micro_ros_msgs/_micro_ros_msgs_s.ep.rosidl_typesupport_fastrtps_c.c.o[0m
[15.437s] [100%] [32m[1mLinking C shared library rosidl_generator_py/micro_ros_msgs/micro_ros_msgs_s__rosidl_typesupport_introspection_c.cpython-38-x86_64-linux-gnu.so[0m
[15.437s] [100%] [32m[1mLinking C shared library rosidl_generator_py/micro_ros_msgs/micro_ros_msgs_s__rosidl_typesupport_c.cpython-38-x86_64-linux-gnu.so[0m
[15.437s] [100%] [32m[1mLinking C shared library rosidl_generator_py/micro_ros_msgs/micro_ros_msgs_s__rosidl_typesupport_fastrtps_c.cpython-38-x86_64-linux-gnu.so[0m
[15.472s] [100%] Built target micro_ros_msgs__rosidl_typesupport_introspection_c__pyext
[15.472s] [100%] Built target micro_ros_msgs__rosidl_typesupport_fastrtps_c__pyext
[15.472s] [100%] Built target micro_ros_msgs__rosidl_typesupport_c__pyext
[15.486s] Invoked command in '/home/neu/Desktop/micro-ROS/microros_767/build/micro_ros_msgs' returned '0': CMAKE_PREFIX_PATH=${CMAKE_PREFIX_PATH}:/home/neu/ros2_humble/install/rqt_bag_plugins:/home/neu/ros2_humble/install/rqt_bag:/home/neu/ros2_humble/install/ros2bag:/home/neu/ros2_humble/install/tracetools_test:/home/neu/ros2_humble/install/tracetools_launch:/home/neu/ros2_humble/install/topic_monitor:/home/neu/ros2_humble/install/tf2_tools:/home/neu/ros2_humble/install/examples_tf2_py:/home/neu/ros2_humble/install/tf2_ros_py:/home/neu/ros2_humble/install/sros2:/home/neu/ros2_humble/install/rqt_topic:/home/neu/ros2_humble/install/rqt_srv:/home/neu/ros2_humble/install/rqt_shell:/home/neu/ros2_humble/install/rqt_service_caller:/home/neu/ros2_humble/install/rqt_reconfigure:/home/neu/ros2_humble/install/rqt_py_console:/home/neu/ros2_humble/install/rqt_publisher:/home/neu/ros2_humble/install/rqt_plot:/home/neu/ros2_humble/install/rqt_action:/home/neu/ros2_humble/install/rqt_msg:/home/neu/ros2_humble/install/rqt_console:/home/neu/ros2_humble/install/rqt:/home/neu/ros2_humble/install/rqt_graph:/home/neu/ros2_humble/install/rqt_gui_py:/home/neu/ros2_humble/install/rqt_gui:/home/neu/ros2_humble/install/ros2trace:/home/neu/ros2_humble/install/ros2topic:/home/neu/ros2_humble/install/ros2test:/home/neu/ros2_humble/install/ros2component:/home/neu/ros2_humble/install/ros2param:/home/neu/ros2_humble/install/ros2lifecycle:/home/neu/ros2_humble/install/ros2service:/home/neu/ros2_humble/install/ros2run:/home/neu/ros2_humble/install/ros2launch:/home/neu/ros2_humble/install/ros2pkg:/home/neu/ros2_humble/install/ros2node:/home/neu/ros2_humble/install/ros2multicast:/home/neu/ros2_humble/install/ros2interface:/home/neu/ros2_humble/install/ros2doctor:/home/neu/ros2_humble/install/ros2action:/home/neu/ros2_humble/install/ros2cli:/home/neu/ros2_humble/install/quality_of_service_demo_py:/home/neu/ros2_humble/install/lifecycle_py:/home/neu/ros2_humble/install/launch_testing_ros:/home/neu/ros2_humble/install/launch_ros:/home/neu/ros2_humble/install/examples_rclpy_pointcloud_publisher:/home/neu/ros2_humble/install/examples_rclpy_minimal_subscriber:/home/neu/ros2_humble/install/examples_rclpy_minimal_service:/home/neu/ros2_humble/install/examples_rclpy_minimal_publisher:/home/neu/ros2_humble/install/examples_rclpy_minimal_client:/home/neu/ros2_humble/install/examples_rclpy_minimal_action_server:/home/neu/ros2_humble/install/examples_rclpy_minimal_action_client:/home/neu/ros2_humble/install/examples_rclpy_guard_conditions:/home/neu/ros2_humble/install/examples_rclpy_executors:/home/neu/ros2_humble/install/demo_nodes_py:/home/neu/ros2_humble/install/action_tutorials_py:/home/neu/ros2_humble/install/ament_uncrustify:/home/neu/ros2_humble/install/tracetools_trace:/home/neu/ros2_humble/install/tracetools_read:/home/neu/ros2_humble/install/test_tracetools_launch:/home/neu/ros2_humble/install/test_launch_ros:/home/neu/ros2_humble/install/sensor_msgs_py:/home/neu/ros2_humble/install/rpyutils:/home/neu/ros2_humble/install/rosidl_runtime_py:/home/neu/ros2_humble/install/rosidl_cli:/home/neu/ros2_humble/install/launch_pytest:/home/neu/ros2_humble/install/launch_testing:/home/neu/ros2_humble/install/launch_yaml:/home/neu/ros2_humble/install/launch_xml:/home/neu/ros2_humble/install/launch:/home/neu/ros2_humble/install/osrf_pycommon:/home/neu/ros2_humble/install/launch_testing_examples:/home/neu/ros2_humble/install/domain_coordinator:/home/neu/ros2_humble/install/ament_xmllint:/home/neu/ros2_humble/install/ament_pyflakes:/home/neu/ros2_humble/install/ament_pycodestyle:/home/neu/ros2_humble/install/ament_pep257:/home/neu/ros2_humble/install/ament_pclint:/home/neu/ros2_humble/install/ament_package:/home/neu/ros2_humble/install/ament_mypy:/home/neu/ros2_humble/install/ament_lint_cmake:/home/neu/ros2_humble/install/ament_flake8:/home/neu/ros2_humble/install/ament_copyright:/home/neu/ros2_humble/install/ament_lint:/home/neu/ros2_humble/install/ament_index_python:/home/neu/ros2_humble/install/ament_cpplint:/home/neu/ros2_humble/install/ament_cppcheck:/home/neu/ros2_humble/install/ament_clang_tidy:/home/neu/ros2_humble/install/ament_clang_format /usr/bin/cmake --build /home/neu/Desktop/micro-ROS/microros_767/build/micro_ros_msgs -- -j20 -l20
[15.638s] Invoking command in '/home/neu/Desktop/micro-ROS/microros_767/build/micro_ros_msgs': CMAKE_PREFIX_PATH=${CMAKE_PREFIX_PATH}:/home/neu/ros2_humble/install/rqt_bag_plugins:/home/neu/ros2_humble/install/rqt_bag:/home/neu/ros2_humble/install/ros2bag:/home/neu/ros2_humble/install/tracetools_test:/home/neu/ros2_humble/install/tracetools_launch:/home/neu/ros2_humble/install/topic_monitor:/home/neu/ros2_humble/install/tf2_tools:/home/neu/ros2_humble/install/examples_tf2_py:/home/neu/ros2_humble/install/tf2_ros_py:/home/neu/ros2_humble/install/sros2:/home/neu/ros2_humble/install/rqt_topic:/home/neu/ros2_humble/install/rqt_srv:/home/neu/ros2_humble/install/rqt_shell:/home/neu/ros2_humble/install/rqt_service_caller:/home/neu/ros2_humble/install/rqt_reconfigure:/home/neu/ros2_humble/install/rqt_py_console:/home/neu/ros2_humble/install/rqt_publisher:/home/neu/ros2_humble/install/rqt_plot:/home/neu/ros2_humble/install/rqt_action:/home/neu/ros2_humble/install/rqt_msg:/home/neu/ros2_humble/install/rqt_console:/home/neu/ros2_humble/install/rqt:/home/neu/ros2_humble/install/rqt_graph:/home/neu/ros2_humble/install/rqt_gui_py:/home/neu/ros2_humble/install/rqt_gui:/home/neu/ros2_humble/install/ros2trace:/home/neu/ros2_humble/install/ros2topic:/home/neu/ros2_humble/install/ros2test:/home/neu/ros2_humble/install/ros2component:/home/neu/ros2_humble/install/ros2param:/home/neu/ros2_humble/install/ros2lifecycle:/home/neu/ros2_humble/install/ros2service:/home/neu/ros2_humble/install/ros2run:/home/neu/ros2_humble/install/ros2launch:/home/neu/ros2_humble/install/ros2pkg:/home/neu/ros2_humble/install/ros2node:/home/neu/ros2_humble/install/ros2multicast:/home/neu/ros2_humble/install/ros2interface:/home/neu/ros2_humble/install/ros2doctor:/home/neu/ros2_humble/install/ros2action:/home/neu/ros2_humble/install/ros2cli:/home/neu/ros2_humble/install/quality_of_service_demo_py:/home/neu/ros2_humble/install/lifecycle_py:/home/neu/ros2_humble/install/launch_testing_ros:/home/neu/ros2_humble/install/launch_ros:/home/neu/ros2_humble/install/examples_rclpy_pointcloud_publisher:/home/neu/ros2_humble/install/examples_rclpy_minimal_subscriber:/home/neu/ros2_humble/install/examples_rclpy_minimal_service:/home/neu/ros2_humble/install/examples_rclpy_minimal_publisher:/home/neu/ros2_humble/install/examples_rclpy_minimal_client:/home/neu/ros2_humble/install/examples_rclpy_minimal_action_server:/home/neu/ros2_humble/install/examples_rclpy_minimal_action_client:/home/neu/ros2_humble/install/examples_rclpy_guard_conditions:/home/neu/ros2_humble/install/examples_rclpy_executors:/home/neu/ros2_humble/install/demo_nodes_py:/home/neu/ros2_humble/install/action_tutorials_py:/home/neu/ros2_humble/install/ament_uncrustify:/home/neu/ros2_humble/install/tracetools_trace:/home/neu/ros2_humble/install/tracetools_read:/home/neu/ros2_humble/install/test_tracetools_launch:/home/neu/ros2_humble/install/test_launch_ros:/home/neu/ros2_humble/install/sensor_msgs_py:/home/neu/ros2_humble/install/rpyutils:/home/neu/ros2_humble/install/rosidl_runtime_py:/home/neu/ros2_humble/install/rosidl_cli:/home/neu/ros2_humble/install/launch_pytest:/home/neu/ros2_humble/install/launch_testing:/home/neu/ros2_humble/install/launch_yaml:/home/neu/ros2_humble/install/launch_xml:/home/neu/ros2_humble/install/launch:/home/neu/ros2_humble/install/osrf_pycommon:/home/neu/ros2_humble/install/launch_testing_examples:/home/neu/ros2_humble/install/domain_coordinator:/home/neu/ros2_humble/install/ament_xmllint:/home/neu/ros2_humble/install/ament_pyflakes:/home/neu/ros2_humble/install/ament_pycodestyle:/home/neu/ros2_humble/install/ament_pep257:/home/neu/ros2_humble/install/ament_pclint:/home/neu/ros2_humble/install/ament_package:/home/neu/ros2_humble/install/ament_mypy:/home/neu/ros2_humble/install/ament_lint_cmake:/home/neu/ros2_humble/install/ament_flake8:/home/neu/ros2_humble/install/ament_copyright:/home/neu/ros2_humble/install/ament_lint:/home/neu/ros2_humble/install/ament_index_python:/home/neu/ros2_humble/install/ament_cpplint:/home/neu/ros2_humble/install/ament_cppcheck:/home/neu/ros2_humble/install/ament_clang_tidy:/home/neu/ros2_humble/install/ament_clang_format /usr/bin/cmake --install /home/neu/Desktop/micro-ROS/microros_767/build/micro_ros_msgs
[15.649s] -- Install configuration: ""
[15.649s] -- Installing: /home/neu/Desktop/micro-ROS/microros_767/install/micro_ros_msgs/share/ament_index/resource_index/rosidl_interfaces/micro_ros_msgs
[15.649s] -- Installing: /home/neu/Desktop/micro-ROS/microros_767/install/micro_ros_msgs/include/micro_ros_msgs/micro_ros_msgs
[15.649s] -- Installing: /home/neu/Desktop/micro-ROS/microros_767/install/micro_ros_msgs/include/micro_ros_msgs/micro_ros_msgs/msg
[15.649s] -- Installing: /home/neu/Desktop/micro-ROS/microros_767/install/micro_ros_msgs/include/micro_ros_msgs/micro_ros_msgs/msg/entity.h
[15.649s] -- Installing: /home/neu/Desktop/micro-ROS/microros_767/install/micro_ros_msgs/include/micro_ros_msgs/micro_ros_msgs/msg/node.h
[15.649s] -- Installing: /home/neu/Desktop/micro-ROS/microros_767/install/micro_ros_msgs/include/micro_ros_msgs/micro_ros_msgs/msg/rosidl_generator_c__visibility_control.h
[15.649s] -- Installing: /home/neu/Desktop/micro-ROS/microros_767/install/micro_ros_msgs/include/micro_ros_msgs/micro_ros_msgs/msg/detail
[15.649s] -- Installing: /home/neu/Desktop/micro-ROS/microros_767/install/micro_ros_msgs/include/micro_ros_msgs/micro_ros_msgs/msg/detail/node__struct.h
[15.649s] -- Installing: /home/neu/Desktop/micro-ROS/microros_767/install/micro_ros_msgs/include/micro_ros_msgs/micro_ros_msgs/msg/detail/node__functions.c
[15.649s] -- Installing: /home/neu/Desktop/micro-ROS/microros_767/install/micro_ros_msgs/include/micro_ros_msgs/micro_ros_msgs/msg/detail/graph__type_support.h
[15.649s] -- Installing: /home/neu/Desktop/micro-ROS/microros_767/install/micro_ros_msgs/include/micro_ros_msgs/micro_ros_msgs/msg/detail/graph__functions.h
[15.649s] -- Installing: /home/neu/Desktop/micro-ROS/microros_767/install/micro_ros_msgs/include/micro_ros_msgs/micro_ros_msgs/msg/detail/entity__functions.h
[15.649s] -- Installing: /home/neu/Desktop/micro-ROS/microros_767/install/micro_ros_msgs/include/micro_ros_msgs/micro_ros_msgs/msg/detail/entity__functions.c
[15.649s] -- Installing: /home/neu/Desktop/micro-ROS/microros_767/install/micro_ros_msgs/include/micro_ros_msgs/micro_ros_msgs/msg/detail/node__type_support.h
[15.649s] -- Installing: /home/neu/Desktop/micro-ROS/microros_767/install/micro_ros_msgs/include/micro_ros_msgs/micro_ros_msgs/msg/detail/node__functions.h
[15.649s] -- Installing: /home/neu/Desktop/micro-ROS/microros_767/install/micro_ros_msgs/include/micro_ros_msgs/micro_ros_msgs/msg/detail/graph__functions.c
[15.649s] -- Installing: /home/neu/Desktop/micro-ROS/microros_767/install/micro_ros_msgs/include/micro_ros_msgs/micro_ros_msgs/msg/detail/graph__struct.h
[15.649s] -- Installing: /home/neu/Desktop/micro-ROS/microros_767/install/micro_ros_msgs/include/micro_ros_msgs/micro_ros_msgs/msg/detail/entity__struct.h
[15.649s] -- Installing: /home/neu/Desktop/micro-ROS/microros_767/install/micro_ros_msgs/include/micro_ros_msgs/micro_ros_msgs/msg/detail/entity__type_support.h
[15.649s] -- Installing: /home/neu/Desktop/micro-ROS/microros_767/install/micro_ros_msgs/include/micro_ros_msgs/micro_ros_msgs/msg/graph.h
[15.649s] -- Installing: /home/neu/Desktop/micro-ROS/microros_767/install/micro_ros_msgs/share/micro_ros_msgs/environment/library_path.sh
[15.649s] -- Installing: /home/neu/Desktop/micro-ROS/microros_767/install/micro_ros_msgs/share/micro_ros_msgs/environment/library_path.dsv
[15.649s] -- Installing: /home/neu/Desktop/micro-ROS/microros_767/install/micro_ros_msgs/lib/libmicro_ros_msgs__rosidl_generator_c.so
[15.650s] -- Set runtime path of "/home/neu/Desktop/micro-ROS/microros_767/install/micro_ros_msgs/lib/libmicro_ros_msgs__rosidl_generator_c.so" to ""
[15.650s] -- Up-to-date: /home/neu/Desktop/micro-ROS/microros_767/install/micro_ros_msgs/include/micro_ros_msgs/micro_ros_msgs
[15.650s] -- Up-to-date: /home/neu/Desktop/micro-ROS/microros_767/install/micro_ros_msgs/include/micro_ros_msgs/micro_ros_msgs/msg
[15.650s] -- Up-to-date: /home/neu/Desktop/micro-ROS/microros_767/install/micro_ros_msgs/include/micro_ros_msgs/micro_ros_msgs/msg/detail
[15.650s] -- Installing: /home/neu/Desktop/micro-ROS/microros_767/install/micro_ros_msgs/include/micro_ros_msgs/micro_ros_msgs/msg/detail/graph__rosidl_typesupport_introspection_c.h
[15.650s] -- Installing: /home/neu/Desktop/micro-ROS/microros_767/install/micro_ros_msgs/include/micro_ros_msgs/micro_ros_msgs/msg/detail/entity__type_support.c
[15.650s] -- Installing: /home/neu/Desktop/micro-ROS/microros_767/install/micro_ros_msgs/include/micro_ros_msgs/micro_ros_msgs/msg/detail/node__rosidl_typesupport_introspection_c.h
[15.650s] -- Installing: /home/neu/Desktop/micro-ROS/microros_767/install/micro_ros_msgs/include/micro_ros_msgs/micro_ros_msgs/msg/detail/graph__type_support.c
[15.650s] -- Installing: /home/neu/Desktop/micro-ROS/microros_767/install/micro_ros_msgs/include/micro_ros_msgs/micro_ros_msgs/msg/detail/node__type_support.c
[15.650s] -- Installing: /home/neu/Desktop/micro-ROS/microros_767/install/micro_ros_msgs/include/micro_ros_msgs/micro_ros_msgs/msg/detail/entity__rosidl_typesupport_introspection_c.h
[15.650s] -- Installing: /home/neu/Desktop/micro-ROS/microros_767/install/micro_ros_msgs/include/micro_ros_msgs/micro_ros_msgs/msg/rosidl_typesupport_introspection_c__visibility_control.h
[15.650s] -- Installing: /home/neu/Desktop/micro-ROS/microros_767/install/micro_ros_msgs/lib/libmicro_ros_msgs__rosidl_typesupport_introspection_c.so
[15.650s] -- Set runtime path of "/home/neu/Desktop/micro-ROS/microros_767/install/micro_ros_msgs/lib/libmicro_ros_msgs__rosidl_typesupport_introspection_c.so" to ""
[15.650s] -- Up-to-date: /home/neu/Desktop/micro-ROS/microros_767/install/micro_ros_msgs/include/micro_ros_msgs/micro_ros_msgs
[15.650s] -- Up-to-date: /home/neu/Desktop/micro-ROS/microros_767/install/micro_ros_msgs/include/micro_ros_msgs/micro_ros_msgs/msg
[15.650s] -- Installing: /home/neu/Desktop/micro-ROS/microros_767/install/micro_ros_msgs/include/micro_ros_msgs/micro_ros_msgs/msg/rosidl_typesupport_fastrtps_c__visibility_control.h
[15.650s] -- Up-to-date: /home/neu/Desktop/micro-ROS/microros_767/install/micro_ros_msgs/include/micro_ros_msgs/micro_ros_msgs/msg/detail
[15.650s] -- Installing: /home/neu/Desktop/micro-ROS/microros_767/install/micro_ros_msgs/include/micro_ros_msgs/micro_ros_msgs/msg/detail/graph__rosidl_typesupport_fastrtps_c.h
[15.650s] -- Installing: /home/neu/Desktop/micro-ROS/microros_767/install/micro_ros_msgs/include/micro_ros_msgs/micro_ros_msgs/msg/detail/entity__rosidl_typesupport_fastrtps_c.h
[15.650s] -- Installing: /home/neu/Desktop/micro-ROS/microros_767/install/micro_ros_msgs/include/micro_ros_msgs/micro_ros_msgs/msg/detail/node__rosidl_typesupport_fastrtps_c.h
[15.650s] -- Installing: /home/neu/Desktop/micro-ROS/microros_767/install/micro_ros_msgs/lib/libmicro_ros_msgs__rosidl_typesupport_fastrtps_c.so
[15.650s] -- Set runtime path of "/home/neu/Desktop/micro-ROS/microros_767/install/micro_ros_msgs/lib/libmicro_ros_msgs__rosidl_typesupport_fastrtps_c.so" to ""
[15.650s] -- Installing: /home/neu/Desktop/micro-ROS/microros_767/install/micro_ros_msgs/lib/libmicro_ros_msgs__rosidl_typesupport_c.so
[15.650s] -- Set runtime path of "/home/neu/Desktop/micro-ROS/microros_767/install/micro_ros_msgs/lib/libmicro_ros_msgs__rosidl_typesupport_c.so" to ""
[15.650s] -- Up-to-date: /home/neu/Desktop/micro-ROS/microros_767/install/micro_ros_msgs/include/micro_ros_msgs/micro_ros_msgs
[15.650s] -- Up-to-date: /home/neu/Desktop/micro-ROS/microros_767/install/micro_ros_msgs/include/micro_ros_msgs/micro_ros_msgs/msg
[15.650s] -- Installing: /home/neu/Desktop/micro-ROS/microros_767/install/micro_ros_msgs/include/micro_ros_msgs/micro_ros_msgs/msg/graph.hpp
[15.651s] -- Installing: /home/neu/Desktop/micro-ROS/microros_767/install/micro_ros_msgs/include/micro_ros_msgs/micro_ros_msgs/msg/entity.hpp
[15.651s] -- Up-to-date: /home/neu/Desktop/micro-ROS/microros_767/install/micro_ros_msgs/include/micro_ros_msgs/micro_ros_msgs/msg/detail
[15.651s] -- Installing: /home/neu/Desktop/micro-ROS/microros_767/install/micro_ros_msgs/include/micro_ros_msgs/micro_ros_msgs/msg/detail/graph__struct.hpp
[15.651s] -- Installing: /home/neu/Desktop/micro-ROS/microros_767/install/micro_ros_msgs/include/micro_ros_msgs/micro_ros_msgs/msg/detail/entity__builder.hpp
[15.651s] -- Installing: /home/neu/Desktop/micro-ROS/microros_767/install/micro_ros_msgs/include/micro_ros_msgs/micro_ros_msgs/msg/detail/graph__builder.hpp
[15.651s] -- Installing: /home/neu/Desktop/micro-ROS/microros_767/install/micro_ros_msgs/include/micro_ros_msgs/micro_ros_msgs/msg/detail/node__builder.hpp
[15.651s] -- Installing: /home/neu/Desktop/micro-ROS/microros_767/install/micro_ros_msgs/include/micro_ros_msgs/micro_ros_msgs/msg/detail/graph__traits.hpp
[15.651s] -- Installing: /home/neu/Desktop/micro-ROS/microros_767/install/micro_ros_msgs/include/micro_ros_msgs/micro_ros_msgs/msg/detail/entity__struct.hpp
[15.651s] -- Installing: /home/neu/Desktop/micro-ROS/microros_767/install/micro_ros_msgs/include/micro_ros_msgs/micro_ros_msgs/msg/detail/node__traits.hpp
[15.651s] -- Installing: /home/neu/Desktop/micro-ROS/microros_767/install/micro_ros_msgs/include/micro_ros_msgs/micro_ros_msgs/msg/detail/entity__traits.hpp
[15.651s] -- Installing: /home/neu/Desktop/micro-ROS/microros_767/install/micro_ros_msgs/include/micro_ros_msgs/micro_ros_msgs/msg/detail/node__struct.hpp
[15.651s] -- Installing: /home/neu/Desktop/micro-ROS/microros_767/install/micro_ros_msgs/include/micro_ros_msgs/micro_ros_msgs/msg/node.hpp
[15.651s] -- Up-to-date: /home/neu/Desktop/micro-ROS/microros_767/install/micro_ros_msgs/include/micro_ros_msgs/micro_ros_msgs
[15.651s] -- Up-to-date: /home/neu/Desktop/micro-ROS/microros_767/install/micro_ros_msgs/include/micro_ros_msgs/micro_ros_msgs/msg
[15.651s] -- Up-to-date: /home/neu/Desktop/micro-ROS/microros_767/install/micro_ros_msgs/include/micro_ros_msgs/micro_ros_msgs/msg/detail
[15.651s] -- Installing: /home/neu/Desktop/micro-ROS/microros_767/install/micro_ros_msgs/include/micro_ros_msgs/micro_ros_msgs/msg/detail/node__type_support.cpp
[15.651s] -- Installing: /home/neu/Desktop/micro-ROS/microros_767/install/micro_ros_msgs/include/micro_ros_msgs/micro_ros_msgs/msg/detail/entity__type_support.cpp
[15.651s] -- Installing: /home/neu/Desktop/micro-ROS/microros_767/install/micro_ros_msgs/include/micro_ros_msgs/micro_ros_msgs/msg/detail/graph__rosidl_typesupport_introspection_cpp.hpp
[15.651s] -- Installing: /home/neu/Desktop/micro-ROS/microros_767/install/micro_ros_msgs/include/micro_ros_msgs/micro_ros_msgs/msg/detail/entity__rosidl_typesupport_introspection_cpp.hpp
[15.651s] -- Installing: /home/neu/Desktop/micro-ROS/microros_767/install/micro_ros_msgs/include/micro_ros_msgs/micro_ros_msgs/msg/detail/graph__type_support.cpp
[15.651s] -- Installing: /home/neu/Desktop/micro-ROS/microros_767/install/micro_ros_msgs/include/micro_ros_msgs/micro_ros_msgs/msg/detail/node__rosidl_typesupport_introspection_cpp.hpp
[15.651s] -- Installing: /home/neu/Desktop/micro-ROS/microros_767/install/micro_ros_msgs/lib/libmicro_ros_msgs__rosidl_typesupport_introspection_cpp.so
[15.651s] -- Set runtime path of "/home/neu/Desktop/micro-ROS/microros_767/install/micro_ros_msgs/lib/libmicro_ros_msgs__rosidl_typesupport_introspection_cpp.so" to ""
[15.651s] -- Up-to-date: /home/neu/Desktop/micro-ROS/microros_767/install/micro_ros_msgs/include/micro_ros_msgs/micro_ros_msgs
[15.651s] -- Up-to-date: /home/neu/Desktop/micro-ROS/microros_767/install/micro_ros_msgs/include/micro_ros_msgs/micro_ros_msgs/msg
[15.651s] -- Up-to-date: /home/neu/Desktop/micro-ROS/microros_767/install/micro_ros_msgs/include/micro_ros_msgs/micro_ros_msgs/msg/detail
[15.651s] -- Installing: /home/neu/Desktop/micro-ROS/microros_767/install/micro_ros_msgs/include/micro_ros_msgs/micro_ros_msgs/msg/detail/entity__rosidl_typesupport_fastrtps_cpp.hpp
[15.652s] -- Installing: /home/neu/Desktop/micro-ROS/microros_767/install/micro_ros_msgs/include/micro_ros_msgs/micro_ros_msgs/msg/detail/node__rosidl_typesupport_fastrtps_cpp.hpp
[15.652s] -- Installing: /home/neu/Desktop/micro-ROS/microros_767/install/micro_ros_msgs/include/micro_ros_msgs/micro_ros_msgs/msg/detail/dds_fastrtps
[15.652s] -- Installing: /home/neu/Desktop/micro-ROS/microros_767/install/micro_ros_msgs/include/micro_ros_msgs/micro_ros_msgs/msg/detail/graph__rosidl_typesupport_fastrtps_cpp.hpp
[15.652s] -- Installing: /home/neu/Desktop/micro-ROS/microros_767/install/micro_ros_msgs/include/micro_ros_msgs/micro_ros_msgs/msg/rosidl_typesupport_fastrtps_cpp__visibility_control.h
[15.652s] -- Installing: /home/neu/Desktop/micro-ROS/microros_767/install/micro_ros_msgs/lib/libmicro_ros_msgs__rosidl_typesupport_fastrtps_cpp.so
[15.652s] -- Set runtime path of "/home/neu/Desktop/micro-ROS/microros_767/install/micro_ros_msgs/lib/libmicro_ros_msgs__rosidl_typesupport_fastrtps_cpp.so" to ""
[15.652s] -- Installing: /home/neu/Desktop/micro-ROS/microros_767/install/micro_ros_msgs/lib/libmicro_ros_msgs__rosidl_typesupport_cpp.so
[15.653s] -- Set runtime path of "/home/neu/Desktop/micro-ROS/microros_767/install/micro_ros_msgs/lib/libmicro_ros_msgs__rosidl_typesupport_cpp.so" to ""
[15.653s] -- Installing: /home/neu/Desktop/micro-ROS/microros_767/install/micro_ros_msgs/share/micro_ros_msgs/environment/pythonpath.sh
[15.653s] -- Installing: /home/neu/Desktop/micro-ROS/microros_767/install/micro_ros_msgs/share/micro_ros_msgs/environment/pythonpath.dsv
[15.653s] -- Installing: /home/neu/Desktop/micro-ROS/microros_767/install/micro_ros_msgs/lib/python3.8/site-packages/micro_ros_msgs-3.0.0-py3.8.egg-info
[15.653s] -- Installing: /home/neu/Desktop/micro-ROS/microros_767/install/micro_ros_msgs/lib/python3.8/site-packages/micro_ros_msgs-3.0.0-py3.8.egg-info/dependency_links.txt
[15.653s] -- Installing: /home/neu/Desktop/micro-ROS/microros_767/install/micro_ros_msgs/lib/python3.8/site-packages/micro_ros_msgs-3.0.0-py3.8.egg-info/PKG-INFO
[15.653s] -- Installing: /home/neu/Desktop/micro-ROS/microros_767/install/micro_ros_msgs/lib/python3.8/site-packages/micro_ros_msgs-3.0.0-py3.8.egg-info/SOURCES.txt
[15.653s] -- Installing: /home/neu/Desktop/micro-ROS/microros_767/install/micro_ros_msgs/lib/python3.8/site-packages/micro_ros_msgs-3.0.0-py3.8.egg-info/top_level.txt
[15.653s] -- Installing: /home/neu/Desktop/micro-ROS/microros_767/install/micro_ros_msgs/lib/python3.8/site-packages/micro_ros_msgs
[15.653s] -- Installing: /home/neu/Desktop/micro-ROS/microros_767/install/micro_ros_msgs/lib/python3.8/site-packages/micro_ros_msgs/micro_ros_msgs_s__rosidl_typesupport_introspection_c.cpython-38-x86_64-linux-gnu.so
[15.653s] -- Installing: /home/neu/Desktop/micro-ROS/microros_767/install/micro_ros_msgs/lib/python3.8/site-packages/micro_ros_msgs/__init__.py
[15.653s] -- Installing: /home/neu/Desktop/micro-ROS/microros_767/install/micro_ros_msgs/lib/python3.8/site-packages/micro_ros_msgs/libmicro_ros_msgs__rosidl_generator_py.so
[15.653s] -- Installing: /home/neu/Desktop/micro-ROS/microros_767/install/micro_ros_msgs/lib/python3.8/site-packages/micro_ros_msgs/micro_ros_msgs_s__rosidl_typesupport_fastrtps_c.cpython-38-x86_64-linux-gnu.so
[15.653s] -- Installing: /home/neu/Desktop/micro-ROS/microros_767/install/micro_ros_msgs/lib/python3.8/site-packages/micro_ros_msgs/msg
[15.653s] -- Installing: /home/neu/Desktop/micro-ROS/microros_767/install/micro_ros_msgs/lib/python3.8/site-packages/micro_ros_msgs/msg/__init__.py
[15.653s] -- Installing: /home/neu/Desktop/micro-ROS/microros_767/install/micro_ros_msgs/lib/python3.8/site-packages/micro_ros_msgs/msg/_graph.py
[15.653s] -- Installing: /home/neu/Desktop/micro-ROS/microros_767/install/micro_ros_msgs/lib/python3.8/site-packages/micro_ros_msgs/msg/_node.py
[15.653s] -- Installing: /home/neu/Desktop/micro-ROS/microros_767/install/micro_ros_msgs/lib/python3.8/site-packages/micro_ros_msgs/msg/_node_s.c
[15.653s] -- Installing: /home/neu/Desktop/micro-ROS/microros_767/install/micro_ros_msgs/lib/python3.8/site-packages/micro_ros_msgs/msg/_graph_s.c
[15.653s] -- Installing: /home/neu/Desktop/micro-ROS/microros_767/install/micro_ros_msgs/lib/python3.8/site-packages/micro_ros_msgs/msg/_entity.py
[15.653s] -- Installing: /home/neu/Desktop/micro-ROS/microros_767/install/micro_ros_msgs/lib/python3.8/site-packages/micro_ros_msgs/msg/_entity_s.c
[15.653s] -- Installing: /home/neu/Desktop/micro-ROS/microros_767/install/micro_ros_msgs/lib/python3.8/site-packages/micro_ros_msgs/micro_ros_msgs_s__rosidl_typesupport_c.cpython-38-x86_64-linux-gnu.so
[15.653s] -- Installing: /home/neu/Desktop/micro-ROS/microros_767/install/micro_ros_msgs/lib/python3.8/site-packages/micro_ros_msgs/_micro_ros_msgs_s.ep.rosidl_typesupport_c.c
[15.653s] -- Installing: /home/neu/Desktop/micro-ROS/microros_767/install/micro_ros_msgs/lib/python3.8/site-packages/micro_ros_msgs/_micro_ros_msgs_s.ep.rosidl_typesupport_fastrtps_c.c
[15.654s] -- Installing: /home/neu/Desktop/micro-ROS/microros_767/install/micro_ros_msgs/lib/python3.8/site-packages/micro_ros_msgs/_micro_ros_msgs_s.ep.rosidl_typesupport_introspection_c.c
[15.883s] Listing '/home/neu/Desktop/micro-ROS/microros_767/install/micro_ros_msgs/lib/python3.8/site-packages/micro_ros_msgs'...
[15.883s] Compiling '/home/neu/Desktop/micro-ROS/microros_767/install/micro_ros_msgs/lib/python3.8/site-packages/micro_ros_msgs/__init__.py'...
[15.883s] Listing '/home/neu/Desktop/micro-ROS/microros_767/install/micro_ros_msgs/lib/python3.8/site-packages/micro_ros_msgs/msg'...
[15.883s] Compiling '/home/neu/Desktop/micro-ROS/microros_767/install/micro_ros_msgs/lib/python3.8/site-packages/micro_ros_msgs/msg/__init__.py'...
[15.883s] Compiling '/home/neu/Desktop/micro-ROS/microros_767/install/micro_ros_msgs/lib/python3.8/site-packages/micro_ros_msgs/msg/_entity.py'...
[15.883s] Compiling '/home/neu/Desktop/micro-ROS/microros_767/install/micro_ros_msgs/lib/python3.8/site-packages/micro_ros_msgs/msg/_graph.py'...
[15.883s] Compiling '/home/neu/Desktop/micro-ROS/microros_767/install/micro_ros_msgs/lib/python3.8/site-packages/micro_ros_msgs/msg/_node.py'...
[15.886s] -- Installing: /home/neu/Desktop/micro-ROS/microros_767/install/micro_ros_msgs/lib/python3.8/site-packages/micro_ros_msgs/micro_ros_msgs_s__rosidl_typesupport_introspection_c.cpython-38-x86_64-linux-gnu.so
[15.886s] -- Set runtime path of "/home/neu/Desktop/micro-ROS/microros_767/install/micro_ros_msgs/lib/python3.8/site-packages/micro_ros_msgs/micro_ros_msgs_s__rosidl_typesupport_introspection_c.cpython-38-x86_64-linux-gnu.so" to ""
[15.886s] -- Installing: /home/neu/Desktop/micro-ROS/microros_767/install/micro_ros_msgs/lib/python3.8/site-packages/micro_ros_msgs/micro_ros_msgs_s__rosidl_typesupport_fastrtps_c.cpython-38-x86_64-linux-gnu.so
[15.886s] -- Set runtime path of "/home/neu/Desktop/micro-ROS/microros_767/install/micro_ros_msgs/lib/python3.8/site-packages/micro_ros_msgs/micro_ros_msgs_s__rosidl_typesupport_fastrtps_c.cpython-38-x86_64-linux-gnu.so" to ""
[15.886s] -- Installing: /home/neu/Desktop/micro-ROS/microros_767/install/micro_ros_msgs/lib/python3.8/site-packages/micro_ros_msgs/micro_ros_msgs_s__rosidl_typesupport_c.cpython-38-x86_64-linux-gnu.so
[15.887s] -- Set runtime path of "/home/neu/Desktop/micro-ROS/microros_767/install/micro_ros_msgs/lib/python3.8/site-packages/micro_ros_msgs/micro_ros_msgs_s__rosidl_typesupport_c.cpython-38-x86_64-linux-gnu.so" to ""
[15.887s] -- Installing: /home/neu/Desktop/micro-ROS/microros_767/install/micro_ros_msgs/lib/libmicro_ros_msgs__rosidl_generator_py.so
[15.887s] -- Set runtime path of "/home/neu/Desktop/micro-ROS/microros_767/install/micro_ros_msgs/lib/libmicro_ros_msgs__rosidl_generator_py.so" to ""
[15.887s] -- Installing: /home/neu/Desktop/micro-ROS/microros_767/install/micro_ros_msgs/share/micro_ros_msgs/msg/Graph.idl
[15.887s] -- Installing: /home/neu/Desktop/micro-ROS/microros_767/install/micro_ros_msgs/share/micro_ros_msgs/msg/Node.idl
[15.887s] -- Installing: /home/neu/Desktop/micro-ROS/microros_767/install/micro_ros_msgs/share/micro_ros_msgs/msg/Entity.idl
[15.887s] -- Installing: /home/neu/Desktop/micro-ROS/microros_767/install/micro_ros_msgs/share/micro_ros_msgs/msg/Graph.msg
[15.887s] -- Installing: /home/neu/Desktop/micro-ROS/microros_767/install/micro_ros_msgs/share/micro_ros_msgs/msg/Node.msg
[15.887s] -- Installing: /home/neu/Desktop/micro-ROS/microros_767/install/micro_ros_msgs/share/micro_ros_msgs/msg/Entity.msg
[15.887s] -- Installing: /home/neu/Desktop/micro-ROS/microros_767/install/micro_ros_msgs/share/ament_index/resource_index/package_run_dependencies/micro_ros_msgs
[15.887s] -- Installing: /home/neu/Desktop/micro-ROS/microros_767/install/micro_ros_msgs/share/ament_index/resource_index/parent_prefix_path/micro_ros_msgs
[15.887s] -- Installing: /home/neu/Desktop/micro-ROS/microros_767/install/micro_ros_msgs/share/micro_ros_msgs/environment/ament_prefix_path.sh
[15.887s] -- Installing: /home/neu/Desktop/micro-ROS/microros_767/install/micro_ros_msgs/share/micro_ros_msgs/environment/ament_prefix_path.dsv
[15.887s] -- Installing: /home/neu/Desktop/micro-ROS/microros_767/install/micro_ros_msgs/share/micro_ros_msgs/environment/path.sh
[15.887s] -- Installing: /home/neu/Desktop/micro-ROS/microros_767/install/micro_ros_msgs/share/micro_ros_msgs/environment/path.dsv
[15.887s] -- Installing: /home/neu/Desktop/micro-ROS/microros_767/install/micro_ros_msgs/share/micro_ros_msgs/local_setup.bash
[15.887s] -- Installing: /home/neu/Desktop/micro-ROS/microros_767/install/micro_ros_msgs/share/micro_ros_msgs/local_setup.sh
[15.887s] -- Installing: /home/neu/Desktop/micro-ROS/microros_767/install/micro_ros_msgs/share/micro_ros_msgs/local_setup.zsh
[15.887s] -- Installing: /home/neu/Desktop/micro-ROS/microros_767/install/micro_ros_msgs/share/micro_ros_msgs/local_setup.dsv
[15.887s] -- Installing: /home/neu/Desktop/micro-ROS/microros_767/install/micro_ros_msgs/share/micro_ros_msgs/package.dsv
[15.888s] -- Installing: /home/neu/Desktop/micro-ROS/microros_767/install/micro_ros_msgs/share/ament_index/resource_index/packages/micro_ros_msgs
[15.888s] -- Installing: /home/neu/Desktop/micro-ROS/microros_767/install/micro_ros_msgs/share/micro_ros_msgs/cmake/export_micro_ros_msgs__rosidl_generator_cExport.cmake
[15.888s] -- Installing: /home/neu/Desktop/micro-ROS/microros_767/install/micro_ros_msgs/share/micro_ros_msgs/cmake/export_micro_ros_msgs__rosidl_generator_cExport-noconfig.cmake
[15.888s] -- Installing: /home/neu/Desktop/micro-ROS/microros_767/install/micro_ros_msgs/share/micro_ros_msgs/cmake/micro_ros_msgs__rosidl_typesupport_introspection_cExport.cmake
[15.888s] -- Installing: /home/neu/Desktop/micro-ROS/microros_767/install/micro_ros_msgs/share/micro_ros_msgs/cmake/micro_ros_msgs__rosidl_typesupport_introspection_cExport-noconfig.cmake
[15.888s] -- Installing: /home/neu/Desktop/micro-ROS/microros_767/install/micro_ros_msgs/share/micro_ros_msgs/cmake/export_micro_ros_msgs__rosidl_typesupport_fastrtps_cExport.cmake
[15.888s] -- Installing: /home/neu/Desktop/micro-ROS/microros_767/install/micro_ros_msgs/share/micro_ros_msgs/cmake/export_micro_ros_msgs__rosidl_typesupport_fastrtps_cExport-noconfig.cmake
[15.888s] -- Installing: /home/neu/Desktop/micro-ROS/microros_767/install/micro_ros_msgs/share/micro_ros_msgs/cmake/micro_ros_msgs__rosidl_typesupport_cExport.cmake
[15.888s] -- Installing: /home/neu/Desktop/micro-ROS/microros_767/install/micro_ros_msgs/share/micro_ros_msgs/cmake/micro_ros_msgs__rosidl_typesupport_cExport-noconfig.cmake
[15.888s] -- Installing: /home/neu/Desktop/micro-ROS/microros_767/install/micro_ros_msgs/share/micro_ros_msgs/cmake/export_micro_ros_msgs__rosidl_generator_cppExport.cmake
[15.888s] -- Installing: /home/neu/Desktop/micro-ROS/microros_767/install/micro_ros_msgs/share/micro_ros_msgs/cmake/micro_ros_msgs__rosidl_typesupport_introspection_cppExport.cmake
[15.888s] -- Installing: /home/neu/Desktop/micro-ROS/microros_767/install/micro_ros_msgs/share/micro_ros_msgs/cmake/micro_ros_msgs__rosidl_typesupport_introspection_cppExport-noconfig.cmake
[15.888s] -- Installing: /home/neu/Desktop/micro-ROS/microros_767/install/micro_ros_msgs/share/micro_ros_msgs/cmake/export_micro_ros_msgs__rosidl_typesupport_fastrtps_cppExport.cmake
[15.888s] -- Installing: /home/neu/Desktop/micro-ROS/microros_767/install/micro_ros_msgs/share/micro_ros_msgs/cmake/export_micro_ros_msgs__rosidl_typesupport_fastrtps_cppExport-noconfig.cmake
[15.889s] -- Installing: /home/neu/Desktop/micro-ROS/microros_767/install/micro_ros_msgs/share/micro_ros_msgs/cmake/micro_ros_msgs__rosidl_typesupport_cppExport.cmake
[15.889s] -- Installing: /home/neu/Desktop/micro-ROS/microros_767/install/micro_ros_msgs/share/micro_ros_msgs/cmake/micro_ros_msgs__rosidl_typesupport_cppExport-noconfig.cmake
[15.889s] -- Installing: /home/neu/Desktop/micro-ROS/microros_767/install/micro_ros_msgs/share/micro_ros_msgs/cmake/export_micro_ros_msgs__rosidl_generator_pyExport.cmake
[15.889s] -- Installing: /home/neu/Desktop/micro-ROS/microros_767/install/micro_ros_msgs/share/micro_ros_msgs/cmake/export_micro_ros_msgs__rosidl_generator_pyExport-noconfig.cmake
[15.889s] -- Installing: /home/neu/Desktop/micro-ROS/microros_767/install/micro_ros_msgs/share/micro_ros_msgs/cmake/rosidl_cmake-extras.cmake
[15.889s] -- Installing: /home/neu/Desktop/micro-ROS/microros_767/install/micro_ros_msgs/share/micro_ros_msgs/cmake/ament_cmake_export_include_directories-extras.cmake
[15.889s] -- Installing: /home/neu/Desktop/micro-ROS/microros_767/install/micro_ros_msgs/share/micro_ros_msgs/cmake/ament_cmake_export_libraries-extras.cmake
[15.889s] -- Installing: /home/neu/Desktop/micro-ROS/microros_767/install/micro_ros_msgs/share/micro_ros_msgs/cmake/ament_cmake_export_targets-extras.cmake
[15.889s] -- Installing: /home/neu/Desktop/micro-ROS/microros_767/install/micro_ros_msgs/share/micro_ros_msgs/cmake/rosidl_cmake_export_typesupport_targets-extras.cmake
[15.889s] -- Installing: /home/neu/Desktop/micro-ROS/microros_767/install/micro_ros_msgs/share/micro_ros_msgs/cmake/ament_cmake_export_dependencies-extras.cmake
[15.889s] -- Installing: /home/neu/Desktop/micro-ROS/microros_767/install/micro_ros_msgs/share/micro_ros_msgs/cmake/rosidl_cmake_export_typesupport_libraries-extras.cmake
[15.889s] -- Installing: /home/neu/Desktop/micro-ROS/microros_767/install/micro_ros_msgs/share/micro_ros_msgs/cmake/micro_ros_msgsConfig.cmake
[15.889s] -- Installing: /home/neu/Desktop/micro-ROS/microros_767/install/micro_ros_msgs/share/micro_ros_msgs/cmake/micro_ros_msgsConfig-version.cmake
[15.889s] -- Installing: /home/neu/Desktop/micro-ROS/microros_767/install/micro_ros_msgs/share/micro_ros_msgs/package.xml
[15.891s] Invoked command in '/home/neu/Desktop/micro-ROS/microros_767/build/micro_ros_msgs' returned '0': CMAKE_PREFIX_PATH=${CMAKE_PREFIX_PATH}:/home/neu/ros2_humble/install/rqt_bag_plugins:/home/neu/ros2_humble/install/rqt_bag:/home/neu/ros2_humble/install/ros2bag:/home/neu/ros2_humble/install/tracetools_test:/home/neu/ros2_humble/install/tracetools_launch:/home/neu/ros2_humble/install/topic_monitor:/home/neu/ros2_humble/install/tf2_tools:/home/neu/ros2_humble/install/examples_tf2_py:/home/neu/ros2_humble/install/tf2_ros_py:/home/neu/ros2_humble/install/sros2:/home/neu/ros2_humble/install/rqt_topic:/home/neu/ros2_humble/install/rqt_srv:/home/neu/ros2_humble/install/rqt_shell:/home/neu/ros2_humble/install/rqt_service_caller:/home/neu/ros2_humble/install/rqt_reconfigure:/home/neu/ros2_humble/install/rqt_py_console:/home/neu/ros2_humble/install/rqt_publisher:/home/neu/ros2_humble/install/rqt_plot:/home/neu/ros2_humble/install/rqt_action:/home/neu/ros2_humble/install/rqt_msg:/home/neu/ros2_humble/install/rqt_console:/home/neu/ros2_humble/install/rqt:/home/neu/ros2_humble/install/rqt_graph:/home/neu/ros2_humble/install/rqt_gui_py:/home/neu/ros2_humble/install/rqt_gui:/home/neu/ros2_humble/install/ros2trace:/home/neu/ros2_humble/install/ros2topic:/home/neu/ros2_humble/install/ros2test:/home/neu/ros2_humble/install/ros2component:/home/neu/ros2_humble/install/ros2param:/home/neu/ros2_humble/install/ros2lifecycle:/home/neu/ros2_humble/install/ros2service:/home/neu/ros2_humble/install/ros2run:/home/neu/ros2_humble/install/ros2launch:/home/neu/ros2_humble/install/ros2pkg:/home/neu/ros2_humble/install/ros2node:/home/neu/ros2_humble/install/ros2multicast:/home/neu/ros2_humble/install/ros2interface:/home/neu/ros2_humble/install/ros2doctor:/home/neu/ros2_humble/install/ros2action:/home/neu/ros2_humble/install/ros2cli:/home/neu/ros2_humble/install/quality_of_service_demo_py:/home/neu/ros2_humble/install/lifecycle_py:/home/neu/ros2_humble/install/launch_testing_ros:/home/neu/ros2_humble/install/launch_ros:/home/neu/ros2_humble/install/examples_rclpy_pointcloud_publisher:/home/neu/ros2_humble/install/examples_rclpy_minimal_subscriber:/home/neu/ros2_humble/install/examples_rclpy_minimal_service:/home/neu/ros2_humble/install/examples_rclpy_minimal_publisher:/home/neu/ros2_humble/install/examples_rclpy_minimal_client:/home/neu/ros2_humble/install/examples_rclpy_minimal_action_server:/home/neu/ros2_humble/install/examples_rclpy_minimal_action_client:/home/neu/ros2_humble/install/examples_rclpy_guard_conditions:/home/neu/ros2_humble/install/examples_rclpy_executors:/home/neu/ros2_humble/install/demo_nodes_py:/home/neu/ros2_humble/install/action_tutorials_py:/home/neu/ros2_humble/install/ament_uncrustify:/home/neu/ros2_humble/install/tracetools_trace:/home/neu/ros2_humble/install/tracetools_read:/home/neu/ros2_humble/install/test_tracetools_launch:/home/neu/ros2_humble/install/test_launch_ros:/home/neu/ros2_humble/install/sensor_msgs_py:/home/neu/ros2_humble/install/rpyutils:/home/neu/ros2_humble/install/rosidl_runtime_py:/home/neu/ros2_humble/install/rosidl_cli:/home/neu/ros2_humble/install/launch_pytest:/home/neu/ros2_humble/install/launch_testing:/home/neu/ros2_humble/install/launch_yaml:/home/neu/ros2_humble/install/launch_xml:/home/neu/ros2_humble/install/launch:/home/neu/ros2_humble/install/osrf_pycommon:/home/neu/ros2_humble/install/launch_testing_examples:/home/neu/ros2_humble/install/domain_coordinator:/home/neu/ros2_humble/install/ament_xmllint:/home/neu/ros2_humble/install/ament_pyflakes:/home/neu/ros2_humble/install/ament_pycodestyle:/home/neu/ros2_humble/install/ament_pep257:/home/neu/ros2_humble/install/ament_pclint:/home/neu/ros2_humble/install/ament_package:/home/neu/ros2_humble/install/ament_mypy:/home/neu/ros2_humble/install/ament_lint_cmake:/home/neu/ros2_humble/install/ament_flake8:/home/neu/ros2_humble/install/ament_copyright:/home/neu/ros2_humble/install/ament_lint:/home/neu/ros2_humble/install/ament_index_python:/home/neu/ros2_humble/install/ament_cpplint:/home/neu/ros2_humble/install/ament_cppcheck:/home/neu/ros2_humble/install/ament_clang_tidy:/home/neu/ros2_humble/install/ament_clang_format /usr/bin/cmake --install /home/neu/Desktop/micro-ROS/microros_767/build/micro_ros_msgs
