[1.132s] Invoking command in '/home/neu/Desktop/micro-ROS/microros_767/firmware/mcu_ws/build/rosidl_adapter': AMENT_PREFIX_PATH=/home/neu/Desktop/micro-ROS/microros_767/firmware/mcu_ws/install/rosidl_cli:${AMENT_PREFIX_PATH} CMAKE_PREFIX_PATH=${CMAKE_PREFIX_PATH}:/home/neu/Desktop/micro-ROS/microros_767/firmware/dev_ws/install/ament_uncrustify:/home/neu/Desktop/micro-ROS/microros_767/firmware/dev_ws/install/domain_coordinator:/home/neu/Desktop/micro-ROS/microros_767/firmware/dev_ws/install/ament_xmllint:/home/neu/Desktop/micro-ROS/microros_767/firmware/dev_ws/install/ament_pyflakes:/home/neu/Desktop/micro-ROS/microros_767/firmware/dev_ws/install/ament_pycodestyle:/home/neu/Desktop/micro-ROS/microros_767/firmware/dev_ws/install/ament_pep257:/home/neu/Desktop/micro-ROS/microros_767/firmware/dev_ws/install/ament_pclint:/home/neu/Desktop/micro-ROS/microros_767/firmware/dev_ws/install/ament_package:/home/neu/Desktop/micro-ROS/microros_767/firmware/dev_ws/install/ament_mypy:/home/neu/Desktop/micro-ROS/microros_767/firmware/dev_ws/install/ament_lint_cmake:/home/neu/Desktop/micro-ROS/microros_767/firmware/dev_ws/install/ament_flake8:/home/neu/Desktop/micro-ROS/microros_767/firmware/dev_ws/install/ament_copyright:/home/neu/Desktop/micro-ROS/microros_767/firmware/dev_ws/install/ament_lint:/home/neu/Desktop/micro-ROS/microros_767/firmware/dev_ws/install/ament_index_python:/home/neu/Desktop/micro-ROS/microros_767/firmware/dev_ws/install/ament_cpplint:/home/neu/Desktop/micro-ROS/microros_767/firmware/dev_ws/install/ament_cppcheck:/home/neu/Desktop/micro-ROS/microros_767/firmware/dev_ws/install/ament_clang_tidy:/home/neu/Desktop/micro-ROS/microros_767/firmware/dev_ws/install/ament_clang_format PATH=/home/neu/Desktop/micro-ROS/microros_767/firmware/mcu_ws/install/rosidl_cli/bin:${PATH} PYTHONPATH=/home/neu/Desktop/micro-ROS/microros_767/firmware/mcu_ws/install/rosidl_cli/lib/python3.8/site-packages:${PYTHONPATH} /usr/bin/cmake /home/neu/Desktop/micro-ROS/microros_767/firmware/mcu_ws/ros2/rosidl/rosidl_adapter --no-warn-unused-cli -DCMAKE_POSITION_INDEPENDENT_CODE=OFF -DTHIRDPARTY=ON -DBUILD_SHARED_LIBS=OFF -DBUILD_TESTING=OFF -DCMAKE_BUILD_TYPE= -DCMAKE_TOOLCHAIN_FILE=/home/neu/Desktop/micro-ROS/microros_767/firmware/freertos_apps/microros_nucleo_f767zi_extensions/arm_toolchain.cmake -DCMAKE_VERBOSE_MAKEFILE=ON -DCMAKE_INSTALL_PREFIX=/home/neu/Desktop/micro-ROS/microros_767/firmware/mcu_ws/install/rosidl_adapter
[1.883s] Not searching for unused variables given on the command line.
[1.883s] -- Found ament_cmake: 1.3.6 (/home/neu/Desktop/micro-ROS/microros_767/firmware/dev_ws/install/ament_cmake/share/ament_cmake/cmake)
[1.883s] -- Found Python3: /usr/bin/python3.8 (found version "3.8.10") found components: Interpreter 
[1.883s] -- Configuring done
[1.884s] -- Generating done
[1.884s] -- Build files have been written to: /home/neu/Desktop/micro-ROS/microros_767/firmware/mcu_ws/build/rosidl_adapter
[2.482s] Invoked command in '/home/neu/Desktop/micro-ROS/microros_767/firmware/mcu_ws/build/rosidl_adapter' returned '0': AMENT_PREFIX_PATH=/home/neu/Desktop/micro-ROS/microros_767/firmware/mcu_ws/install/rosidl_cli:${AMENT_PREFIX_PATH} CMAKE_PREFIX_PATH=${CMAKE_PREFIX_PATH}:/home/neu/Desktop/micro-ROS/microros_767/firmware/dev_ws/install/ament_uncrustify:/home/neu/Desktop/micro-ROS/microros_767/firmware/dev_ws/install/domain_coordinator:/home/neu/Desktop/micro-ROS/microros_767/firmware/dev_ws/install/ament_xmllint:/home/neu/Desktop/micro-ROS/microros_767/firmware/dev_ws/install/ament_pyflakes:/home/neu/Desktop/micro-ROS/microros_767/firmware/dev_ws/install/ament_pycodestyle:/home/neu/Desktop/micro-ROS/microros_767/firmware/dev_ws/install/ament_pep257:/home/neu/Desktop/micro-ROS/microros_767/firmware/dev_ws/install/ament_pclint:/home/neu/Desktop/micro-ROS/microros_767/firmware/dev_ws/install/ament_package:/home/neu/Desktop/micro-ROS/microros_767/firmware/dev_ws/install/ament_mypy:/home/neu/Desktop/micro-ROS/microros_767/firmware/dev_ws/install/ament_lint_cmake:/home/neu/Desktop/micro-ROS/microros_767/firmware/dev_ws/install/ament_flake8:/home/neu/Desktop/micro-ROS/microros_767/firmware/dev_ws/install/ament_copyright:/home/neu/Desktop/micro-ROS/microros_767/firmware/dev_ws/install/ament_lint:/home/neu/Desktop/micro-ROS/microros_767/firmware/dev_ws/install/ament_index_python:/home/neu/Desktop/micro-ROS/microros_767/firmware/dev_ws/install/ament_cpplint:/home/neu/Desktop/micro-ROS/microros_767/firmware/dev_ws/install/ament_cppcheck:/home/neu/Desktop/micro-ROS/microros_767/firmware/dev_ws/install/ament_clang_tidy:/home/neu/Desktop/micro-ROS/microros_767/firmware/dev_ws/install/ament_clang_format PATH=/home/neu/Desktop/micro-ROS/microros_767/firmware/mcu_ws/install/rosidl_cli/bin:${PATH} PYTHONPATH=/home/neu/Desktop/micro-ROS/microros_767/firmware/mcu_ws/install/rosidl_cli/lib/python3.8/site-packages:${PYTHONPATH} /usr/bin/cmake /home/neu/Desktop/micro-ROS/microros_767/firmware/mcu_ws/ros2/rosidl/rosidl_adapter --no-warn-unused-cli -DCMAKE_POSITION_INDEPENDENT_CODE=OFF -DTHIRDPARTY=ON -DBUILD_SHARED_LIBS=OFF -DBUILD_TESTING=OFF -DCMAKE_BUILD_TYPE= -DCMAKE_TOOLCHAIN_FILE=/home/neu/Desktop/micro-ROS/microros_767/firmware/freertos_apps/microros_nucleo_f767zi_extensions/arm_toolchain.cmake -DCMAKE_VERBOSE_MAKEFILE=ON -DCMAKE_INSTALL_PREFIX=/home/neu/Desktop/micro-ROS/microros_767/firmware/mcu_ws/install/rosidl_adapter
[2.483s] Invoking command in '/home/neu/Desktop/micro-ROS/microros_767/firmware/mcu_ws/build/rosidl_adapter': AMENT_PREFIX_PATH=/home/neu/Desktop/micro-ROS/microros_767/firmware/mcu_ws/install/rosidl_cli:${AMENT_PREFIX_PATH} CMAKE_PREFIX_PATH=${CMAKE_PREFIX_PATH}:/home/neu/Desktop/micro-ROS/microros_767/firmware/dev_ws/install/ament_uncrustify:/home/neu/Desktop/micro-ROS/microros_767/firmware/dev_ws/install/domain_coordinator:/home/neu/Desktop/micro-ROS/microros_767/firmware/dev_ws/install/ament_xmllint:/home/neu/Desktop/micro-ROS/microros_767/firmware/dev_ws/install/ament_pyflakes:/home/neu/Desktop/micro-ROS/microros_767/firmware/dev_ws/install/ament_pycodestyle:/home/neu/Desktop/micro-ROS/microros_767/firmware/dev_ws/install/ament_pep257:/home/neu/Desktop/micro-ROS/microros_767/firmware/dev_ws/install/ament_pclint:/home/neu/Desktop/micro-ROS/microros_767/firmware/dev_ws/install/ament_package:/home/neu/Desktop/micro-ROS/microros_767/firmware/dev_ws/install/ament_mypy:/home/neu/Desktop/micro-ROS/microros_767/firmware/dev_ws/install/ament_lint_cmake:/home/neu/Desktop/micro-ROS/microros_767/firmware/dev_ws/install/ament_flake8:/home/neu/Desktop/micro-ROS/microros_767/firmware/dev_ws/install/ament_copyright:/home/neu/Desktop/micro-ROS/microros_767/firmware/dev_ws/install/ament_lint:/home/neu/Desktop/micro-ROS/microros_767/firmware/dev_ws/install/ament_index_python:/home/neu/Desktop/micro-ROS/microros_767/firmware/dev_ws/install/ament_cpplint:/home/neu/Desktop/micro-ROS/microros_767/firmware/dev_ws/install/ament_cppcheck:/home/neu/Desktop/micro-ROS/microros_767/firmware/dev_ws/install/ament_clang_tidy:/home/neu/Desktop/micro-ROS/microros_767/firmware/dev_ws/install/ament_clang_format PATH=/home/neu/Desktop/micro-ROS/microros_767/firmware/mcu_ws/install/rosidl_cli/bin:${PATH} PYTHONPATH=/home/neu/Desktop/micro-ROS/microros_767/firmware/mcu_ws/install/rosidl_cli/lib/python3.8/site-packages:${PYTHONPATH} /usr/bin/cmake --build /home/neu/Desktop/micro-ROS/microros_767/firmware/mcu_ws/build/rosidl_adapter -- -j20 -l20
[2.841s] make[1]: Entering directory '/home/neu/Desktop/micro-ROS/microros_767/firmware/mcu_ws/build/rosidl_adapter'
[2.843s] /usr/bin/cmake -S/home/neu/Desktop/micro-ROS/microros_767/firmware/mcu_ws/ros2/rosidl/rosidl_adapter -B/home/neu/Desktop/micro-ROS/microros_767/firmware/mcu_ws/build/rosidl_adapter --check-build-system CMakeFiles/Makefile.cmake 0
[2.843s] /usr/bin/cmake -E cmake_progress_start /home/neu/Desktop/micro-ROS/microros_767/firmware/mcu_ws/build/rosidl_adapter/CMakeFiles /home/neu/Desktop/micro-ROS/microros_767/firmware/mcu_ws/build/rosidl_adapter/CMakeFiles/progress.marks
[2.844s] /usr/bin/make -f CMakeFiles/Makefile2 all
[2.845s] make[2]: Entering directory '/home/neu/Desktop/micro-ROS/microros_767/firmware/mcu_ws/build/rosidl_adapter'
[2.846s] /usr/bin/make -f CMakeFiles/ament_cmake_python_copy_rosidl_adapter.dir/build.make CMakeFiles/ament_cmake_python_copy_rosidl_adapter.dir/depend
[2.846s] /usr/bin/make -f CMakeFiles/ament_cmake_python_copy_rosidl_adapter_setup.dir/build.make CMakeFiles/ament_cmake_python_copy_rosidl_adapter_setup.dir/depend
[2.847s] make[3]: Entering directory '/home/neu/Desktop/micro-ROS/microros_767/firmware/mcu_ws/build/rosidl_adapter'
[2.849s] cd /home/neu/Desktop/micro-ROS/microros_767/firmware/mcu_ws/build/rosidl_adapter && /usr/bin/cmake -E cmake_depends "Unix Makefiles" /home/neu/Desktop/micro-ROS/microros_767/firmware/mcu_ws/ros2/rosidl/rosidl_adapter /home/neu/Desktop/micro-ROS/microros_767/firmware/mcu_ws/ros2/rosidl/rosidl_adapter /home/neu/Desktop/micro-ROS/microros_767/firmware/mcu_ws/build/rosidl_adapter /home/neu/Desktop/micro-ROS/microros_767/firmware/mcu_ws/build/rosidl_adapter /home/neu/Desktop/micro-ROS/microros_767/firmware/mcu_ws/build/rosidl_adapter/CMakeFiles/ament_cmake_python_copy_rosidl_adapter.dir/DependInfo.cmake --color=
[2.849s] make[3]: Entering directory '/home/neu/Desktop/micro-ROS/microros_767/firmware/mcu_ws/build/rosidl_adapter'
[2.850s] cd /home/neu/Desktop/micro-ROS/microros_767/firmware/mcu_ws/build/rosidl_adapter && /usr/bin/cmake -E cmake_depends "Unix Makefiles" /home/neu/Desktop/micro-ROS/microros_767/firmware/mcu_ws/ros2/rosidl/rosidl_adapter /home/neu/Desktop/micro-ROS/microros_767/firmware/mcu_ws/ros2/rosidl/rosidl_adapter /home/neu/Desktop/micro-ROS/microros_767/firmware/mcu_ws/build/rosidl_adapter /home/neu/Desktop/micro-ROS/microros_767/firmware/mcu_ws/build/rosidl_adapter /home/neu/Desktop/micro-ROS/microros_767/firmware/mcu_ws/build/rosidl_adapter/CMakeFiles/ament_cmake_python_copy_rosidl_adapter_setup.dir/DependInfo.cmake --color=
[2.850s] Dependee "/home/neu/Desktop/micro-ROS/microros_767/firmware/mcu_ws/build/rosidl_adapter/CMakeFiles/ament_cmake_python_copy_rosidl_adapter.dir/DependInfo.cmake" is newer than depender "/home/neu/Desktop/micro-ROS/microros_767/firmware/mcu_ws/build/rosidl_adapter/CMakeFiles/ament_cmake_python_copy_rosidl_adapter.dir/depend.internal".
[2.850s] Dependee "/home/neu/Desktop/micro-ROS/microros_767/firmware/mcu_ws/build/rosidl_adapter/CMakeFiles/CMakeDirectoryInformation.cmake" is newer than depender "/home/neu/Desktop/micro-ROS/microros_767/firmware/mcu_ws/build/rosidl_adapter/CMakeFiles/ament_cmake_python_copy_rosidl_adapter.dir/depend.internal".
[2.851s] [35m[1mScanning dependencies of target ament_cmake_python_copy_rosidl_adapter[0m
[2.852s] make[3]: Leaving directory '/home/neu/Desktop/micro-ROS/microros_767/firmware/mcu_ws/build/rosidl_adapter'
[2.853s] /usr/bin/make -f CMakeFiles/ament_cmake_python_copy_rosidl_adapter.dir/build.make CMakeFiles/ament_cmake_python_copy_rosidl_adapter.dir/build
[2.853s] make[3]: Entering directory '/home/neu/Desktop/micro-ROS/microros_767/firmware/mcu_ws/build/rosidl_adapter'
[2.853s] /usr/bin/cmake -E copy_directory /home/neu/Desktop/micro-ROS/microros_767/firmware/mcu_ws/ros2/rosidl/rosidl_adapter/rosidl_adapter /home/neu/Desktop/micro-ROS/microros_767/firmware/mcu_ws/build/rosidl_adapter/ament_cmake_python/rosidl_adapter/rosidl_adapter
[2.853s] Dependee "/home/neu/Desktop/micro-ROS/microros_767/firmware/mcu_ws/build/rosidl_adapter/CMakeFiles/ament_cmake_python_copy_rosidl_adapter_setup.dir/DependInfo.cmake" is newer than depender "/home/neu/Desktop/micro-ROS/microros_767/firmware/mcu_ws/build/rosidl_adapter/CMakeFiles/ament_cmake_python_copy_rosidl_adapter_setup.dir/depend.internal".
[2.854s] Dependee "/home/neu/Desktop/micro-ROS/microros_767/firmware/mcu_ws/build/rosidl_adapter/CMakeFiles/CMakeDirectoryInformation.cmake" is newer than depender "/home/neu/Desktop/micro-ROS/microros_767/firmware/mcu_ws/build/rosidl_adapter/CMakeFiles/ament_cmake_python_copy_rosidl_adapter_setup.dir/depend.internal".
[2.854s] [35m[1mScanning dependencies of target ament_cmake_python_copy_rosidl_adapter_setup[0m
[2.855s] make[3]: Leaving directory '/home/neu/Desktop/micro-ROS/microros_767/firmware/mcu_ws/build/rosidl_adapter'
[2.856s] /usr/bin/make -f CMakeFiles/ament_cmake_python_copy_rosidl_adapter_setup.dir/build.make CMakeFiles/ament_cmake_python_copy_rosidl_adapter_setup.dir/build
[2.858s] make[3]: Entering directory '/home/neu/Desktop/micro-ROS/microros_767/firmware/mcu_ws/build/rosidl_adapter'
[2.858s] /usr/bin/cmake -E copy /home/neu/Desktop/micro-ROS/microros_767/firmware/mcu_ws/ros2/rosidl/rosidl_adapter/setup.cfg /home/neu/Desktop/micro-ROS/microros_767/firmware/mcu_ws/build/rosidl_adapter/ament_cmake_python/rosidl_adapter/setup.cfg
[2.859s] make[3]: Leaving directory '/home/neu/Desktop/micro-ROS/microros_767/firmware/mcu_ws/build/rosidl_adapter'
[2.859s] Built target ament_cmake_python_copy_rosidl_adapter_setup
[2.859s] make[3]: Leaving directory '/home/neu/Desktop/micro-ROS/microros_767/firmware/mcu_ws/build/rosidl_adapter'
[2.859s] Built target ament_cmake_python_copy_rosidl_adapter
[2.859s] /usr/bin/make -f CMakeFiles/ament_cmake_python_build_rosidl_adapter_egg.dir/build.make CMakeFiles/ament_cmake_python_build_rosidl_adapter_egg.dir/depend
[2.859s] make[3]: Entering directory '/home/neu/Desktop/micro-ROS/microros_767/firmware/mcu_ws/build/rosidl_adapter'
[2.860s] cd /home/neu/Desktop/micro-ROS/microros_767/firmware/mcu_ws/build/rosidl_adapter && /usr/bin/cmake -E cmake_depends "Unix Makefiles" /home/neu/Desktop/micro-ROS/microros_767/firmware/mcu_ws/ros2/rosidl/rosidl_adapter /home/neu/Desktop/micro-ROS/microros_767/firmware/mcu_ws/ros2/rosidl/rosidl_adapter /home/neu/Desktop/micro-ROS/microros_767/firmware/mcu_ws/build/rosidl_adapter /home/neu/Desktop/micro-ROS/microros_767/firmware/mcu_ws/build/rosidl_adapter /home/neu/Desktop/micro-ROS/microros_767/firmware/mcu_ws/build/rosidl_adapter/CMakeFiles/ament_cmake_python_build_rosidl_adapter_egg.dir/DependInfo.cmake --color=
[2.862s] Dependee "/home/neu/Desktop/micro-ROS/microros_767/firmware/mcu_ws/build/rosidl_adapter/CMakeFiles/ament_cmake_python_build_rosidl_adapter_egg.dir/DependInfo.cmake" is newer than depender "/home/neu/Desktop/micro-ROS/microros_767/firmware/mcu_ws/build/rosidl_adapter/CMakeFiles/ament_cmake_python_build_rosidl_adapter_egg.dir/depend.internal".
[2.862s] Dependee "/home/neu/Desktop/micro-ROS/microros_767/firmware/mcu_ws/build/rosidl_adapter/CMakeFiles/CMakeDirectoryInformation.cmake" is newer than depender "/home/neu/Desktop/micro-ROS/microros_767/firmware/mcu_ws/build/rosidl_adapter/CMakeFiles/ament_cmake_python_build_rosidl_adapter_egg.dir/depend.internal".
[2.862s] [35m[1mScanning dependencies of target ament_cmake_python_build_rosidl_adapter_egg[0m
[2.863s] make[3]: Leaving directory '/home/neu/Desktop/micro-ROS/microros_767/firmware/mcu_ws/build/rosidl_adapter'
[2.863s] /usr/bin/make -f CMakeFiles/ament_cmake_python_build_rosidl_adapter_egg.dir/build.make CMakeFiles/ament_cmake_python_build_rosidl_adapter_egg.dir/build
[2.863s] make[3]: Entering directory '/home/neu/Desktop/micro-ROS/microros_767/firmware/mcu_ws/build/rosidl_adapter'
[2.863s] cd /home/neu/Desktop/micro-ROS/microros_767/firmware/mcu_ws/build/rosidl_adapter/ament_cmake_python/rosidl_adapter && /usr/bin/python3.8 setup.py egg_info
[2.863s] running egg_info
[2.864s] creating rosidl_adapter.egg-info
[2.864s] writing rosidl_adapter.egg-info/PKG-INFO
[2.865s] writing dependency_links to rosidl_adapter.egg-info/dependency_links.txt
[2.865s] writing entry points to rosidl_adapter.egg-info/entry_points.txt
[2.865s] writing top-level names to rosidl_adapter.egg-info/top_level.txt
[2.865s] writing manifest file 'rosidl_adapter.egg-info/SOURCES.txt'
[2.865s] reading manifest file 'rosidl_adapter.egg-info/SOURCES.txt'
[2.865s] writing manifest file 'rosidl_adapter.egg-info/SOURCES.txt'
[2.866s] make[3]: Leaving directory '/home/neu/Desktop/micro-ROS/microros_767/firmware/mcu_ws/build/rosidl_adapter'
[2.866s] Built target ament_cmake_python_build_rosidl_adapter_egg
[2.866s] make[2]: Leaving directory '/home/neu/Desktop/micro-ROS/microros_767/firmware/mcu_ws/build/rosidl_adapter'
[2.866s] /usr/bin/cmake -E cmake_progress_start /home/neu/Desktop/micro-ROS/microros_767/firmware/mcu_ws/build/rosidl_adapter/CMakeFiles 0
[2.866s] make[1]: Leaving directory '/home/neu/Desktop/micro-ROS/microros_767/firmware/mcu_ws/build/rosidl_adapter'
[2.875s] Invoked command in '/home/neu/Desktop/micro-ROS/microros_767/firmware/mcu_ws/build/rosidl_adapter' returned '0': AMENT_PREFIX_PATH=/home/neu/Desktop/micro-ROS/microros_767/firmware/mcu_ws/install/rosidl_cli:${AMENT_PREFIX_PATH} CMAKE_PREFIX_PATH=${CMAKE_PREFIX_PATH}:/home/neu/Desktop/micro-ROS/microros_767/firmware/dev_ws/install/ament_uncrustify:/home/neu/Desktop/micro-ROS/microros_767/firmware/dev_ws/install/domain_coordinator:/home/neu/Desktop/micro-ROS/microros_767/firmware/dev_ws/install/ament_xmllint:/home/neu/Desktop/micro-ROS/microros_767/firmware/dev_ws/install/ament_pyflakes:/home/neu/Desktop/micro-ROS/microros_767/firmware/dev_ws/install/ament_pycodestyle:/home/neu/Desktop/micro-ROS/microros_767/firmware/dev_ws/install/ament_pep257:/home/neu/Desktop/micro-ROS/microros_767/firmware/dev_ws/install/ament_pclint:/home/neu/Desktop/micro-ROS/microros_767/firmware/dev_ws/install/ament_package:/home/neu/Desktop/micro-ROS/microros_767/firmware/dev_ws/install/ament_mypy:/home/neu/Desktop/micro-ROS/microros_767/firmware/dev_ws/install/ament_lint_cmake:/home/neu/Desktop/micro-ROS/microros_767/firmware/dev_ws/install/ament_flake8:/home/neu/Desktop/micro-ROS/microros_767/firmware/dev_ws/install/ament_copyright:/home/neu/Desktop/micro-ROS/microros_767/firmware/dev_ws/install/ament_lint:/home/neu/Desktop/micro-ROS/microros_767/firmware/dev_ws/install/ament_index_python:/home/neu/Desktop/micro-ROS/microros_767/firmware/dev_ws/install/ament_cpplint:/home/neu/Desktop/micro-ROS/microros_767/firmware/dev_ws/install/ament_cppcheck:/home/neu/Desktop/micro-ROS/microros_767/firmware/dev_ws/install/ament_clang_tidy:/home/neu/Desktop/micro-ROS/microros_767/firmware/dev_ws/install/ament_clang_format PATH=/home/neu/Desktop/micro-ROS/microros_767/firmware/mcu_ws/install/rosidl_cli/bin:${PATH} PYTHONPATH=/home/neu/Desktop/micro-ROS/microros_767/firmware/mcu_ws/install/rosidl_cli/lib/python3.8/site-packages:${PYTHONPATH} /usr/bin/cmake --build /home/neu/Desktop/micro-ROS/microros_767/firmware/mcu_ws/build/rosidl_adapter -- -j20 -l20
[2.890s] Invoking command in '/home/neu/Desktop/micro-ROS/microros_767/firmware/mcu_ws/build/rosidl_adapter': AMENT_PREFIX_PATH=/home/neu/Desktop/micro-ROS/microros_767/firmware/mcu_ws/install/rosidl_cli:${AMENT_PREFIX_PATH} CMAKE_PREFIX_PATH=${CMAKE_PREFIX_PATH}:/home/neu/Desktop/micro-ROS/microros_767/firmware/dev_ws/install/ament_uncrustify:/home/neu/Desktop/micro-ROS/microros_767/firmware/dev_ws/install/domain_coordinator:/home/neu/Desktop/micro-ROS/microros_767/firmware/dev_ws/install/ament_xmllint:/home/neu/Desktop/micro-ROS/microros_767/firmware/dev_ws/install/ament_pyflakes:/home/neu/Desktop/micro-ROS/microros_767/firmware/dev_ws/install/ament_pycodestyle:/home/neu/Desktop/micro-ROS/microros_767/firmware/dev_ws/install/ament_pep257:/home/neu/Desktop/micro-ROS/microros_767/firmware/dev_ws/install/ament_pclint:/home/neu/Desktop/micro-ROS/microros_767/firmware/dev_ws/install/ament_package:/home/neu/Desktop/micro-ROS/microros_767/firmware/dev_ws/install/ament_mypy:/home/neu/Desktop/micro-ROS/microros_767/firmware/dev_ws/install/ament_lint_cmake:/home/neu/Desktop/micro-ROS/microros_767/firmware/dev_ws/install/ament_flake8:/home/neu/Desktop/micro-ROS/microros_767/firmware/dev_ws/install/ament_copyright:/home/neu/Desktop/micro-ROS/microros_767/firmware/dev_ws/install/ament_lint:/home/neu/Desktop/micro-ROS/microros_767/firmware/dev_ws/install/ament_index_python:/home/neu/Desktop/micro-ROS/microros_767/firmware/dev_ws/install/ament_cpplint:/home/neu/Desktop/micro-ROS/microros_767/firmware/dev_ws/install/ament_cppcheck:/home/neu/Desktop/micro-ROS/microros_767/firmware/dev_ws/install/ament_clang_tidy:/home/neu/Desktop/micro-ROS/microros_767/firmware/dev_ws/install/ament_clang_format PATH=/home/neu/Desktop/micro-ROS/microros_767/firmware/mcu_ws/install/rosidl_cli/bin:${PATH} PYTHONPATH=/home/neu/Desktop/micro-ROS/microros_767/firmware/mcu_ws/install/rosidl_cli/lib/python3.8/site-packages:${PYTHONPATH} /usr/bin/cmake --install /home/neu/Desktop/micro-ROS/microros_767/firmware/mcu_ws/build/rosidl_adapter
[2.893s] -- Install configuration: ""
[2.893s] -- Installing: /home/neu/Desktop/micro-ROS/microros_767/firmware/mcu_ws/install/rosidl_adapter/share/rosidl_adapter/environment/pythonpath.sh
[2.893s] -- Installing: /home/neu/Desktop/micro-ROS/microros_767/firmware/mcu_ws/install/rosidl_adapter/share/rosidl_adapter/environment/pythonpath.dsv
[2.893s] -- Installing: /home/neu/Desktop/micro-ROS/microros_767/firmware/mcu_ws/install/rosidl_adapter/lib/python3.8/site-packages/rosidl_adapter-3.1.5-py3.8.egg-info
[2.893s] -- Installing: /home/neu/Desktop/micro-ROS/microros_767/firmware/mcu_ws/install/rosidl_adapter/lib/python3.8/site-packages/rosidl_adapter-3.1.5-py3.8.egg-info/dependency_links.txt
[2.893s] -- Installing: /home/neu/Desktop/micro-ROS/microros_767/firmware/mcu_ws/install/rosidl_adapter/lib/python3.8/site-packages/rosidl_adapter-3.1.5-py3.8.egg-info/PKG-INFO
[2.893s] -- Installing: /home/neu/Desktop/micro-ROS/microros_767/firmware/mcu_ws/install/rosidl_adapter/lib/python3.8/site-packages/rosidl_adapter-3.1.5-py3.8.egg-info/entry_points.txt
[2.893s] -- Installing: /home/neu/Desktop/micro-ROS/microros_767/firmware/mcu_ws/install/rosidl_adapter/lib/python3.8/site-packages/rosidl_adapter-3.1.5-py3.8.egg-info/SOURCES.txt
[2.893s] -- Installing: /home/neu/Desktop/micro-ROS/microros_767/firmware/mcu_ws/install/rosidl_adapter/lib/python3.8/site-packages/rosidl_adapter-3.1.5-py3.8.egg-info/top_level.txt
[2.894s] -- Installing: /home/neu/Desktop/micro-ROS/microros_767/firmware/mcu_ws/install/rosidl_adapter/lib/python3.8/site-packages/rosidl_adapter
[2.894s] -- Installing: /home/neu/Desktop/micro-ROS/microros_767/firmware/mcu_ws/install/rosidl_adapter/lib/python3.8/site-packages/rosidl_adapter/resource
[2.894s] -- Installing: /home/neu/Desktop/micro-ROS/microros_767/firmware/mcu_ws/install/rosidl_adapter/lib/python3.8/site-packages/rosidl_adapter/resource/srv.idl.em
[2.894s] -- Installing: /home/neu/Desktop/micro-ROS/microros_767/firmware/mcu_ws/install/rosidl_adapter/lib/python3.8/site-packages/rosidl_adapter/resource/__init__.py
[2.894s] -- Installing: /home/neu/Desktop/micro-ROS/microros_767/firmware/mcu_ws/install/rosidl_adapter/lib/python3.8/site-packages/rosidl_adapter/resource/msg.idl.em
[2.894s] -- Installing: /home/neu/Desktop/micro-ROS/microros_767/firmware/mcu_ws/install/rosidl_adapter/lib/python3.8/site-packages/rosidl_adapter/resource/struct.idl.em
[2.894s] -- Installing: /home/neu/Desktop/micro-ROS/microros_767/firmware/mcu_ws/install/rosidl_adapter/lib/python3.8/site-packages/rosidl_adapter/resource/action.idl.em
[2.894s] -- Installing: /home/neu/Desktop/micro-ROS/microros_767/firmware/mcu_ws/install/rosidl_adapter/lib/python3.8/site-packages/rosidl_adapter/__init__.py
[2.894s] -- Installing: /home/neu/Desktop/micro-ROS/microros_767/firmware/mcu_ws/install/rosidl_adapter/lib/python3.8/site-packages/rosidl_adapter/parser.py
[2.894s] -- Installing: /home/neu/Desktop/micro-ROS/microros_767/firmware/mcu_ws/install/rosidl_adapter/lib/python3.8/site-packages/rosidl_adapter/msg
[2.894s] -- Installing: /home/neu/Desktop/micro-ROS/microros_767/firmware/mcu_ws/install/rosidl_adapter/lib/python3.8/site-packages/rosidl_adapter/msg/__init__.py
[2.894s] -- Installing: /home/neu/Desktop/micro-ROS/microros_767/firmware/mcu_ws/install/rosidl_adapter/lib/python3.8/site-packages/rosidl_adapter/main.py
[2.894s] -- Installing: /home/neu/Desktop/micro-ROS/microros_767/firmware/mcu_ws/install/rosidl_adapter/lib/python3.8/site-packages/rosidl_adapter/cli.py
[2.894s] -- Installing: /home/neu/Desktop/micro-ROS/microros_767/firmware/mcu_ws/install/rosidl_adapter/lib/python3.8/site-packages/rosidl_adapter/srv
[2.894s] -- Installing: /home/neu/Desktop/micro-ROS/microros_767/firmware/mcu_ws/install/rosidl_adapter/lib/python3.8/site-packages/rosidl_adapter/srv/__init__.py
[2.895s] -- Installing: /home/neu/Desktop/micro-ROS/microros_767/firmware/mcu_ws/install/rosidl_adapter/lib/python3.8/site-packages/rosidl_adapter/__main__.py
[2.895s] -- Installing: /home/neu/Desktop/micro-ROS/microros_767/firmware/mcu_ws/install/rosidl_adapter/lib/python3.8/site-packages/rosidl_adapter/action
[2.895s] -- Installing: /home/neu/Desktop/micro-ROS/microros_767/firmware/mcu_ws/install/rosidl_adapter/lib/python3.8/site-packages/rosidl_adapter/action/__init__.py
[2.951s] Listing '/home/neu/Desktop/micro-ROS/microros_767/firmware/mcu_ws/install/rosidl_adapter/lib/python3.8/site-packages/rosidl_adapter'...
[2.951s] Compiling '/home/neu/Desktop/micro-ROS/microros_767/firmware/mcu_ws/install/rosidl_adapter/lib/python3.8/site-packages/rosidl_adapter/__init__.py'...
[2.951s] Compiling '/home/neu/Desktop/micro-ROS/microros_767/firmware/mcu_ws/install/rosidl_adapter/lib/python3.8/site-packages/rosidl_adapter/__main__.py'...
[2.951s] Listing '/home/neu/Desktop/micro-ROS/microros_767/firmware/mcu_ws/install/rosidl_adapter/lib/python3.8/site-packages/rosidl_adapter/action'...
[2.951s] Compiling '/home/neu/Desktop/micro-ROS/microros_767/firmware/mcu_ws/install/rosidl_adapter/lib/python3.8/site-packages/rosidl_adapter/action/__init__.py'...
[2.951s] Compiling '/home/neu/Desktop/micro-ROS/microros_767/firmware/mcu_ws/install/rosidl_adapter/lib/python3.8/site-packages/rosidl_adapter/cli.py'...
[2.951s] Compiling '/home/neu/Desktop/micro-ROS/microros_767/firmware/mcu_ws/install/rosidl_adapter/lib/python3.8/site-packages/rosidl_adapter/main.py'...
[2.951s] Listing '/home/neu/Desktop/micro-ROS/microros_767/firmware/mcu_ws/install/rosidl_adapter/lib/python3.8/site-packages/rosidl_adapter/msg'...
[2.952s] Compiling '/home/neu/Desktop/micro-ROS/microros_767/firmware/mcu_ws/install/rosidl_adapter/lib/python3.8/site-packages/rosidl_adapter/msg/__init__.py'...
[2.952s] Compiling '/home/neu/Desktop/micro-ROS/microros_767/firmware/mcu_ws/install/rosidl_adapter/lib/python3.8/site-packages/rosidl_adapter/parser.py'...
[2.952s] Listing '/home/neu/Desktop/micro-ROS/microros_767/firmware/mcu_ws/install/rosidl_adapter/lib/python3.8/site-packages/rosidl_adapter/resource'...
[2.952s] Compiling '/home/neu/Desktop/micro-ROS/microros_767/firmware/mcu_ws/install/rosidl_adapter/lib/python3.8/site-packages/rosidl_adapter/resource/__init__.py'...
[2.952s] Listing '/home/neu/Desktop/micro-ROS/microros_767/firmware/mcu_ws/install/rosidl_adapter/lib/python3.8/site-packages/rosidl_adapter/srv'...
[2.952s] Compiling '/home/neu/Desktop/micro-ROS/microros_767/firmware/mcu_ws/install/rosidl_adapter/lib/python3.8/site-packages/rosidl_adapter/srv/__init__.py'...
[2.954s] -- Installing: /home/neu/Desktop/micro-ROS/microros_767/firmware/mcu_ws/install/rosidl_adapter/share/ament_index/resource_index/package_run_dependencies/rosidl_adapter
[2.954s] -- Installing: /home/neu/Desktop/micro-ROS/microros_767/firmware/mcu_ws/install/rosidl_adapter/share/ament_index/resource_index/parent_prefix_path/rosidl_adapter
[2.954s] -- Installing: /home/neu/Desktop/micro-ROS/microros_767/firmware/mcu_ws/install/rosidl_adapter/share/rosidl_adapter/environment/ament_prefix_path.sh
[2.954s] -- Installing: /home/neu/Desktop/micro-ROS/microros_767/firmware/mcu_ws/install/rosidl_adapter/share/rosidl_adapter/environment/ament_prefix_path.dsv
[2.954s] -- Installing: /home/neu/Desktop/micro-ROS/microros_767/firmware/mcu_ws/install/rosidl_adapter/share/rosidl_adapter/environment/path.sh
[2.954s] -- Installing: /home/neu/Desktop/micro-ROS/microros_767/firmware/mcu_ws/install/rosidl_adapter/share/rosidl_adapter/environment/path.dsv
[2.955s] -- Installing: /home/neu/Desktop/micro-ROS/microros_767/firmware/mcu_ws/install/rosidl_adapter/share/rosidl_adapter/local_setup.bash
[2.955s] -- Installing: /home/neu/Desktop/micro-ROS/microros_767/firmware/mcu_ws/install/rosidl_adapter/share/rosidl_adapter/local_setup.sh
[2.955s] -- Installing: /home/neu/Desktop/micro-ROS/microros_767/firmware/mcu_ws/install/rosidl_adapter/share/rosidl_adapter/local_setup.zsh
[2.955s] -- Installing: /home/neu/Desktop/micro-ROS/microros_767/firmware/mcu_ws/install/rosidl_adapter/share/rosidl_adapter/local_setup.dsv
[2.955s] -- Installing: /home/neu/Desktop/micro-ROS/microros_767/firmware/mcu_ws/install/rosidl_adapter/share/rosidl_adapter/package.dsv
[2.955s] -- Installing: /home/neu/Desktop/micro-ROS/microros_767/firmware/mcu_ws/install/rosidl_adapter/share/ament_index/resource_index/packages/rosidl_adapter
[2.955s] -- Installing: /home/neu/Desktop/micro-ROS/microros_767/firmware/mcu_ws/install/rosidl_adapter/share/rosidl_adapter/cmake/rosidl_adapter-extras.cmake
[2.955s] -- Installing: /home/neu/Desktop/micro-ROS/microros_767/firmware/mcu_ws/install/rosidl_adapter/share/rosidl_adapter/cmake/rosidl_adapterConfig.cmake
[2.955s] -- Installing: /home/neu/Desktop/micro-ROS/microros_767/firmware/mcu_ws/install/rosidl_adapter/share/rosidl_adapter/cmake/rosidl_adapterConfig-version.cmake
[2.955s] -- Installing: /home/neu/Desktop/micro-ROS/microros_767/firmware/mcu_ws/install/rosidl_adapter/share/rosidl_adapter/package.xml
[2.955s] -- Up-to-date: /home/neu/Desktop/micro-ROS/microros_767/firmware/mcu_ws/install/rosidl_adapter/share/rosidl_adapter/cmake
[2.955s] -- Installing: /home/neu/Desktop/micro-ROS/microros_767/firmware/mcu_ws/install/rosidl_adapter/share/rosidl_adapter/cmake/rosidl_adapt_interfaces.cmake
[2.955s] -- Installing: /home/neu/Desktop/micro-ROS/microros_767/firmware/mcu_ws/install/rosidl_adapter/lib/rosidl_adapter/msg2idl.py
[2.955s] -- Installing: /home/neu/Desktop/micro-ROS/microros_767/firmware/mcu_ws/install/rosidl_adapter/lib/rosidl_adapter/srv2idl.py
[2.957s] Invoked command in '/home/neu/Desktop/micro-ROS/microros_767/firmware/mcu_ws/build/rosidl_adapter' returned '0': AMENT_PREFIX_PATH=/home/neu/Desktop/micro-ROS/microros_767/firmware/mcu_ws/install/rosidl_cli:${AMENT_PREFIX_PATH} CMAKE_PREFIX_PATH=${CMAKE_PREFIX_PATH}:/home/neu/Desktop/micro-ROS/microros_767/firmware/dev_ws/install/ament_uncrustify:/home/neu/Desktop/micro-ROS/microros_767/firmware/dev_ws/install/domain_coordinator:/home/neu/Desktop/micro-ROS/microros_767/firmware/dev_ws/install/ament_xmllint:/home/neu/Desktop/micro-ROS/microros_767/firmware/dev_ws/install/ament_pyflakes:/home/neu/Desktop/micro-ROS/microros_767/firmware/dev_ws/install/ament_pycodestyle:/home/neu/Desktop/micro-ROS/microros_767/firmware/dev_ws/install/ament_pep257:/home/neu/Desktop/micro-ROS/microros_767/firmware/dev_ws/install/ament_pclint:/home/neu/Desktop/micro-ROS/microros_767/firmware/dev_ws/install/ament_package:/home/neu/Desktop/micro-ROS/microros_767/firmware/dev_ws/install/ament_mypy:/home/neu/Desktop/micro-ROS/microros_767/firmware/dev_ws/install/ament_lint_cmake:/home/neu/Desktop/micro-ROS/microros_767/firmware/dev_ws/install/ament_flake8:/home/neu/Desktop/micro-ROS/microros_767/firmware/dev_ws/install/ament_copyright:/home/neu/Desktop/micro-ROS/microros_767/firmware/dev_ws/install/ament_lint:/home/neu/Desktop/micro-ROS/microros_767/firmware/dev_ws/install/ament_index_python:/home/neu/Desktop/micro-ROS/microros_767/firmware/dev_ws/install/ament_cpplint:/home/neu/Desktop/micro-ROS/microros_767/firmware/dev_ws/install/ament_cppcheck:/home/neu/Desktop/micro-ROS/microros_767/firmware/dev_ws/install/ament_clang_tidy:/home/neu/Desktop/micro-ROS/microros_767/firmware/dev_ws/install/ament_clang_format PATH=/home/neu/Desktop/micro-ROS/microros_767/firmware/mcu_ws/install/rosidl_cli/bin:${PATH} PYTHONPATH=/home/neu/Desktop/micro-ROS/microros_767/firmware/mcu_ws/install/rosidl_cli/lib/python3.8/site-packages:${PYTHONPATH} /usr/bin/cmake --install /home/neu/Desktop/micro-ROS/microros_767/firmware/mcu_ws/build/rosidl_adapter
