==========|1111| 0 : 18243
==========|1111| 1 : 18240
==========|1111| 2 : 18241
==========|1111| 3 : 18241
==========|1111| 4 : 16794
==========|1111| 5 : 18241
==========|1111| 6 : 18241
==========|1111| 7 : 18242
==========|1111| 8 : 18241
==========|1111| 9 : 18240
==========|1111| 10 : 18240
==========|1111| 11 : 18240
==========|1111| 12 : 18242
==========|1111| 13 : 18240
==========|1111| 14 : 18240
==========|1111| 15 : 18242
==========|1111| 16 : 16796
==========|1111| 17 : 18241
==========|1111| 18 : 18249
==========|1111| 19 : 18240
==========|1111| 20 : 16795
==========|1111| 21 : 18240
==========|1111| 22 : 18239
==========|1111| 23 : 18242
==========|1111| 24 : 18240
==========|1111| 25 : 18242
==========|1111| 26 : 18240
==========|1111| 27 : 18243
==========|1111| 28 : 18240
==========|1111| 29 : 18241
==========|1111| 30 : 18240
==========|1111| 31 : 18258
==========|1111| 32 : 18241
==========|1111| 33 : 18241
==========|1111| 34 : 18239
==========|1111| 35 : 16795
==========|1111| 36 : 16795
==========|1111| 37 : 18241
==========|1111| 38 : 17529
==========|1111| 39 : 18240
==========|1111| 40 : 18241
==========|1111| 41 : 18250
==========|1111| 42 : 18252
==========|1111| 43 : 18241
==========|1111| 44 : 18241
==========|1111| 45 : 18241
==========|1111| 46 : 18240
==========|1111| 47 : 18242
==========|1111| 48 : 18242
==========|1111| 49 : 18240
==========|1111| 50 : 18240
==========|1111| 51 : 16795
==========|1111| 52 : 18240
==========|1111| 53 : 18241
==========|1111| 54 : 18241
==========|1111| 55 : 18239
==========|1111| 56 : 18240
==========|1111| 57 : 18242
==========|1111| 58 : 18240
==========|1111| 59 : 18241
==========|1111| 60 : 16794
==========|1111| 61 : 18241
==========|1111| 62 : 18241
==========|1111| 63 : 18240
==========|1111| 64 : 18240
==========|1111| 65 : 18242
==========|1111| 66 : 18241
==========|1111| 67 : 18241
==========|1111| 68 : 18240
==========|1111| 69 : 18240
==========|1111| 70 : 18241
==========|1111| 71 : 18240
==========|1111| 72 : 18241
==========|1111| 73 : 18241
==========|1111| 74 : 18241
==========|1111| 75 : 18240
==========|1111| 76 : 18241
==========|1111| 77 : 18242
==========|1111| 78 : 18240
==========|1111| 79 : 18240
==========|1111| 80 : 18240
==========|1111| 81 : 18241
==========|1111| 82 : 18241
==========|1111| 83 : 18242
==========|1111| 84 : 18240
==========|1111| 85 : 18242
==========|1111| 86 : 18241
==========|1111| 87 : 18239
==========|1111| 88 : 18240
==========|1111| 89 : 18243
==========|1111| 90 : 18240
==========|1111| 91 : 18242
==========|1111| 92 : 18240
==========|1111| 93 : 18241
==========|1111| 94 : 18240
==========|1111| 95 : 18240
==========|1111| 96 : 18240
==========|1111| 97 : 18242
==========|1111| 98 : 18241
==========|1111| 99 : 18240
==========|1111| 100 : 18241
==========|1111| 101 : 18251
==========|1111| 102 : 17530
==========|1111| 103 : 18241
==========|1111| 104 : 18241
==========|1111| 105 : 16795
==========|1111| 106 : 18241
==========|1111| 107 : 18240
==========|1111| 108 : 18240
==========|1111| 109 : 18242
==========|1111| 110 : 18240
==========|1111| 111 : 18240
==========|1111| 112 : 18240
==========|1111| 113 : 18242
==========|1111| 114 : 18240
==========|1111| 115 : 18242
==========|1111| 116 : 16803
==========|1111| 117 : 18241
==========|1111| 118 : 18241
==========|1111| 119 : 18240
==========|1111| 120 : 18242
==========|1111| 121 : 18250
==========|1111| 122 : 18241
==========|1111| 123 : 18242
==========|1111| 124 : 18241
==========|1111| 125 : 18241
==========|1111| 126 : 18241
==========|1111| 127 : 18259
==========|1111| 128 : 18242
==========|1111| 129 : 16794
==========|1111| 130 : 18240
==========|1111| 131 : 18241
==========|1111| 132 : 16795
==========|1111| 133 : 18240
==========|1111| 134 : 18239
==========|1111| 135 : 18241
==========|1111| 136 : 18240
==========|1111| 137 : 18240
==========|1111| 138 : 17530
==========|1111| 139 : 18240
==========|1111| 140 : 18249
==========|1111| 141 : 18239
==========|1111| 142 : 16794
==========|1111| 143 : 18241
==========|1111| 144 : 18240
==========|1111| 145 : 17530
==========|1111| 146 : 18242
==========|1111| 147 : 18241
==========|1111| 148 : 18241
==========|1111| 149 : 18242
==========|1111| 150 : 18240
==========|1111| 151 : 18239
==========|1111| 152 : 18242
==========|1111| 153 : 18241
==========|1111| 154 : 18240
==========|1111| 155 : 18240
==========|1111| 156 : 18241
==========|1111| 157 : 18241
==========|1111| 158 : 18241
==========|1111| 159 : 18240
==========|1111| 160 : 18240
==========|1111| 161 : 18241
==========|1111| 162 : 18240
==========|1111| 163 : 18242
==========|1111| 164 : 18239
==========|1111| 165 : 18239
==========|1111| 166 : 18250
==========|1111| 167 : 18242
==========|1111| 168 : 18242
==========|1111| 169 : 18240
==========|1111| 170 : 18240
==========|1111| 171 : 18241
==========|1111| 172 : 18241
==========|1111| 173 : 18239
==========|1111| 174 : 17531
==========|1111| 175 : 18240
==========|1111| 176 : 18242
==========|1111| 177 : 18241
==========|1111| 178 : 16795
==========|1111| 179 : 18241
==========|1111| 180 : 18241
==========|1111| 181 : 18240
==========|1111| 182 : 18240
==========|1111| 183 : 18240
==========|1111| 184 : 18240
==========|1111| 185 : 18241
==========|1111| 186 : 18243
==========|1111| 187 : 18239
==========|1111| 188 : 18242
==========|1111| 189 : 18242
==========|1111| 190 : 18240
==========|1111| 191 : 18241
==========|1111| 192 : 17529
==========|1111| 193 : 18240
==========|1111| 194 : 18240
==========|1111| 195 : 16795
==========|1111| 196 : 18241
==========|1111| 197 : 18241
==========|1111| 198 : 18240
==========|1111| 199 : 18240
==========|1111| 200 : 18243
==========|1111| 201 : 18250
==========|1111| 202 : 18248
==========|1111| 203 : 18242
==========|1111| 204 : 18239
==========|1111| 205 : 18240
==========|1111| 206 : 18241
==========|1111| 207 : 18241
==========|1111| 208 : 18240
==========|1111| 209 : 18241
==========|1111| 210 : 18240
==========|1111| 211 : 18240
==========|1111| 212 : 17550
==========|1111| 213 : 18240
==========|1111| 214 : 18243
==========|1111| 215 : 18241
==========|1111| 216 : 18239
==========|1111| 217 : 17529
==========|1111| 218 : 18241
==========|1111| 219 : 18240
==========|1111| 220 : 17530
==========|1111| 221 : 18241
==========|1111| 222 : 18241
==========|1111| 223 : 18240
==========|1111| 224 : 18240
==========|1111| 225 : 18241
==========|1111| 226 : 18240
==========|1111| 227 : 18240
==========|1111| 228 : 18243
==========|1111| 229 : 18240
==========|1111| 230 : 17530
==========|1111| 231 : 18241
==========|1111| 232 : 18240
==========|1111| 233 : 17530
==========|1111| 234 : 18241
==========|1111| 235 : 18242
==========|1111| 236 : 18240
==========|1111| 237 : 18240
==========|1111| 238 : 18242
==========|1111| 239 : 18241
==========|1111| 240 : 17529
==========|1111| 241 : 18241
==========|1111| 242 : 18250
==========|1111| 243 : 18241
==========|1111| 244 : 18240
==========|1111| 245 : 17530
==========|1111| 246 : 18240
==========|1111| 247 : 18243
==========|1111| 248 : 18240
==========|1111| 249 : 18241
==========|1111| 250 : 18241
==========|1111| 251 : 18242
==========|1111| 252 : 18240
==========|1111| 253 : 18240
==========|1111| 254 : 18241
==========|1111| 255 : 18241
==========|1111| 256 : 17530
==========|1111| 257 : 18250
==========|1111| 258 : 18241
==========|1111| 259 : 18241
==========|1111| 260 : 18241
==========|1111| 261 : 16795
==========|1111| 262 : 18240
==========|1111| 263 : 18241
==========|1111| 264 : 18241
==========|1111| 265 : 18240
==========|1111| 266 : 18241
==========|1111| 267 : 18242
==========|1111| 268 : 18250
==========|1111| 269 : 16797
==========|1111| 270 : 18240
==========|1111| 271 : 18242
==========|1111| 272 : 18240
==========|1111| 273 : 18243
==========|1111| 274 : 18250
==========|1111| 275 : 16795
==========|1111| 276 : 18242
==========|1111| 277 : 18241
==========|1111| 278 : 18240
==========|1111| 279 : 18240
==========|1111| 280 : 18241
==========|1111| 281 : 18240
==========|1111| 282 : 18240
==========|1111| 283 : 18240
==========|1111| 284 : 18240
==========|1111| 285 : 18241
==========|1111| 286 : 18241
==========|1111| 287 : 18258
==========|1111| 288 : 18242
==========|1111| 289 : 18240
==========|1111| 290 : 18241
==========|1111| 291 : 18241
==========|1111| 292 : 17530
==========|1111| 293 : 18240
==========|1111| 294 : 18240
==========|1111| 295 : 17530
==========|1111| 296 : 18241
==========|1111| 297 : 18250
==========|1111| 298 : 18258
==========|1111| 299 : 18241
==========|1111| 300 : 18240
==========|1111| 301 : 18240
==========|1111| 302 : 18240
==========|1111| 303 : 18240
==========|1111| 304 : 18239
==========|1111| 305 : 18241
==========|1111| 306 : 18240
==========|1111| 307 : 18240
==========|1111| 308 : 18241
==========|1111| 309 : 18248
==========|1111| 310 : 18243
==========|1111| 311 : 18241
==========|1111| 312 : 17530
==========|1111| 313 : 18250
==========|1111| 314 : 17531
==========|1111| 315 : 18240
==========|1111| 316 : 18241
==========|1111| 317 : 18240
==========|1111| 318 : 18241
==========|1111| 319 : 18240
==========|1111| 320 : 18239
==========|1111| 321 : 18241
==========|1111| 322 : 18241
==========|1111| 323 : 18242
==========|1111| 324 : 18239
==========|1111| 325 : 18239
==========|1111| 326 : 18242
==========|1111| 327 : 18240
==========|1111| 328 : 18241
==========|1111| 329 : 18239
==========|1111| 330 : 18240
==========|1111| 331 : 18241
==========|1111| 332 : 18240
==========|1111| 333 : 18240
==========|1111| 334 : 18241
==========|1111| 335 : 18240
==========|1111| 336 : 18249
==========|1111| 337 : 18242
==========|1111| 338 : 18240
==========|1111| 339 : 18241
==========|1111| 340 : 18240
==========|1111| 341 : 18240
==========|1111| 342 : 18239
==========|1111| 343 : 18241
==========|1111| 344 : 18244
==========|1111| 345 : 18242
==========|1111| 346 : 18241
==========|1111| 347 : 18249
==========|1111| 348 : 18241
==========|1111| 349 : 18242
==========|1111| 350 : 18241
==========|1111| 351 : 18240
==========|1111| 352 : 18241
==========|1111| 353 : 18239
==========|1111| 354 : 18240
==========|1111| 355 : 18240
==========|1111| 356 : 18241
==========|1111| 357 : 18241
==========|1111| 358 : 17529
==========|1111| 359 : 18241
==========|1111| 360 : 18241
==========|1111| 361 : 18240
==========|1111| 362 : 18240
==========|1111| 363 : 18240
==========|1111| 364 : 18241
==========|1111| 365 : 18241
==========|1111| 366 : 18241
==========|1111| 367 : 17531
==========|1111| 368 : 18242
==========|1111| 369 : 18240
==========|1111| 370 : 18242
==========|1111| 371 : 17529
==========|1111| 372 : 18259
==========|1111| 373 : 18240
==========|1111| 374 : 18240
==========|1111| 375 : 18241
==========|1111| 376 : 18240
==========|1111| 377 : 18240
==========|1111| 378 : 18241
==========|1111| 379 : 18240
==========|1111| 380 : 18240
==========|1111| 381 : 18240
==========|1111| 382 : 18239
==========|1111| 383 : 17552
==========|1111| 384 : 18241
==========|1111| 385 : 18241
==========|1111| 386 : 18241
==========|1111| 387 : 17529
==========|1111| 388 : 18241
==========|1111| 389 : 18240
==========|1111| 390 : 17529
==========|1111| 391 : 18241
==========|1111| 392 : 18240
==========|1111| 393 : 17530
==========|1111| 394 : 18242
==========|1111| 395 : 18241
==========|1111| 396 : 18241
==========|1111| 397 : 16795
==========|1111| 398 : 18242
==========|1111| 399 : 18240
==========|1111| 400 : 17530
==========|1111| 401 : 18242
==========|1111| 402 : 18242
==========|1111| 403 : 18240
==========|1111| 404 : 18249
==========|1111| 405 : 18241
==========|1111| 406 : 18240
==========|1111| 407 : 18241
==========|1111| 408 : 18242
==========|1111| 409 : 18240
==========|1111| 410 : 18241
==========|1111| 411 : 18240
==========|1111| 412 : 18240
==========|1111| 413 : 18241
==========|1111| 414 : 18241
==========|1111| 415 : 18240
==========|1111| 416 : 17530
==========|1111| 417 : 18241
==========|1111| 418 : 18243
==========|1111| 419 : 18241
==========|1111| 420 : 16794
==========|1111| 421 : 18240
==========|1111| 422 : 18242
==========|1111| 423 : 18240
==========|1111| 424 : 18241
==========|1111| 425 : 18241
==========|1111| 426 : 18240
==========|1111| 427 : 17529
==========|1111| 428 : 18241
==========|1111| 429 : 18242
==========|1111| 430 : 18241
==========|1111| 431 : 18241
==========|1111| 432 : 18249
==========|1111| 433 : 18240
==========|1111| 434 : 18241
==========|1111| 435 : 18241
==========|1111| 436 : 17529
==========|1111| 437 : 18241
==========|1111| 438 : 18241
==========|1111| 439 : 17529
==========|1111| 440 : 18241
==========|1111| 441 : 18241
==========|1111| 442 : 18242
==========|1111| 443 : 18240
==========|1111| 444 : 18242
==========|1111| 445 : 18243
==========|1111| 446 : 18240
==========|1111| 447 : 18241
==========|1111| 448 : 18240
==========|1111| 449 : 18240
==========|1111| 450 : 18241
==========|1111| 451 : 18240
==========|1111| 452 : 18241
==========|1111| 453 : 17530
==========|1111| 454 : 18242
==========|1111| 455 : 18241
==========|1111| 456 : 18251
==========|1111| 457 : 18250
==========|1111| 458 : 18251
==========|1111| 459 : 18242
==========|1111| 460 : 18240
==========|1111| 461 : 18240
==========|1111| 462 : 18240
==========|1111| 463 : 18241
==========|1111| 464 : 18251
==========|1111| 465 : 18241
==========|1111| 466 : 18242
==========|1111| 467 : 18242
==========|1111| 468 : 18257
==========|1111| 469 : 18241
==========|1111| 470 : 18240
==========|1111| 471 : 18249
==========|1111| 472 : 18239
==========|1111| 473 : 18240
==========|1111| 474 : 18242
==========|1111| 475 : 18241
==========|1111| 476 : 17530
==========|1111| 477 : 18240
==========|1111| 478 : 18241
==========|1111| 479 : 18242
==========|1111| 480 : 18241
==========|1111| 481 : 18249
==========|1111| 482 : 18239
==========|1111| 483 : 18241
==========|1111| 484 : 18239
==========|1111| 485 : 18241
==========|1111| 486 : 17538
==========|1111| 487 : 18241
==========|1111| 488 : 18242
==========|1111| 489 : 18242
==========|1111| 490 : 18242
==========|1111| 491 : 18239
==========|1111| 492 : 18242
==========|1111| 493 : 18242
==========|1111| 494 : 18241
==========|1111| 495 : 18242
==========|1111| 496 : 18240
==========|1111| 497 : 18241
==========|1111| 498 : 18242
==========|1111| 499 : 18240
==========|1111| 500 : 18242
==========|1111| 501 : 18241
==========|1111| 502 : 18242
==========|1111| 503 : 18240
==========|1111| 504 : 17530
==========|1111| 505 : 18241
==========|1111| 506 : 18242
==========|1111| 507 : 18239
==========|1111| 508 : 17531
==========|1111| 509 : 18242
==========|1111| 510 : 18241
==========|1111| 511 : 16796
==========|1111| 512 : 18242
==========|1111| 513 : 18241
==========|1111| 514 : 18242
==========|1111| 515 : 17530
==========|1111| 516 : 18240
==========|1111| 517 : 18240
==========|1111| 518 : 18241
==========|1111| 519 : 18242
==========|1111| 520 : 18249
==========|1111| 521 : 18240
==========|1111| 522 : 18241
==========|1111| 523 : 17531
==========|1111| 524 : 18242
==========|1111| 525 : 18242
==========|1111| 526 : 18240
==========|1111| 527 : 18241
==========|1111| 528 : 18241
==========|1111| 529 : 17529
==========|1111| 530 : 18241
==========|1111| 531 : 18241
==========|1111| 532 : 18241
==========|1111| 533 : 18240
==========|1111| 534 : 18242
==========|1111| 535 : 17530
==========|1111| 536 : 18241
==========|1111| 537 : 18241
==========|1111| 538 : 16795
==========|1111| 539 : 18240
==========|1111| 540 : 18241
==========|1111| 541 : 17531
==========|1111| 542 : 18242
==========|1111| 543 : 18259
==========|1111| 544 : 18241
==========|1111| 545 : 18240
==========|1111| 546 : 18250
==========|1111| 547 : 18242
==========|1111| 548 : 18242
==========|1111| 549 : 18240
==========|1111| 550 : 18241
==========|1111| 551 : 18250
==========|1111| 552 : 18241
==========|1111| 553 : 18250
==========|1111| 554 : 18252
==========|1111| 555 : 16794
==========|1111| 556 : 18241
==========|1111| 557 : 18241
==========|1111| 558 : 18241
