==========|1111| 0 : 14439
==========|1111| 1 : 14240
==========|1111| 2 : 14240
==========|1111| 3 : 14241
==========|1111| 4 : 14241
==========|1111| 5 : 14240
==========|1111| 6 : 14242
==========|1111| 7 : 12794
==========|1111| 8 : 14241
==========|1111| 9 : 14241
==========|1111| 10 : 14240
==========|1111| 11 : 14242
==========|1111| 12 : 14242
==========|1111| 13 : 14241
==========|1111| 14 : 14241
==========|1111| 15 : 14241
==========|1111| 16 : 14242
==========|1111| 17 : 14242
==========|1111| 18 : 14250
==========|1111| 19 : 14242
==========|1111| 20 : 14243
==========|1111| 21 : 12795
==========|1111| 22 : 12795
==========|1111| 23 : 12794
==========|1111| 24 : 14241
==========|1111| 25 : 14241
==========|1111| 26 : 14240
==========|1111| 27 : 14243
==========|1111| 28 : 14242
==========|1111| 29 : 14241
==========|1111| 30 : 14241
==========|1111| 31 : 14259
==========|1111| 32 : 14240
==========|1111| 33 : 14239
==========|1111| 34 : 14240
==========|1111| 35 : 14241
==========|1111| 36 : 14241
==========|1111| 37 : 13531
==========|1111| 38 : 14241
==========|1111| 39 : 14242
==========|1111| 40 : 13530
==========|1111| 41 : 14250
==========|1111| 42 : 14252
==========|1111| 43 : 14242
==========|1111| 44 : 14242
==========|1111| 45 : 14242
==========|1111| 46 : 14242
==========|1111| 47 : 13530
==========|1111| 48 : 14241
==========|1111| 49 : 14241
==========|1111| 50 : 14241
==========|1111| 51 : 14242
==========|1111| 52 : 14241
==========|1111| 53 : 12796
==========|1111| 54 : 14240
==========|1111| 55 : 14243
==========|1111| 56 : 14240
==========|1111| 57 : 14239
==========|1111| 58 : 14243
==========|1111| 59 : 14242
==========|1111| 60 : 14241
==========|1111| 61 : 14241
==========|1111| 62 : 14241
==========|1111| 63 : 14241
==========|1111| 64 : 14242
==========|1111| 65 : 14242
==========|1111| 66 : 13530
==========|1111| 67 : 14241
==========|1111| 68 : 14241
==========|1111| 69 : 12795
==========|1111| 70 : 14242
==========|1111| 71 : 13530
==========|1111| 72 : 14242
==========|1111| 73 : 12794
==========|1111| 74 : 14241
==========|1111| 75 : 12795
==========|1111| 76 : 14241
==========|1111| 77 : 13530
==========|1111| 78 : 14242
==========|1111| 79 : 14242
==========|1111| 80 : 14239
==========|1111| 81 : 14241
==========|1111| 82 : 14242
==========|1111| 83 : 14241
==========|1111| 84 : 14241
==========|1111| 85 : 14241
==========|1111| 86 : 14241
==========|1111| 87 : 14241
==========|1111| 88 : 14242
==========|1111| 89 : 14243
==========|1111| 90 : 14241
==========|1111| 91 : 14241
==========|1111| 92 : 14241
==========|1111| 93 : 14240
==========|1111| 94 : 14241
==========|1111| 95 : 14240
==========|1111| 96 : 14241
==========|1111| 97 : 14241
==========|1111| 98 : 14241
==========|1111| 99 : 14240
==========|1111| 100 : 14241
==========|1111| 101 : 13530
==========|1111| 102 : 12803
==========|1111| 103 : 14240
==========|1111| 104 : 14240
==========|1111| 105 : 14242
==========|1111| 106 : 14240
==========|1111| 107 : 14242
==========|1111| 108 : 14243
==========|1111| 109 : 14241
==========|1111| 110 : 14240
==========|1111| 111 : 14243
==========|1111| 112 : 12795
==========|1111| 113 : 14242
==========|1111| 114 : 14241
==========|1111| 115 : 14241
==========|1111| 116 : 12804
==========|1111| 117 : 14242
==========|1111| 118 : 14241
==========|1111| 119 : 14241
==========|1111| 120 : 14242
==========|1111| 121 : 12795
==========|1111| 122 : 14240
==========|1111| 123 : 14242
==========|1111| 124 : 14241
==========|1111| 125 : 14238
==========|1111| 126 : 14240
==========|1111| 127 : 14260
==========|1111| 128 : 14242
==========|1111| 129 : 14241
==========|1111| 130 : 13530
==========|1111| 131 : 14241
==========|1111| 132 : 14241
==========|1111| 133 : 14241
==========|1111| 134 : 14240
==========|1111| 135 : 14240
==========|1111| 136 : 14241
==========|1111| 137 : 14241
==========|1111| 138 : 14242
==========|1111| 139 : 14241
==========|1111| 140 : 14250
==========|1111| 141 : 12795
==========|1111| 142 : 14241
==========|1111| 143 : 14241
==========|1111| 144 : 14240
==========|1111| 145 : 14240
==========|1111| 146 : 14242
==========|1111| 147 : 14241
==========|1111| 148 : 14241
==========|1111| 149 : 13531
==========|1111| 150 : 14239
==========|1111| 151 : 14241
==========|1111| 152 : 13531
==========|1111| 153 : 14242
==========|1111| 154 : 13531
==========|1111| 155 : 14240
==========|1111| 156 : 14242
==========|1111| 157 : 14240
==========|1111| 158 : 14239
==========|1111| 159 : 14241
==========|1111| 160 : 12794
==========|1111| 161 : 14242
==========|1111| 162 : 14241
==========|1111| 163 : 14240
==========|1111| 164 : 14241
==========|1111| 165 : 14241
==========|1111| 166 : 14249
==========|1111| 167 : 14240
==========|1111| 168 : 14241
==========|1111| 169 : 14242
==========|1111| 170 : 14241
==========|1111| 171 : 14241
==========|1111| 172 : 13538
==========|1111| 173 : 14241
==========|1111| 174 : 14241
==========|1111| 175 : 14239
==========|1111| 176 : 14243
==========|1111| 177 : 14241
==========|1111| 178 : 14241
==========|1111| 179 : 12795
==========|1111| 180 : 14241
==========|1111| 181 : 14242
==========|1111| 182 : 13540
==========|1111| 183 : 14241
==========|1111| 184 : 14241
==========|1111| 185 : 14241
==========|1111| 186 : 14243
==========|1111| 187 : 14241
==========|1111| 188 : 14242
==========|1111| 189 : 14240
==========|1111| 190 : 13530
==========|1111| 191 : 14241
==========|1111| 192 : 14241
==========|1111| 193 : 14241
==========|1111| 194 : 14241
==========|1111| 195 : 14241
==========|1111| 196 : 14240
==========|1111| 197 : 14242
==========|1111| 198 : 14242
==========|1111| 199 : 14241
==========|1111| 200 : 14240
==========|1111| 201 : 14251
==========|1111| 202 : 14249
==========|1111| 203 : 14243
==========|1111| 204 : 14240
==========|1111| 205 : 14240
==========|1111| 206 : 14242
==========|1111| 207 : 14242
==========|1111| 208 : 14240
==========|1111| 209 : 14242
==========|1111| 210 : 14240
==========|1111| 211 : 14241
==========|1111| 212 : 13551
==========|1111| 213 : 14240
==========|1111| 214 : 14241
==========|1111| 215 : 14240
==========|1111| 216 : 14241
==========|1111| 217 : 14241
==========|1111| 218 : 14240
==========|1111| 219 : 14240
==========|1111| 220 : 14240
==========|1111| 221 : 14239
==========|1111| 222 : 14240
==========|1111| 223 : 14243
==========|1111| 224 : 14240
==========|1111| 225 : 14239
==========|1111| 226 : 14242
==========|1111| 227 : 14242
==========|1111| 228 : 14243
==========|1111| 229 : 14240
==========|1111| 230 : 14249
==========|1111| 231 : 14240
==========|1111| 232 : 14241
==========|1111| 233 : 14240
==========|1111| 234 : 14239
==========|1111| 235 : 14241
==========|1111| 236 : 14241
==========|1111| 237 : 14241
==========|1111| 238 : 14242
==========|1111| 239 : 14241
==========|1111| 240 : 14240
==========|1111| 241 : 14242
==========|1111| 242 : 14249
==========|1111| 243 : 14241
==========|1111| 244 : 14241
==========|1111| 245 : 14241
==========|1111| 246 : 14241
==========|1111| 247 : 14239
==========|1111| 248 : 14243
==========|1111| 249 : 14241
==========|1111| 250 : 14240
==========|1111| 251 : 14242
==========|1111| 252 : 14240
==========|1111| 253 : 14242
==========|1111| 254 : 14242
==========|1111| 255 : 14241
==========|1111| 256 : 14242
==========|1111| 257 : 14249
==========|1111| 258 : 14242
==========|1111| 259 : 14240
==========|1111| 260 : 14242
==========|1111| 261 : 14242
==========|1111| 262 : 14240
==========|1111| 263 : 14241
==========|1111| 264 : 14239
==========|1111| 265 : 14240
==========|1111| 266 : 14241
==========|1111| 267 : 14241
==========|1111| 268 : 14249
==========|1111| 269 : 14240
==========|1111| 270 : 14241
==========|1111| 271 : 13529
==========|1111| 272 : 14241
==========|1111| 273 : 14241
==========|1111| 274 : 14251
==========|1111| 275 : 14241
==========|1111| 276 : 14243
==========|1111| 277 : 14242
==========|1111| 278 : 12794
==========|1111| 279 : 14240
==========|1111| 280 : 14242
==========|1111| 281 : 14240
==========|1111| 282 : 14239
==========|1111| 283 : 14239
==========|1111| 284 : 14241
==========|1111| 285 : 14240
==========|1111| 286 : 14241
==========|1111| 287 : 14261
==========|1111| 288 : 14241
==========|1111| 289 : 14242
==========|1111| 290 : 14241
==========|1111| 291 : 14239
==========|1111| 292 : 14240
==========|1111| 293 : 14239
==========|1111| 294 : 14240
==========|1111| 295 : 14240
==========|1111| 296 : 14242
==========|1111| 297 : 14249
==========|1111| 298 : 14260
==========|1111| 299 : 14241
==========|1111| 300 : 14242
==========|1111| 301 : 14239
==========|1111| 302 : 14242
==========|1111| 303 : 14240
==========|1111| 304 : 14240
==========|1111| 305 : 14243
==========|1111| 306 : 14240
==========|1111| 307 : 14239
==========|1111| 308 : 14241
==========|1111| 309 : 13529
==========|1111| 310 : 14242
==========|1111| 311 : 14240
==========|1111| 312 : 14240
==========|1111| 313 : 14249
==========|1111| 314 : 12794
==========|1111| 315 : 14239
==========|1111| 316 : 14239
==========|1111| 317 : 14242
==========|1111| 318 : 14240
==========|1111| 319 : 14240
==========|1111| 320 : 14242
==========|1111| 321 : 14242
==========|1111| 322 : 14240
==========|1111| 323 : 13530
==========|1111| 324 : 14240
==========|1111| 325 : 14241
==========|1111| 326 : 14241
==========|1111| 327 : 14240
==========|1111| 328 : 14240
==========|1111| 329 : 14240
==========|1111| 330 : 14241
==========|1111| 331 : 14241
==========|1111| 332 : 14243
==========|1111| 333 : 14240
==========|1111| 334 : 14240
==========|1111| 335 : 14243
==========|1111| 336 : 14249
==========|1111| 337 : 14240
==========|1111| 338 : 14240
==========|1111| 339 : 14241
==========|1111| 340 : 14241
==========|1111| 341 : 14241
==========|1111| 342 : 14242
==========|1111| 343 : 14240
==========|1111| 344 : 14242
==========|1111| 345 : 14242
==========|1111| 346 : 14240
==========|1111| 347 : 14251
==========|1111| 348 : 14240
==========|1111| 349 : 14241
==========|1111| 350 : 14240
==========|1111| 351 : 14242
==========|1111| 352 : 14241
==========|1111| 353 : 14242
==========|1111| 354 : 12795
==========|1111| 355 : 14242
==========|1111| 356 : 14242
==========|1111| 357 : 14240
==========|1111| 358 : 14241
==========|1111| 359 : 13530
==========|1111| 360 : 14242
==========|1111| 361 : 14243
==========|1111| 362 : 14240
==========|1111| 363 : 14240
==========|1111| 364 : 14243
==========|1111| 365 : 14240
==========|1111| 366 : 14242
==========|1111| 367 : 12795
==========|1111| 368 : 14241
==========|1111| 369 : 14242
==========|1111| 370 : 14240
==========|1111| 371 : 14239
==========|1111| 372 : 14259
==========|1111| 373 : 14240
==========|1111| 374 : 14241
==========|1111| 375 : 14242
==========|1111| 376 : 14241
==========|1111| 377 : 13531
==========|1111| 378 : 14240
==========|1111| 379 : 14242
==========|1111| 380 : 14241
==========|1111| 381 : 14241
==========|1111| 382 : 12795
==========|1111| 383 : 14259
==========|1111| 384 : 14241
==========|1111| 385 : 14240
==========|1111| 386 : 14241
==========|1111| 387 : 14243
==========|1111| 388 : 14241
==========|1111| 389 : 14241
==========|1111| 390 : 12794
==========|1111| 391 : 14239
==========|1111| 392 : 14242
==========|1111| 393 : 14242
==========|1111| 394 : 14241
==========|1111| 395 : 14239
==========|1111| 396 : 14241
==========|1111| 397 : 14240
==========|1111| 398 : 14240
==========|1111| 399 : 14241
==========|1111| 400 : 14242
==========|1111| 401 : 14241
==========|1111| 402 : 14241
==========|1111| 403 : 14241
==========|1111| 404 : 14251
==========|1111| 405 : 14242
==========|1111| 406 : 14240
==========|1111| 407 : 14241
==========|1111| 408 : 14242
==========|1111| 409 : 14242
==========|1111| 410 : 14241
==========|1111| 411 : 14240
==========|1111| 412 : 14241
==========|1111| 413 : 14243
==========|1111| 414 : 14241
==========|1111| 415 : 14242
==========|1111| 416 : 12794
==========|1111| 417 : 14241
==========|1111| 418 : 14240
==========|1111| 419 : 13530
==========|1111| 420 : 14240
==========|1111| 421 : 14240
==========|1111| 422 : 12794
==========|1111| 423 : 14241
==========|1111| 424 : 14242
==========|1111| 425 : 14241
==========|1111| 426 : 14241
==========|1111| 427 : 14242
==========|1111| 428 : 14242
==========|1111| 429 : 14242
==========|1111| 430 : 12797
==========|1111| 431 : 14240
==========|1111| 432 : 14250
==========|1111| 433 : 14241
==========|1111| 434 : 14242
==========|1111| 435 : 14242
==========|1111| 436 : 14241
==========|1111| 437 : 14241
==========|1111| 438 : 14242
==========|1111| 439 : 14240
==========|1111| 440 : 14242
==========|1111| 441 : 12795
==========|1111| 442 : 14240
==========|1111| 443 : 14243
==========|1111| 444 : 14242
==========|1111| 445 : 14242
==========|1111| 446 : 14242
==========|1111| 447 : 14240
==========|1111| 448 : 14243
==========|1111| 449 : 14239
==========|1111| 450 : 14243
==========|1111| 451 : 14240
==========|1111| 452 : 14240
==========|1111| 453 : 14242
==========|1111| 454 : 14240
==========|1111| 455 : 14240
==========|1111| 456 : 14251
==========|1111| 457 : 14251
==========|1111| 458 : 14248
==========|1111| 459 : 14243
==========|1111| 460 : 14241
==========|1111| 461 : 14243
==========|1111| 462 : 14243
==========|1111| 463 : 14241
==========|1111| 464 : 14248
==========|1111| 465 : 14242
==========|1111| 466 : 14240
==========|1111| 467 : 14242
==========|1111| 468 : 14257
==========|1111| 469 : 14241
==========|1111| 470 : 14242
==========|1111| 471 : 13531
==========|1111| 472 : 14242
==========|1111| 473 : 14240
==========|1111| 474 : 14240
==========|1111| 475 : 14239
==========|1111| 476 : 14240
==========|1111| 477 : 14244
==========|1111| 478 : 14241
==========|1111| 479 : 14240
==========|1111| 480 : 14241
==========|1111| 481 : 14249
==========|1111| 482 : 14240
==========|1111| 483 : 14239
==========|1111| 484 : 14242
==========|1111| 485 : 14241
==========|1111| 486 : 14243
==========|1111| 487 : 14240
==========|1111| 488 : 14240
==========|1111| 489 : 14242
==========|1111| 490 : 12794
==========|1111| 491 : 14241
==========|1111| 492 : 14241
==========|1111| 493 : 14241
==========|1111| 494 : 14241
==========|1111| 495 : 14242
==========|1111| 496 : 14241
==========|1111| 497 : 14240
==========|1111| 498 : 14242
==========|1111| 499 : 14241
==========|1111| 500 : 12795
==========|1111| 501 : 14240
==========|1111| 502 : 14241
==========|1111| 503 : 14241
==========|1111| 504 : 14243
==========|1111| 505 : 12795
==========|1111| 506 : 14240
==========|1111| 507 : 14241
==========|1111| 508 : 14243
==========|1111| 509 : 14243
==========|1111| 510 : 14239
==========|1111| 511 : 14241
==========|1111| 512 : 14243
==========|1111| 513 : 13530
==========|1111| 514 : 14240
==========|1111| 515 : 14242
==========|1111| 516 : 14241
==========|1111| 517 : 14242
==========|1111| 518 : 14241
==========|1111| 519 : 14240
==========|1111| 520 : 14250
==========|1111| 521 : 14242
==========|1111| 522 : 14239
==========|1111| 523 : 14241
==========|1111| 524 : 14239
==========|1111| 525 : 14242
==========|1111| 526 : 14241
==========|1111| 527 : 14242
==========|1111| 528 : 14239
==========|1111| 529 : 14240
==========|1111| 530 : 14242
==========|1111| 531 : 14241
==========|1111| 532 : 14243
==========|1111| 533 : 14240
==========|1111| 534 : 14241
==========|1111| 535 : 14241
==========|1111| 536 : 14241
==========|1111| 537 : 14240
==========|1111| 538 : 14240
==========|1111| 539 : 14241
==========|1111| 540 : 14242
==========|1111| 541 : 14241
==========|1111| 542 : 14243
==========|1111| 543 : 14259
==========|1111| 544 : 14241
==========|1111| 545 : 14241
==========|1111| 546 : 14251
==========|1111| 547 : 14241
==========|1111| 548 : 14240
==========|1111| 549 : 14242
==========|1111| 550 : 14242
==========|1111| 551 : 14251
==========|1111| 552 : 14241
==========|1111| 553 : 14249
==========|1111| 554 : 14252
==========|1111| 555 : 14241
==========|1111| 556 : 14240
==========|1111| 557 : 14242
==========|1111| 558 : 14241
==========|1111| 559 : 14241
==========|1111| 560 : 14240
==========|1111| 561 : 14240
==========|1111| 562 : 14241
==========|1111| 563 : 14242
==========|1111| 564 : 13530
==========|1111| 565 : 14242
==========|1111| 566 : 14241
==========|1111| 567 : 14240
==========|1111| 568 : 14241
==========|1111| 569 : 12795
==========|1111| 570 : 14242
==========|1111| 571 : 14241
==========|1111| 572 : 14240
==========|1111| 573 : 14242
==========|1111| 574 : 13529
==========|1111| 575 : 14241
==========|1111| 576 : 14241
==========|1111| 577 : 14241
==========|1111| 578 : 14243
==========|1111| 579 : 14240
==========|1111| 580 : 14241
==========|1111| 581 : 14242
==========|1111| 582 : 14243
==========|1111| 583 : 12795
==========|1111| 584 : 14243
==========|1111| 585 : 14242
==========|1111| 586 : 14241
==========|1111| 587 : 14242
==========|1111| 588 : 12795
==========|1111| 589 : 14241
==========|1111| 590 : 14240
==========|1111| 591 : 14242
==========|1111| 592 : 14241
==========|1111| 593 : 14242
==========|1111| 594 : 14240
==========|1111| 595 : 14240
==========|1111| 596 : 14242
==========|1111| 597 : 13529
==========|1111| 598 : 14242
==========|1111| 599 : 14240
==========|1111| 600 : 14241
==========|1111| 601 : 14241
==========|1111| 602 : 13529
==========|1111| 603 : 14241
==========|1111| 604 : 14241
==========|1111| 605 : 14241
==========|1111| 606 : 14241
==========|1111| 607 : 13529
==========|1111| 608 : 14241
==========|1111| 609 : 14241
==========|1111| 610 : 14240
==========|1111| 611 : 14250
==========|1111| 612 : 14241
==========|1111| 613 : 14239
==========|1111| 614 : 14242
==========|1111| 615 : 14241
==========|1111| 616 : 14243
==========|1111| 617 : 14239
==========|1111| 618 : 14240
==========|1111| 619 : 14241
==========|1111| 620 : 13530
