==========|1111| 0 : 10241
==========|1111| 1 : 10242
==========|1111| 2 : 10242
==========|1111| 3 : 10242
==========|1111| 4 : 10241
==========|1111| 5 : 10241
==========|1111| 6 : 10241
==========|1111| 7 : 8796
==========|1111| 8 : 10243
==========|1111| 9 : 10240
==========|1111| 10 : 10241
==========|1111| 11 : 10240
==========|1111| 12 : 10240
==========|1111| 13 : 10242
==========|1111| 14 : 10240
==========|1111| 15 : 10242
==========|1111| 16 : 8795
==========|1111| 17 : 10241
==========|1111| 18 : 10250
==========|1111| 19 : 10240
==========|1111| 20 : 10242
==========|1111| 21 : 10240
==========|1111| 22 : 10241
==========|1111| 23 : 10240
==========|1111| 24 : 10240
==========|1111| 25 : 10240
==========|1111| 26 : 10243
==========|1111| 27 : 9530
==========|1111| 28 : 10241
==========|1111| 29 : 9530
==========|1111| 30 : 10240
==========|1111| 31 : 9538
==========|1111| 32 : 8797
==========|1111| 33 : 10241
==========|1111| 34 : 10242
==========|1111| 35 : 10240
==========|1111| 36 : 10242
==========|1111| 37 : 10241
==========|1111| 38 : 10240
==========|1111| 39 : 10241
==========|1111| 40 : 10240
==========|1111| 41 : 10250
==========|1111| 42 : 10250
==========|1111| 43 : 8795
==========|1111| 44 : 10241
==========|1111| 45 : 9529
==========|1111| 46 : 10243
==========|1111| 47 : 10241
==========|1111| 48 : 10242
==========|1111| 49 : 10243
==========|1111| 50 : 10241
==========|1111| 51 : 10241
==========|1111| 52 : 10243
==========|1111| 53 : 10241
==========|1111| 54 : 10241
==========|1111| 55 : 10241
==========|1111| 56 : 10241
==========|1111| 57 : 10241
==========|1111| 58 : 10241
==========|1111| 59 : 9530
==========|1111| 60 : 10240
==========|1111| 61 : 8796
==========|1111| 62 : 10243
==========|1111| 63 : 8794
==========|1111| 64 : 10241
==========|1111| 65 : 9537
==========|1111| 66 : 10241
==========|1111| 67 : 10241
==========|1111| 68 : 10243
==========|1111| 69 : 10241
==========|1111| 70 : 10241
==========|1111| 71 : 10241
==========|1111| 72 : 10241
==========|1111| 73 : 10241
==========|1111| 74 : 10242
==========|1111| 75 : 10240
==========|1111| 76 : 10242
==========|1111| 77 : 10243
==========|1111| 78 : 10241
==========|1111| 79 : 10240
==========|1111| 80 : 10240
==========|1111| 81 : 10241
==========|1111| 82 : 10241
==========|1111| 83 : 10242
==========|1111| 84 : 10241
==========|1111| 85 : 10240
==========|1111| 86 : 10242
==========|1111| 87 : 10240
==========|1111| 88 : 10240
==========|1111| 89 : 10243
==========|1111| 90 : 10241
==========|1111| 91 : 10240
==========|1111| 92 : 10241
==========|1111| 93 : 10241
==========|1111| 94 : 10243
==========|1111| 95 : 10242
==========|1111| 96 : 10242
==========|1111| 97 : 10241
==========|1111| 98 : 10241
==========|1111| 99 : 10242
==========|1111| 100 : 10242
==========|1111| 101 : 10248
==========|1111| 102 : 10241
==========|1111| 103 : 10241
==========|1111| 104 : 10242
==========|1111| 105 : 10241
==========|1111| 106 : 10242
==========|1111| 107 : 8795
==========|1111| 108 : 8796
==========|1111| 109 : 10241
==========|1111| 110 : 10242
==========|1111| 111 : 10241
==========|1111| 112 : 9530
==========|1111| 113 : 10241
==========|1111| 114 : 10241
==========|1111| 115 : 10242
==========|1111| 116 : 10257
==========|1111| 117 : 10241
==========|1111| 118 : 10240
==========|1111| 119 : 10242
==========|1111| 120 : 10240
==========|1111| 121 : 10251
==========|1111| 122 : 8797
==========|1111| 123 : 10242
==========|1111| 124 : 10242
==========|1111| 125 : 10240
==========|1111| 126 : 10239
==========|1111| 127 : 10260
==========|1111| 128 : 10240
==========|1111| 129 : 10243
==========|1111| 130 : 10240
==========|1111| 131 : 10241
==========|1111| 132 : 10240
==========|1111| 133 : 10242
==========|1111| 134 : 10240
==========|1111| 135 : 10241
==========|1111| 136 : 10242
==========|1111| 137 : 10241
==========|1111| 138 : 10239
==========|1111| 139 : 10240
==========|1111| 140 : 10250
==========|1111| 141 : 10242
==========|1111| 142 : 10239
==========|1111| 143 : 10242
==========|1111| 144 : 10241
==========|1111| 145 : 10240
==========|1111| 146 : 10240
==========|1111| 147 : 10240
==========|1111| 148 : 10242
==========|1111| 149 : 10240
==========|1111| 150 : 10241
==========|1111| 151 : 10240
==========|1111| 152 : 10240
==========|1111| 153 : 10240
==========|1111| 154 : 10240
==========|1111| 155 : 10242
==========|1111| 156 : 8796
==========|1111| 157 : 10242
==========|1111| 158 : 10239
==========|1111| 159 : 10241
==========|1111| 160 : 10241
==========|1111| 161 : 10241
==========|1111| 162 : 8794
==========|1111| 163 : 10241
==========|1111| 164 : 10240
==========|1111| 165 : 9528
==========|1111| 166 : 10249
==========|1111| 167 : 8796
==========|1111| 168 : 10240
==========|1111| 169 : 10241
==========|1111| 170 : 10240
==========|1111| 171 : 10240
==========|1111| 172 : 9538
==========|1111| 173 : 10241
==========|1111| 174 : 8804
==========|1111| 175 : 10241
==========|1111| 176 : 10241
==========|1111| 177 : 10240
==========|1111| 178 : 10242
==========|1111| 179 : 8795
==========|1111| 180 : 10241
==========|1111| 181 : 10241
==========|1111| 182 : 10240
==========|1111| 183 : 9531
==========|1111| 184 : 10240
==========|1111| 185 : 10241
==========|1111| 186 : 10242
==========|1111| 187 : 10241
==========|1111| 188 : 8794
==========|1111| 189 : 10241
==========|1111| 190 : 10241
==========|1111| 191 : 10239
==========|1111| 192 : 10241
==========|1111| 193 : 10241
==========|1111| 194 : 10239
==========|1111| 195 : 10241
==========|1111| 196 : 9530
==========|1111| 197 : 10242
==========|1111| 198 : 10241
==========|1111| 199 : 10240
==========|1111| 200 : 10240
==========|1111| 201 : 10250
==========|1111| 202 : 10249
==========|1111| 203 : 10241
==========|1111| 204 : 10242
==========|1111| 205 : 10241
==========|1111| 206 : 10241
==========|1111| 207 : 10243
==========|1111| 208 : 10239
==========|1111| 209 : 10241
==========|1111| 210 : 10241
==========|1111| 211 : 10239
==========|1111| 212 : 10257
==========|1111| 213 : 10242
==========|1111| 214 : 10242
==========|1111| 215 : 10240
==========|1111| 216 : 10241
==========|1111| 217 : 10241
==========|1111| 218 : 10241
==========|1111| 219 : 10240
==========|1111| 220 : 10240
==========|1111| 221 : 10240
==========|1111| 222 : 10241
==========|1111| 223 : 10239
==========|1111| 224 : 10239
==========|1111| 225 : 10241
==========|1111| 226 : 10242
==========|1111| 227 : 10240
==========|1111| 228 : 10240
==========|1111| 229 : 10241
==========|1111| 230 : 10249
==========|1111| 231 : 10241
==========|1111| 232 : 10242
==========|1111| 233 : 10241
==========|1111| 234 : 10240
==========|1111| 235 : 10241
==========|1111| 236 : 10241
==========|1111| 237 : 10241
==========|1111| 238 : 10241
==========|1111| 239 : 10241
==========|1111| 240 : 10240
==========|1111| 241 : 10240
==========|1111| 242 : 10250
==========|1111| 243 : 10240
==========|1111| 244 : 10240
==========|1111| 245 : 10239
==========|1111| 246 : 10241
==========|1111| 247 : 10240
==========|1111| 248 : 10242
==========|1111| 249 : 10242
==========|1111| 250 : 10242
==========|1111| 251 : 10242
==========|1111| 252 : 10240
==========|1111| 253 : 10240
==========|1111| 254 : 10241
==========|1111| 255 : 10241
==========|1111| 256 : 10242
==========|1111| 257 : 10248
==========|1111| 258 : 10242
==========|1111| 259 : 10240
==========|1111| 260 : 10240
==========|1111| 261 : 10241
==========|1111| 262 : 10241
==========|1111| 263 : 10239
==========|1111| 264 : 10240
==========|1111| 265 : 10242
==========|1111| 266 : 10241
==========|1111| 267 : 10239
==========|1111| 268 : 10248
==========|1111| 269 : 8797
==========|1111| 270 : 10240
==========|1111| 271 : 10241
==========|1111| 272 : 10240
==========|1111| 273 : 10240
==========|1111| 274 : 10249
==========|1111| 275 : 10241
==========|1111| 276 : 10242
==========|1111| 277 : 10243
==========|1111| 278 : 10239
==========|1111| 279 : 10241
==========|1111| 280 : 10241
==========|1111| 281 : 10241
==========|1111| 282 : 10241
==========|1111| 283 : 10241
==========|1111| 284 : 10241
==========|1111| 285 : 10241
==========|1111| 286 : 10242
==========|1111| 287 : 10258
==========|1111| 288 : 10240
==========|1111| 289 : 10241
==========|1111| 290 : 10239
==========|1111| 291 : 10240
==========|1111| 292 : 10239
==========|1111| 293 : 10240
==========|1111| 294 : 10240
==========|1111| 295 : 10241
==========|1111| 296 : 10241
==========|1111| 297 : 10249
==========|1111| 298 : 10259
==========|1111| 299 : 10241
==========|1111| 300 : 10240
==========|1111| 301 : 10240
==========|1111| 302 : 10241
==========|1111| 303 : 9530
==========|1111| 304 : 10242
==========|1111| 305 : 10242
==========|1111| 306 : 10241
==========|1111| 307 : 10240
==========|1111| 308 : 10241
==========|1111| 309 : 10248
==========|1111| 310 : 10243
==========|1111| 311 : 10241
==========|1111| 312 : 10241
==========|1111| 313 : 10250
==========|1111| 314 : 10241
==========|1111| 315 : 10241
==========|1111| 316 : 10242
==========|1111| 317 : 10241
==========|1111| 318 : 10242
==========|1111| 319 : 10240
==========|1111| 320 : 10241
==========|1111| 321 : 10242
==========|1111| 322 : 10241
==========|1111| 323 : 10241
==========|1111| 324 : 10240
==========|1111| 325 : 10240
==========|1111| 326 : 10239
==========|1111| 327 : 10241
==========|1111| 328 : 10240
==========|1111| 329 : 10240
==========|1111| 330 : 10240
==========|1111| 331 : 10242
==========|1111| 332 : 10239
==========|1111| 333 : 10240
==========|1111| 334 : 9530
==========|1111| 335 : 10240
==========|1111| 336 : 10250
==========|1111| 337 : 10241
==========|1111| 338 : 10241
==========|1111| 339 : 10241
==========|1111| 340 : 10240
==========|1111| 341 : 10241
==========|1111| 342 : 10240
==========|1111| 343 : 10240
==========|1111| 344 : 10242
==========|1111| 345 : 10241
==========|1111| 346 : 10241
==========|1111| 347 : 10248
==========|1111| 348 : 10242
==========|1111| 349 : 9529
==========|1111| 350 : 10241
==========|1111| 351 : 10241
==========|1111| 352 : 10241
==========|1111| 353 : 10241
==========|1111| 354 : 10240
==========|1111| 355 : 10240
==========|1111| 356 : 9529
==========|1111| 357 : 10241
==========|1111| 358 : 10242
==========|1111| 359 : 10242
==========|1111| 360 : 10242
==========|1111| 361 : 10242
==========|1111| 362 : 10242
==========|1111| 363 : 10239
==========|1111| 364 : 10242
==========|1111| 365 : 10242
==========|1111| 366 : 10242
==========|1111| 367 : 8795
==========|1111| 368 : 10240
==========|1111| 369 : 10241
==========|1111| 370 : 10241
==========|1111| 371 : 10242
==========|1111| 372 : 10260
==========|1111| 373 : 10241
==========|1111| 374 : 10240
==========|1111| 375 : 10241
==========|1111| 376 : 10241
==========|1111| 377 : 8796
==========|1111| 378 : 10240
==========|1111| 379 : 10240
==========|1111| 380 : 10241
==========|1111| 381 : 10239
==========|1111| 382 : 10240
==========|1111| 383 : 10259
==========|1111| 384 : 10243
==========|1111| 385 : 10240
==========|1111| 386 : 10241
==========|1111| 387 : 10241
==========|1111| 388 : 10241
==========|1111| 389 : 10241
==========|1111| 390 : 10240
==========|1111| 391 : 10242
==========|1111| 392 : 10241
==========|1111| 393 : 8795
==========|1111| 394 : 10241
==========|1111| 395 : 10240
==========|1111| 396 : 10241
==========|1111| 397 : 10242
==========|1111| 398 : 8794
==========|1111| 399 : 10241
==========|1111| 400 : 10242
==========|1111| 401 : 10240
==========|1111| 402 : 10240
==========|1111| 403 : 10241
==========|1111| 404 : 10250
==========|1111| 405 : 10239
==========|1111| 406 : 10241
==========|1111| 407 : 9529
==========|1111| 408 : 10241
==========|1111| 409 : 10241
==========|1111| 410 : 10240
==========|1111| 411 : 10241
==========|1111| 412 : 10241
==========|1111| 413 : 10241
==========|1111| 414 : 8797
==========|1111| 415 : 10240
==========|1111| 416 : 10249
==========|1111| 417 : 10242
==========|1111| 418 : 10241
==========|1111| 419 : 10241
==========|1111| 420 : 10241
==========|1111| 421 : 10241
==========|1111| 422 : 10240
==========|1111| 423 : 9530
==========|1111| 424 : 10242
==========|1111| 425 : 10240
==========|1111| 426 : 10242
==========|1111| 427 : 8796
==========|1111| 428 : 10241
==========|1111| 429 : 10242
==========|1111| 430 : 9530
==========|1111| 431 : 10241
==========|1111| 432 : 10249
==========|1111| 433 : 10240
==========|1111| 434 : 10243
==========|1111| 435 : 10241
==========|1111| 436 : 10241
==========|1111| 437 : 10240
==========|1111| 438 : 10240
==========|1111| 439 : 10240
==========|1111| 440 : 10242
==========|1111| 441 : 10241
==========|1111| 442 : 8795
==========|1111| 443 : 10241
==========|1111| 444 : 10239
==========|1111| 445 : 10242
==========|1111| 446 : 10240
==========|1111| 447 : 10240
==========|1111| 448 : 10241
==========|1111| 449 : 8795
==========|1111| 450 : 10240
==========|1111| 451 : 10241
==========|1111| 452 : 10242
==========|1111| 453 : 10242
==========|1111| 454 : 8795
==========|1111| 455 : 10240
==========|1111| 456 : 10250
==========|1111| 457 : 8804
==========|1111| 458 : 10252
==========|1111| 459 : 10241
==========|1111| 460 : 10242
==========|1111| 461 : 9530
==========|1111| 462 : 10242
==========|1111| 463 : 10242
==========|1111| 464 : 8796
==========|1111| 465 : 10243
==========|1111| 466 : 10241
==========|1111| 467 : 10241
==========|1111| 468 : 8809
==========|1111| 469 : 10241
==========|1111| 470 : 10241
==========|1111| 471 : 10250
==========|1111| 472 : 10241
==========|1111| 473 : 10241
==========|1111| 474 : 10241
==========|1111| 475 : 10242
==========|1111| 476 : 8795
==========|1111| 477 : 10242
==========|1111| 478 : 10242
==========|1111| 479 : 9529
==========|1111| 480 : 10241
==========|1111| 481 : 9531
==========|1111| 482 : 10241
==========|1111| 483 : 10242
==========|1111| 484 : 8795
==========|1111| 485 : 10241
==========|1111| 486 : 10241
==========|1111| 487 : 8795
==========|1111| 488 : 10241
==========|1111| 489 : 10242
==========|1111| 490 : 9529
==========|1111| 491 : 10241
==========|1111| 492 : 8797
==========|1111| 493 : 10243
==========|1111| 494 : 10241
==========|1111| 495 : 10241
==========|1111| 496 : 10241
==========|1111| 497 : 10242
==========|1111| 498 : 10243
==========|1111| 499 : 10241
==========|1111| 500 : 10241
==========|1111| 501 : 8796
==========|1111| 502 : 10241
==========|1111| 503 : 10241
==========|1111| 504 : 8796
==========|1111| 505 : 10242
==========|1111| 506 : 10239
==========|1111| 507 : 10242
==========|1111| 508 : 8795
==========|1111| 509 : 10241
==========|1111| 510 : 8796
==========|1111| 511 : 10241
==========|1111| 512 : 10241
==========|1111| 513 : 10241
==========|1111| 514 : 10241
==========|1111| 515 : 10241
==========|1111| 516 : 10240
==========|1111| 517 : 10240
==========|1111| 518 : 10240
==========|1111| 519 : 10242
==========|1111| 520 : 10250
==========|1111| 521 : 10241
==========|1111| 522 : 10242
==========|1111| 523 : 10241
==========|1111| 524 : 10241
==========|1111| 525 : 10240
==========|1111| 526 : 10241
==========|1111| 527 : 10240
==========|1111| 528 : 10240
==========|1111| 529 : 10241
==========|1111| 530 : 10241
==========|1111| 531 : 10240
==========|1111| 532 : 10240
==========|1111| 533 : 10241
==========|1111| 534 : 10241
==========|1111| 535 : 10242
==========|1111| 536 : 8794
==========|1111| 537 : 10241
==========|1111| 538 : 10241
==========|1111| 539 : 10241
==========|1111| 540 : 10242
==========|1111| 541 : 10241
==========|1111| 542 : 10240
==========|1111| 543 : 10258
==========|1111| 544 : 9530
==========|1111| 545 : 10241
==========|1111| 546 : 10249
==========|1111| 547 : 10240
==========|1111| 548 : 10241
==========|1111| 549 : 8796
==========|1111| 550 : 10243
==========|1111| 551 : 10249
==========|1111| 552 : 10241
==========|1111| 553 : 10250
==========|1111| 554 : 10251
==========|1111| 555 : 10241
==========|1111| 556 : 10241
==========|1111| 557 : 10241
==========|1111| 558 : 10241
==========|1111| 559 : 10240
==========|1111| 560 : 10240
==========|1111| 561 : 10241
==========|1111| 562 : 10241
==========|1111| 563 : 10241
==========|1111| 564 : 10240
==========|1111| 565 : 10240
==========|1111| 566 : 10242
==========|1111| 567 : 10241
==========|1111| 568 : 10242
==========|1111| 569 : 8794
