==========|1111| 0 : 22242
==========|1111| 1 : 22240
==========|1111| 2 : 22240
==========|1111| 3 : 20794
==========|1111| 4 : 22241
==========|1111| 5 : 22240
==========|1111| 6 : 21531
==========|1111| 7 : 22240
==========|1111| 8 : 22240
==========|1111| 9 : 22239
==========|1111| 10 : 22240
==========|1111| 11 : 22240
==========|1111| 12 : 22240
==========|1111| 13 : 22240
==========|1111| 14 : 22240
==========|1111| 15 : 22240
==========|1111| 16 : 22240
==========|1111| 17 : 22240
==========|1111| 18 : 20795
==========|1111| 19 : 22242
==========|1111| 20 : 22240
==========|1111| 21 : 21532
==========|1111| 22 : 22240
==========|1111| 23 : 22241
==========|1111| 24 : 22240
==========|1111| 25 : 22239
==========|1111| 26 : 22239
==========|1111| 27 : 22243
==========|1111| 28 : 22241
==========|1111| 29 : 22242
==========|1111| 30 : 22241
==========|1111| 31 : 20797
==========|1111| 32 : 22239
==========|1111| 33 : 22242
==========|1111| 34 : 22239
==========|1111| 35 : 22241
==========|1111| 36 : 21532
==========|1111| 37 : 22241
==========|1111| 38 : 22240
==========|1111| 39 : 22242
==========|1111| 40 : 22240
==========|1111| 41 : 22250
==========|1111| 42 : 22251
==========|1111| 43 : 21532
==========|1111| 44 : 20795
==========|1111| 45 : 22241
==========|1111| 46 : 22239
==========|1111| 47 : 22241
==========|1111| 48 : 22238
==========|1111| 49 : 22240
==========|1111| 50 : 22240
==========|1111| 51 : 20795
==========|1111| 52 : 21530
==========|1111| 53 : 21539
==========|1111| 54 : 22241
==========|1111| 55 : 22240
==========|1111| 56 : 22240
==========|1111| 57 : 22239
==========|1111| 58 : 21530
==========|1111| 59 : 21530
==========|1111| 60 : 21530
==========|1111| 61 : 21531
==========|1111| 62 : 21531
==========|1111| 63 : 22240
==========|1111| 64 : 22240
==========|1111| 65 : 22241
==========|1111| 66 : 22241
==========|1111| 67 : 22240
==========|1111| 68 : 22241
==========|1111| 69 : 22239
==========|1111| 70 : 22239
==========|1111| 71 : 20794
==========|1111| 72 : 22241
==========|1111| 73 : 22238
==========|1111| 74 : 22239
==========|1111| 75 : 20794
==========|1111| 76 : 22241
==========|1111| 77 : 22243
==========|1111| 78 : 22240
==========|1111| 79 : 20794
==========|1111| 80 : 22241
==========|1111| 81 : 22241
==========|1111| 82 : 20795
==========|1111| 83 : 22240
==========|1111| 84 : 22240
==========|1111| 85 : 22239
==========|1111| 86 : 22240
==========|1111| 87 : 22242
==========|1111| 88 : 22240
==========|1111| 89 : 22244
==========|1111| 90 : 22243
==========|1111| 91 : 21531
==========|1111| 92 : 22240
==========|1111| 93 : 22241
==========|1111| 94 : 22241
==========|1111| 95 : 22241
==========|1111| 96 : 20795
==========|1111| 97 : 22241
==========|1111| 98 : 22241
==========|1111| 99 : 22240
==========|1111| 100 : 22241
==========|1111| 101 : 22250
==========|1111| 102 : 20805
==========|1111| 103 : 22240
==========|1111| 104 : 22241
==========|1111| 105 : 22240
==========|1111| 106 : 22240
==========|1111| 107 : 22241
==========|1111| 108 : 22240
==========|1111| 109 : 22240
==========|1111| 110 : 22240
==========|1111| 111 : 22241
==========|1111| 112 : 22240
==========|1111| 113 : 22239
==========|1111| 114 : 22240
==========|1111| 115 : 22240
==========|1111| 116 : 22259
==========|1111| 117 : 22241
==========|1111| 118 : 22241
==========|1111| 119 : 22240
==========|1111| 120 : 22241
==========|1111| 121 : 22249
==========|1111| 122 : 22240
==========|1111| 123 : 22242
==========|1111| 124 : 21531
==========|1111| 125 : 21530
==========|1111| 126 : 22240
==========|1111| 127 : 22260
==========|1111| 128 : 22240
==========|1111| 129 : 22239
==========|1111| 130 : 22242
==========|1111| 131 : 22240
==========|1111| 132 : 22239
==========|1111| 133 : 20796
==========|1111| 134 : 21531
==========|1111| 135 : 22241
==========|1111| 136 : 20796
==========|1111| 137 : 22241
==========|1111| 138 : 22240
==========|1111| 139 : 22242
==========|1111| 140 : 22250
==========|1111| 141 : 22241
==========|1111| 142 : 22240
==========|1111| 143 : 22240
==========|1111| 144 : 22241
==========|1111| 145 : 22242
==========|1111| 146 : 22241
==========|1111| 147 : 22240
==========|1111| 148 : 22241
==========|1111| 149 : 22241
==========|1111| 150 : 22241
==========|1111| 151 : 22241
==========|1111| 152 : 22240
==========|1111| 153 : 22241
==========|1111| 154 : 22241
==========|1111| 155 : 22241
==========|1111| 156 : 22241
==========|1111| 157 : 22240
==========|1111| 158 : 22241
==========|1111| 159 : 22241
==========|1111| 160 : 22242
==========|1111| 161 : 22240
==========|1111| 162 : 21530
==========|1111| 163 : 21530
==========|1111| 164 : 21531
==========|1111| 165 : 20795
==========|1111| 166 : 22249
==========|1111| 167 : 22241
==========|1111| 168 : 22241
==========|1111| 169 : 22242
==========|1111| 170 : 22242
==========|1111| 171 : 22240
==========|1111| 172 : 22240
==========|1111| 173 : 22241
==========|1111| 174 : 22240
==========|1111| 175 : 22242
==========|1111| 176 : 22242
==========|1111| 177 : 22240
==========|1111| 178 : 22240
==========|1111| 179 : 22242
==========|1111| 180 : 22242
==========|1111| 181 : 22239
==========|1111| 182 : 20794
==========|1111| 183 : 22240
==========|1111| 184 : 22241
==========|1111| 185 : 22240
==========|1111| 186 : 22243
==========|1111| 187 : 22240
==========|1111| 188 : 22241
==========|1111| 189 : 22240
==========|1111| 190 : 22241
==========|1111| 191 : 22240
==========|1111| 192 : 22242
==========|1111| 193 : 22240
==========|1111| 194 : 22240
==========|1111| 195 : 22241
==========|1111| 196 : 22240
==========|1111| 197 : 22243
==========|1111| 198 : 21531
==========|1111| 199 : 20794
==========|1111| 200 : 20796
==========|1111| 201 : 21539
==========|1111| 202 : 22250
==========|1111| 203 : 20798
==========|1111| 204 : 22240
==========|1111| 205 : 22242
==========|1111| 206 : 22239
==========|1111| 207 : 22239
==========|1111| 208 : 22241
==========|1111| 209 : 22241
==========|1111| 210 : 22242
==========|1111| 211 : 22239
==========|1111| 212 : 22260
==========|1111| 213 : 22240
==========|1111| 214 : 22241
==========|1111| 215 : 22240
==========|1111| 216 : 22240
==========|1111| 217 : 22240
==========|1111| 218 : 22240
==========|1111| 219 : 22240
==========|1111| 220 : 22240
==========|1111| 221 : 22240
==========|1111| 222 : 22241
==========|1111| 223 : 22240
==========|1111| 224 : 22241
==========|1111| 225 : 22240
==========|1111| 226 : 22240
==========|1111| 227 : 22240
==========|1111| 228 : 22240
==========|1111| 229 : 22240
==========|1111| 230 : 22251
==========|1111| 231 : 22240
==========|1111| 232 : 22241
==========|1111| 233 : 22240
==========|1111| 234 : 22240
==========|1111| 235 : 22240
==========|1111| 236 : 22240
==========|1111| 237 : 22239
==========|1111| 238 : 22239
==========|1111| 239 : 22242
==========|1111| 240 : 22240
==========|1111| 241 : 22240
==========|1111| 242 : 22251
==========|1111| 243 : 22241
==========|1111| 244 : 22241
==========|1111| 245 : 22241
==========|1111| 246 : 22240
==========|1111| 247 : 22240
==========|1111| 248 : 22240
==========|1111| 249 : 22240
==========|1111| 250 : 22241
==========|1111| 251 : 22240
==========|1111| 252 : 22241
==========|1111| 253 : 22241
==========|1111| 254 : 22241
==========|1111| 255 : 22240
==========|1111| 256 : 22240
==========|1111| 257 : 22248
==========|1111| 258 : 22241
==========|1111| 259 : 22240
==========|1111| 260 : 22241
==========|1111| 261 : 22241
==========|1111| 262 : 22239
==========|1111| 263 : 22240
==========|1111| 264 : 22240
==========|1111| 265 : 22241
==========|1111| 266 : 22240
==========|1111| 267 : 22240
==========|1111| 268 : 22250
==========|1111| 269 : 22240
==========|1111| 270 : 22242
==========|1111| 271 : 22240
==========|1111| 272 : 22240
==========|1111| 273 : 22240
==========|1111| 274 : 22251
==========|1111| 275 : 22241
==========|1111| 276 : 22241
==========|1111| 277 : 22243
==========|1111| 278 : 21531
==========|1111| 279 : 22242
==========|1111| 280 : 22240
==========|1111| 281 : 22239
==========|1111| 282 : 22242
==========|1111| 283 : 22240
==========|1111| 284 : 20795
==========|1111| 285 : 22241
==========|1111| 286 : 22241
==========|1111| 287 : 22259
==========|1111| 288 : 22239
==========|1111| 289 : 22241
==========|1111| 290 : 22240
==========|1111| 291 : 22239
==========|1111| 292 : 22242
==========|1111| 293 : 22240
==========|1111| 294 : 22242
==========|1111| 295 : 22241
==========|1111| 296 : 22240
==========|1111| 297 : 22250
==========|1111| 298 : 22259
==========|1111| 299 : 22241
==========|1111| 300 : 22240
==========|1111| 301 : 22239
==========|1111| 302 : 22242
==========|1111| 303 : 22241
==========|1111| 304 : 22242
==========|1111| 305 : 22241
==========|1111| 306 : 22240
==========|1111| 307 : 22239
==========|1111| 308 : 22240
==========|1111| 309 : 22250
==========|1111| 310 : 22242
==========|1111| 311 : 22242
==========|1111| 312 : 22239
==========|1111| 313 : 22248
==========|1111| 314 : 22241
==========|1111| 315 : 22241
==========|1111| 316 : 22240
==========|1111| 317 : 22241
==========|1111| 318 : 22241
==========|1111| 319 : 22240
==========|1111| 320 : 22242
==========|1111| 321 : 22241
==========|1111| 322 : 22241
==========|1111| 323 : 22239
==========|1111| 324 : 21532
==========|1111| 325 : 22240
==========|1111| 326 : 22242
==========|1111| 327 : 22241
==========|1111| 328 : 22241
==========|1111| 329 : 22242
==========|1111| 330 : 22240
==========|1111| 331 : 20795
==========|1111| 332 : 22241
==========|1111| 333 : 22238
==========|1111| 334 : 21531
==========|1111| 335 : 22240
==========|1111| 336 : 22250
==========|1111| 337 : 22241
==========|1111| 338 : 22240
==========|1111| 339 : 22241
==========|1111| 340 : 22241
==========|1111| 341 : 22242
==========|1111| 342 : 22240
==========|1111| 343 : 22241
==========|1111| 344 : 22240
==========|1111| 345 : 22241
==========|1111| 346 : 22240
==========|1111| 347 : 22249
==========|1111| 348 : 22240
==========|1111| 349 : 22242
==========|1111| 350 : 22242
==========|1111| 351 : 22241
==========|1111| 352 : 22241
==========|1111| 353 : 22241
==========|1111| 354 : 21531
==========|1111| 355 : 22240
==========|1111| 356 : 22239
==========|1111| 357 : 22240
==========|1111| 358 : 22241
==========|1111| 359 : 22239
==========|1111| 360 : 20796
==========|1111| 361 : 22241
==========|1111| 362 : 22241
==========|1111| 363 : 22240
==========|1111| 364 : 22239
==========|1111| 365 : 22239
==========|1111| 366 : 21531
==========|1111| 367 : 22240
==========|1111| 368 : 22240
==========|1111| 369 : 22241
==========|1111| 370 : 22240
==========|1111| 371 : 22241
==========|1111| 372 : 22260
==========|1111| 373 : 20795
==========|1111| 374 : 22242
==========|1111| 375 : 22240
==========|1111| 376 : 22242
==========|1111| 377 : 22240
==========|1111| 378 : 22241
==========|1111| 379 : 22240
==========|1111| 380 : 22241
==========|1111| 381 : 22240
==========|1111| 382 : 22241
==========|1111| 383 : 22261
==========|1111| 384 : 21530
==========|1111| 385 : 22241
==========|1111| 386 : 22238
==========|1111| 387 : 22241
==========|1111| 388 : 22240
==========|1111| 389 : 22241
==========|1111| 390 : 22241
==========|1111| 391 : 22239
==========|1111| 392 : 22242
==========|1111| 393 : 22240
==========|1111| 394 : 22240
==========|1111| 395 : 22241
==========|1111| 396 : 22242
==========|1111| 397 : 22241
==========|1111| 398 : 22240
==========|1111| 399 : 22241
==========|1111| 400 : 21530
==========|1111| 401 : 22240
==========|1111| 402 : 22239
==========|1111| 403 : 22242
==========|1111| 404 : 21531
==========|1111| 405 : 22242
==========|1111| 406 : 22241
==========|1111| 407 : 22241
==========|1111| 408 : 21531
==========|1111| 409 : 22239
==========|1111| 410 : 22242
==========|1111| 411 : 22240
==========|1111| 412 : 22239
==========|1111| 413 : 22240
==========|1111| 414 : 22240
==========|1111| 415 : 22241
==========|1111| 416 : 22249
==========|1111| 417 : 22241
==========|1111| 418 : 22242
==========|1111| 419 : 22239
==========|1111| 420 : 20795
==========|1111| 421 : 22240
==========|1111| 422 : 22240
==========|1111| 423 : 22241
==========|1111| 424 : 22239
==========|1111| 425 : 22239
==========|1111| 426 : 21531
==========|1111| 427 : 22241
==========|1111| 428 : 22239
==========|1111| 429 : 22241
==========|1111| 430 : 22241
==========|1111| 431 : 22239
==========|1111| 432 : 20796
==========|1111| 433 : 22240
==========|1111| 434 : 22240
==========|1111| 435 : 22241
==========|1111| 436 : 21530
==========|1111| 437 : 22241
==========|1111| 438 : 22240
==========|1111| 439 : 22241
==========|1111| 440 : 22242
==========|1111| 441 : 22240
==========|1111| 442 : 22242
==========|1111| 443 : 22241
==========|1111| 444 : 22241
==========|1111| 445 : 22242
==========|1111| 446 : 22240
==========|1111| 447 : 22241
==========|1111| 448 : 22241
==========|1111| 449 : 22240
==========|1111| 450 : 22242
==========|1111| 451 : 22241
==========|1111| 452 : 22241
==========|1111| 453 : 22240
==========|1111| 454 : 22242
==========|1111| 455 : 22241
==========|1111| 456 : 22250
==========|1111| 457 : 21541
==========|1111| 458 : 22249
==========|1111| 459 : 22239
==========|1111| 460 : 20795
==========|1111| 461 : 21531
==========|1111| 462 : 22241
==========|1111| 463 : 22241
==========|1111| 464 : 22252
==========|1111| 465 : 22242
==========|1111| 466 : 22241
==========|1111| 467 : 22241
==========|1111| 468 : 22257
==========|1111| 469 : 22241
==========|1111| 470 : 22240
==========|1111| 471 : 22248
==========|1111| 472 : 22240
==========|1111| 473 : 22241
==========|1111| 474 : 22240
==========|1111| 475 : 22239
==========|1111| 476 : 21531
==========|1111| 477 : 22242
==========|1111| 478 : 22240
==========|1111| 479 : 22241
==========|1111| 480 : 20796
==========|1111| 481 : 22249
==========|1111| 482 : 21531
==========|1111| 483 : 22239
==========|1111| 484 : 22242
==========|1111| 485 : 22242
==========|1111| 486 : 21539
==========|1111| 487 : 22241
==========|1111| 488 : 22239
==========|1111| 489 : 22242
==========|1111| 490 : 22240
==========|1111| 491 : 22241
==========|1111| 492 : 22239
==========|1111| 493 : 22242
==========|1111| 494 : 22241
==========|1111| 495 : 22241
==========|1111| 496 : 22240
==========|1111| 497 : 22242
==========|1111| 498 : 22240
==========|1111| 499 : 22241
==========|1111| 500 : 22241
==========|1111| 501 : 22242
==========|1111| 502 : 22240
==========|1111| 503 : 22239
==========|1111| 504 : 22241
==========|1111| 505 : 22241
==========|1111| 506 : 22241
==========|1111| 507 : 22240
==========|1111| 508 : 21530
==========|1111| 509 : 22242
==========|1111| 510 : 22241
==========|1111| 511 : 22242
==========|1111| 512 : 22240
==========|1111| 513 : 21529
==========|1111| 514 : 22240
==========|1111| 515 : 22240
==========|1111| 516 : 21530
==========|1111| 517 : 22242
==========|1111| 518 : 22240
==========|1111| 519 : 22241
==========|1111| 520 : 20795
==========|1111| 521 : 22240
==========|1111| 522 : 21532
==========|1111| 523 : 22241
==========|1111| 524 : 22240
==========|1111| 525 : 22240
==========|1111| 526 : 21529
==========|1111| 527 : 22242
==========|1111| 528 : 22241
==========|1111| 529 : 22240
==========|1111| 530 : 22242
==========|1111| 531 : 22241
==========|1111| 532 : 22241
==========|1111| 533 : 22241
==========|1111| 534 : 21532
==========|1111| 535 : 22241
==========|1111| 536 : 22243
==========|1111| 537 : 22241
==========|1111| 538 : 22241
==========|1111| 539 : 22242
==========|1111| 540 : 22241
==========|1111| 541 : 22240
==========|1111| 542 : 22241
==========|1111| 543 : 21539
==========|1111| 544 : 22241
==========|1111| 545 : 22241
==========|1111| 546 : 22250
==========|1111| 547 : 22241
==========|1111| 548 : 22241
==========|1111| 549 : 22239
==========|1111| 550 : 22240
==========|1111| 551 : 22248
==========|1111| 552 : 22240
==========|1111| 553 : 22250
==========|1111| 554 : 22251
==========|1111| 555 : 22240
==========|1111| 556 : 22240
==========|1111| 557 : 22241
==========|1111| 558 : 22240
==========|1111| 559 : 21532
==========|1111| 560 : 22240
==========|1111| 561 : 22241
==========|1111| 562 : 22241
==========|1111| 563 : 22242
==========|1111| 564 : 22240
==========|1111| 565 : 22241
==========|1111| 566 : 22241
==========|1111| 567 : 22239
==========|1111| 568 : 22240
==========|1111| 569 : 22239
==========|1111| 570 : 21529
==========|1111| 571 : 22240
==========|1111| 572 : 22240
==========|1111| 573 : 21532
==========|1111| 574 : 22240
==========|1111| 575 : 22241
==========|1111| 576 : 22240
==========|1111| 577 : 21532
==========|1111| 578 : 22240
==========|1111| 579 : 22241
==========|1111| 580 : 22240
==========|1111| 581 : 21532
==========|1111| 582 : 22241
==========|1111| 583 : 22240
==========|1111| 584 : 22242
==========|1111| 585 : 22242
==========|1111| 586 : 22241
==========|1111| 587 : 22241
==========|1111| 588 : 22240
==========|1111| 589 : 21532
==========|1111| 590 : 22240
==========|1111| 591 : 22240
==========|1111| 592 : 22242
==========|1111| 593 : 21529
==========|1111| 594 : 22241
==========|1111| 595 : 22240
