==========|1111| 0 : 6059
==========|1111| 1 : 6059
==========|1111| 2 : 6059
==========|1111| 3 : 6059
==========|1111| 4 : 6059
==========|1111| 5 : 6059
==========|1111| 6 : 6059
==========|1111| 7 : 6059
==========|1111| 8 : 6059
==========|1111| 9 : 6059
==========|1111| 10 : 6059
==========|1111| 11 : 6059
==========|1111| 12 : 6059
==========|1111| 13 : 6059
==========|1111| 14 : 6059
==========|1111| 15 : 6059
==========|1111| 16 : 6059
==========|1111| 17 : 6059
==========|1111| 18 : 6059
==========|1111| 19 : 6059
==========|1111| 20 : 6059
==========|1111| 21 : 6059
==========|1111| 22 : 6059
==========|1111| 23 : 6059
==========|1111| 24 : 6059
==========|1111| 25 : 6059
==========|1111| 26 : 6059
==========|1111| 27 : 6059
==========|1111| 28 : 6059
==========|1111| 29 : 6060
==========|1111| 30 : 6059
==========|1111| 31 : 6059
==========|1111| 32 : 6059
==========|1111| 33 : 6059
==========|1111| 34 : 6059
==========|1111| 35 : 6060
==========|1111| 36 : 6059
==========|1111| 37 : 6060
==========|1111| 38 : 6059
==========|1111| 39 : 6060
==========|1111| 40 : 6060
==========|1111| 41 : 6060
==========|1111| 42 : 6060
==========|1111| 43 : 6060
==========|1111| 44 : 6060
==========|1111| 45 : 6059
==========|1111| 46 : 6059
==========|1111| 47 : 6060
==========|1111| 48 : 6060
==========|1111| 49 : 6060
==========|1111| 50 : 6060
==========|1111| 51 : 6061
==========|1111| 52 : 6060
==========|1111| 53 : 6060
==========|1111| 54 : 6061
==========|1111| 55 : 6060
==========|1111| 56 : 6060
==========|1111| 57 : 6059
==========|1111| 58 : 6059
==========|1111| 59 : 6059
==========|1111| 60 : 6060
==========|1111| 61 : 6059
==========|1111| 62 : 6059
==========|1111| 63 : 6059
==========|1111| 64 : 6059
==========|1111| 65 : 6059
==========|1111| 66 : 6059
==========|1111| 67 : 6059
==========|1111| 68 : 6059
==========|1111| 69 : 6059
==========|1111| 70 : 6059
==========|1111| 71 : 6059
==========|1111| 72 : 6059
==========|1111| 73 : 6059
==========|1111| 74 : 6059
==========|1111| 75 : 6059
==========|1111| 76 : 6059
==========|1111| 77 : 6059
==========|1111| 78 : 6059
==========|1111| 79 : 6059
==========|1111| 80 : 6059
==========|1111| 81 : 6059
==========|1111| 82 : 6059
==========|1111| 83 : 6059
==========|1111| 84 : 6059
==========|1111| 85 : 6059
==========|1111| 86 : 6059
==========|1111| 87 : 6059
==========|1111| 88 : 6059
==========|1111| 89 : 6060
==========|1111| 90 : 6059
==========|1111| 91 : 6059
==========|1111| 92 : 6060
==========|1111| 93 : 6059
==========|1111| 94 : 6059
==========|1111| 95 : 6060
==========|1111| 96 : 6059
==========|1111| 97 : 6059
==========|1111| 98 : 6060
==========|1111| 99 : 6059
==========|1111| 100 : 6059
==========|1111| 101 : 6059
==========|1111| 102 : 6060
==========|1111| 103 : 6059
==========|1111| 104 : 6059
==========|1111| 105 : 6059
==========|1111| 106 : 6059
==========|1111| 107 : 6059
==========|1111| 108 : 6061
==========|1111| 109 : 6060
==========|1111| 110 : 6059
==========|1111| 111 : 6060
==========|1111| 112 : 6061
==========|1111| 113 : 6060
==========|1111| 114 : 6060
==========|1111| 115 : 6059
==========|1111| 116 : 6060
==========|1111| 117 : 6059
==========|1111| 118 : 6059
==========|1111| 119 : 6060
==========|1111| 120 : 6060
==========|1111| 121 : 6060
==========|1111| 122 : 6060
==========|1111| 123 : 6059
==========|1111| 124 : 6060
==========|1111| 125 : 6059
==========|1111| 126 : 6059
==========|1111| 127 : 6060
==========|1111| 128 : 6059
==========|1111| 129 : 6059
==========|1111| 130 : 6059
==========|1111| 131 : 6059
==========|1111| 132 : 6059
==========|1111| 133 : 6059
==========|1111| 134 : 6060
==========|1111| 135 : 6059
==========|1111| 136 : 6059
==========|1111| 137 : 6059
==========|1111| 138 : 6059
==========|1111| 139 : 6059
==========|1111| 140 : 6059
==========|1111| 141 : 6059
==========|1111| 142 : 6059
==========|1111| 143 : 6059
==========|1111| 144 : 6059
==========|1111| 145 : 6059
==========|1111| 146 : 6059
==========|1111| 147 : 6059
==========|1111| 148 : 6060
==========|1111| 149 : 6059
==========|1111| 150 : 6060
==========|1111| 151 : 6059
==========|1111| 152 : 6060
==========|1111| 153 : 6059
==========|1111| 154 : 6059
==========|1111| 155 : 6059
==========|1111| 156 : 6059
==========|1111| 157 : 6059
==========|1111| 158 : 6059
==========|1111| 159 : 6059
==========|1111| 160 : 6060
==========|1111| 161 : 6060
==========|1111| 162 : 6059
==========|1111| 163 : 6059
==========|1111| 164 : 6060
==========|1111| 165 : 6059
==========|1111| 166 : 6059
==========|1111| 167 : 6059
==========|1111| 168 : 6059
==========|1111| 169 : 6060
==========|1111| 170 : 6059
==========|1111| 171 : 6060
==========|1111| 172 : 6061
==========|1111| 173 : 6060
==========|1111| 174 : 6060
==========|1111| 175 : 6060
==========|1111| 176 : 6060
==========|1111| 177 : 6061
==========|1111| 178 : 6060
==========|1111| 179 : 6060
==========|1111| 180 : 6060
==========|1111| 181 : 6059
==========|1111| 182 : 6060
==========|1111| 183 : 6060
==========|1111| 184 : 6059
==========|1111| 185 : 6060
==========|1111| 186 : 6060
==========|1111| 187 : 6060
==========|1111| 188 : 6060
==========|1111| 189 : 6060
==========|1111| 190 : 6060
==========|1111| 191 : 6059
==========|1111| 192 : 6059
==========|1111| 193 : 6059
==========|1111| 194 : 6059
==========|1111| 195 : 6059
==========|1111| 196 : 6059
==========|1111| 197 : 6060
==========|1111| 198 : 6059
==========|1111| 199 : 6059
==========|1111| 200 : 6059
==========|1111| 201 : 6059
==========|1111| 202 : 6059
==========|1111| 203 : 6059
==========|1111| 204 : 6059
==========|1111| 205 : 6059
==========|1111| 206 : 6059
==========|1111| 207 : 6059
==========|1111| 208 : 6059
==========|1111| 209 : 6059
==========|1111| 210 : 6059
==========|1111| 211 : 6059
==========|1111| 212 : 6059
==========|1111| 213 : 6059
==========|1111| 214 : 6059
==========|1111| 215 : 6059
==========|1111| 216 : 6059
==========|1111| 217 : 6059
==========|1111| 218 : 6059
==========|1111| 219 : 6059
==========|1111| 220 : 6059
==========|1111| 221 : 6059
==========|1111| 222 : 6060
==========|1111| 223 : 6060
==========|1111| 224 : 6059
==========|1111| 225 : 6059
==========|1111| 226 : 6060
==========|1111| 227 : 6059
==========|1111| 228 : 6059
==========|1111| 229 : 6059
==========|1111| 230 : 6059
==========|1111| 231 : 6059
==========|1111| 232 : 6059
==========|1111| 233 : 6059
==========|1111| 234 : 6059
==========|1111| 235 : 6060
==========|1111| 236 : 6059
==========|1111| 237 : 6059
==========|1111| 238 : 6059
==========|1111| 239 : 6059
==========|1111| 240 : 6059
==========|1111| 241 : 6060
==========|1111| 242 : 6060
==========|1111| 243 : 6060
==========|1111| 244 : 6060
==========|1111| 245 : 6060
==========|1111| 246 : 6060
==========|1111| 247 : 6060
==========|1111| 248 : 6060
==========|1111| 249 : 6060
==========|1111| 250 : 6060
==========|1111| 251 : 6059
==========|1111| 252 : 6060
==========|1111| 253 : 6060
==========|1111| 254 : 6060
==========|1111| 255 : 6060
==========|1111| 256 : 6060
==========|1111| 257 : 6060
==========|1111| 258 : 6060
==========|1111| 259 : 6059
==========|1111| 260 : 6059
==========|1111| 261 : 6059
==========|1111| 262 : 6060
==========|1111| 263 : 6059
==========|1111| 264 : 6059
==========|1111| 265 : 6059
==========|1111| 266 : 6060
==========|1111| 267 : 6059
==========|1111| 268 : 6059
==========|1111| 269 : 6059
==========|1111| 270 : 6059
==========|1111| 271 : 6059
==========|1111| 272 : 6059
==========|1111| 273 : 6059
==========|1111| 274 : 6059
==========|1111| 275 : 6059
==========|1111| 276 : 6059
==========|1111| 277 : 6060
==========|1111| 278 : 6059
==========|1111| 279 : 6059
==========|1111| 280 : 6059
==========|1111| 281 : 6059
==========|1111| 282 : 6059
==========|1111| 283 : 6060
==========|1111| 284 : 6059
==========|1111| 285 : 6059
==========|1111| 286 : 6059
==========|1111| 287 : 6059
==========|1111| 288 : 6059
==========|1111| 289 : 6059
==========|1111| 290 : 6060
==========|1111| 291 : 6059
==========|1111| 292 : 6059
==========|1111| 293 : 6059
==========|1111| 294 : 6059
==========|1111| 295 : 6059
==========|1111| 296 : 6060
==========|1111| 297 : 6059
==========|1111| 298 : 6060
==========|1111| 299 : 6059
==========|1111| 300 : 6059
==========|1111| 301 : 6059
==========|1111| 302 : 6060
==========|1111| 303 : 6059
==========|1111| 304 : 6059
==========|1111| 305 : 6060
==========|1111| 306 : 6061
==========|1111| 307 : 6060
==========|1111| 308 : 6060
==========|1111| 309 : 6060
==========|1111| 310 : 6060
==========|1111| 311 : 6060
==========|1111| 312 : 6060
==========|1111| 313 : 6059
==========|1111| 314 : 6060
==========|1111| 315 : 6059
==========|1111| 316 : 6059
==========|1111| 317 : 6060
==========|1111| 318 : 6060
==========|1111| 319 : 6060
==========|1111| 320 : 6060
==========|1111| 321 : 6060
==========|1111| 322 : 6060
==========|1111| 323 : 6060
==========|1111| 324 : 6061
==========|1111| 325 : 6060
==========|1111| 326 : 6059
==========|1111| 327 : 6060
==========|1111| 328 : 6059
==========|1111| 329 : 6059
==========|1111| 330 : 6059
==========|1111| 331 : 6059
==========|1111| 332 : 6060
==========|1111| 333 : 6059
==========|1111| 334 : 6059
==========|1111| 335 : 6059
==========|1111| 336 : 6059
==========|1111| 337 : 6060
==========|1111| 338 : 6059
==========|1111| 339 : 6059
==========|1111| 340 : 6059
==========|1111| 341 : 6059
==========|1111| 342 : 6059
==========|1111| 343 : 6059
==========|1111| 344 : 6059
==========|1111| 345 : 6059
==========|1111| 346 : 6059
==========|1111| 347 : 6059
==========|1111| 348 : 6059
==========|1111| 349 : 6059
==========|1111| 350 : 6059
==========|1111| 351 : 6059
==========|1111| 352 : 6059
==========|1111| 353 : 6059
==========|1111| 354 : 6059
==========|1111| 355 : 6059
==========|1111| 356 : 6060
==========|1111| 357 : 6059
==========|1111| 358 : 6059
==========|1111| 359 : 6059
==========|1111| 360 : 6059
==========|1111| 361 : 6059
==========|1111| 362 : 6060
==========|1111| 363 : 6059
==========|1111| 364 : 6059
==========|1111| 365 : 6059
==========|1111| 366 : 6059
==========|1111| 367 : 6060
==========|1111| 368 : 6059
==========|1111| 369 : 6059
==========|1111| 370 : 6059
==========|1111| 371 : 6059
==========|1111| 372 : 6059
==========|1111| 373 : 6060
==========|1111| 374 : 6060
==========|1111| 375 : 6060
==========|1111| 376 : 6061
==========|1111| 377 : 6060
==========|1111| 378 : 6060
==========|1111| 379 : 6059
==========|1111| 380 : 6061
==========|1111| 381 : 6060
==========|1111| 382 : 6061
==========|1111| 383 : 6060
==========|1111| 384 : 6060
==========|1111| 385 : 6060
==========|1111| 386 : 6059
==========|1111| 387 : 6059
==========|1111| 388 : 6059
==========|1111| 389 : 6060
==========|1111| 390 : 6060
==========|1111| 391 : 6060
==========|1111| 392 : 6059
==========|1111| 393 : 6059
==========|1111| 394 : 6060
==========|1111| 395 : 6059
==========|1111| 396 : 6059
==========|1111| 397 : 6059
==========|1111| 398 : 6060
==========|1111| 399 : 6059
==========|1111| 400 : 6059
==========|1111| 401 : 6059
==========|1111| 402 : 6059
==========|1111| 403 : 6059
==========|1111| 404 : 6059
==========|1111| 405 : 6059
==========|1111| 406 : 6059
==========|1111| 407 : 6059
==========|1111| 408 : 6060
==========|1111| 409 : 6059
==========|1111| 410 : 6059
==========|1111| 411 : 6059
==========|1111| 412 : 6059
==========|1111| 413 : 6059
==========|1111| 414 : 6059
==========|1111| 415 : 6059
==========|1111| 416 : 6060
==========|1111| 417 : 6059
==========|1111| 418 : 6059
==========|1111| 419 : 6059
==========|1111| 420 : 6059
==========|1111| 421 : 6059
==========|1111| 422 : 6059
==========|1111| 423 : 6059
==========|1111| 424 : 6059
==========|1111| 425 : 6059
==========|1111| 426 : 6060
==========|1111| 427 : 6059
==========|1111| 428 : 6059
==========|1111| 429 : 6060
==========|1111| 430 : 6059
==========|1111| 431 : 6059
==========|1111| 432 : 6059
==========|1111| 433 : 6059
==========|1111| 434 : 6059
==========|1111| 435 : 6059
==========|1111| 436 : 6059
==========|1111| 437 : 6059
==========|1111| 438 : 6060
==========|1111| 439 : 6060
==========|1111| 440 : 6060
==========|1111| 441 : 6060
==========|1111| 442 : 6060
==========|1111| 443 : 6060
==========|1111| 444 : 6059
==========|1111| 445 : 6060
==========|1111| 446 : 6059
==========|1111| 447 : 6061
==========|1111| 448 : 6060
==========|1111| 449 : 6060
==========|1111| 450 : 6060
==========|1111| 451 : 6060
==========|1111| 452 : 6060
==========|1111| 453 : 6060
==========|1111| 454 : 6060
==========|1111| 455 : 6060
==========|1111| 456 : 6060
==========|1111| 457 : 6059
==========|1111| 458 : 6060
==========|1111| 459 : 6059
==========|1111| 460 : 6059
==========|1111| 461 : 6060
==========|1111| 462 : 6059
==========|1111| 463 : 6060
==========|1111| 464 : 6059
==========|1111| 465 : 6059
==========|1111| 466 : 6059
==========|1111| 467 : 6059
==========|1111| 468 : 6059
==========|1111| 469 : 6059
==========|1111| 470 : 6059
==========|1111| 471 : 6059
==========|1111| 472 : 6059
==========|1111| 473 : 6060
==========|1111| 474 : 6059
==========|1111| 475 : 6059
==========|1111| 476 : 6059
==========|1111| 477 : 6059
==========|1111| 478 : 6059
==========|1111| 479 : 6059
==========|1111| 480 : 6060
==========|1111| 481 : 6060
==========|1111| 482 : 6059
==========|1111| 483 : 6060
==========|1111| 484 : 6059
==========|1111| 485 : 6059
==========|1111| 486 : 6059
==========|1111| 487 : 6059
==========|1111| 488 : 6059
==========|1111| 489 : 6059
==========|1111| 490 : 6059
==========|1111| 491 : 6059
==========|1111| 492 : 6059
==========|1111| 493 : 6059
==========|1111| 494 : 6059
==========|1111| 495 : 6060
==========|1111| 496 : 6059
==========|1111| 497 : 6060
==========|1111| 498 : 6059
==========|1111| 499 : 6059
==========|1111| 500 : 6060
==========|1111| 501 : 6060
==========|1111| 502 : 6060
==========|1111| 503 : 6060
==========|1111| 504 : 6060
==========|1111| 505 : 6061
==========|1111| 506 : 6060
==========|1111| 507 : 6060
==========|1111| 508 : 6060
==========|1111| 509 : 6060
==========|1111| 510 : 6060
==========|1111| 511 : 6060
==========|1111| 512 : 6059
==========|1111| 513 : 6060
==========|1111| 514 : 6060
==========|1111| 515 : 6060
==========|1111| 516 : 6059
==========|1111| 517 : 6059
==========|1111| 518 : 6059
==========|1111| 519 : 6059
==========|1111| 520 : 6059
==========|1111| 521 : 6059
==========|1111| 522 : 6059
==========|1111| 523 : 6059
==========|1111| 524 : 6059
==========|1111| 525 : 6059
==========|1111| 526 : 6059
==========|1111| 527 : 6059
==========|1111| 528 : 6059
==========|1111| 529 : 6059
==========|1111| 530 : 6059
==========|1111| 531 : 6059
==========|1111| 532 : 6060
==========|1111| 533 : 6059
==========|1111| 534 : 6059
==========|1111| 535 : 6059
==========|1111| 536 : 6059
==========|1111| 537 : 6059
==========|1111| 538 : 6059
==========|1111| 539 : 6059
==========|1111| 540 : 6059
==========|1111| 541 : 6060
==========|1111| 542 : 6059
==========|1111| 543 : 6059
==========|1111| 544 : 6059
==========|1111| 545 : 6059
==========|1111| 546 : 6059
==========|1111| 547 : 6059
==========|1111| 548 : 6059
==========|1111| 549 : 6059
==========|1111| 550 : 6060
==========|1111| 551 : 6059
==========|1111| 552 : 6059
==========|1111| 553 : 6059
==========|1111| 554 : 6060
==========|1111| 555 : 6060
==========|1111| 556 : 6059
==========|1111| 557 : 6059
