==========|1111| 0 : 12059
==========|1111| 1 : 12059
==========|1111| 2 : 12061
==========|1111| 3 : 12059
==========|1111| 4 : 12059
==========|1111| 5 : 12060
==========|1111| 6 : 12060
==========|1111| 7 : 12060
==========|1111| 8 : 12060
==========|1111| 9 : 12060
==========|1111| 10 : 12060
==========|1111| 11 : 12061
==========|1111| 12 : 12061
==========|1111| 13 : 12060
==========|1111| 14 : 12060
==========|1111| 15 : 12061
==========|1111| 16 : 12060
==========|1111| 17 : 12060
==========|1111| 18 : 12061
==========|1111| 19 : 12060
==========|1111| 20 : 12060
==========|1111| 21 : 12061
==========|1111| 22 : 12060
==========|1111| 23 : 12060
==========|1111| 24 : 12059
==========|1111| 25 : 12060
==========|1111| 26 : 12059
==========|1111| 27 : 12061
==========|1111| 28 : 12059
==========|1111| 29 : 12059
==========|1111| 30 : 12059
==========|1111| 31 : 12059
==========|1111| 32 : 12059
==========|1111| 33 : 12059
==========|1111| 34 : 12059
==========|1111| 35 : 12060
==========|1111| 36 : 12059
==========|1111| 37 : 12060
==========|1111| 38 : 12059
==========|1111| 39 : 12060
==========|1111| 40 : 12059
==========|1111| 41 : 12059
==========|1111| 42 : 12060
==========|1111| 43 : 12059
==========|1111| 44 : 12059
==========|1111| 45 : 12059
==========|1111| 46 : 12059
==========|1111| 47 : 12059
==========|1111| 48 : 12059
==========|1111| 49 : 12059
==========|1111| 50 : 12059
==========|1111| 51 : 12059
==========|1111| 52 : 12059
==========|1111| 53 : 12059
==========|1111| 54 : 12060
==========|1111| 55 : 12060
==========|1111| 56 : 12059
==========|1111| 57 : 12059
==========|1111| 58 : 12060
==========|1111| 59 : 12059
==========|1111| 60 : 12059
==========|1111| 61 : 12059
==========|1111| 62 : 12059
==========|1111| 63 : 12059
==========|1111| 64 : 12059
==========|1111| 65 : 12059
==========|1111| 66 : 12060
==========|1111| 67 : 12059
==========|1111| 68 : 12059
==========|1111| 69 : 12059
==========|1111| 70 : 12059
==========|1111| 71 : 12059
==========|1111| 72 : 12059
==========|1111| 73 : 12060
==========|1111| 74 : 12060
==========|1111| 75 : 12060
==========|1111| 76 : 12060
==========|1111| 77 : 12060
==========|1111| 78 : 12060
==========|1111| 79 : 12060
==========|1111| 80 : 12060
==========|1111| 81 : 12060
==========|1111| 82 : 12060
==========|1111| 83 : 12060
==========|1111| 84 : 12060
==========|1111| 85 : 12060
==========|1111| 86 : 12060
==========|1111| 87 : 12060
==========|1111| 88 : 12060
==========|1111| 89 : 12060
==========|1111| 90 : 12060
==========|1111| 91 : 12060
==========|1111| 92 : 12060
==========|1111| 93 : 12061
==========|1111| 94 : 12059
==========|1111| 95 : 12059
==========|1111| 96 : 12059
==========|1111| 97 : 12060
==========|1111| 98 : 12060
==========|1111| 99 : 12059
==========|1111| 100 : 12059
==========|1111| 101 : 12059
==========|1111| 102 : 12059
==========|1111| 103 : 12059
==========|1111| 104 : 12059
==========|1111| 105 : 12059
==========|1111| 106 : 12059
==========|1111| 107 : 12059
==========|1111| 108 : 12059
==========|1111| 109 : 12059
==========|1111| 110 : 12059
==========|1111| 111 : 12059
==========|1111| 112 : 12059
==========|1111| 113 : 12059
==========|1111| 114 : 12059
==========|1111| 115 : 12059
==========|1111| 116 : 12059
==========|1111| 117 : 12059
==========|1111| 118 : 12059
==========|1111| 119 : 12059
==========|1111| 120 : 12059
==========|1111| 121 : 12059
==========|1111| 122 : 12059
==========|1111| 123 : 12059
==========|1111| 124 : 12059
==========|1111| 125 : 12059
==========|1111| 126 : 12059
==========|1111| 127 : 12060
==========|1111| 128 : 12059
==========|1111| 129 : 12059
==========|1111| 130 : 12059
==========|1111| 131 : 12059
==========|1111| 132 : 12059
==========|1111| 133 : 12059
==========|1111| 134 : 12059
==========|1111| 135 : 12059
==========|1111| 136 : 12059
==========|1111| 137 : 12059
==========|1111| 138 : 12059
==========|1111| 139 : 12060
==========|1111| 140 : 12061
==========|1111| 141 : 12059
==========|1111| 142 : 12060
==========|1111| 143 : 12060
==========|1111| 144 : 12059
==========|1111| 145 : 12060
==========|1111| 146 : 12061
==========|1111| 147 : 12059
==========|1111| 148 : 12059
==========|1111| 149 : 12060
==========|1111| 150 : 12059
==========|1111| 151 : 12060
==========|1111| 152 : 12059
==========|1111| 153 : 12059
==========|1111| 154 : 12060
==========|1111| 155 : 12059
==========|1111| 156 : 12059
==========|1111| 157 : 12060
==========|1111| 158 : 12059
==========|1111| 159 : 12059
==========|1111| 160 : 12059
==========|1111| 161 : 12060
==========|1111| 162 : 12059
==========|1111| 163 : 12060
==========|1111| 164 : 12059
==========|1111| 165 : 12059
==========|1111| 166 : 12059
==========|1111| 167 : 12059
==========|1111| 168 : 12059
==========|1111| 169 : 12059
==========|1111| 170 : 12059
==========|1111| 171 : 12059
==========|1111| 172 : 12059
==========|1111| 173 : 12059
==========|1111| 174 : 12059
==========|1111| 175 : 12059
==========|1111| 176 : 12059
==========|1111| 177 : 12059
==========|1111| 178 : 12059
==========|1111| 179 : 12059
==========|1111| 180 : 12059
==========|1111| 181 : 12059
==========|1111| 182 : 12060
==========|1111| 183 : 12059
==========|1111| 184 : 12059
==========|1111| 185 : 12059
==========|1111| 186 : 12059
==========|1111| 187 : 12060
==========|1111| 188 : 12059
==========|1111| 189 : 12060
==========|1111| 190 : 12059
==========|1111| 191 : 12059
==========|1111| 192 : 12059
==========|1111| 193 : 12059
==========|1111| 194 : 12059
==========|1111| 195 : 12059
==========|1111| 196 : 12059
==========|1111| 197 : 12059
==========|1111| 198 : 12060
==========|1111| 199 : 12059
==========|1111| 200 : 12059
==========|1111| 201 : 12059
==========|1111| 202 : 12060
==========|1111| 203 : 12060
==========|1111| 204 : 12059
==========|1111| 205 : 12060
==========|1111| 206 : 12060
==========|1111| 207 : 12059
==========|1111| 208 : 12060
==========|1111| 209 : 12060
==========|1111| 210 : 12060
==========|1111| 211 : 12060
==========|1111| 212 : 12059
==========|1111| 213 : 12060
==========|1111| 214 : 12059
==========|1111| 215 : 12060
==========|1111| 216 : 12060
==========|1111| 217 : 12059
==========|1111| 218 : 12059
==========|1111| 219 : 12059
==========|1111| 220 : 12060
==========|1111| 221 : 12059
==========|1111| 222 : 12059
==========|1111| 223 : 12059
==========|1111| 224 : 12059
==========|1111| 225 : 12059
==========|1111| 226 : 12059
==========|1111| 227 : 12059
==========|1111| 228 : 12059
==========|1111| 229 : 12059
==========|1111| 230 : 12059
==========|1111| 231 : 12059
==========|1111| 232 : 12059
==========|1111| 233 : 12059
==========|1111| 234 : 12059
==========|1111| 235 : 12059
==========|1111| 236 : 12059
==========|1111| 237 : 12059
==========|1111| 238 : 12059
==========|1111| 239 : 12059
==========|1111| 240 : 12059
==========|1111| 241 : 12059
==========|1111| 242 : 12060
==========|1111| 243 : 12059
==========|1111| 244 : 12059
==========|1111| 245 : 12059
==========|1111| 246 : 12059
==========|1111| 247 : 12059
==========|1111| 248 : 12059
==========|1111| 249 : 12059
==========|1111| 250 : 12059
==========|1111| 251 : 12060
==========|1111| 252 : 12059
==========|1111| 253 : 12059
==========|1111| 254 : 12059
==========|1111| 255 : 12059
==========|1111| 256 : 12059
==========|1111| 257 : 12059
==========|1111| 258 : 12059
==========|1111| 259 : 12060
==========|1111| 260 : 12059
==========|1111| 261 : 12059
==========|1111| 262 : 12059
==========|1111| 263 : 12059
==========|1111| 264 : 12059
==========|1111| 265 : 12059
==========|1111| 266 : 12059
==========|1111| 267 : 12059
==========|1111| 268 : 12059
==========|1111| 269 : 12059
==========|1111| 270 : 12059
==========|1111| 271 : 12060
==========|1111| 272 : 12059
==========|1111| 273 : 12061
==========|1111| 274 : 12060
==========|1111| 275 : 12059
==========|1111| 276 : 12061
==========|1111| 277 : 12060
==========|1111| 278 : 12060
==========|1111| 279 : 12059
==========|1111| 280 : 12060
==========|1111| 281 : 12059
==========|1111| 282 : 12059
==========|1111| 283 : 12060
==========|1111| 284 : 12059
==========|1111| 285 : 12060
==========|1111| 286 : 12060
==========|1111| 287 : 12059
==========|1111| 288 : 12059
==========|1111| 289 : 12059
==========|1111| 290 : 12059
==========|1111| 291 : 12060
==========|1111| 292 : 12061
==========|1111| 293 : 12059
==========|1111| 294 : 12059
==========|1111| 295 : 12059
==========|1111| 296 : 12059
==========|1111| 297 : 12059
==========|1111| 298 : 12060
==========|1111| 299 : 12059
==========|1111| 300 : 12059
==========|1111| 301 : 12059
==========|1111| 302 : 12060
==========|1111| 303 : 12059
==========|1111| 304 : 12060
==========|1111| 305 : 12059
==========|1111| 306 : 12059
==========|1111| 307 : 12059
==========|1111| 308 : 12059
==========|1111| 309 : 12059
==========|1111| 310 : 12059
==========|1111| 311 : 12059
==========|1111| 312 : 12059
==========|1111| 313 : 12059
==========|1111| 314 : 12059
==========|1111| 315 : 12059
==========|1111| 316 : 12059
==========|1111| 317 : 12059
==========|1111| 318 : 12059
==========|1111| 319 : 12059
==========|1111| 320 : 12059
==========|1111| 321 : 12059
==========|1111| 322 : 12059
==========|1111| 323 : 12060
==========|1111| 324 : 12059
==========|1111| 325 : 12059
==========|1111| 326 : 12059
==========|1111| 327 : 12059
==========|1111| 328 : 12059
==========|1111| 329 : 12059
==========|1111| 330 : 12059
==========|1111| 331 : 12059
==========|1111| 332 : 12059
==========|1111| 333 : 12059
==========|1111| 334 : 12059
==========|1111| 335 : 12059
==========|1111| 336 : 12059
==========|1111| 337 : 12059
==========|1111| 338 : 12059
==========|1111| 339 : 12059
==========|1111| 340 : 12059
==========|1111| 341 : 12059
==========|1111| 342 : 12059
==========|1111| 343 : 12059
==========|1111| 344 : 12060
==========|1111| 345 : 12060
==========|1111| 346 : 12060
==========|1111| 347 : 12059
==========|1111| 348 : 12059
==========|1111| 349 : 12059
==========|1111| 350 : 12060
==========|1111| 351 : 12060
==========|1111| 352 : 12060
==========|1111| 353 : 12060
==========|1111| 354 : 12060
==========|1111| 355 : 12060
==========|1111| 356 : 12060
==========|1111| 357 : 12061
==========|1111| 358 : 12060
==========|1111| 359 : 12059
==========|1111| 360 : 12059
==========|1111| 361 : 12059
==========|1111| 362 : 12059
==========|1111| 363 : 12059
==========|1111| 364 : 12059
==========|1111| 365 : 12060
==========|1111| 366 : 12059
==========|1111| 367 : 12060
==========|1111| 368 : 12059
==========|1111| 369 : 12059
==========|1111| 370 : 12059
==========|1111| 371 : 12059
==========|1111| 372 : 12060
==========|1111| 373 : 12059
==========|1111| 374 : 12059
==========|1111| 375 : 12059
==========|1111| 376 : 12059
==========|1111| 377 : 12059
==========|1111| 378 : 12059
==========|1111| 379 : 12059
==========|1111| 380 : 12059
==========|1111| 381 : 12059
==========|1111| 382 : 12059
==========|1111| 383 : 12059
==========|1111| 384 : 12059
==========|1111| 385 : 12059
==========|1111| 386 : 12059
==========|1111| 387 : 12059
==========|1111| 388 : 12059
==========|1111| 389 : 12059
==========|1111| 390 : 12059
==========|1111| 391 : 12059
==========|1111| 392 : 12059
==========|1111| 393 : 12059
==========|1111| 394 : 12059
==========|1111| 395 : 12059
==========|1111| 396 : 12059
==========|1111| 397 : 12059
==========|1111| 398 : 12059
==========|1111| 399 : 12059
==========|1111| 400 : 12059
==========|1111| 401 : 12059
==========|1111| 402 : 12060
==========|1111| 403 : 12060
==========|1111| 404 : 12059
==========|1111| 405 : 12060
==========|1111| 406 : 12059
==========|1111| 407 : 12059
==========|1111| 408 : 12059
==========|1111| 409 : 12059
==========|1111| 410 : 12059
==========|1111| 411 : 12060
==========|1111| 412 : 12059
==========|1111| 413 : 12059
==========|1111| 414 : 12059
==========|1111| 415 : 12059
==========|1111| 416 : 12060
==========|1111| 417 : 12060
==========|1111| 418 : 12060
==========|1111| 419 : 12060
==========|1111| 420 : 12059
==========|1111| 421 : 12059
==========|1111| 422 : 12059
==========|1111| 423 : 12060
==========|1111| 424 : 12059
==========|1111| 425 : 12059
==========|1111| 426 : 12060
==========|1111| 427 : 12059
==========|1111| 428 : 12059
==========|1111| 429 : 12060
==========|1111| 430 : 12059
==========|1111| 431 : 12059
==========|1111| 432 : 12059
==========|1111| 433 : 12059
==========|1111| 434 : 12060
==========|1111| 435 : 12059
==========|1111| 436 : 12059
==========|1111| 437 : 12059
==========|1111| 438 : 12059
==========|1111| 439 : 12059
==========|1111| 440 : 12059
==========|1111| 441 : 12059
==========|1111| 442 : 12059
==========|1111| 443 : 12059
==========|1111| 444 : 12059
==========|1111| 445 : 12059
==========|1111| 446 : 12059
==========|1111| 447 : 12059
==========|1111| 448 : 12059
==========|1111| 449 : 12059
==========|1111| 450 : 12059
==========|1111| 451 : 12059
==========|1111| 452 : 12059
==========|1111| 453 : 12059
==========|1111| 454 : 12059
==========|1111| 455 : 12059
==========|1111| 456 : 12059
==========|1111| 457 : 12059
==========|1111| 458 : 12060
==========|1111| 459 : 12059
==========|1111| 460 : 12059
==========|1111| 461 : 12059
==========|1111| 462 : 12059
==========|1111| 463 : 12059
==========|1111| 464 : 12059
==========|1111| 465 : 12059
==========|1111| 466 : 12060
==========|1111| 467 : 12059
==========|1111| 468 : 12060
==========|1111| 469 : 12059
==========|1111| 470 : 12060
==========|1111| 471 : 12059
==========|1111| 472 : 12059
==========|1111| 473 : 12059
==========|1111| 474 : 12059
==========|1111| 475 : 12059
==========|1111| 476 : 12060
==========|1111| 477 : 12059
==========|1111| 478 : 12059
==========|1111| 479 : 12060
==========|1111| 480 : 12059
==========|1111| 481 : 12060
==========|1111| 482 : 12060
==========|1111| 483 : 12060
==========|1111| 484 : 12061
==========|1111| 485 : 12059
==========|1111| 486 : 12060
==========|1111| 487 : 12061
==========|1111| 488 : 12059
==========|1111| 489 : 12059
==========|1111| 490 : 12060
==========|1111| 491 : 12059
==========|1111| 492 : 12059
==========|1111| 493 : 12059
==========|1111| 494 : 12059
==========|1111| 495 : 12059
==========|1111| 496 : 12059
==========|1111| 497 : 12059
==========|1111| 498 : 12059
==========|1111| 499 : 12059
==========|1111| 500 : 12060
==========|1111| 501 : 12059
==========|1111| 502 : 12059
==========|1111| 503 : 12059
==========|1111| 504 : 12059
==========|1111| 505 : 12060
==========|1111| 506 : 12060
==========|1111| 507 : 12059
==========|1111| 508 : 12060
==========|1111| 509 : 12059
==========|1111| 510 : 12059
==========|1111| 511 : 12059
==========|1111| 512 : 12059
==========|1111| 513 : 12059
==========|1111| 514 : 12060
==========|1111| 515 : 12059
==========|1111| 516 : 12059
==========|1111| 517 : 12059
==========|1111| 518 : 12059
==========|1111| 519 : 12060
==========|1111| 520 : 12059
==========|1111| 521 : 12059
==========|1111| 522 : 12059
==========|1111| 523 : 12059
==========|1111| 524 : 12059
==========|1111| 525 : 12059
==========|1111| 526 : 12059
==========|1111| 527 : 12059
==========|1111| 528 : 12059
==========|1111| 529 : 12059
==========|1111| 530 : 12059
==========|1111| 531 : 12059
==========|1111| 532 : 12059
==========|1111| 533 : 12059
==========|1111| 534 : 12060
==========|1111| 535 : 12059
==========|1111| 536 : 12059
==========|1111| 537 : 12059
==========|1111| 538 : 12059
==========|1111| 539 : 12060
==========|1111| 540 : 12060
==========|1111| 541 : 12060
==========|1111| 542 : 12061
==========|1111| 543 : 12060
==========|1111| 544 : 12060
==========|1111| 545 : 12060
==========|1111| 546 : 12060
==========|1111| 547 : 12060
==========|1111| 548 : 12059
==========|1111| 549 : 12059
==========|1111| 550 : 12060
==========|1111| 551 : 12059
==========|1111| 552 : 12059
==========|1111| 553 : 12059
==========|1111| 554 : 12060
==========|1111| 555 : 12059
==========|1111| 556 : 12060
==========|1111| 557 : 12059
==========|1111| 558 : 12059
==========|1111| 559 : 12059
==========|1111| 560 : 12059
==========|1111| 561 : 12059
==========|1111| 562 : 12059
==========|1111| 563 : 12059
==========|1111| 564 : 12059
==========|1111| 565 : 12059
==========|1111| 566 : 12060
==========|1111| 567 : 12059
==========|1111| 568 : 12059
==========|1111| 569 : 12059
==========|1111| 570 : 12059
==========|1111| 571 : 12059
==========|1111| 572 : 12059
==========|1111| 573 : 12059
==========|1111| 574 : 12059
==========|1111| 575 : 12059
==========|1111| 576 : 12059
