==========|1111| 0 : 15066
==========|1111| 1 : 15059
==========|1111| 2 : 15059
==========|1111| 3 : 15079
==========|1111| 4 : 15078
==========|1111| 5 : 15078
==========|1111| 6 : 15078
==========|1111| 7 : 15078
==========|1111| 8 : 15078
==========|1111| 9 : 15078
==========|1111| 10 : 15078
==========|1111| 11 : 15078
==========|1111| 12 : 15079
==========|1111| 13 : 15080
==========|1111| 14 : 15078
==========|1111| 15 : 15078
==========|1111| 16 : 15078
==========|1111| 17 : 15061
==========|1111| 18 : 15059
==========|1111| 19 : 15060
==========|1111| 20 : 15078
==========|1111| 21 : 15079
==========|1111| 22 : 15079
==========|1111| 23 : 15079
==========|1111| 24 : 15078
==========|1111| 25 : 15078
==========|1111| 26 : 15078
==========|1111| 27 : 15079
==========|1111| 28 : 15079
==========|1111| 29 : 15079
==========|1111| 30 : 15079
==========|1111| 31 : 15078
==========|1111| 32 : 15078
==========|1111| 33 : 15078
==========|1111| 34 : 15060
==========|1111| 35 : 15059
==========|1111| 36 : 15059
==========|1111| 37 : 15078
==========|1111| 38 : 15078
==========|1111| 39 : 15079
==========|1111| 40 : 15079
==========|1111| 41 : 15079
==========|1111| 42 : 15079
==========|1111| 43 : 15079
==========|1111| 44 : 15078
==========|1111| 45 : 15078
==========|1111| 46 : 15079
==========|1111| 47 : 15079
==========|1111| 48 : 15079
==========|1111| 49 : 15078
==========|1111| 50 : 15078
==========|1111| 51 : 15061
==========|1111| 52 : 15059
==========|1111| 53 : 15059
==========|1111| 54 : 15078
==========|1111| 55 : 15078
==========|1111| 56 : 15078
==========|1111| 57 : 15078
==========|1111| 58 : 15078
==========|1111| 59 : 15079
==========|1111| 60 : 15079
==========|1111| 61 : 15079
==========|1111| 62 : 15078
==========|1111| 63 : 15078
==========|1111| 64 : 15078
==========|1111| 65 : 15079
==========|1111| 66 : 15079
==========|1111| 67 : 15079
==========|1111| 68 : 15061
==========|1111| 69 : 15059
==========|1111| 70 : 15059
==========|1111| 71 : 15078
==========|1111| 72 : 15079
==========|1111| 73 : 15078
==========|1111| 74 : 15078
==========|1111| 75 : 15078
==========|1111| 76 : 15079
==========|1111| 77 : 15078
==========|1111| 78 : 15079
==========|1111| 79 : 15079
==========|1111| 80 : 15078
==========|1111| 81 : 15078
==========|1111| 82 : 15078
==========|1111| 83 : 15078
==========|1111| 84 : 15078
==========|1111| 85 : 15059
==========|1111| 86 : 15059
==========|1111| 87 : 15059
==========|1111| 88 : 15079
==========|1111| 89 : 15079
==========|1111| 90 : 15079
==========|1111| 91 : 15079
==========|1111| 92 : 15078
==========|1111| 93 : 15078
==========|1111| 94 : 15078
==========|1111| 95 : 15078
==========|1111| 96 : 15079
==========|1111| 97 : 15079
==========|1111| 98 : 15079
==========|1111| 99 : 15078
==========|1111| 100 : 15078
==========|1111| 101 : 15060
==========|1111| 102 : 15059
==========|1111| 103 : 15059
==========|1111| 104 : 15060
==========|1111| 105 : 15079
==========|1111| 106 : 15079
==========|1111| 107 : 15079
==========|1111| 108 : 15078
==========|1111| 109 : 15078
==========|1111| 110 : 15078
==========|1111| 111 : 15078
==========|1111| 112 : 15079
==========|1111| 113 : 15079
==========|1111| 114 : 15078
==========|1111| 115 : 15078
==========|1111| 116 : 15078
==========|1111| 117 : 15078
==========|1111| 118 : 15059
==========|1111| 119 : 15059
==========|1111| 120 : 15059
==========|1111| 121 : 15078
==========|1111| 122 : 15078
==========|1111| 123 : 15078
==========|1111| 124 : 15078
==========|1111| 125 : 15078
==========|1111| 126 : 15078
==========|1111| 127 : 15078
==========|1111| 128 : 15078
==========|1111| 129 : 15078
==========|1111| 130 : 15078
==========|1111| 131 : 15078
==========|1111| 132 : 15078
==========|1111| 133 : 15078
==========|1111| 134 : 15060
==========|1111| 135 : 15059
==========|1111| 136 : 15059
==========|1111| 137 : 15059
==========|1111| 138 : 15079
==========|1111| 139 : 15079
==========|1111| 140 : 15078
==========|1111| 141 : 15078
==========|1111| 142 : 15079
==========|1111| 143 : 15078
==========|1111| 144 : 15078
==========|1111| 145 : 15078
==========|1111| 146 : 15078
==========|1111| 147 : 15079
==========|1111| 148 : 15078
==========|1111| 149 : 15078
==========|1111| 150 : 15078
==========|1111| 151 : 15060
==========|1111| 152 : 15059
==========|1111| 153 : 15060
==========|1111| 154 : 15078
==========|1111| 155 : 15079
==========|1111| 156 : 15079
==========|1111| 157 : 15079
==========|1111| 158 : 15078
==========|1111| 159 : 15079
==========|1111| 160 : 15079
==========|1111| 161 : 15080
==========|1111| 162 : 15078
==========|1111| 163 : 15078
==========|1111| 164 : 15078
==========|1111| 165 : 15079
==========|1111| 166 : 15078
==========|1111| 167 : 15060
==========|1111| 168 : 15060
==========|1111| 169 : 15059
==========|1111| 170 : 15059
==========|1111| 171 : 15078
==========|1111| 172 : 15079
==========|1111| 173 : 15078
==========|1111| 174 : 15078
==========|1111| 175 : 15078
==========|1111| 176 : 15078
==========|1111| 177 : 15078
==========|1111| 178 : 15078
==========|1111| 179 : 15078
==========|1111| 180 : 15078
==========|1111| 181 : 15078
==========|1111| 182 : 15078
==========|1111| 183 : 15078
==========|1111| 184 : 15060
==========|1111| 185 : 15059
==========|1111| 186 : 15060
==========|1111| 187 : 15078
==========|1111| 188 : 15078
==========|1111| 189 : 15078
==========|1111| 190 : 15078
==========|1111| 191 : 15078
==========|1111| 192 : 15078
==========|1111| 193 : 15078
==========|1111| 194 : 15078
==========|1111| 195 : 15078
==========|1111| 196 : 15078
==========|1111| 197 : 15078
==========|1111| 198 : 15078
==========|1111| 199 : 15078
==========|1111| 200 : 15060
==========|1111| 201 : 15060
==========|1111| 202 : 15059
==========|1111| 203 : 15059
==========|1111| 204 : 15078
==========|1111| 205 : 15078
==========|1111| 206 : 15078
==========|1111| 207 : 15078
==========|1111| 208 : 15078
==========|1111| 209 : 15078
==========|1111| 210 : 15078
==========|1111| 211 : 15078
==========|1111| 212 : 15078
==========|1111| 213 : 15078
==========|1111| 214 : 15078
==========|1111| 215 : 15078
==========|1111| 216 : 15079
==========|1111| 217 : 15060
==========|1111| 218 : 15059
==========|1111| 219 : 15060
==========|1111| 220 : 15078
==========|1111| 221 : 15078
==========|1111| 222 : 15078
==========|1111| 223 : 15079
==========|1111| 224 : 15079
==========|1111| 225 : 15079
==========|1111| 226 : 15078
==========|1111| 227 : 15079
==========|1111| 228 : 15079
==========|1111| 229 : 15080
==========|1111| 230 : 15079
==========|1111| 231 : 15078
==========|1111| 232 : 15078
==========|1111| 233 : 15060
==========|1111| 234 : 15059
==========|1111| 235 : 15059
==========|1111| 236 : 15060
==========|1111| 237 : 15079
==========|1111| 238 : 15079
==========|1111| 239 : 15079
==========|1111| 240 : 15078
==========|1111| 241 : 15078
==========|1111| 242 : 15078
==========|1111| 243 : 15078
==========|1111| 244 : 15079
==========|1111| 245 : 15079
==========|1111| 246 : 15079
==========|1111| 247 : 15078
==========|1111| 248 : 15078
==========|1111| 249 : 15061
==========|1111| 250 : 15059
==========|1111| 251 : 15060
==========|1111| 252 : 15059
==========|1111| 253 : 15078
==========|1111| 254 : 15078
==========|1111| 255 : 15078
==========|1111| 256 : 15079
==========|1111| 257 : 15078
==========|1111| 258 : 15078
==========|1111| 259 : 15078
==========|1111| 260 : 15078
==========|1111| 261 : 15079
==========|1111| 262 : 15079
==========|1111| 263 : 15079
==========|1111| 264 : 15078
==========|1111| 265 : 15078
==========|1111| 266 : 15060
==========|1111| 267 : 15060
==========|1111| 268 : 15059
==========|1111| 269 : 15059
==========|1111| 270 : 15078
==========|1111| 271 : 15078
==========|1111| 272 : 15078
==========|1111| 273 : 15078
==========|1111| 274 : 15078
==========|1111| 275 : 15079
==========|1111| 276 : 15079
==========|1111| 277 : 15079
==========|1111| 278 : 15078
==========|1111| 279 : 15078
==========|1111| 280 : 15078
==========|1111| 281 : 15078
==========|1111| 282 : 15060
==========|1111| 283 : 15059
==========|1111| 284 : 15059
==========|1111| 285 : 15059
==========|1111| 286 : 15078
==========|1111| 287 : 15078
==========|1111| 288 : 15078
==========|1111| 289 : 15078
==========|1111| 290 : 15078
==========|1111| 291 : 15079
==========|1111| 292 : 15079
==========|1111| 293 : 15079
==========|1111| 294 : 15078
==========|1111| 295 : 15078
==========|1111| 296 : 15078
==========|1111| 297 : 15078
==========|1111| 298 : 15078
==========|1111| 299 : 15061
==========|1111| 300 : 15059
==========|1111| 301 : 15059
==========|1111| 302 : 15078
==========|1111| 303 : 15078
==========|1111| 304 : 15079
==========|1111| 305 : 15078
==========|1111| 306 : 15078
==========|1111| 307 : 15078
==========|1111| 308 : 15078
==========|1111| 309 : 15078
==========|1111| 310 : 15078
==========|1111| 311 : 15078
==========|1111| 312 : 15078
==========|1111| 313 : 15078
==========|1111| 314 : 15078
==========|1111| 315 : 15060
==========|1111| 316 : 15059
==========|1111| 317 : 15059
==========|1111| 318 : 15060
==========|1111| 319 : 15078
==========|1111| 320 : 15078
==========|1111| 321 : 15078
==========|1111| 322 : 15078
==========|1111| 323 : 15079
==========|1111| 324 : 15078
==========|1111| 325 : 15078
==========|1111| 326 : 15078
==========|1111| 327 : 15078
==========|1111| 328 : 15078
==========|1111| 329 : 15079
==========|1111| 330 : 15078
==========|1111| 331 : 15078
==========|1111| 332 : 15061
==========|1111| 333 : 15059
==========|1111| 334 : 15059
==========|1111| 335 : 15059
==========|1111| 336 : 15078
==========|1111| 337 : 15079
==========|1111| 338 : 15079
==========|1111| 339 : 15078
==========|1111| 340 : 15078
==========|1111| 341 : 15078
==========|1111| 342 : 15079
==========|1111| 343 : 15079
==========|1111| 344 : 15078
==========|1111| 345 : 15078
==========|1111| 346 : 15078
==========|1111| 347 : 15078
==========|1111| 348 : 15061
==========|1111| 349 : 15059
==========|1111| 350 : 15059
==========|1111| 351 : 15059
==========|1111| 352 : 15078
==========|1111| 353 : 15078
==========|1111| 354 : 15078
==========|1111| 355 : 15078
==========|1111| 356 : 15078
==========|1111| 357 : 15078
==========|1111| 358 : 15078
==========|1111| 359 : 15078
==========|1111| 360 : 15079
==========|1111| 361 : 15078
==========|1111| 362 : 15078
==========|1111| 363 : 15078
==========|1111| 364 : 15078
==========|1111| 365 : 15060
==========|1111| 366 : 15059
==========|1111| 367 : 15059
==========|1111| 368 : 15059
==========|1111| 369 : 15078
==========|1111| 370 : 15078
==========|1111| 371 : 15079
==========|1111| 372 : 15079
==========|1111| 373 : 15078
==========|1111| 374 : 15078
==========|1111| 375 : 15079
==========|1111| 376 : 15079
==========|1111| 377 : 15080
==========|1111| 378 : 15078
==========|1111| 379 : 15078
==========|1111| 380 : 15078
==========|1111| 381 : 15060
==========|1111| 382 : 15059
==========|1111| 383 : 15059
==========|1111| 384 : 15059
==========|1111| 385 : 15078
==========|1111| 386 : 15078
==========|1111| 387 : 15078
==========|1111| 388 : 15079
==========|1111| 389 : 15078
==========|1111| 390 : 15079
==========|1111| 391 : 15079
==========|1111| 392 : 15079
==========|1111| 393 : 15079
==========|1111| 394 : 15079
==========|1111| 395 : 15079
==========|1111| 396 : 15078
==========|1111| 397 : 15079
==========|1111| 398 : 15060
==========|1111| 399 : 15059
==========|1111| 400 : 15059
==========|1111| 401 : 15078
==========|1111| 402 : 15079
==========|1111| 403 : 15078
==========|1111| 404 : 15079
==========|1111| 405 : 15079
==========|1111| 406 : 15079
==========|1111| 407 : 15080
==========|1111| 408 : 15078
==========|1111| 409 : 15079
==========|1111| 410 : 15078
==========|1111| 411 : 15079
==========|1111| 412 : 15078
==========|1111| 413 : 15078
==========|1111| 414 : 15060
==========|1111| 415 : 15060
==========|1111| 416 : 15059
==========|1111| 417 : 15060
==========|1111| 418 : 15079
==========|1111| 419 : 15079
==========|1111| 420 : 15078
==========|1111| 421 : 15078
==========|1111| 422 : 15078
==========|1111| 423 : 15078
==========|1111| 424 : 15078
==========|1111| 425 : 15078
==========|1111| 426 : 15078
==========|1111| 427 : 15078
==========|1111| 428 : 15078
==========|1111| 429 : 15078
==========|1111| 430 : 15078
==========|1111| 431 : 15061
==========|1111| 432 : 15059
==========|1111| 433 : 15059
==========|1111| 434 : 15078
==========|1111| 435 : 15078
==========|1111| 436 : 15078
==========|1111| 437 : 15078
==========|1111| 438 : 15079
==========|1111| 439 : 15078
==========|1111| 440 : 15078
==========|1111| 441 : 15078
==========|1111| 442 : 15078
==========|1111| 443 : 15078
==========|1111| 444 : 15078
==========|1111| 445 : 15078
==========|1111| 446 : 15079
==========|1111| 447 : 15060
==========|1111| 448 : 15059
==========|1111| 449 : 15059
==========|1111| 450 : 15059
==========|1111| 451 : 15078
==========|1111| 452 : 15079
==========|1111| 453 : 15078
==========|1111| 454 : 15078
==========|1111| 455 : 15078
==========|1111| 456 : 15079
==========|1111| 457 : 15078
==========|1111| 458 : 15078
==========|1111| 459 : 15078
==========|1111| 460 : 15078
==========|1111| 461 : 15078
==========|1111| 462 : 15078
==========|1111| 463 : 15059
==========|1111| 464 : 15059
==========|1111| 465 : 15059
==========|1111| 466 : 15059
==========|1111| 467 : 15078
==========|1111| 468 : 15078
==========|1111| 469 : 15078
==========|1111| 470 : 15078
==========|1111| 471 : 15078
==========|1111| 472 : 15078
==========|1111| 473 : 15078
==========|1111| 474 : 15079
==========|1111| 475 : 15078
==========|1111| 476 : 15078
==========|1111| 477 : 15079
==========|1111| 478 : 15079
==========|1111| 479 : 15079
==========|1111| 480 : 15059
==========|1111| 481 : 15059
==========|1111| 482 : 15059
==========|1111| 483 : 15078
==========|1111| 484 : 15078
==========|1111| 485 : 15079
==========|1111| 486 : 15079
==========|1111| 487 : 15078
==========|1111| 488 : 15079
==========|1111| 489 : 15078
==========|1111| 490 : 15079
==========|1111| 491 : 15078
==========|1111| 492 : 15078
==========|1111| 493 : 15078
==========|1111| 494 : 15078
==========|1111| 495 : 15079
==========|1111| 496 : 15060
==========|1111| 497 : 15059
==========|1111| 498 : 15059
==========|1111| 499 : 15079
==========|1111| 500 : 15078
==========|1111| 501 : 15078
==========|1111| 502 : 15078
==========|1111| 503 : 15078
==========|1111| 504 : 15078
==========|1111| 505 : 15078
==========|1111| 506 : 15079
==========|1111| 507 : 15078
==========|1111| 508 : 15079
==========|1111| 509 : 15078
==========|1111| 510 : 15078
==========|1111| 511 : 15079
==========|1111| 512 : 15059
==========|1111| 513 : 15059
==========|1111| 514 : 15059
==========|1111| 515 : 15059
==========|1111| 516 : 15078
==========|1111| 517 : 15078
==========|1111| 518 : 15078
==========|1111| 519 : 15079
==========|1111| 520 : 15078
==========|1111| 521 : 15078
==========|1111| 522 : 15078
==========|1111| 523 : 15079
==========|1111| 524 : 15079
==========|1111| 525 : 15079
==========|1111| 526 : 15079
==========|1111| 527 : 15079
==========|1111| 528 : 15079
==========|1111| 529 : 15060
==========|1111| 530 : 15059
==========|1111| 531 : 15059
==========|1111| 532 : 15078
==========|1111| 533 : 15079
==========|1111| 534 : 15079
==========|1111| 535 : 15079
==========|1111| 536 : 15079
==========|1111| 537 : 15078
==========|1111| 538 : 15079
==========|1111| 539 : 15078
==========|1111| 540 : 15079
==========|1111| 541 : 15079
==========|1111| 542 : 15078
==========|1111| 543 : 15078
==========|1111| 544 : 15078
==========|1111| 545 : 15060
==========|1111| 546 : 15060
==========|1111| 547 : 15059
==========|1111| 548 : 15078
==========|1111| 549 : 15078
==========|1111| 550 : 15078
==========|1111| 551 : 15079
==========|1111| 552 : 15079
==========|1111| 553 : 15079
==========|1111| 554 : 15078
==========|1111| 555 : 15079
==========|1111| 556 : 15079
==========|1111| 557 : 15078
==========|1111| 558 : 15078
==========|1111| 559 : 15078
==========|1111| 560 : 15078
==========|1111| 561 : 15060
==========|1111| 562 : 15059
==========|1111| 563 : 15059
==========|1111| 564 : 15059
==========|1111| 565 : 15080
==========|1111| 566 : 15079
==========|1111| 567 : 15078
==========|1111| 568 : 15078
==========|1111| 569 : 15078
==========|1111| 570 : 15078
==========|1111| 571 : 15078
==========|1111| 572 : 15078
==========|1111| 573 : 15078
==========|1111| 574 : 15078
==========|1111| 575 : 15078
==========|1111| 576 : 15078
==========|1111| 577 : 15061
==========|1111| 578 : 15059
==========|1111| 579 : 15059
==========|1111| 580 : 15059
==========|1111| 581 : 15078
==========|1111| 582 : 15078
==========|1111| 583 : 15078
==========|1111| 584 : 15078
==========|1111| 585 : 15078
==========|1111| 586 : 15079
==========|1111| 587 : 15078
==========|1111| 588 : 15079
==========|1111| 589 : 15078
==========|1111| 590 : 15079
==========|1111| 591 : 15078
==========|1111| 592 : 15079
==========|1111| 593 : 15078
==========|1111| 594 : 15060
==========|1111| 595 : 15060
==========|1111| 596 : 15059
==========|1111| 597 : 15059
==========|1111| 598 : 15078
==========|1111| 599 : 15079
==========|1111| 600 : 15079
==========|1111| 601 : 15079
==========|1111| 602 : 15079
==========|1111| 603 : 15078
==========|1111| 604 : 15078
==========|1111| 605 : 15078
==========|1111| 606 : 15079
==========|1111| 607 : 15079
==========|1111| 608 : 15078
==========|1111| 609 : 15078
==========|1111| 610 : 15061
==========|1111| 611 : 15059
==========|1111| 612 : 15059
==========|1111| 613 : 15059
==========|1111| 614 : 15078
==========|1111| 615 : 15079
==========|1111| 616 : 15078
==========|1111| 617 : 15079
==========|1111| 618 : 15079
==========|1111| 619 : 15079
==========|1111| 620 : 15079
==========|1111| 621 : 15078
==========|1111| 622 : 15079
==========|1111| 623 : 15078
==========|1111| 624 : 15079
==========|1111| 625 : 15079
==========|1111| 626 : 15078
==========|1111| 627 : 15060
==========|1111| 628 : 15059
==========|1111| 629 : 15060
==========|1111| 630 : 15079
==========|1111| 631 : 15078
==========|1111| 632 : 15078
==========|1111| 633 : 15078
==========|1111| 634 : 15078
==========|1111| 635 : 15078
==========|1111| 636 : 15078
==========|1111| 637 : 15078
==========|1111| 638 : 15078
==========|1111| 639 : 15079
==========|1111| 640 : 15079
==========|1111| 641 : 15078
==========|1111| 642 : 15079
==========|1111| 643 : 15059
==========|1111| 644 : 15059
==========|1111| 645 : 15059
==========|1111| 646 : 15059
==========|1111| 647 : 15078
==========|1111| 648 : 15078
==========|1111| 649 : 15078
==========|1111| 650 : 15079
==========|1111| 651 : 15079
==========|1111| 652 : 15079
==========|1111| 653 : 15079
==========|1111| 654 : 15079
==========|1111| 655 : 15079
==========|1111| 656 : 15079
==========|1111| 657 : 15078
==========|1111| 658 : 15078
