[1.530s] Invoking command in '/home/neu/Desktop/micro-ROS/microros_767/firmware/mcu_ws/build/microcdr': /usr/bin/cmake /home/neu/Desktop/micro-ROS/microros_767/firmware/mcu_ws/eProsima/Micro-CDR --no-warn-unused-cli -DCMAKE_POSITION_INDEPENDENT_CODE=OFF -DTHIRDPARTY=ON -DBUILD_SHARED_LIBS=OFF -DBUILD_TESTING=OFF -DCMAKE_BUILD_TYPE= -DCMAKE_TOOLCHAIN_FILE=/home/neu/Desktop/micro-ROS/microros_767/firmware/freertos_apps/microros_nucleo_f767zi_extensions/arm_toolchain.cmake -DCMAKE_VERBOSE_MAKEFILE=ON -DUCDR_ISOLATED_INSTALL=OFF -DCMAKE_INSTALL_PREFIX=/home/neu/Desktop/micro-ROS/microros_767/firmware/mcu_ws/install/microcdr
[2.583s] Not searching for unused variables given on the command line.
[2.583s] -- Setting build type to 'Release' as none was specified.
[2.586s] -- The C compiler identification is GNU 8.3.1
[2.588s] -- Check for working C compiler: /home/neu/Desktop/micro-ROS/microros_767/firmware/freertos_apps/microros_nucleo_f767zi_extensions/../../toolchain/bin/arm-none-eabi-gcc
[2.588s] -- Check for working C compiler: /home/neu/Desktop/micro-ROS/microros_767/firmware/freertos_apps/microros_nucleo_f767zi_extensions/../../toolchain/bin/arm-none-eabi-gcc -- works
[2.589s] -- Detecting C compiler ABI info
[2.592s] -- Detecting C compiler ABI info - done
[2.595s] -- Detecting C compile features
[2.596s] -- Detecting C compile features - done
[2.599s] -- The CXX compiler identification is GNU 8.3.1
[2.602s] -- Check for working CXX compiler: /home/neu/Desktop/micro-ROS/microros_767/firmware/freertos_apps/microros_nucleo_f767zi_extensions/../../toolchain/bin/arm-none-eabi-g++
[2.605s] -- Check for working CXX compiler: /home/neu/Desktop/micro-ROS/microros_767/firmware/freertos_apps/microros_nucleo_f767zi_extensions/../../toolchain/bin/arm-none-eabi-g++ -- works
[2.605s] -- Detecting CXX compiler ABI info
[2.605s] -- Detecting CXX compiler ABI info - done
[2.606s] -- Detecting CXX compile features
[2.606s] -- Detecting CXX compile features - done
[2.606s] -- Configuring done
[2.606s] -- Generating done
[2.606s] -- Build files have been written to: /home/neu/Desktop/micro-ROS/microros_767/firmware/mcu_ws/build/microcdr
[2.628s] Invoked command in '/home/neu/Desktop/micro-ROS/microros_767/firmware/mcu_ws/build/microcdr' returned '0': /usr/bin/cmake /home/neu/Desktop/micro-ROS/microros_767/firmware/mcu_ws/eProsima/Micro-CDR --no-warn-unused-cli -DCMAKE_POSITION_INDEPENDENT_CODE=OFF -DTHIRDPARTY=ON -DBUILD_SHARED_LIBS=OFF -DBUILD_TESTING=OFF -DCMAKE_BUILD_TYPE= -DCMAKE_TOOLCHAIN_FILE=/home/neu/Desktop/micro-ROS/microros_767/firmware/freertos_apps/microros_nucleo_f767zi_extensions/arm_toolchain.cmake -DCMAKE_VERBOSE_MAKEFILE=ON -DUCDR_ISOLATED_INSTALL=OFF -DCMAKE_INSTALL_PREFIX=/home/neu/Desktop/micro-ROS/microros_767/firmware/mcu_ws/install/microcdr
[2.630s] Invoking command in '/home/neu/Desktop/micro-ROS/microros_767/firmware/mcu_ws/build/microcdr': /usr/bin/cmake --build /home/neu/Desktop/micro-ROS/microros_767/firmware/mcu_ws/build/microcdr -- -j20 -l20
[2.637s] make[1]: Entering directory '/home/neu/Desktop/micro-ROS/microros_767/firmware/mcu_ws/build/microcdr'
[2.638s] /usr/bin/cmake -S/home/neu/Desktop/micro-ROS/microros_767/firmware/mcu_ws/eProsima/Micro-CDR -B/home/neu/Desktop/micro-ROS/microros_767/firmware/mcu_ws/build/microcdr --check-build-system CMakeFiles/Makefile.cmake 0
[2.639s] /usr/bin/cmake -E cmake_progress_start /home/neu/Desktop/micro-ROS/microros_767/firmware/mcu_ws/build/microcdr/CMakeFiles /home/neu/Desktop/micro-ROS/microros_767/firmware/mcu_ws/build/microcdr/CMakeFiles/progress.marks
[2.642s] /usr/bin/make -f CMakeFiles/Makefile2 all
[2.642s] make[2]: Entering directory '/home/neu/Desktop/micro-ROS/microros_767/firmware/mcu_ws/build/microcdr'
[2.642s] /usr/bin/make -f CMakeFiles/ucdr.dir/build.make CMakeFiles/ucdr.dir/depend
[2.642s] make[3]: Entering directory '/home/neu/Desktop/micro-ROS/microros_767/firmware/mcu_ws/build/microcdr'
[2.642s] cd /home/neu/Desktop/micro-ROS/microros_767/firmware/mcu_ws/build/microcdr && /usr/bin/cmake -E cmake_depends "Unix Makefiles" /home/neu/Desktop/micro-ROS/microros_767/firmware/mcu_ws/eProsima/Micro-CDR /home/neu/Desktop/micro-ROS/microros_767/firmware/mcu_ws/eProsima/Micro-CDR /home/neu/Desktop/micro-ROS/microros_767/firmware/mcu_ws/build/microcdr /home/neu/Desktop/micro-ROS/microros_767/firmware/mcu_ws/build/microcdr /home/neu/Desktop/micro-ROS/microros_767/firmware/mcu_ws/build/microcdr/CMakeFiles/ucdr.dir/DependInfo.cmake --color=
[2.643s] Dependee "/home/neu/Desktop/micro-ROS/microros_767/firmware/mcu_ws/build/microcdr/CMakeFiles/ucdr.dir/DependInfo.cmake" is newer than depender "/home/neu/Desktop/micro-ROS/microros_767/firmware/mcu_ws/build/microcdr/CMakeFiles/ucdr.dir/depend.internal".
[2.643s] Dependee "/home/neu/Desktop/micro-ROS/microros_767/firmware/mcu_ws/build/microcdr/CMakeFiles/CMakeDirectoryInformation.cmake" is newer than depender "/home/neu/Desktop/micro-ROS/microros_767/firmware/mcu_ws/build/microcdr/CMakeFiles/ucdr.dir/depend.internal".
[2.644s] [35m[1mScanning dependencies of target ucdr[0m
[2.644s] make[3]: Leaving directory '/home/neu/Desktop/micro-ROS/microros_767/firmware/mcu_ws/build/microcdr'
[2.644s] /usr/bin/make -f CMakeFiles/ucdr.dir/build.make CMakeFiles/ucdr.dir/build
[2.648s] make[3]: Entering directory '/home/neu/Desktop/micro-ROS/microros_767/firmware/mcu_ws/build/microcdr'
[2.655s] [ 12%] [34m[1mCreating directories for 'ucdr'[0m
[2.655s] /usr/bin/cmake -E make_directory /home/neu/Desktop/micro-ROS/microros_767/firmware/mcu_ws/eProsima/Micro-CDR
[2.656s] /usr/bin/cmake -E make_directory /home/neu/Desktop/micro-ROS/microros_767/firmware/mcu_ws/build/microcdr
[2.657s] /usr/bin/cmake -E make_directory /home/neu/Desktop/micro-ROS/microros_767/firmware/mcu_ws/build/microcdr/ucdr-prefix
[2.657s] /usr/bin/cmake -E make_directory /home/neu/Desktop/micro-ROS/microros_767/firmware/mcu_ws/build/microcdr/ucdr-prefix/tmp
[2.659s] /usr/bin/cmake -E make_directory /home/neu/Desktop/micro-ROS/microros_767/firmware/mcu_ws/build/microcdr/ucdr-prefix/src/ucdr-stamp
[2.664s] /usr/bin/cmake -E make_directory /home/neu/Desktop/micro-ROS/microros_767/firmware/mcu_ws/build/microcdr/ucdr-prefix/src
[2.670s] /usr/bin/cmake -E make_directory /home/neu/Desktop/micro-ROS/microros_767/firmware/mcu_ws/build/microcdr/ucdr-prefix/src/ucdr-stamp
[2.679s] /usr/bin/cmake -E touch /home/neu/Desktop/micro-ROS/microros_767/firmware/mcu_ws/build/microcdr/ucdr-prefix/src/ucdr-stamp/ucdr-mkdir
[2.699s] [ 25%] [34m[1mNo download step for 'ucdr'[0m
[2.700s] /usr/bin/cmake -E echo_append
[2.704s] /usr/bin/cmake -E touch /home/neu/Desktop/micro-ROS/microros_767/firmware/mcu_ws/build/microcdr/ucdr-prefix/src/ucdr-stamp/ucdr-download
[2.718s] [ 37%] [34m[1mNo patch step for 'ucdr'[0m
[2.719s] /usr/bin/cmake -E echo_append
[2.722s] [ 50%] [34m[1mNo update step for 'ucdr'[0m
[2.722s] /usr/bin/cmake -E touch /home/neu/Desktop/micro-ROS/microros_767/firmware/mcu_ws/build/microcdr/ucdr-prefix/src/ucdr-stamp/ucdr-patch
[2.723s] /usr/bin/cmake -E echo_append
[2.727s] /usr/bin/cmake -E touch /home/neu/Desktop/micro-ROS/microros_767/firmware/mcu_ws/build/microcdr/ucdr-prefix/src/ucdr-stamp/ucdr-update
[2.737s] [ 62%] [34m[1mPerforming configure step for 'ucdr'[0m
[2.737s] /usr/bin/cmake "-GUnix Makefiles" -C/home/neu/Desktop/micro-ROS/microros_767/firmware/mcu_ws/build/microcdr/ucdr-prefix/tmp/ucdr-cache-Release.cmake /home/neu/Desktop/micro-ROS/microros_767/firmware/mcu_ws/eProsima/Micro-CDR
[2.750s] loading initial cache file /home/neu/Desktop/micro-ROS/microros_767/firmware/mcu_ws/build/microcdr/ucdr-prefix/tmp/ucdr-cache-Release.cmake
[2.750s] Re-run cmake no build system arguments
[2.758s] -- Configuring done
[2.760s] -- Generating done
[2.760s] -- Build files have been written to: /home/neu/Desktop/micro-ROS/microros_767/firmware/mcu_ws/build/microcdr
[2.760s] /usr/bin/cmake -E touch /home/neu/Desktop/micro-ROS/microros_767/firmware/mcu_ws/build/microcdr/ucdr-prefix/src/ucdr-stamp/ucdr-configure
[2.775s] [ 75%] [34m[1mPerforming build step for 'ucdr'[0m
[2.777s] /usr/bin/make
[2.778s] make[4]: Entering directory '/home/neu/Desktop/micro-ROS/microros_767/firmware/mcu_ws/build/microcdr'
[2.778s] /usr/bin/cmake -S/home/neu/Desktop/micro-ROS/microros_767/firmware/mcu_ws/eProsima/Micro-CDR -B/home/neu/Desktop/micro-ROS/microros_767/firmware/mcu_ws/build/microcdr --check-build-system CMakeFiles/Makefile.cmake 0
[2.788s] /usr/bin/cmake -E cmake_progress_start /home/neu/Desktop/micro-ROS/microros_767/firmware/mcu_ws/build/microcdr/CMakeFiles /home/neu/Desktop/micro-ROS/microros_767/firmware/mcu_ws/build/microcdr/CMakeFiles/progress.marks
[2.792s] /usr/bin/make -f CMakeFiles/Makefile2 all
[2.792s] make[5]: Entering directory '/home/neu/Desktop/micro-ROS/microros_767/firmware/mcu_ws/build/microcdr'
[2.792s] /usr/bin/make -f CMakeFiles/microcdr.dir/build.make CMakeFiles/microcdr.dir/depend
[2.793s] make[6]: Entering directory '/home/neu/Desktop/micro-ROS/microros_767/firmware/mcu_ws/build/microcdr'
[2.793s] cd /home/neu/Desktop/micro-ROS/microros_767/firmware/mcu_ws/build/microcdr && /usr/bin/cmake -E cmake_depends "Unix Makefiles" /home/neu/Desktop/micro-ROS/microros_767/firmware/mcu_ws/eProsima/Micro-CDR /home/neu/Desktop/micro-ROS/microros_767/firmware/mcu_ws/eProsima/Micro-CDR /home/neu/Desktop/micro-ROS/microros_767/firmware/mcu_ws/build/microcdr /home/neu/Desktop/micro-ROS/microros_767/firmware/mcu_ws/build/microcdr /home/neu/Desktop/micro-ROS/microros_767/firmware/mcu_ws/build/microcdr/CMakeFiles/microcdr.dir/DependInfo.cmake --color=
[2.800s] Dependee "/home/neu/Desktop/micro-ROS/microros_767/firmware/mcu_ws/build/microcdr/CMakeFiles/microcdr.dir/DependInfo.cmake" is newer than depender "/home/neu/Desktop/micro-ROS/microros_767/firmware/mcu_ws/build/microcdr/CMakeFiles/microcdr.dir/depend.internal".
[2.800s] Dependee "/home/neu/Desktop/micro-ROS/microros_767/firmware/mcu_ws/build/microcdr/CMakeFiles/CMakeDirectoryInformation.cmake" is newer than depender "/home/neu/Desktop/micro-ROS/microros_767/firmware/mcu_ws/build/microcdr/CMakeFiles/microcdr.dir/depend.internal".
[2.800s] [35m[1mScanning dependencies of target microcdr[0m
[2.805s] make[6]: Leaving directory '/home/neu/Desktop/micro-ROS/microros_767/firmware/mcu_ws/build/microcdr'
[2.805s] /usr/bin/make -f CMakeFiles/microcdr.dir/build.make CMakeFiles/microcdr.dir/build
[2.805s] make[6]: Entering directory '/home/neu/Desktop/micro-ROS/microros_767/firmware/mcu_ws/build/microcdr'
[2.815s] [ 66%] [32mBuilding C object CMakeFiles/microcdr.dir/src/c/common.c.obj[0m
[2.815s] [ 66%] [32mBuilding C object CMakeFiles/microcdr.dir/src/c/types/array.c.obj[0m
[2.815s] [ 66%] [32mBuilding C object CMakeFiles/microcdr.dir/src/c/types/string.c.obj[0m
[2.815s] [ 66%] [32mBuilding C object CMakeFiles/microcdr.dir/src/c/types/basic.c.obj[0m
[2.815s] [ 83%] [32mBuilding C object CMakeFiles/microcdr.dir/src/c/types/sequence.c.obj[0m
[2.816s] /home/neu/Desktop/micro-ROS/microros_767/firmware/freertos_apps/microros_nucleo_f767zi_extensions/../../toolchain/bin/arm-none-eabi-gcc  -I/home/neu/Desktop/micro-ROS/microros_767/firmware/mcu_ws/eProsima/Micro-CDR/include -I/home/neu/Desktop/micro-ROS/microros_767/firmware/mcu_ws/build/microcdr/include  -std=c11 -mcpu=cortex-m7 -mthumb -mfpu=fpv5-sp-d16 -mfloat-abi=hard -DUSE_HAL_DRIVER -DSTM32F767xx -Og -Wall -fdata-sections -ffunction-sections  -DCLOCK_MONOTONIC=0 -O3 -DNDEBUG -fPIC   -Wall -Wextra -Wshadow -pedantic -Wcast-align -Wunused -Wconversion -Wnull-dereference -Wduplicated-branches -Wduplicated-cond -Wrestrict -Wdouble-promotion -Wsign-conversion -fdata-sections -ffunction-sections -std=gnu99 -o CMakeFiles/microcdr.dir/src/c/types/string.c.obj   -c /home/neu/Desktop/micro-ROS/microros_767/firmware/mcu_ws/eProsima/Micro-CDR/src/c/types/string.c
[2.817s] /home/neu/Desktop/micro-ROS/microros_767/firmware/freertos_apps/microros_nucleo_f767zi_extensions/../../toolchain/bin/arm-none-eabi-gcc  -I/home/neu/Desktop/micro-ROS/microros_767/firmware/mcu_ws/eProsima/Micro-CDR/include -I/home/neu/Desktop/micro-ROS/microros_767/firmware/mcu_ws/build/microcdr/include  -std=c11 -mcpu=cortex-m7 -mthumb -mfpu=fpv5-sp-d16 -mfloat-abi=hard -DUSE_HAL_DRIVER -DSTM32F767xx -Og -Wall -fdata-sections -ffunction-sections  -DCLOCK_MONOTONIC=0 -O3 -DNDEBUG -fPIC   -Wall -Wextra -Wshadow -pedantic -Wcast-align -Wunused -Wconversion -Wnull-dereference -Wduplicated-branches -Wduplicated-cond -Wrestrict -Wdouble-promotion -Wsign-conversion -fdata-sections -ffunction-sections -std=gnu99 -o CMakeFiles/microcdr.dir/src/c/common.c.obj   -c /home/neu/Desktop/micro-ROS/microros_767/firmware/mcu_ws/eProsima/Micro-CDR/src/c/common.c
[2.817s] /home/neu/Desktop/micro-ROS/microros_767/firmware/freertos_apps/microros_nucleo_f767zi_extensions/../../toolchain/bin/arm-none-eabi-gcc  -I/home/neu/Desktop/micro-ROS/microros_767/firmware/mcu_ws/eProsima/Micro-CDR/include -I/home/neu/Desktop/micro-ROS/microros_767/firmware/mcu_ws/build/microcdr/include  -std=c11 -mcpu=cortex-m7 -mthumb -mfpu=fpv5-sp-d16 -mfloat-abi=hard -DUSE_HAL_DRIVER -DSTM32F767xx -Og -Wall -fdata-sections -ffunction-sections  -DCLOCK_MONOTONIC=0 -O3 -DNDEBUG -fPIC   -Wall -Wextra -Wshadow -pedantic -Wcast-align -Wunused -Wconversion -Wnull-dereference -Wduplicated-branches -Wduplicated-cond -Wrestrict -Wdouble-promotion -Wsign-conversion -fdata-sections -ffunction-sections -std=gnu99 -o CMakeFiles/microcdr.dir/src/c/types/basic.c.obj   -c /home/neu/Desktop/micro-ROS/microros_767/firmware/mcu_ws/eProsima/Micro-CDR/src/c/types/basic.c
[2.817s] /home/neu/Desktop/micro-ROS/microros_767/firmware/freertos_apps/microros_nucleo_f767zi_extensions/../../toolchain/bin/arm-none-eabi-gcc  -I/home/neu/Desktop/micro-ROS/microros_767/firmware/mcu_ws/eProsima/Micro-CDR/include -I/home/neu/Desktop/micro-ROS/microros_767/firmware/mcu_ws/build/microcdr/include  -std=c11 -mcpu=cortex-m7 -mthumb -mfpu=fpv5-sp-d16 -mfloat-abi=hard -DUSE_HAL_DRIVER -DSTM32F767xx -Og -Wall -fdata-sections -ffunction-sections  -DCLOCK_MONOTONIC=0 -O3 -DNDEBUG -fPIC   -Wall -Wextra -Wshadow -pedantic -Wcast-align -Wunused -Wconversion -Wnull-dereference -Wduplicated-branches -Wduplicated-cond -Wrestrict -Wdouble-promotion -Wsign-conversion -fdata-sections -ffunction-sections -std=gnu99 -o CMakeFiles/microcdr.dir/src/c/types/array.c.obj   -c /home/neu/Desktop/micro-ROS/microros_767/firmware/mcu_ws/eProsima/Micro-CDR/src/c/types/array.c
[2.817s] /home/neu/Desktop/micro-ROS/microros_767/firmware/freertos_apps/microros_nucleo_f767zi_extensions/../../toolchain/bin/arm-none-eabi-gcc  -I/home/neu/Desktop/micro-ROS/microros_767/firmware/mcu_ws/eProsima/Micro-CDR/include -I/home/neu/Desktop/micro-ROS/microros_767/firmware/mcu_ws/build/microcdr/include  -std=c11 -mcpu=cortex-m7 -mthumb -mfpu=fpv5-sp-d16 -mfloat-abi=hard -DUSE_HAL_DRIVER -DSTM32F767xx -Og -Wall -fdata-sections -ffunction-sections  -DCLOCK_MONOTONIC=0 -O3 -DNDEBUG -fPIC   -Wall -Wextra -Wshadow -pedantic -Wcast-align -Wunused -Wconversion -Wnull-dereference -Wduplicated-branches -Wduplicated-cond -Wrestrict -Wdouble-promotion -Wsign-conversion -fdata-sections -ffunction-sections -std=gnu99 -o CMakeFiles/microcdr.dir/src/c/types/sequence.c.obj   -c /home/neu/Desktop/micro-ROS/microros_767/firmware/mcu_ws/eProsima/Micro-CDR/src/c/types/sequence.c
[4.080s] [100%] [32m[1mLinking C static library libmicrocdr.a[0m
[4.080s] /usr/bin/cmake -P CMakeFiles/microcdr.dir/cmake_clean_target.cmake
[4.094s] /usr/bin/cmake -E cmake_link_script CMakeFiles/microcdr.dir/link.txt --verbose=1
[4.108s] /home/neu/Desktop/micro-ROS/microros_767/firmware/toolchain/bin/arm-none-eabi-ar qc libmicrocdr.a  CMakeFiles/microcdr.dir/src/c/common.c.obj CMakeFiles/microcdr.dir/src/c/types/basic.c.obj CMakeFiles/microcdr.dir/src/c/types/string.c.obj CMakeFiles/microcdr.dir/src/c/types/array.c.obj CMakeFiles/microcdr.dir/src/c/types/sequence.c.obj
[4.113s] /home/neu/Desktop/micro-ROS/microros_767/firmware/toolchain/bin/arm-none-eabi-ranlib libmicrocdr.a
[4.117s] make[6]: Leaving directory '/home/neu/Desktop/micro-ROS/microros_767/firmware/mcu_ws/build/microcdr'
[4.129s] [100%] Built target microcdr
[4.130s] make[5]: Leaving directory '/home/neu/Desktop/micro-ROS/microros_767/firmware/mcu_ws/build/microcdr'
[4.131s] /usr/bin/cmake -E cmake_progress_start /home/neu/Desktop/micro-ROS/microros_767/firmware/mcu_ws/build/microcdr/CMakeFiles 0
[4.139s] make[4]: Leaving directory '/home/neu/Desktop/micro-ROS/microros_767/firmware/mcu_ws/build/microcdr'
[4.139s] /usr/bin/cmake -E touch /home/neu/Desktop/micro-ROS/microros_767/firmware/mcu_ws/build/microcdr/ucdr-prefix/src/ucdr-stamp/ucdr-build
[4.157s] [34m[1mNo install step for 'ucdr'[0m
[4.158s] /usr/bin/cmake -E echo_append
[4.170s] /usr/bin/cmake -E touch /home/neu/Desktop/micro-ROS/microros_767/firmware/mcu_ws/build/microcdr/ucdr-prefix/src/ucdr-stamp/ucdr-install
[4.188s] [34m[1mCompleted 'ucdr'[0m
[4.189s] /usr/bin/cmake -E make_directory /home/neu/Desktop/micro-ROS/microros_767/firmware/mcu_ws/build/microcdr/CMakeFiles
[4.198s] /usr/bin/cmake -E touch /home/neu/Desktop/micro-ROS/microros_767/firmware/mcu_ws/build/microcdr/CMakeFiles/ucdr-complete
[4.204s] /usr/bin/cmake -E touch /home/neu/Desktop/micro-ROS/microros_767/firmware/mcu_ws/build/microcdr/ucdr-prefix/src/ucdr-stamp/ucdr-done
[4.208s] make[3]: Leaving directory '/home/neu/Desktop/micro-ROS/microros_767/firmware/mcu_ws/build/microcdr'
[4.220s] Built target ucdr
[4.221s] make[2]: Leaving directory '/home/neu/Desktop/micro-ROS/microros_767/firmware/mcu_ws/build/microcdr'
[4.222s] /usr/bin/cmake -E cmake_progress_start /home/neu/Desktop/micro-ROS/microros_767/firmware/mcu_ws/build/microcdr/CMakeFiles 0
[4.224s] make[1]: Leaving directory '/home/neu/Desktop/micro-ROS/microros_767/firmware/mcu_ws/build/microcdr'
[4.813s] Invoked command in '/home/neu/Desktop/micro-ROS/microros_767/firmware/mcu_ws/build/microcdr' returned '0': /usr/bin/cmake --build /home/neu/Desktop/micro-ROS/microros_767/firmware/mcu_ws/build/microcdr -- -j20 -l20
[6.282s] Invoking command in '/home/neu/Desktop/micro-ROS/microros_767/firmware/mcu_ws/build/microcdr': /usr/bin/cmake --install /home/neu/Desktop/micro-ROS/microros_767/firmware/mcu_ws/build/microcdr
[6.547s] -- Install configuration: "Release"
[6.548s] -- Installing: /home/neu/Desktop/micro-ROS/microros_767/firmware/mcu_ws/install/microcdr/lib/libmicrocdr.a
[6.548s] -- Installing: /home/neu/Desktop/micro-ROS/microros_767/firmware/mcu_ws/install/microcdr/include/ucdr
[6.548s] -- Installing: /home/neu/Desktop/micro-ROS/microros_767/firmware/mcu_ws/install/microcdr/include/ucdr/microcdr.h
[6.548s] -- Installing: /home/neu/Desktop/micro-ROS/microros_767/firmware/mcu_ws/install/microcdr/include/ucdr/visibility.h
[6.548s] -- Installing: /home/neu/Desktop/micro-ROS/microros_767/firmware/mcu_ws/install/microcdr/include/ucdr/config.h
[6.548s] -- Installing: /home/neu/Desktop/micro-ROS/microros_767/firmware/mcu_ws/install/microcdr/share/microcdr/cmake/microcdrTargets.cmake
[6.548s] -- Installing: /home/neu/Desktop/micro-ROS/microros_767/firmware/mcu_ws/install/microcdr/share/microcdr/cmake/microcdrTargets-release.cmake
[6.548s] -- Installing: /home/neu/Desktop/micro-ROS/microros_767/firmware/mcu_ws/install/microcdr/share/microcdr/cmake/microcdrConfig.cmake
[6.548s] -- Installing: /home/neu/Desktop/micro-ROS/microros_767/firmware/mcu_ws/install/microcdr/share/microcdr/cmake/microcdrConfigVersion.cmake
[7.299s] Invoked command in '/home/neu/Desktop/micro-ROS/microros_767/firmware/mcu_ws/build/microcdr' returned '0': /usr/bin/cmake --install /home/neu/Desktop/micro-ROS/microros_767/firmware/mcu_ws/build/microcdr
